I 1 2362.606513141
E 0 2 1 0.001461612 139667955580944 88
L 0 3 2 0.001477608 139667955580944 88
E 0 4 1 0.001480439 139667955581032 88
L 0 5 2 0.001483080 139667955580944 88
L 0 6 2 0.001484197 139667955581032 88
E 0 7 1 0.001486121 139667955581120 88
L 0 8 2 0.001489151 139667955580944 88
L 0 9 2 0.001490040 139667955581032 88
L 0 10 2 0.001491113 139667955580944 88
L 0 11 2 0.001492127 139667955581032 88
L 0 12 0 0.001494282 139667955580944 88
L 0 13 0 0.001495379 139667955581032 88
E 0 14 0 0.001496834 139667955581032 88
L 0 15 2 0.001499578 139667955580944 88
L 0 16 2 0.001501636 139667955581032 88
L 0 17 2 0.001502341 139667955581120 88
E 0 18 1 0.001504050 139667955581208 88
L 0 19 2 0.001512379 139667955580944 88
L 0 20 2 0.001513162 139667955581032 88
L 0 21 2 0.001513859 139667955581120 88
L 0 22 2 0.001514457 139667955581208 88
E 0 23 1 0.001515871 139667955581296 88
E 1 24 1 0.001526794 139667955097616 48
E 1 25 1 0.001529519 139667955097664 48
E 1 26 1 0.001531326 139667955097712 48
E 1 27 1 0.001533570 139667955097760 48
E 1 28 1 0.001540994 139667955097808 48
E 1 29 1 0.001544312 139667955097856 48
E 1 30 1 0.001546253 139667955097904 48
E 1 31 1 0.001548502 139667955097952 48
E 1 32 1 0.001550245 139667955098000 48
E 1 33 1 0.001552221 139667955098048 48
E 1 34 1 0.001554499 139667955098096 48
E 1 35 1 0.001556904 139667955098144 48
E 1 36 1 0.001558419 139667955098192 48
E 1 37 1 0.001560731 139667955098240 48
E 1 38 1 0.001562381 139667955098288 48
E 1 39 1 0.001564073 139667955098336 48
E 1 40 1 0.001565583 139667955098384 48
E 1 41 1 0.001571665 139667955098432 48
E 1 42 1 0.001574248 139667955098480 48
E 1 43 1 0.001576060 139667955098528 48
E 1 44 1 0.001577465 139667955098576 48
E 1 45 1 0.001579649 139667955098624 48
E 1 46 1 0.001581522 139667955098672 48
E 1 47 1 0.001584387 139667955098720 48
E 1 48 1 0.001586713 139667955098768 48
E 1 49 1 0.001591980 139667955098816 48
L 2 50 2 0.002257438 139667955580944 88
E 2 51 1 0.002275404 139667939610640 88
L 2 52 2 0.002278134 139667955581032 88
E 2 53 1 0.002279602 139667939610728 88
L 2 54 2 0.002280135 139667955581120 88
E 2 55 1 0.002281401 139667939610816 88
L 2 56 2 0.002281843 139667955581208 88
E 2 57 1 0.002283382 139667939610904 88
L 2 58 2 0.002283914 139667955581296 88
E 2 59 1 0.002285795 139667939610992 88
L 2 60 3 0.002289416 139667939610640 88
L 2 61 3 0.002289978 139667939610728 88
L 2 62 2 0.002312023 139667955097616 48
L 2 63 2 0.002313210 139667955097664 48
L 2 64 2 0.002314604 139667955097712 48
L 2 65 2 0.002315092 139667955097760 48
L 2 66 2 0.002315665 139667955097808 48
L 2 67 2 0.002316344 139667955097856 48
L 2 68 2 0.002318676 139667955097616 48
L 2 69 2 0.002319227 139667955097664 48
L 2 70 2 0.002319794 139667955097712 48
L 2 71 2 0.002320436 139667955097760 48
L 2 72 2 0.002321176 139667955097808 48
L 2 73 2 0.002321763 139667955097856 48
L 2 74 2 0.002324007 139667955097616 48
L 2 75 2 0.002324475 139667955097664 48
L 2 76 2 0.002324958 139667955097712 48
L 2 77 2 0.002325428 139667955097760 48
L 2 78 2 0.002325955 139667955097808 48
L 2 79 2 0.002326632 139667955097856 48
L 2 80 2 0.002327307 139667955097904 48
L 2 81 2 0.002327783 139667955097952 48
L 2 82 2 0.002328257 139667955098000 48
L 2 83 2 0.002328747 139667955098048 48
L 2 84 2 0.002329314 139667955098096 48
L 2 85 2 0.002329808 139667955098144 48
L 2 86 2 0.002330303 139667955098192 48
L 2 87 2 0.002330783 139667955098240 48
L 2 88 2 0.002331451 139667955098288 48
L 2 89 2 0.002332190 139667955098336 48
L 2 90 2 0.002332662 139667955098384 48
L 2 91 2 0.002333170 139667955098432 48
L 2 92 2 0.002333933 139667955098480 48
L 2 93 2 0.002334744 139667955098528 48
L 2 94 2 0.002335365 139667955098576 48
L 2 95 2 0.002335939 139667955098624 48
L 2 96 2 0.002337072 139667955097616 48
L 2 97 2 0.002337539 139667955097664 48
L 2 98 2 0.002338146 139667955097712 48
L 2 99 2 0.002338843 139667955097760 48
L 2 100 2 0.002339521 139667955097808 48
L 2 101 2 0.002340259 139667955097856 48
L 2 102 2 0.002340906 139667955097904 48
L 2 103 2 0.002341408 139667955097952 48
L 2 104 2 0.002341926 139667955098000 48
L 2 105 2 0.002391146 139667955098048 48
L 2 106 2 0.002391747 139667955098096 48
L 2 107 2 0.002392203 139667955098144 48
L 2 108 2 0.002392661 139667955098192 48
L 2 109 2 0.002393292 139667955098240 48
L 2 110 2 0.002393837 139667955098288 48
L 2 111 2 0.002394301 139667955098336 48
L 2 112 2 0.002394775 139667955098384 48
L 2 113 2 0.002395253 139667955098432 48
L 2 114 2 0.002395841 139667955098480 48
L 2 115 2 0.002396605 139667955098528 48
L 2 116 2 0.002397074 139667955098576 48
L 2 117 2 0.002397561 139667955098624 48
E 2 118 3 0.002401061 139667939610640 88
E 2 119 3 0.002402346 139667939610728 88
L 2 120 3 0.002402818 139667939610640 88
L 2 121 3 0.002403311 139667939610816 88
L 2 122 2 0.002405578 139667955097616 48
L 2 123 2 0.002406098 139667955097664 48
L 2 124 2 0.002406567 139667955097712 48
L 2 125 2 0.002407039 139667955097760 48
L 2 126 2 0.002407514 139667955097808 48
L 2 127 2 0.002409073 139667955097616 48
L 2 128 2 0.002409561 139667955097664 48
L 2 129 2 0.002410003 139667955097712 48
L 2 130 2 0.002410507 139667955097760 48
L 2 131 2 0.002411014 139667955097808 48
L 2 132 2 0.002412004 139667955097616 48
L 2 133 2 0.002412465 139667955097664 48
L 2 134 2 0.002412941 139667955097712 48
L 2 135 2 0.002413557 139667955097760 48
L 2 136 2 0.002414158 139667955097808 48
L 2 137 2 0.002414741 139667955097856 48
L 2 138 2 0.002415804 139667955097616 48
L 2 139 2 0.002416506 139667955097664 48
L 2 140 2 0.002416982 139667955097712 48
L 2 141 2 0.002417433 139667955097760 48
L 2 142 2 0.002417922 139667955097808 48
L 2 143 2 0.002418570 139667955097856 48
E 2 144 3 0.002419654 139667939610640 88
E 2 145 3 0.002420167 139667939610816 88
L 2 146 3 0.002420595 139667939610640 88
L 2 147 3 0.002420997 139667939610904 88
L 2 148 2 0.002422963 139667955097616 48
L 2 149 2 0.002423508 139667955097664 48
L 2 150 2 0.002424033 139667955097712 48
L 2 151 2 0.002424591 139667955097760 48
L 2 152 2 0.002425045 139667955097808 48
L 2 153 2 0.002425583 139667955097856 48
L 2 154 2 0.002426128 139667955097904 48
L 2 155 2 0.002426787 139667955097952 48
L 2 156 2 0.002427340 139667955098000 48
L 2 157 2 0.002427945 139667955098048 48
L 2 158 2 0.002428390 139667955098096 48
L 2 159 2 0.002428877 139667955098144 48
L 2 160 2 0.002429570 139667955098192 48
L 2 161 2 0.002430262 139667955098240 48
L 2 162 2 0.002430808 139667955098288 48
L 2 163 2 0.002431474 139667955098336 48
L 2 164 2 0.002432013 139667955098384 48
L 2 165 2 0.002432502 139667955098432 48
L 2 166 2 0.002432981 139667955098480 48
L 2 167 2 0.002433441 139667955098528 48
L 2 168 2 0.002434315 139667955097616 48
L 2 169 2 0.002434828 139667955097664 48
L 2 170 2 0.002435273 139667955097712 48
L 2 171 2 0.002435735 139667955097760 48
L 2 172 2 0.002436206 139667955097808 48
L 2 173 2 0.002436762 139667955097856 48
L 2 174 2 0.002437267 139667955097904 48
L 2 175 2 0.002437751 139667955097952 48
L 2 176 2 0.002438261 139667955098000 48
L 2 177 2 0.002438735 139667955098048 48
L 2 178 2 0.002439194 139667955098096 48
L 2 179 2 0.002439663 139667955098144 48
L 2 180 2 0.002440216 139667955098192 48
L 2 181 2 0.002440715 139667955098240 48
L 2 182 2 0.002441167 139667955098288 48
L 2 183 2 0.002441643 139667955098336 48
L 2 184 2 0.002442181 139667955098384 48
L 2 185 2 0.002442685 139667955098432 48
L 2 186 2 0.002443260 139667955098480 48
L 2 187 2 0.002443752 139667955098528 48
L 2 188 2 0.002444856 139667955097616 48
L 2 189 2 0.002445481 139667955097664 48
L 2 190 2 0.002445950 139667955097712 48
L 2 191 2 0.002446483 139667955097760 48
L 2 192 2 0.002446926 139667955097808 48
L 2 193 2 0.002447833 139667955097616 48
L 2 194 2 0.002448347 139667955097664 48
L 2 195 2 0.002448857 139667955097712 48
L 2 196 2 0.002449327 139667955097760 48
L 2 197 2 0.002449786 139667955097808 48
L 2 198 3 0.002450468 139667939610640 88
L 2 199 3 0.002450832 139667939610992 88
L 2 200 2 0.002452392 139667955097616 48
L 2 201 2 0.002452908 139667955097664 48
L 2 202 2 0.002453410 139667955097712 48
L 2 203 2 0.002454488 139667955097616 48
L 2 204 2 0.002467670 139667955097664 48
L 2 205 2 0.002468402 139667955097712 48
L 2 206 2 0.002469876 139667955097616 48
L 2 207 2 0.002470441 139667955097664 48
L 2 208 2 0.002470928 139667955097712 48
L 2 209 2 0.002471448 139667955097760 48
L 2 210 2 0.002472093 139667955097808 48
L 2 211 2 0.002473289 139667955097616 48
L 2 212 2 0.002473929 139667955097664 48
L 2 213 2 0.002474460 139667955097712 48
L 2 214 2 0.002475032 139667955097760 48
L 2 215 2 0.002475591 139667955097808 48
E 2 216 3 0.002476866 139667939610640 88
E 2 217 3 0.002477428 139667939610992 88
L 2 218 3 0.002478038 139667939610728 88
L 2 219 3 0.002478576 139667939610816 88
L 2 220 2 0.002480676 139667955097616 48
L 2 221 2 0.002481340 139667955097664 48
L 2 222 2 0.002481817 139667955097712 48
L 2 223 2 0.002482330 139667955097760 48
L 2 224 2 0.002482916 139667955097808 48
L 2 225 2 0.002483441 139667955097856 48
L 2 226 2 0.002484554 139667955097616 48
L 2 227 2 0.002485193 139667955097664 48
L 2 228 2 0.002485774 139667955097712 48
L 2 229 2 0.002486383 139667955097760 48
L 2 230 2 0.002486997 139667955097808 48
L 2 231 2 0.002487594 139667955097856 48
L 2 232 2 0.002488760 139667955097616 48
L 2 233 2 0.002489291 139667955097664 48
L 2 234 2 0.002489887 139667955097712 48
L 2 235 2 0.002490515 139667955097760 48
L 2 236 2 0.002491190 139667955097808 48
L 2 237 2 0.002491879 139667955097856 48
L 2 238 2 0.002492582 139667955097904 48
L 2 239 2 0.002493284 139667955097952 48
L 2 240 2 0.002493747 139667955098000 48
L 2 241 2 0.002494210 139667955098048 48
L 2 242 2 0.002494714 139667955098096 48
L 2 243 2 0.002495204 139667955098144 48
L 2 244 2 0.002495678 139667955098192 48
L 2 245 2 0.002496127 139667955098240 48
L 2 246 2 0.002496618 139667955098288 48
L 2 247 2 0.002497287 139667955098336 48
L 2 248 2 0.002497937 139667955098384 48
L 2 249 2 0.002498556 139667955098432 48
L 2 250 2 0.002499267 139667955098480 48
L 2 251 2 0.002499985 139667955098528 48
L 2 252 2 0.002500681 139667955098576 48
L 2 253 2 0.002501382 139667955098624 48
L 2 254 2 0.002502348 139667955097616 48
L 2 255 2 0.002502903 139667955097664 48
L 2 256 2 0.002503478 139667955097712 48
L 2 257 2 0.002504150 139667955097760 48
L 2 258 2 0.002504792 139667955097808 48
L 2 259 2 0.002505437 139667955097856 48
L 2 260 2 0.002506005 139667955097904 48
L 2 261 2 0.002506602 139667955097952 48
L 2 262 2 0.002507203 139667955098000 48
L 2 263 2 0.002507701 139667955098048 48
L 2 264 2 0.002508239 139667955098096 48
L 2 265 2 0.002508785 139667955098144 48
L 2 266 2 0.002509395 139667955098192 48
L 2 267 2 0.002510130 139667955098240 48
L 2 268 2 0.002512148 139667955098288 48
L 2 269 2 0.002512562 139667955098336 48
L 2 270 2 0.002512911 139667955098384 48
L 2 271 2 0.002513259 139667955098432 48
L 2 272 2 0.002513621 139667955098480 48
L 2 273 2 0.002513969 139667955098528 48
L 2 274 2 0.002514314 139667955098576 48
L 2 275 2 0.002514654 139667955098624 48
E 2 276 3 0.002515335 139667939610728 88
E 2 277 3 0.002515651 139667939610816 88
L 2 278 3 0.002515968 139667939610728 88
L 2 279 3 0.002516260 139667939610904 88
L 2 280 2 0.002518356 139667955097616 48
L 2 281 2 0.002518731 139667955097664 48
L 2 282 2 0.002519115 139667955097712 48
L 2 283 2 0.002519505 139667955097760 48
L 2 284 2 0.002519872 139667955097808 48
L 2 285 2 0.002520231 139667955097856 48
L 2 286 2 0.002520578 139667955097904 48
L 2 287 2 0.002520950 139667955097952 48
L 2 288 2 0.002521312 139667955098000 48
L 2 289 2 0.002521675 139667955098048 48
L 2 290 2 0.002522045 139667955098096 48
L 2 291 2 0.002522398 139667955098144 48
L 2 292 2 0.002522745 139667955098192 48
L 2 293 2 0.002523086 139667955098240 48
L 2 294 2 0.002523439 139667955098288 48
L 2 295 2 0.002523799 139667955098336 48
L 2 296 2 0.002524189 139667955098384 48
L 2 297 2 0.002524550 139667955098432 48
L 2 298 2 0.002524909 139667955098480 48
L 2 299 2 0.002525265 139667955098528 48
L 2 300 2 0.002525994 139667955097616 48
L 2 301 2 0.002526361 139667955097664 48
L 2 302 2 0.002526723 139667955097712 48
L 2 303 2 0.002527079 139667955097760 48
L 2 304 2 0.002532411 139667955097808 48
L 2 305 2 0.002532863 139667955097856 48
L 2 306 2 0.002533221 139667955097904 48
L 2 307 2 0.002533561 139667955097952 48
L 2 308 2 0.002533906 139667955098000 48
L 2 309 2 0.002534257 139667955098048 48
L 2 310 2 0.002534618 139667955098096 48
L 2 311 2 0.002534973 139667955098144 48
L 2 312 2 0.002535319 139667955098192 48
L 2 313 2 0.002535664 139667955098240 48
L 2 314 2 0.002536021 139667955098288 48
L 2 315 2 0.002536367 139667955098336 48
L 2 316 2 0.002536729 139667955098384 48
L 2 317 2 0.002537078 139667955098432 48
L 2 318 2 0.002537441 139667955098480 48
L 2 319 2 0.002537784 139667955098528 48
L 2 320 2 0.002538715 139667955097616 48
L 2 321 2 0.002539074 139667955097664 48
L 2 322 2 0.002539419 139667955097712 48
L 2 323 2 0.002539764 139667955097760 48
L 2 324 2 0.002540110 139667955097808 48
L 2 325 2 0.002540473 139667955097856 48
L 2 326 2 0.002541213 139667955097616 48
L 2 327 2 0.002541586 139667955097664 48
L 2 328 2 0.002541929 139667955097712 48
L 2 329 2 0.002542279 139667955097760 48
L 2 330 2 0.002542657 139667955097808 48
L 2 331 2 0.002543017 139667955097856 48
L 2 332 3 0.002543507 139667939610728 88
L 2 333 3 0.002543774 139667939610992 88
L 2 334 2 0.002544886 139667955097616 48
L 2 335 2 0.002545272 139667955097664 48
L 2 336 2 0.002545634 139667955097712 48
L 2 337 2 0.002546016 139667955097760 48
L 2 338 2 0.002546365 139667955097808 48
L 2 339 2 0.002547038 139667955097616 48
L 2 340 2 0.002547408 139667955097664 48
L 2 341 2 0.002547766 139667955097712 48
L 2 342 2 0.002548136 139667955097760 48
L 2 343 2 0.002548492 139667955097808 48
L 2 344 2 0.002549307 139667955097616 48
L 2 345 2 0.002549686 139667955097664 48
L 2 346 2 0.002550046 139667955097712 48
L 2 347 2 0.002550396 139667955097760 48
L 2 348 2 0.002550747 139667955097808 48
L 2 349 2 0.002551096 139667955097856 48
L 2 350 2 0.002551761 139667955097616 48
L 2 351 2 0.002552124 139667955097664 48
L 2 352 2 0.002552494 139667955097712 48
L 2 353 2 0.002552839 139667955097760 48
L 2 354 2 0.002553196 139667955097808 48
L 2 355 2 0.002553548 139667955097856 48
E 2 356 3 0.002554172 139667939610728 88
E 2 357 3 0.002554477 139667939610992 88
L 2 358 3 0.002554763 139667939610816 88
L 2 359 3 0.002555024 139667939610904 88
L 2 360 2 0.002556161 139667955097616 48
L 2 361 2 0.002556554 139667955097664 48
L 2 362 2 0.002556920 139667955097712 48
L 2 363 2 0.002557285 139667955097760 48
L 2 364 2 0.002557638 139667955097808 48
L 2 365 2 0.002557997 139667955097856 48
L 2 366 2 0.002558358 139667955097904 48
L 2 367 2 0.002558710 139667955097952 48
L 2 368 2 0.002559054 139667955098000 48
L 2 369 2 0.002559409 139667955098048 48
L 2 370 2 0.002559772 139667955098096 48
L 2 371 2 0.002560124 139667955098144 48
L 2 372 2 0.002560477 139667955098192 48
L 2 373 2 0.002560828 139667955098240 48
L 2 374 2 0.002561174 139667955098288 48
L 2 375 2 0.002561517 139667955098336 48
L 2 376 2 0.002561860 139667955098384 48
L 2 377 2 0.002562219 139667955098432 48
L 2 378 2 0.002562571 139667955098480 48
L 2 379 2 0.002562925 139667955098528 48
L 2 380 2 0.002563637 139667955097616 48
L 2 381 2 0.002564023 139667955097664 48
L 2 382 2 0.002564386 139667955097712 48
L 2 383 2 0.002564747 139667955097760 48
L 2 384 2 0.002565102 139667955097808 48
L 2 385 2 0.002565461 139667955097856 48
L 2 386 2 0.002565822 139667955097904 48
L 2 387 2 0.002566170 139667955097952 48
L 2 388 2 0.002566513 139667955098000 48
L 2 389 2 0.002566870 139667955098048 48
L 2 390 2 0.002567226 139667955098096 48
L 2 391 2 0.002567586 139667955098144 48
L 2 392 2 0.002567937 139667955098192 48
L 2 393 2 0.002568293 139667955098240 48
L 2 394 2 0.002568638 139667955098288 48
L 2 395 2 0.002568980 139667955098336 48
L 2 396 2 0.002569336 139667955098384 48
L 2 397 2 0.002569696 139667955098432 48
L 2 398 2 0.002570050 139667955098480 48
L 2 399 2 0.002570401 139667955098528 48
L 2 400 2 0.002571208 139667955097616 48
L 2 401 2 0.002571577 139667955097664 48
L 2 402 2 0.002571921 139667955097712 48
L 2 403 2 0.002572263 139667955097760 48
L 2 404 2 0.002574892 139667955097808 48
L 2 405 2 0.002575308 139667955097856 48
L 2 406 2 0.002575662 139667955097904 48
L 2 407 2 0.002576009 139667955097952 48
L 2 408 2 0.002576354 139667955098000 48
L 2 409 2 0.002576716 139667955098048 48
L 2 410 2 0.002577061 139667955098096 48
L 2 411 2 0.002577404 139667955098144 48
L 2 412 2 0.002577748 139667955098192 48
L 2 413 2 0.002578091 139667955098240 48
L 2 414 2 0.002578433 139667955098288 48
L 2 415 2 0.002578796 139667955098336 48
L 2 416 2 0.002579142 139667955098384 48
L 2 417 2 0.002579485 139667955098432 48
L 2 418 2 0.002579826 139667955098480 48
L 2 419 2 0.002580176 139667955098528 48
L 2 420 2 0.002580523 139667955098576 48
L 2 421 2 0.002580888 139667955098624 48
L 2 422 2 0.002581638 139667955097616 48
L 2 423 2 0.002582008 139667955097664 48
L 2 424 2 0.002582365 139667955097712 48
L 2 425 2 0.002582711 139667955097760 48
L 2 426 2 0.002583058 139667955097808 48
L 2 427 2 0.002583414 139667955097856 48
L 2 428 2 0.002583751 139667955097904 48
L 2 429 2 0.002584094 139667955097952 48
L 2 430 2 0.002584443 139667955098000 48
L 2 431 2 0.002584796 139667955098048 48
L 2 432 2 0.002585147 139667955098096 48
L 2 433 2 0.002585492 139667955098144 48
L 2 434 2 0.002585852 139667955098192 48
L 2 435 2 0.002586199 139667955098240 48
L 2 436 2 0.002586541 139667955098288 48
L 2 437 2 0.002586900 139667955098336 48
L 2 438 2 0.002587242 139667955098384 48
L 2 439 2 0.002587587 139667955098432 48
L 2 440 2 0.002587927 139667955098480 48
L 2 441 2 0.002588267 139667955098528 48
L 2 442 2 0.002588610 139667955098576 48
L 2 443 2 0.002588952 139667955098624 48
E 2 444 3 0.002589636 139667939610816 88
E 2 445 3 0.002590906 139667939610904 88
L 2 446 3 0.002594603 139667939610816 88
L 2 447 3 0.002594908 139667939610992 88
L 2 448 2 0.002597304 139667955097616 48
L 2 449 2 0.002597687 139667955097664 48
L 2 450 2 0.002598043 139667955097712 48
L 2 451 2 0.002598392 139667955097760 48
L 2 452 2 0.002598751 139667955097808 48
L 2 453 2 0.002599179 139667955097856 48
L 2 454 2 0.002599891 139667955097616 48
L 2 455 2 0.002600258 139667955097664 48
L 2 456 2 0.002600602 139667955097712 48
L 2 457 2 0.002600953 139667955097760 48
L 2 458 2 0.002601297 139667955097808 48
L 2 459 2 0.002601644 139667955097856 48
L 2 460 2 0.002602441 139667955097616 48
L 2 461 2 0.002602810 139667955097664 48
L 2 462 2 0.002603162 139667955097712 48
L 2 463 2 0.002603525 139667955097760 48
L 2 464 2 0.002603870 139667955097808 48
L 2 465 2 0.002606096 139667955097856 48
L 2 466 2 0.002606441 139667955097904 48
L 2 467 2 0.002606788 139667955097952 48
L 2 468 2 0.002607134 139667955098000 48
L 2 469 2 0.002607485 139667955098048 48
L 2 470 2 0.002607833 139667955098096 48
L 2 471 2 0.002608183 139667955098144 48
L 2 472 2 0.002608529 139667955098192 48
L 2 473 2 0.002608873 139667955098240 48
L 2 474 2 0.002609223 139667955098288 48
L 2 475 2 0.002609592 139667955098336 48
L 2 476 2 0.002609934 139667955098384 48
L 2 477 2 0.002610286 139667955098432 48
L 2 478 2 0.002610637 139667955098480 48
L 2 479 2 0.002610984 139667955098528 48
L 2 480 2 0.002611679 139667955097616 48
L 2 481 2 0.002612046 139667955097664 48
L 2 482 2 0.002612395 139667955097712 48
L 2 483 2 0.002612749 139667955097760 48
L 2 484 2 0.002613100 139667955097808 48
L 2 485 2 0.002613469 139667955097856 48
L 2 486 2 0.002613814 139667955097904 48
L 2 487 2 0.002614159 139667955097952 48
L 2 488 2 0.002614505 139667955098000 48
L 2 489 2 0.002614852 139667955098048 48
L 2 490 2 0.002615217 139667955098096 48
L 2 491 2 0.002615559 139667955098144 48
L 2 492 2 0.002615899 139667955098192 48
L 2 493 2 0.002616246 139667955098240 48
L 2 494 2 0.002616594 139667955098288 48
L 2 495 2 0.002616952 139667955098336 48
L 2 496 2 0.002617294 139667955098384 48
L 2 497 2 0.002617632 139667955098432 48
L 2 498 2 0.002617990 139667955098480 48
L 2 499 2 0.002618355 139667955098528 48
E 2 500 3 0.002618996 139667939610816 88
E 2 501 3 0.002619291 139667939610992 88
L 2 502 3 0.002619578 139667939610904 88
L 2 503 3 0.002619845 139667939610992 88
L 2 504 2 0.002629596 139667955097616 48
L 2 505 2 0.002630204 139667955097664 48
L 2 506 2 0.002630570 139667955097712 48
L 2 507 2 0.002630961 139667955097760 48
L 2 508 2 0.002631308 139667955097808 48
L 2 509 2 0.002631668 139667955097856 48
L 2 510 2 0.002632019 139667955097904 48
L 2 511 2 0.002632365 139667955097952 48
L 2 512 2 0.002632715 139667955098000 48
L 2 513 2 0.002633074 139667955098048 48
L 2 514 2 0.002633437 139667955098096 48
L 2 515 2 0.002633808 139667955098144 48
L 2 516 2 0.002634154 139667955098192 48
L 2 517 2 0.002634499 139667955098240 48
L 2 518 2 0.002634844 139667955098288 48
L 2 519 2 0.002635203 139667955098336 48
L 2 520 2 0.002635553 139667955098384 48
L 2 521 2 0.002635903 139667955098432 48
L 2 522 2 0.002636262 139667955098480 48
L 2 523 2 0.002637025 139667955098528 48
L 2 524 2 0.002637712 139667955097616 48
L 2 525 2 0.002638115 139667955097664 48
L 2 526 2 0.002638481 139667955097712 48
L 2 527 2 0.002638833 139667955097760 48
L 2 528 2 0.002639182 139667955097808 48
L 2 529 2 0.002639543 139667955097856 48
L 2 530 2 0.002639888 139667955097904 48
L 2 531 2 0.002640230 139667955097952 48
L 2 532 2 0.002640590 139667955098000 48
L 2 533 2 0.002640933 139667955098048 48
L 2 534 2 0.002641280 139667955098096 48
L 2 535 2 0.002641659 139667955098144 48
L 2 536 2 0.002642013 139667955098192 48
L 2 537 2 0.002642352 139667955098240 48
L 2 538 2 0.002642719 139667955098288 48
L 2 539 2 0.002643084 139667955098336 48
L 2 540 2 0.002643431 139667955098384 48
L 2 541 2 0.002643788 139667955098432 48
L 2 542 2 0.002644166 139667955098480 48
L 2 543 2 0.002644511 139667955098528 48
L 2 544 2 0.002645303 139667955097616 48
L 2 545 2 0.002645682 139667955097664 48
L 2 546 2 0.002646032 139667955097712 48
L 2 547 2 0.002646386 139667955097760 48
L 2 548 2 0.002646731 139667955097808 48
L 2 549 2 0.002647090 139667955097856 48
L 2 550 2 0.002647449 139667955097904 48
L 2 551 2 0.002647798 139667955097952 48
L 2 552 2 0.002648141 139667955098000 48
L 2 553 2 0.002648485 139667955098048 48
L 2 554 2 0.002648835 139667955098096 48
L 2 555 2 0.002649190 139667955098144 48
L 2 556 2 0.002649542 139667955098192 48
L 2 557 2 0.002649886 139667955098240 48
L 2 558 2 0.002650233 139667955098288 48
L 2 559 2 0.002650598 139667955098336 48
L 2 560 2 0.002650945 139667955098384 48
L 2 561 2 0.002651309 139667955098432 48
L 2 562 2 0.002651659 139667955098480 48
L 2 563 2 0.002652009 139667955098528 48
L 2 564 2 0.002652355 139667955098576 48
L 2 565 2 0.002652709 139667955098624 48
L 2 566 2 0.002653392 139667955097616 48
L 2 567 2 0.002653760 139667955097664 48
L 2 568 2 0.002654106 139667955097712 48
L 2 569 2 0.002654450 139667955097760 48
L 2 570 2 0.002654824 139667955097808 48
L 2 571 2 0.002655195 139667955097856 48
L 2 572 2 0.002655551 139667955097904 48
L 2 573 2 0.002655906 139667955097952 48
L 2 574 2 0.002656254 139667955098000 48
L 2 575 2 0.002656599 139667955098048 48
L 2 576 2 0.002656945 139667955098096 48
L 2 577 2 0.002657291 139667955098144 48
L 2 578 2 0.002657633 139667955098192 48
L 2 579 2 0.002657977 139667955098240 48
L 2 580 2 0.002658317 139667955098288 48
L 2 581 2 0.002658687 139667955098336 48
L 2 582 2 0.002659029 139667955098384 48
L 2 583 2 0.002659372 139667955098432 48
L 2 584 2 0.002659715 139667955098480 48
L 2 585 2 0.002660060 139667955098528 48
L 2 586 2 0.002660406 139667955098576 48
L 2 587 2 0.002660757 139667955098624 48
E 2 588 3 0.002661606 139667939610904 88
E 2 589 3 0.002661889 139667939610992 88
L 2 590 2 0.003936099 139667939610640 88
L 2 591 2 0.003950967 139667955580944 88
L 2 592 2 0.003954007 139667955581032 88
L 2 593 2 0.003954913 139667955581120 88
L 2 594 2 0.003955681 139667955581208 88
L 2 595 2 0.003957988 139667955581296 88
E 2 596 1 0.003971011 139667938730000 88
L 2 597 2 0.003971677 139667939610728 88
L 2 598 2 0.003972519 139667955580944 88
L 2 599 2 0.003972989 139667955581032 88
L 2 600 2 0.003973411 139667955581120 88
E 2 601 1 0.003974488 139667938730088 88
L 2 602 2 0.003974904 139667939610816 88
L 2 603 2 0.003975467 139667955580944 88
L 2 604 2 0.004036445 139667955581032 88
E 2 605 1 0.004040126 139667938730176 88
L 2 606 2 0.004040660 139667939610904 88
L 2 607 2 0.004041316 139667955580944 88
L 2 608 2 0.004041746 139667955581032 88
L 2 609 2 0.004042194 139667955581120 88
L 2 610 2 0.004042669 139667955581208 88
E 2 611 1 0.004053230 139667938730264 88
L 2 612 2 0.004053907 139667939610992 88
L 2 613 2 0.004054455 139667955580944 88
E 2 614 1 0.004055388 139667938730352 88
L 2 615 2 0.004242950 139667938730000 88
L 2 616 2 0.004254132 139667938730088 88
L 2 617 2 0.004254770 139667938730176 88
L 2 618 2 0.004255340 139667938730264 88
L 2 619 2 0.004255876 139667938730352 88
F 620 2362.610770711 0.004257570
