Flat profile:

Each sample counts as 0.01 seconds.
  %   cumulative   self              self     total           
 time   seconds   seconds    calls  ms/call  ms/call  name    
 75.89      0.22     0.22     5008     0.04     0.06  BinaryTree<Message>::recursiveInsert(Node<Message>*&, Item<Message>)
 17.25      0.27     0.05 11993253     0.00     0.00  leMemLog(long, long, int)
  3.45      0.28     0.01 11998264     0.00     0.00  clkDifMemLog(timespec, timespec, timespec*)
  3.45      0.29     0.01        1    10.00    10.00  _GLOBAL__sub_I__ZN6MailerC2Ei
  0.00      0.29     0.00    15046     0.00     0.00  castChar(std::__cxx11::basic_string<char, std::char_traits<char>, std::allocator<char> >)
  0.00      0.29     0.00    10016     0.00     0.00  Message::getId()
  0.00      0.29     0.00     5015     0.00     0.00  isReadCommand(std::__cxx11::basic_string<char, std::char_traits<char>, std::allocator<char> >)
  0.00      0.29     0.00     5015     0.00     0.00  isSendCommand(std::__cxx11::basic_string<char, std::char_traits<char>, std::allocator<char> >)
  0.00      0.29     0.00     5015     0.00     0.00  isRemoveCommand(std::__cxx11::basic_string<char, std::char_traits<char>, std::allocator<char> >)
  0.00      0.29     0.00     5015     0.00     0.00  HashTable<Message>::hash(int)
  0.00      0.29     0.00     5014     0.00     0.00  defineFaseMemLog(int)
  0.00      0.29     0.00     5010     0.00     0.00  escreveMemLog(long, long, int)
  0.00      0.29     0.00     5008     0.00     0.06  BinaryTree<Message>::insert(Item<Message>)
  0.00      0.29     0.00     5008     0.00     0.00  Node<Message>::Node(Item<Message>)
  0.00      0.29     0.00     5008     0.00     0.06  Mailer::send[abi:cxx11](int, Message*)
  0.00      0.29     0.00     5008     0.00     0.00  Message::Message(int, int, std::__cxx11::basic_string<char, std::char_traits<char>, std::allocator<char> >)
  0.00      0.29     0.00     5008     0.00     0.06  HashTable<Message>::insert(int, Item<Message>)
  0.00      0.29     0.00     1000     0.00     0.00  BinaryTree<Message>::BinaryTree()
  0.00      0.29     0.00        6     0.00     0.00  bool isValidNodeItem<Message>(Item<Message>)
  0.00      0.29     0.00        6     0.00     0.00  BinaryTree<Message>::recursiveSearch(Node<Message>*, int)
  0.00      0.29     0.00        6     0.00     0.00  BinaryTree<Message>::search(int)
  0.00      0.29     0.00        6     0.00     0.00  HashTable<Message>::search(int, int)
  0.00      0.29     0.00        5     0.00     0.00  Mailer::read[abi:cxx11](int, int)
  0.00      0.29     0.00        5     0.00     0.00  Message::getContent[abi:cxx11]()
  0.00      0.29     0.00        5     0.00     0.00  Message::getUserId()
  0.00      0.29     0.00        1     0.00     0.00  _GLOBAL__sub_I__Z13isSendCommandNSt7__cxx1112basic_stringIcSt11char_traitsIcESaIcEEE
  0.00      0.29     0.00        1     0.00     0.00  _GLOBAL__sub_I__Z8castCharNSt7__cxx1112basic_stringIcSt11char_traitsIcESaIcEEE
  0.00      0.29     0.00        1     0.00     0.00  _GLOBAL__sub_I__Z9parseArgsiPPc
  0.00      0.29     0.00        1     0.00     0.00  _GLOBAL__sub_I__ZN7MessageC2EiiNSt7__cxx1112basic_stringIcSt11char_traitsIcESaIcEEE
  0.00      0.29     0.00        1     0.00     0.00  _GLOBAL__sub_I_main
  0.00      0.29     0.00        1     0.00     0.00  ativaMemLog()
  0.00      0.29     0.00        1     0.00     0.00  iniciaMemLog(char*)
  0.00      0.29     0.00        1     0.00     0.00  finalizaMemLog()
  0.00      0.29     0.00        1     0.00     0.00  __static_initialization_and_destruction_0(int, int)
  0.00      0.29     0.00        1     0.00     0.00  __static_initialization_and_destruction_0(int, int)
  0.00      0.29     0.00        1     0.00     0.00  __static_initialization_and_destruction_0(int, int)
  0.00      0.29     0.00        1     0.00     0.00  __static_initialization_and_destruction_0(int, int)
  0.00      0.29     0.00        1     0.00     0.00  __static_initialization_and_destruction_0(int, int)
  0.00      0.29     0.00        1     0.00     0.00  __static_initialization_and_destruction_0(int, int)
  0.00      0.29     0.00        1     0.00     0.00  __static_initialization_and_destruction_0(int, int)
  0.00      0.29     0.00        1     0.00     0.00  __static_initialization_and_destruction_0(int, int)
  0.00      0.29     0.00        1     0.00     0.00  __static_initialization_and_destruction_0(int, int)
  0.00      0.29     0.00        1     0.00     0.00  parseArgs(int, char**)
  0.00      0.29     0.00        1     0.00     0.00  BinaryTree<Message>::deleteNode(Node<Message>*, Node<Message>*&)
  0.00      0.29     0.00        1     0.00     0.00  BinaryTree<Message>::recursiveDelete(Node<Message>*&, int)
  0.00      0.29     0.00        1     0.00     0.00  BinaryTree<Message>::remove(int)
  0.00      0.29     0.00        1     0.00     0.00  Mailer::remove[abi:cxx11](int, int)
  0.00      0.29     0.00        1     0.00     0.00  Mailer::Mailer(int)
  0.00      0.29     0.00        1     0.00     0.00  HashTable<Message>::remove(int, int)
  0.00      0.29     0.00        1     0.00     0.00  HashTable<Message>::HashTable(int)

 %         the percentage of the total running time of the
time       program used by this function.

cumulative a running sum of the number of seconds accounted
 seconds   for by this function and those listed above it.

 self      the number of seconds accounted for by this
seconds    function alone.  This is the major sort for this
           listing.

calls      the number of times this function was invoked, if
           this function is profiled, else blank.

 self      the average number of milliseconds spent in this
ms/call    function per call, if this function is profiled,
	   else blank.

 total     the average number of milliseconds spent in this
ms/call    function and its descendents per call, if this
	   function is profiled, else blank.

name       the name of the function.  This is the minor sort
           for this listing. The index shows the location of
	   the function in the gprof listing. If the index is
	   in parenthesis it shows where it would appear in
	   the gprof listing if it were to be printed.

Copyright (C) 2012-2018 Free Software Foundation, Inc.

Copying and distribution of this file, with or without modification,
are permitted in any medium without royalty provided the copyright
notice and this notice are preserved.

		     Call graph (explanation follows)


granularity: each sample hit covers 2 byte(s) for 3.45% of 0.29 seconds

index % time    self  children    called     name
                                                 <spontaneous>
[1]     96.6    0.00    0.28                 main [1]
                0.00    0.28    5008/5008        Mailer::send[abi:cxx11](int, Message*) [4]
                0.00    0.00       5/5           Mailer::read[abi:cxx11](int, int) [14]
                0.00    0.00       1/1           Mailer::remove[abi:cxx11](int, int) [15]
                0.00    0.00       1/1           finalizaMemLog() [20]
                0.00    0.00    5015/5015        isSendCommand(std::__cxx11::basic_string<char, std::char_traits<char>, std::allocator<char> >) [30]
                0.00    0.00    5015/5015        isReadCommand(std::__cxx11::basic_string<char, std::char_traits<char>, std::allocator<char> >) [29]
                0.00    0.00    5015/5015        isRemoveCommand(std::__cxx11::basic_string<char, std::char_traits<char>, std::allocator<char> >) [31]
                0.00    0.00    5014/5014        defineFaseMemLog(int) [33]
                0.00    0.00    5008/5008        Message::Message(int, int, std::__cxx11::basic_string<char, std::char_traits<char>, std::allocator<char> >) [35]
                0.00    0.00       1/15046       castChar(std::__cxx11::basic_string<char, std::char_traits<char>, std::allocator<char> >) [27]
                0.00    0.00       1/1           iniciaMemLog(char*) [46]
                0.00    0.00       1/1           ativaMemLog() [45]
                0.00    0.00       1/1           parseArgs(int, char**) [56]
                0.00    0.00       1/1           Mailer::Mailer(int) [57]
-----------------------------------------------
                             11993237             BinaryTree<Message>::recursiveInsert(Node<Message>*&, Item<Message>) [2]
                0.22    0.06    5008/5008        BinaryTree<Message>::insert(Item<Message>) [3]
[2]     96.6    0.22    0.06    5008+11993237 BinaryTree<Message>::recursiveInsert(Node<Message>*&, Item<Message>) [2]
                0.05    0.01 11993237/11993253     leMemLog(long, long, int) [6]
                0.00    0.00    5008/5010        escreveMemLog(long, long, int) [10]
                0.00    0.00    5008/5008        Node<Message>::Node(Item<Message>) [34]
                             11993237             BinaryTree<Message>::recursiveInsert(Node<Message>*&, Item<Message>) [2]
-----------------------------------------------
                0.00    0.28    5008/5008        HashTable<Message>::insert(int, Item<Message>) [5]
[3]     96.6    0.00    0.28    5008         BinaryTree<Message>::insert(Item<Message>) [3]
                0.22    0.06    5008/5008        BinaryTree<Message>::recursiveInsert(Node<Message>*&, Item<Message>) [2]
-----------------------------------------------
                0.00    0.28    5008/5008        main [1]
[4]     96.6    0.00    0.28    5008         Mailer::send[abi:cxx11](int, Message*) [4]
                0.00    0.28    5008/5008        HashTable<Message>::insert(int, Item<Message>) [5]
                0.00    0.00   10016/10016       Message::getId() [28]
-----------------------------------------------
                0.00    0.28    5008/5008        Mailer::send[abi:cxx11](int, Message*) [4]
[5]     96.6    0.00    0.28    5008         HashTable<Message>::insert(int, Item<Message>) [5]
                0.00    0.28    5008/5008        BinaryTree<Message>::insert(Item<Message>) [3]
                0.00    0.00    5008/5015        HashTable<Message>::hash(int) [32]
-----------------------------------------------
                0.00    0.00       1/11993253     BinaryTree<Message>::recursiveDelete(Node<Message>*&, int) [16]
                0.00    0.00      15/11993253     BinaryTree<Message>::recursiveSearch(Node<Message>*, int) [11]
                0.05    0.01 11993237/11993253     BinaryTree<Message>::recursiveInsert(Node<Message>*&, Item<Message>) [2]
[6]     20.7    0.05    0.01 11993253         leMemLog(long, long, int) [6]
                0.01    0.00 11993253/11998264     clkDifMemLog(timespec, timespec, timespec*) [7]
-----------------------------------------------
                0.00    0.00       1/11998264     finalizaMemLog() [20]
                0.00    0.00    5010/11998264     escreveMemLog(long, long, int) [10]
                0.01    0.00 11993253/11998264     leMemLog(long, long, int) [6]
[7]      3.4    0.01    0.00 11998264         clkDifMemLog(timespec, timespec, timespec*) [7]
-----------------------------------------------
                0.01    0.00       1/1           __libc_csu_init [9]
[8]      3.4    0.01    0.00       1         _GLOBAL__sub_I__ZN6MailerC2Ei [8]
                0.00    0.00       1/1           __static_initialization_and_destruction_0(int, int) [53]
-----------------------------------------------
                                                 <spontaneous>
[9]      3.4    0.00    0.01                 __libc_csu_init [9]
                0.01    0.00       1/1           _GLOBAL__sub_I__ZN6MailerC2Ei [8]
                0.00    0.00       1/1           _GLOBAL__sub_I__Z8castCharNSt7__cxx1112basic_stringIcSt11char_traitsIcESaIcEEE [41]
                0.00    0.00       1/1           _GLOBAL__sub_I__ZN7MessageC2EiiNSt7__cxx1112basic_stringIcSt11char_traitsIcESaIcEEE [43]
                0.00    0.00       1/1           __static_initialization_and_destruction_0(int, int) [52]
                0.00    0.00       1/1           __static_initialization_and_destruction_0(int, int) [51]
                0.00    0.00       1/1           __static_initialization_and_destruction_0(int, int) [50]
                0.00    0.00       1/1           _GLOBAL__sub_I_main [44]
                0.00    0.00       1/1           _GLOBAL__sub_I__Z13isSendCommandNSt7__cxx1112basic_stringIcSt11char_traitsIcESaIcEEE [40]
                0.00    0.00       1/1           _GLOBAL__sub_I__Z9parseArgsiPPc [42]
-----------------------------------------------
                0.00    0.00       2/5010        BinaryTree<Message>::deleteNode(Node<Message>*, Node<Message>*&) [19]
                0.00    0.00    5008/5010        BinaryTree<Message>::recursiveInsert(Node<Message>*&, Item<Message>) [2]
[10]     0.0    0.00    0.00    5010         escreveMemLog(long, long, int) [10]
                0.00    0.00    5010/11998264     clkDifMemLog(timespec, timespec, timespec*) [7]
-----------------------------------------------
                                   9             BinaryTree<Message>::recursiveSearch(Node<Message>*, int) [11]
                0.00    0.00       6/6           BinaryTree<Message>::search(int) [12]
[11]     0.0    0.00    0.00       6+9       BinaryTree<Message>::recursiveSearch(Node<Message>*, int) [11]
                0.00    0.00      15/11993253     leMemLog(long, long, int) [6]
                                   9             BinaryTree<Message>::recursiveSearch(Node<Message>*, int) [11]
-----------------------------------------------
                0.00    0.00       6/6           HashTable<Message>::search(int, int) [13]
[12]     0.0    0.00    0.00       6         BinaryTree<Message>::search(int) [12]
                0.00    0.00       6/6           BinaryTree<Message>::recursiveSearch(Node<Message>*, int) [11]
-----------------------------------------------
                0.00    0.00       1/6           Mailer::remove[abi:cxx11](int, int) [15]
                0.00    0.00       5/6           Mailer::read[abi:cxx11](int, int) [14]
[13]     0.0    0.00    0.00       6         HashTable<Message>::search(int, int) [13]
                0.00    0.00       6/6           BinaryTree<Message>::search(int) [12]
                0.00    0.00       6/5015        HashTable<Message>::hash(int) [32]
-----------------------------------------------
                0.00    0.00       5/5           main [1]
[14]     0.0    0.00    0.00       5         Mailer::read[abi:cxx11](int, int) [14]
                0.00    0.00       5/6           HashTable<Message>::search(int, int) [13]
                0.00    0.00       5/5           Message::getUserId() [39]
                0.00    0.00       5/6           bool isValidNodeItem<Message>(Item<Message>) [37]
                0.00    0.00       5/5           Message::getContent[abi:cxx11]() [38]
-----------------------------------------------
                0.00    0.00       1/1           main [1]
[15]     0.0    0.00    0.00       1         Mailer::remove[abi:cxx11](int, int) [15]
                0.00    0.00       1/6           HashTable<Message>::search(int, int) [13]
                0.00    0.00       1/1           HashTable<Message>::remove(int, int) [18]
                0.00    0.00       1/6           bool isValidNodeItem<Message>(Item<Message>) [37]
-----------------------------------------------
                0.00    0.00       1/1           BinaryTree<Message>::remove(int) [17]
[16]     0.0    0.00    0.00       1         BinaryTree<Message>::recursiveDelete(Node<Message>*&, int) [16]
                0.00    0.00       1/11993253     leMemLog(long, long, int) [6]
                0.00    0.00       1/1           BinaryTree<Message>::deleteNode(Node<Message>*, Node<Message>*&) [19]
-----------------------------------------------
                0.00    0.00       1/1           HashTable<Message>::remove(int, int) [18]
[17]     0.0    0.00    0.00       1         BinaryTree<Message>::remove(int) [17]
                0.00    0.00       1/1           BinaryTree<Message>::recursiveDelete(Node<Message>*&, int) [16]
-----------------------------------------------
                0.00    0.00       1/1           Mailer::remove[abi:cxx11](int, int) [15]
[18]     0.0    0.00    0.00       1         HashTable<Message>::remove(int, int) [18]
                0.00    0.00       1/1           BinaryTree<Message>::remove(int) [17]
                0.00    0.00       1/5015        HashTable<Message>::hash(int) [32]
-----------------------------------------------
                                 102             BinaryTree<Message>::deleteNode(Node<Message>*, Node<Message>*&) [19]
                0.00    0.00       1/1           BinaryTree<Message>::recursiveDelete(Node<Message>*&, int) [16]
[19]     0.0    0.00    0.00       1+102     BinaryTree<Message>::deleteNode(Node<Message>*, Node<Message>*&) [19]
                0.00    0.00       2/5010        escreveMemLog(long, long, int) [10]
                                 102             BinaryTree<Message>::deleteNode(Node<Message>*, Node<Message>*&) [19]
-----------------------------------------------
                0.00    0.00       1/1           main [1]
[20]     0.0    0.00    0.00       1         finalizaMemLog() [20]
                0.00    0.00       1/11998264     clkDifMemLog(timespec, timespec, timespec*) [7]
-----------------------------------------------
                0.00    0.00       1/15046       main [1]
                0.00    0.00    5015/15046       isSendCommand(std::__cxx11::basic_string<char, std::char_traits<char>, std::allocator<char> >) [30]
                0.00    0.00    5015/15046       isReadCommand(std::__cxx11::basic_string<char, std::char_traits<char>, std::allocator<char> >) [29]
                0.00    0.00    5015/15046       isRemoveCommand(std::__cxx11::basic_string<char, std::char_traits<char>, std::allocator<char> >) [31]
[27]     0.0    0.00    0.00   15046         castChar(std::__cxx11::basic_string<char, std::char_traits<char>, std::allocator<char> >) [27]
-----------------------------------------------
                0.00    0.00   10016/10016       Mailer::send[abi:cxx11](int, Message*) [4]
[28]     0.0    0.00    0.00   10016         Message::getId() [28]
-----------------------------------------------
                0.00    0.00    5015/5015        main [1]
[29]     0.0    0.00    0.00    5015         isReadCommand(std::__cxx11::basic_string<char, std::char_traits<char>, std::allocator<char> >) [29]
                0.00    0.00    5015/15046       castChar(std::__cxx11::basic_string<char, std::char_traits<char>, std::allocator<char> >) [27]
-----------------------------------------------
                0.00    0.00    5015/5015        main [1]
[30]     0.0    0.00    0.00    5015         isSendCommand(std::__cxx11::basic_string<char, std::char_traits<char>, std::allocator<char> >) [30]
                0.00    0.00    5015/15046       castChar(std::__cxx11::basic_string<char, std::char_traits<char>, std::allocator<char> >) [27]
-----------------------------------------------
                0.00    0.00    5015/5015        main [1]
[31]     0.0    0.00    0.00    5015         isRemoveCommand(std::__cxx11::basic_string<char, std::char_traits<char>, std::allocator<char> >) [31]
                0.00    0.00    5015/15046       castChar(std::__cxx11::basic_string<char, std::char_traits<char>, std::allocator<char> >) [27]
-----------------------------------------------
                0.00    0.00       1/5015        HashTable<Message>::remove(int, int) [18]
                0.00    0.00       6/5015        HashTable<Message>::search(int, int) [13]
                0.00    0.00    5008/5015        HashTable<Message>::insert(int, Item<Message>) [5]
[32]     0.0    0.00    0.00    5015         HashTable<Message>::hash(int) [32]
-----------------------------------------------
                0.00    0.00    5014/5014        main [1]
[33]     0.0    0.00    0.00    5014         defineFaseMemLog(int) [33]
-----------------------------------------------
                0.00    0.00    5008/5008        BinaryTree<Message>::recursiveInsert(Node<Message>*&, Item<Message>) [2]
[34]     0.0    0.00    0.00    5008         Node<Message>::Node(Item<Message>) [34]
-----------------------------------------------
                0.00    0.00    5008/5008        main [1]
[35]     0.0    0.00    0.00    5008         Message::Message(int, int, std::__cxx11::basic_string<char, std::char_traits<char>, std::allocator<char> >) [35]
-----------------------------------------------
                0.00    0.00    1000/1000        HashTable<Message>::HashTable(int) [58]
[36]     0.0    0.00    0.00    1000         BinaryTree<Message>::BinaryTree() [36]
-----------------------------------------------
                0.00    0.00       1/6           Mailer::remove[abi:cxx11](int, int) [15]
                0.00    0.00       5/6           Mailer::read[abi:cxx11](int, int) [14]
[37]     0.0    0.00    0.00       6         bool isValidNodeItem<Message>(Item<Message>) [37]
-----------------------------------------------
                0.00    0.00       5/5           Mailer::read[abi:cxx11](int, int) [14]
[38]     0.0    0.00    0.00       5         Message::getContent[abi:cxx11]() [38]
-----------------------------------------------
                0.00    0.00       5/5           Mailer::read[abi:cxx11](int, int) [14]
[39]     0.0    0.00    0.00       5         Message::getUserId() [39]
-----------------------------------------------
                0.00    0.00       1/1           __libc_csu_init [9]
[40]     0.0    0.00    0.00       1         _GLOBAL__sub_I__Z13isSendCommandNSt7__cxx1112basic_stringIcSt11char_traitsIcESaIcEEE [40]
                0.00    0.00       1/1           __static_initialization_and_destruction_0(int, int) [48]
-----------------------------------------------
                0.00    0.00       1/1           __libc_csu_init [9]
[41]     0.0    0.00    0.00       1         _GLOBAL__sub_I__Z8castCharNSt7__cxx1112basic_stringIcSt11char_traitsIcESaIcEEE [41]
                0.00    0.00       1/1           __static_initialization_and_destruction_0(int, int) [55]
-----------------------------------------------
                0.00    0.00       1/1           __libc_csu_init [9]
[42]     0.0    0.00    0.00       1         _GLOBAL__sub_I__Z9parseArgsiPPc [42]
                0.00    0.00       1/1           __static_initialization_and_destruction_0(int, int) [47]
-----------------------------------------------
                0.00    0.00       1/1           __libc_csu_init [9]
[43]     0.0    0.00    0.00       1         _GLOBAL__sub_I__ZN7MessageC2EiiNSt7__cxx1112basic_stringIcSt11char_traitsIcESaIcEEE [43]
                0.00    0.00       1/1           __static_initialization_and_destruction_0(int, int) [54]
-----------------------------------------------
                0.00    0.00       1/1           __libc_csu_init [9]
[44]     0.0    0.00    0.00       1         _GLOBAL__sub_I_main [44]
                0.00    0.00       1/1           __static_initialization_and_destruction_0(int, int) [49]
-----------------------------------------------
                0.00    0.00       1/1           main [1]
[45]     0.0    0.00    0.00       1         ativaMemLog() [45]
-----------------------------------------------
                0.00    0.00       1/1           main [1]
[46]     0.0    0.00    0.00       1         iniciaMemLog(char*) [46]
-----------------------------------------------
                0.00    0.00       1/1           _GLOBAL__sub_I__Z9parseArgsiPPc [42]
[47]     0.0    0.00    0.00       1         __static_initialization_and_destruction_0(int, int) [47]
-----------------------------------------------
                0.00    0.00       1/1           _GLOBAL__sub_I__Z13isSendCommandNSt7__cxx1112basic_stringIcSt11char_traitsIcESaIcEEE [40]
[48]     0.0    0.00    0.00       1         __static_initialization_and_destruction_0(int, int) [48]
-----------------------------------------------
                0.00    0.00       1/1           _GLOBAL__sub_I_main [44]
[49]     0.0    0.00    0.00       1         __static_initialization_and_destruction_0(int, int) [49]
-----------------------------------------------
                                   1             __static_initialization_and_destruction_0(int, int) [50]
                0.00    0.00       1/1           __libc_csu_init [9]
[50]     0.0    0.00    0.00       1+1       __static_initialization_and_destruction_0(int, int) [50]
                                   1             __static_initialization_and_destruction_0(int, int) [50]
-----------------------------------------------
                                   1             __static_initialization_and_destruction_0(int, int) [51]
                0.00    0.00       1/1           __libc_csu_init [9]
[51]     0.0    0.00    0.00       1+1       __static_initialization_and_destruction_0(int, int) [51]
                                   1             __static_initialization_and_destruction_0(int, int) [51]
-----------------------------------------------
                                   1             __static_initialization_and_destruction_0(int, int) [52]
                0.00    0.00       1/1           __libc_csu_init [9]
[52]     0.0    0.00    0.00       1+1       __static_initialization_and_destruction_0(int, int) [52]
                                   1             __static_initialization_and_destruction_0(int, int) [52]
-----------------------------------------------
                0.00    0.00       1/1           _GLOBAL__sub_I__ZN6MailerC2Ei [8]
[53]     0.0    0.00    0.00       1         __static_initialization_and_destruction_0(int, int) [53]
-----------------------------------------------
                0.00    0.00       1/1           _GLOBAL__sub_I__ZN7MessageC2EiiNSt7__cxx1112basic_stringIcSt11char_traitsIcESaIcEEE [43]
[54]     0.0    0.00    0.00       1         __static_initialization_and_destruction_0(int, int) [54]
-----------------------------------------------
                0.00    0.00       1/1           _GLOBAL__sub_I__Z8castCharNSt7__cxx1112basic_stringIcSt11char_traitsIcESaIcEEE [41]
[55]     0.0    0.00    0.00       1         __static_initialization_and_destruction_0(int, int) [55]
-----------------------------------------------
                0.00    0.00       1/1           main [1]
[56]     0.0    0.00    0.00       1         parseArgs(int, char**) [56]
-----------------------------------------------
                0.00    0.00       1/1           main [1]
[57]     0.0    0.00    0.00       1         Mailer::Mailer(int) [57]
                0.00    0.00       1/1           HashTable<Message>::HashTable(int) [58]
-----------------------------------------------
                0.00    0.00       1/1           Mailer::Mailer(int) [57]
[58]     0.0    0.00    0.00       1         HashTable<Message>::HashTable(int) [58]
                0.00    0.00    1000/1000        BinaryTree<Message>::BinaryTree() [36]
-----------------------------------------------

 This table describes the call tree of the program, and was sorted by
 the total amount of time spent in each function and its children.

 Each entry in this table consists of several lines.  The line with the
 index number at the left hand margin lists the current function.
 The lines above it list the functions that called this function,
 and the lines below it list the functions this one called.
 This line lists:
     index	A unique number given to each element of the table.
		Index numbers are sorted numerically.
		The index number is printed next to every function name so
		it is easier to look up where the function is in the table.

     % time	This is the percentage of the `total' time that was spent
		in this function and its children.  Note that due to
		different viewpoints, functions excluded by options, etc,
		these numbers will NOT add up to 100%.

     self	This is the total amount of time spent in this function.

     children	This is the total amount of time propagated into this
		function by its children.

     called	This is the number of times the function was called.
		If the function called itself recursively, the number
		only includes non-recursive calls, and is followed by
		a `+' and the number of recursive calls.

     name	The name of the current function.  The index number is
		printed after it.  If the function is a member of a
		cycle, the cycle number is printed between the
		function's name and the index number.


 For the function's parents, the fields have the following meanings:

     self	This is the amount of time that was propagated directly
		from the function into this parent.

     children	This is the amount of time that was propagated from
		the function's children into this parent.

     called	This is the number of times this parent called the
		function `/' the total number of times the function
		was called.  Recursive calls to the function are not
		included in the number after the `/'.

     name	This is the name of the parent.  The parent's index
		number is printed after it.  If the parent is a
		member of a cycle, the cycle number is printed between
		the name and the index number.

 If the parents of the function cannot be determined, the word
 `<spontaneous>' is printed in the `name' field, and all the other
 fields are blank.

 For the function's children, the fields have the following meanings:

     self	This is the amount of time that was propagated directly
		from the child into the function.

     children	This is the amount of time that was propagated from the
		child's children to the function.

     called	This is the number of times the function called
		this child `/' the total number of times the child
		was called.  Recursive calls by the child are not
		listed in the number after the `/'.

     name	This is the name of the child.  The child's index
		number is printed after it.  If the child is a
		member of a cycle, the cycle number is printed
		between the name and the index number.

 If there are any cycles (circles) in the call graph, there is an
 entry for the cycle-as-a-whole.  This entry shows who called the
 cycle (as parents) and the members of the cycle (as children.)
 The `+' recursive calls entry shows the number of function calls that
 were internal to the cycle, and the calls entry for each member shows,
 for that member, how many times it was called from other members of
 the cycle.

Copyright (C) 2012-2018 Free Software Foundation, Inc.

Copying and distribution of this file, with or without modification,
are permitted in any medium without royalty provided the copyright
notice and this notice are preserved.

Index by function name

  [40] _GLOBAL__sub_I__Z13isSendCommandNSt7__cxx1112basic_stringIcSt11char_traitsIcESaIcEEE (app-validation.cpp) [48] __static_initialization_and_destruction_0(int, int) (app-validation.cpp) [12] BinaryTree<Message>::search(int)
  [41] _GLOBAL__sub_I__Z8castCharNSt7__cxx1112basic_stringIcSt11char_traitsIcESaIcEEE (shared-util.cpp) [49] __static_initialization_and_destruction_0(int, int) (app.cpp) [36] BinaryTree<Message>::BinaryTree()
  [42] _GLOBAL__sub_I__Z9parseArgsiPPc (app-util.cpp) [50] __static_initialization_and_destruction_0(int, int) (binary-tree-validation.cpp) [34] Node<Message>::Node(Item<Message>)
   [8] _GLOBAL__sub_I__ZN6MailerC2Ei (mailer.cpp) [51] __static_initialization_and_destruction_0(int, int) (binary-tree.cpp) [14] Mailer::read[abi:cxx11](int, int)
  [43] _GLOBAL__sub_I__ZN7MessageC2EiiNSt7__cxx1112basic_stringIcSt11char_traitsIcESaIcEEE (message.cpp) [52] __static_initialization_and_destruction_0(int, int) (hash-table.cpp) [4] Mailer::send[abi:cxx11](int, Message*)
  [44] _GLOBAL__sub_I_main (app.cpp) [53] __static_initialization_and_destruction_0(int, int) (mailer.cpp) [15] Mailer::remove[abi:cxx11](int, int)
  [45] ativaMemLog()          [54] __static_initialization_and_destruction_0(int, int) (message.cpp) [57] Mailer::Mailer(int)
   [7] clkDifMemLog(timespec, timespec, timespec*) [55] __static_initialization_and_destruction_0(int, int) (shared-util.cpp) [38] Message::getContent[abi:cxx11]()
  [46] iniciaMemLog(char*)    [27] castChar(std::__cxx11::basic_string<char, std::char_traits<char>, std::allocator<char> >) [28] Message::getId()
  [10] escreveMemLog(long, long, int) [6] leMemLog(long, long, int) [39] Message::getUserId()
  [29] isReadCommand(std::__cxx11::basic_string<char, std::char_traits<char>, std::allocator<char> >) [56] parseArgs(int, char**) [35] Message::Message(int, int, std::__cxx11::basic_string<char, std::char_traits<char>, std::allocator<char> >)
  [30] isSendCommand(std::__cxx11::basic_string<char, std::char_traits<char>, std::allocator<char> >) [19] BinaryTree<Message>::deleteNode(Node<Message>*, Node<Message>*&) [32] HashTable<Message>::hash(int)
  [20] finalizaMemLog()       [16] BinaryTree<Message>::recursiveDelete(Node<Message>*&, int) [5] HashTable<Message>::insert(int, Item<Message>)
  [31] isRemoveCommand(std::__cxx11::basic_string<char, std::char_traits<char>, std::allocator<char> >) [2] BinaryTree<Message>::recursiveInsert(Node<Message>*&, Item<Message>) [18] HashTable<Message>::remove(int, int)
  [37] bool isValidNodeItem<Message>(Item<Message>) [11] BinaryTree<Message>::recursiveSearch(Node<Message>*, int) [13] HashTable<Message>::search(int, int)
  [33] defineFaseMemLog(int)   [3] BinaryTree<Message>::insert(Item<Message>) [58] HashTable<Message>::HashTable(int)
  [47] __static_initialization_and_destruction_0(int, int) (app-util.cpp) [17] BinaryTree<Message>::remove(int)
