Flat profile:

Each sample counts as 0.01 seconds.
  %   cumulative   self              self     total           
 time   seconds   seconds    calls  ms/call  ms/call  name    
 33.34      0.01     0.01  1495802     0.00     0.00  std::iterator_traits<char*>::difference_type std::__distance<char*>(char*, char*, std::random_access_iterator_tag)
 33.34      0.02     0.01  1495802     0.00     0.00  std::iterator_traits<char*>::difference_type std::distance<char*>(char*, char*)
 16.67      0.03     0.01   763557     0.00     0.00  leMemLog(long, long, int)
 16.67      0.03     0.01     4211     0.00     0.00  escreveMemLog(long, long, int)
  0.00      0.03     0.00  1495802     0.00     0.00  bool __gnu_cxx::__is_null_pointer<char>(char*)
  0.00      0.03     0.00  1495802     0.00     0.00  void std::__cxx11::basic_string<char, std::char_traits<char>, std::allocator<char> >::_M_construct<char*>(char*, char*, std::forward_iterator_tag)
  0.00      0.03     0.00  1495802     0.00     0.00  std::iterator_traits<char*>::iterator_category std::__iterator_category<char*>(char* const&)
  0.00      0.03     0.00   767769     0.00     0.00  clkDifMemLog(timespec, timespec, timespec*)
  0.00      0.03     0.00   681722     0.00     0.00  WordOccurence::~WordOccurence()
  0.00      0.03     0.00   680658     0.00     0.00  WordOccurence::WordOccurence(WordOccurence const&)
  0.00      0.03     0.00   674716     0.00     0.00  Item<WordOccurence>::~Item()
  0.00      0.03     0.00   673839     0.00     0.00  Item<WordOccurence>::Item(Item<WordOccurence> const&)
  0.00      0.03     0.00    94896     0.00     0.00  Item<std::__cxx11::basic_string<char, std::char_traits<char>, std::allocator<char> > >::~Item()
  0.00      0.03     0.00    94870     0.00     0.00  Item<std::__cxx11::basic_string<char, std::char_traits<char>, std::allocator<char> > >::Item(Item<std::__cxx11::basic_string<char, std::char_traits<char>, std::allocator<char> > > const&)
  0.00      0.03     0.00    40960     0.00     0.00  __gnu_cxx::__normal_iterator<char*, std::__cxx11::basic_string<char, std::char_traits<char>, std::allocator<char> > >::base() const
  0.00      0.03     0.00    31064     0.00     0.00  WordOccurence::WordOccurence()
  0.00      0.03     0.00    30877     0.00     0.00  Item<WordOccurence>::Item()
  0.00      0.03     0.00    20505     0.00     0.00  lowerCaseLetter(char)
  0.00      0.03     0.00    20505     0.00     0.00  std::ctype<char>::tolower(char) const
  0.00      0.03     0.00    20505     0.00     0.00  char std::tolower<char>(char, std::locale const&)
  0.00      0.03     0.00    20501     0.00     0.00  isSpecialCharacter(char)
  0.00      0.03     0.00    20480     0.00     0.00  bool __gnu_cxx::operator!=<char*, std::__cxx11::basic_string<char, std::char_traits<char>, std::allocator<char> > >(__gnu_cxx::__normal_iterator<char*, std::__cxx11::basic_string<char, std::char_traits<char>, std::allocator<char> > > const&, __gnu_cxx::__normal_iterator<char*, std::__cxx11::basic_string<char, std::char_traits<char>, std::allocator<char> > > const&)
  0.00      0.03     0.00    17481     0.00     0.00  __gnu_cxx::__normal_iterator<char*, std::__cxx11::basic_string<char, std::char_traits<char>, std::allocator<char> > >::operator++()
  0.00      0.03     0.00    17481     0.00     0.00  __gnu_cxx::__normal_iterator<char*, std::__cxx11::basic_string<char, std::char_traits<char>, std::allocator<char> > >::operator*() const
  0.00      0.03     0.00    15075     0.00     0.00  castChar(std::__cxx11::basic_string<char, std::char_traits<char>, std::allocator<char> >)
  0.00      0.03     0.00    10026     0.00     0.00  Item<std::__cxx11::basic_string<char, std::char_traits<char>, std::allocator<char> > >::Item()
  0.00      0.03     0.00     8810     0.00     0.00  ArrangementList<WordOccurence>::findIndex(char*, MemoryLogType)
  0.00      0.03     0.00     6022     0.00     0.00  ArrangementList<std::__cxx11::basic_string<char, std::char_traits<char>, std::allocator<char> > >::castStringKey(int)
  0.00      0.03     0.00     6022     0.00     0.00  std::__cxx11::basic_string<char, std::char_traits<char>, std::allocator<char> > __gnu_cxx::__to_xstring<std::__cxx11::basic_string<char, std::char_traits<char>, std::allocator<char> >, char>(int (*)(char*, unsigned long, char const*, __va_list_tag*), unsigned long, char const*, ...)
  0.00      0.03     0.00     6022     0.00     0.00  void std::__cxx11::basic_string<char, std::char_traits<char>, std::allocator<char> >::_M_construct<char*>(char*, char*)
  0.00      0.03     0.00     6022     0.00     0.00  void std::__cxx11::basic_string<char, std::char_traits<char>, std::allocator<char> >::_M_construct_aux<char*>(char*, char*, std::__false_type)
  0.00      0.03     0.00     6022     0.00     0.00  std::__cxx11::basic_string<char, std::char_traits<char>, std::allocator<char> >::basic_string<char*, void>(char*, char*, std::allocator<char> const&)
  0.00      0.03     0.00     6022     0.00     0.00  std::__cxx11::to_string(int)
  0.00      0.03     0.00     5998     0.00     0.00  ArrangementList<WordOccurence>::existsByIndex(int)
  0.00      0.03     0.00     5996     0.00     0.00  ArrangementList<std::__cxx11::basic_string<char, std::char_traits<char>, std::allocator<char> > >::existsByIndex(int)
  0.00      0.03     0.00     5996     0.00     0.00  ArrangementList<std::__cxx11::basic_string<char, std::char_traits<char>, std::allocator<char> > >::findIndex(char*, MemoryLogType)
  0.00      0.03     0.00     5310     0.00     0.00  WordOccurence::operator=(WordOccurence const&)
  0.00      0.03     0.00     3027     0.00     0.00  isTextConfig(std::__cxx11::basic_string<char, std::char_traits<char>, std::allocator<char> >)
  0.00      0.03     0.00     3026     0.00     0.00  defineFaseMemLog(int)
  0.00      0.03     0.00     3026     0.00     0.00  isOrderingConfig(std::__cxx11::basic_string<char, std::char_traits<char>, std::allocator<char> >)
  0.00      0.03     0.00     2999     0.00     0.00  lowerCaseWord(std::__cxx11::basic_string<char, std::char_traits<char>, std::allocator<char> >)
  0.00      0.03     0.00     2999     0.00     0.00  normalizeWord(std::__cxx11::basic_string<char, std::char_traits<char>, std::allocator<char> >)
  0.00      0.03     0.00     2999     0.00     0.00  removeSpecialCharacters(std::__cxx11::basic_string<char, std::char_traits<char>, std::allocator<char> >)
  0.00      0.03     0.00     2999     0.00     0.00  ArrangementList<WordOccurence>::existsByKey(char*)
  0.00      0.03     0.00     2999     0.00     0.00  ArrangementList<WordOccurence>::findByKey(char*)
  0.00      0.03     0.00     2999     0.00     0.01  LexicographicAnalyser::readWord(std::__cxx11::basic_string<char, std::char_traits<char>, std::allocator<char> >)
  0.00      0.03     0.00     2998     0.00     0.00  getLexicographicalValue(char, ArrangementList<std::__cxx11::basic_string<char, std::char_traits<char>, std::allocator<char> > >*)
  0.00      0.03     0.00     2998     0.00     0.00  ArrangementList<std::__cxx11::basic_string<char, std::char_traits<char>, std::allocator<char> > >::existsByKey(char*)
  0.00      0.03     0.00     2998     0.00     0.00  ArrangementList<std::__cxx11::basic_string<char, std::char_traits<char>, std::allocator<char> > >::existsByKey(int)
  0.00      0.03     0.00     2998     0.00     0.00  ArrangementList<std::__cxx11::basic_string<char, std::char_traits<char>, std::allocator<char> > >::getSize()
  0.00      0.03     0.00     2998     0.00     0.00  ArrangementList<std::__cxx11::basic_string<char, std::char_traits<char>, std::allocator<char> > >::findByKey(char*)
  0.00      0.03     0.00     2998     0.00     0.00  ArrangementList<std::__cxx11::basic_string<char, std::char_traits<char>, std::allocator<char> > >::findByKey(int)
  0.00      0.03     0.00     2812     0.00     0.00  ArrangementList<WordOccurence>::update(char*, WordOccurence)
  0.00      0.03     0.00     1937     0.00     0.00  Item<WordOccurence>::operator=(Item<WordOccurence> const&)
  0.00      0.03     0.00     1723     0.00     0.00  makeLexicographicalComparison(WordOccurence, WordOccurence, ArrangementList<std::__cxx11::basic_string<char, std::char_traits<char>, std::allocator<char> > >*)
  0.00      0.03     0.00      565     0.00     0.00  ArrangementList<WordOccurence>::getSize()
  0.00      0.03     0.00      561     0.00     0.00  ArrangementList<WordOccurence>::findByIndex(int)
  0.00      0.03     0.00      561     0.00     0.00  ArrangementList<WordOccurence>::create(char*, WordOccurence)
  0.00      0.03     0.00      158     0.00     0.02  ArrangementListSorting<WordOccurence>::quickSortPartition(int, int, int*, int*, Item<WordOccurence>*, bool (*)(WordOccurence, WordOccurence, ArrangementList<std::__cxx11::basic_string<char, std::char_traits<char>, std::allocator<char> > >*))
  0.00      0.03     0.00       26     0.00     0.00  ArrangementList<std::__cxx11::basic_string<char, std::char_traits<char>, std::allocator<char> > >::create(char*, std::__cxx11::basic_string<char, std::char_traits<char>, std::allocator<char> >)
  0.00      0.03     0.00       26     0.00     0.00  ArrangementList<std::__cxx11::basic_string<char, std::char_traits<char>, std::allocator<char> > >::create(int, std::__cxx11::basic_string<char, std::char_traits<char>, std::allocator<char> >)
  0.00      0.03     0.00       26     0.00     0.00  LexicographicAnalyser::readOrdering(std::__cxx11::basic_string<char, std::char_traits<char>, std::allocator<char> >)
  0.00      0.03     0.00       26     0.00     0.00  Item<std::__cxx11::basic_string<char, std::char_traits<char>, std::allocator<char> > >::operator=(Item<std::__cxx11::basic_string<char, std::char_traits<char>, std::allocator<char> > > const&)
  0.00      0.03     0.00        3     0.00     0.00  ArrangementList<WordOccurence>::ArrangementList()
  0.00      0.03     0.00        1     0.00     0.00  _GLOBAL__sub_I__Z13normalizeWordNSt7__cxx1112basic_stringIcSt11char_traitsIcESaIcEEE
  0.00      0.03     0.00        1     0.00     0.00  _GLOBAL__sub_I__Z16isOrderingConfigNSt7__cxx1112basic_stringIcSt11char_traitsIcESaIcEEE
  0.00      0.03     0.00        1     0.00     0.00  _GLOBAL__sub_I__Z8castCharNSt7__cxx1112basic_stringIcSt11char_traitsIcESaIcEEE
  0.00      0.03     0.00        1     0.00     0.00  _GLOBAL__sub_I__Z9parseArgsiPPc
  0.00      0.03     0.00        1     0.00     0.00  _GLOBAL__sub_I__ZN21LexicographicAnalyserC2Ev
  0.00      0.03     0.00        1     0.00     0.00  _GLOBAL__sub_I_main
  0.00      0.03     0.00        1     0.00     0.00  ativaMemLog()
  0.00      0.03     0.00        1     0.00     0.00  iniciaMemLog(char*)
  0.00      0.03     0.00        1     0.00     0.00  finalizaMemLog()
  0.00      0.03     0.00        1     0.00     0.00  __static_initialization_and_destruction_0(int, int)
  0.00      0.03     0.00        1     0.00     0.00  __static_initialization_and_destruction_0(int, int)
  0.00      0.03     0.00        1     0.00     0.00  __static_initialization_and_destruction_0(int, int)
  0.00      0.03     0.00        1     0.00     0.00  __static_initialization_and_destruction_0(int, int)
  0.00      0.03     0.00        1     0.00     0.00  __static_initialization_and_destruction_0(int, int)
  0.00      0.03     0.00        1     0.00     0.00  __static_initialization_and_destruction_0(int, int)
  0.00      0.03     0.00        1     0.00     0.00  __static_initialization_and_destruction_0(int, int)
  0.00      0.03     0.00        1     0.00     0.00  __static_initialization_and_destruction_0(int, int)
  0.00      0.03     0.00        1     0.00     0.00  parseArgs(int, char**)
  0.00      0.03     0.00        1     0.00     3.14  ArrangementList<WordOccurence>::sort(bool (*)(WordOccurence, WordOccurence, ArrangementList<std::__cxx11::basic_string<char, std::char_traits<char>, std::allocator<char> > >*), ArrangementList<std::__cxx11::basic_string<char, std::char_traits<char>, std::allocator<char> > >*, int, int)
  0.00      0.03     0.00        1     0.00     0.00  ArrangementList<std::__cxx11::basic_string<char, std::char_traits<char>, std::allocator<char> > >::ArrangementList()
  0.00      0.03     0.00        1     0.00     4.08  LexicographicAnalyser::getResult(int, int)
  0.00      0.03     0.00        1     0.00     0.00  LexicographicAnalyser::LexicographicAnalyser()
  0.00      0.03     0.00        1     0.00     3.14  ArrangementListSorting<WordOccurence>::quickSortOrder(int, int, Item<WordOccurence>*, bool (*)(WordOccurence, WordOccurence, ArrangementList<std::__cxx11::basic_string<char, std::char_traits<char>, std::allocator<char> > >*))
  0.00      0.03     0.00        1     0.00     3.14  ArrangementListSorting<WordOccurence>::quickSort(Item<WordOccurence>*, bool (*)(WordOccurence, WordOccurence, ArrangementList<std::__cxx11::basic_string<char, std::char_traits<char>, std::allocator<char> > >*))
  0.00      0.03     0.00        1     0.00     0.00  ArrangementListSorting<WordOccurence>::ArrangementListSorting(int, ArrangementList<std::__cxx11::basic_string<char, std::char_traits<char>, std::allocator<char> > >*, int, int)

 %         the percentage of the total running time of the
time       program used by this function.

cumulative a running sum of the number of seconds accounted
 seconds   for by this function and those listed above it.

 self      the number of seconds accounted for by this
seconds    function alone.  This is the major sort for this
           listing.

calls      the number of times this function was invoked, if
           this function is profiled, else blank.

 self      the average number of milliseconds spent in this
ms/call    function per call, if this function is profiled,
	   else blank.

 total     the average number of milliseconds spent in this
ms/call    function and its descendents per call, if this
	   function is profiled, else blank.

name       the name of the function.  This is the minor sort
           for this listing. The index shows the location of
	   the function in the gprof listing. If the index is
	   in parenthesis it shows where it would appear in
	   the gprof listing if it were to be printed.

Copyright (C) 2012-2018 Free Software Foundation, Inc.

Copying and distribution of this file, with or without modification,
are permitted in any medium without royalty provided the copyright
notice and this notice are preserved.

		     Call graph (explanation follows)


granularity: each sample hit covers 2 byte(s) for 33.33% of 0.03 seconds

index % time    self  children    called     name
                                                 <spontaneous>
[1]    100.0    0.00    0.03                 main [1]
                0.00    0.03    2999/2999        LexicographicAnalyser::readWord(std::__cxx11::basic_string<char, std::char_traits<char>, std::allocator<char> >) [2]
                0.00    0.00       1/1           LexicographicAnalyser::getResult(int, int) [14]
                0.00    0.00    9079/1495802     void std::__cxx11::basic_string<char, std::char_traits<char>, std::allocator<char> >::_M_construct<char*>(char*, char*, std::forward_iterator_tag) [4]
                0.00    0.00      26/26          LexicographicAnalyser::readOrdering(std::__cxx11::basic_string<char, std::char_traits<char>, std::allocator<char> >) [36]
                0.00    0.00     187/561         ArrangementList<WordOccurence>::findByIndex(int) [39]
                0.00    0.00    3027/3027        isTextConfig(std::__cxx11::basic_string<char, std::char_traits<char>, std::allocator<char> >) [67]
                0.00    0.00    3026/3026        isOrderingConfig(std::__cxx11::basic_string<char, std::char_traits<char>, std::allocator<char> >) [69]
                0.00    0.00    3026/3026        defineFaseMemLog(int) [68]
                0.00    0.00     188/565         ArrangementList<WordOccurence>::getSize() [73]
                0.00    0.00     187/674716      Item<WordOccurence>::~Item() [50]
                0.00    0.00       1/1           iniciaMemLog(char*) [83]
                0.00    0.00       1/15075       castChar(std::__cxx11::basic_string<char, std::char_traits<char>, std::allocator<char> >) [62]
                0.00    0.00       1/1           ativaMemLog() [82]
                0.00    0.00       1/1           parseArgs(int, char**) [93]
                0.00    0.00       1/1           LexicographicAnalyser::LexicographicAnalyser() [95]
                0.00    0.00       1/1           finalizaMemLog() [84]
-----------------------------------------------
                0.00    0.03    2999/2999        main [1]
[2]     85.9    0.00    0.03    2999         LexicographicAnalyser::readWord(std::__cxx11::basic_string<char, std::char_traits<char>, std::allocator<char> >) [2]
                0.00    0.01    2812/2812        ArrangementList<WordOccurence>::update(char*, WordOccurence) [8]
                0.00    0.01    2999/2999        ArrangementList<WordOccurence>::existsByKey(char*) [11]
                0.00    0.01    2812/2999        ArrangementList<WordOccurence>::findByKey(char*) [10]
                0.00    0.00     187/561         ArrangementList<WordOccurence>::create(char*, WordOccurence) [27]
                0.00    0.00    2999/2999        normalizeWord(std::__cxx11::basic_string<char, std::char_traits<char>, std::allocator<char> >) [29]
                0.00    0.00    5998/1495802     void std::__cxx11::basic_string<char, std::char_traits<char>, std::allocator<char> >::_M_construct<char*>(char*, char*, std::forward_iterator_tag) [4]
                0.00    0.00    2999/680658      WordOccurence::WordOccurence(WordOccurence const&) [6]
                0.00    0.00    3186/681722      WordOccurence::~WordOccurence() [49]
                0.00    0.00    2999/15075       castChar(std::__cxx11::basic_string<char, std::char_traits<char>, std::allocator<char> >) [62]
                0.00    0.00    2812/674716      Item<WordOccurence>::~Item() [50]
                0.00    0.00     187/31064       WordOccurence::WordOccurence() [53]
-----------------------------------------------
                0.00    0.01    2812/8810        ArrangementList<WordOccurence>::update(char*, WordOccurence) [8]
                0.00    0.01    2999/8810        ArrangementList<WordOccurence>::findByKey(char*) [10]
                0.00    0.01    2999/8810        ArrangementList<WordOccurence>::existsByKey(char*) [11]
[3]     74.4    0.00    0.02    8810         ArrangementList<WordOccurence>::findIndex(char*, MemoryLogType) [3]
                0.00    0.02  670279/673839      Item<WordOccurence>::Item(Item<WordOccurence> const&) [7]
                0.00    0.00  670279/763557      leMemLog(long, long, int) [12]
                0.00    0.00  670279/674716      Item<WordOccurence>::~Item() [50]
-----------------------------------------------
                0.00    0.00      26/1495802     ArrangementList<std::__cxx11::basic_string<char, std::char_traits<char>, std::allocator<char> > >::create(int, std::__cxx11::basic_string<char, std::char_traits<char>, std::allocator<char> >) [37]
                0.00    0.00      26/1495802     LexicographicAnalyser::readOrdering(std::__cxx11::basic_string<char, std::char_traits<char>, std::allocator<char> >) [36]
                0.00    0.00    2999/1495802     removeSpecialCharacters(std::__cxx11::basic_string<char, std::char_traits<char>, std::allocator<char> >) [35]
                0.00    0.00    3446/1495802     makeLexicographicalComparison(WordOccurence, WordOccurence, ArrangementList<std::__cxx11::basic_string<char, std::char_traits<char>, std::allocator<char> > >*) [19]
                0.00    0.00    5998/1495802     LexicographicAnalyser::readWord(std::__cxx11::basic_string<char, std::char_traits<char>, std::allocator<char> >) [2]
                0.00    0.00    5998/1495802     normalizeWord(std::__cxx11::basic_string<char, std::char_traits<char>, std::allocator<char> >) [29]
                0.00    0.00    6022/1495802     ArrangementList<std::__cxx11::basic_string<char, std::char_traits<char>, std::allocator<char> > >::castStringKey(int) [28]
                0.00    0.00    6022/1495802     void std::__cxx11::basic_string<char, std::char_traits<char>, std::allocator<char> >::_M_construct_aux<char*>(char*, char*, std::__false_type) [32]
                0.00    0.00    9079/1495802     main [1]
                0.00    0.00   94870/1495802     Item<std::__cxx11::basic_string<char, std::char_traits<char>, std::allocator<char> > >::Item(Item<std::__cxx11::basic_string<char, std::char_traits<char>, std::allocator<char> > > const&) [22]
                0.00    0.02 1361316/1495802     WordOccurence::WordOccurence(WordOccurence const&) [6]
[4]     66.7    0.00    0.02 1495802         void std::__cxx11::basic_string<char, std::char_traits<char>, std::allocator<char> >::_M_construct<char*>(char*, char*, std::forward_iterator_tag) [4]
                0.01    0.01 1495802/1495802     std::iterator_traits<char*>::difference_type std::distance<char*>(char*, char*) [5]
                0.00    0.00 1495802/1495802     bool __gnu_cxx::__is_null_pointer<char>(char*) [46]
-----------------------------------------------
                0.01    0.01 1495802/1495802     void std::__cxx11::basic_string<char, std::char_traits<char>, std::allocator<char> >::_M_construct<char*>(char*, char*, std::forward_iterator_tag) [4]
[5]     66.7    0.01    0.01 1495802         std::iterator_traits<char*>::difference_type std::distance<char*>(char*, char*) [5]
                0.01    0.00 1495802/1495802     std::iterator_traits<char*>::difference_type std::__distance<char*>(char*, char*, std::random_access_iterator_tag) [9]
                0.00    0.00 1495802/1495802     std::iterator_traits<char*>::iterator_category std::__iterator_category<char*>(char* const&) [47]
-----------------------------------------------
                0.00    0.00     374/680658      LexicographicAnalyser::getResult(int, int) [14]
                0.00    0.00    2999/680658      LexicographicAnalyser::readWord(std::__cxx11::basic_string<char, std::char_traits<char>, std::allocator<char> >) [2]
                0.00    0.00    3446/680658      ArrangementListSorting<WordOccurence>::quickSortPartition(int, int, int*, int*, Item<WordOccurence>*, bool (*)(WordOccurence, WordOccurence, ArrangementList<std::__cxx11::basic_string<char, std::char_traits<char>, std::allocator<char> > >*)) [15]
                0.00    0.02  673839/680658      Item<WordOccurence>::Item(Item<WordOccurence> const&) [7]
[6]     60.7    0.00    0.02  680658         WordOccurence::WordOccurence(WordOccurence const&) [6]
                0.00    0.02 1361316/1495802     void std::__cxx11::basic_string<char, std::char_traits<char>, std::allocator<char> >::_M_construct<char*>(char*, char*, std::forward_iterator_tag) [4]
-----------------------------------------------
                0.00    0.00     561/673839      ArrangementList<WordOccurence>::findByIndex(int) [39]
                0.00    0.00    2999/673839      ArrangementList<WordOccurence>::findByKey(char*) [10]
                0.00    0.02  670279/673839      ArrangementList<WordOccurence>::findIndex(char*, MemoryLogType) [3]
[7]     60.1    0.00    0.02  673839         Item<WordOccurence>::Item(Item<WordOccurence> const&) [7]
                0.00    0.02  673839/680658      WordOccurence::WordOccurence(WordOccurence const&) [6]
-----------------------------------------------
                0.00    0.01    2812/2812        LexicographicAnalyser::readWord(std::__cxx11::basic_string<char, std::char_traits<char>, std::allocator<char> >) [2]
[8]     34.9    0.00    0.01    2812         ArrangementList<WordOccurence>::update(char*, WordOccurence) [8]
                0.00    0.01    2812/8810        ArrangementList<WordOccurence>::findIndex(char*, MemoryLogType) [3]
                0.00    0.00    2812/4211        escreveMemLog(long, long, int) [13]
                0.00    0.00    2812/5310        WordOccurence::operator=(WordOccurence const&) [66]
-----------------------------------------------
                0.01    0.00 1495802/1495802     std::iterator_traits<char*>::difference_type std::distance<char*>(char*, char*) [5]
[9]     33.3    0.01    0.00 1495802         std::iterator_traits<char*>::difference_type std::__distance<char*>(char*, char*, std::random_access_iterator_tag) [9]
-----------------------------------------------
                0.00    0.00     187/2999        LexicographicAnalyser::getResult(int, int) [14]
                0.00    0.01    2812/2999        LexicographicAnalyser::readWord(std::__cxx11::basic_string<char, std::char_traits<char>, std::allocator<char> >) [2]
[10]    25.6    0.00    0.01    2999         ArrangementList<WordOccurence>::findByKey(char*) [10]
                0.00    0.01    2999/8810        ArrangementList<WordOccurence>::findIndex(char*, MemoryLogType) [3]
                0.00    0.00    2999/673839      Item<WordOccurence>::Item(Item<WordOccurence> const&) [7]
                0.00    0.00    2999/5998        ArrangementList<WordOccurence>::existsByIndex(int) [64]
-----------------------------------------------
                0.00    0.01    2999/2999        LexicographicAnalyser::readWord(std::__cxx11::basic_string<char, std::char_traits<char>, std::allocator<char> >) [2]
[11]    25.3    0.00    0.01    2999         ArrangementList<WordOccurence>::existsByKey(char*) [11]
                0.00    0.01    2999/8810        ArrangementList<WordOccurence>::findIndex(char*, MemoryLogType) [3]
                0.00    0.00    2999/5998        ArrangementList<WordOccurence>::existsByIndex(int) [64]
-----------------------------------------------
                0.00    0.00     561/763557      ArrangementList<WordOccurence>::findByIndex(int) [39]
                0.00    0.00     845/763557      ArrangementListSorting<WordOccurence>::quickSortPartition(int, int, int*, int*, Item<WordOccurence>*, bool (*)(WordOccurence, WordOccurence, ArrangementList<std::__cxx11::basic_string<char, std::char_traits<char>, std::allocator<char> > >*)) [15]
                0.00    0.00   91872/763557      ArrangementList<std::__cxx11::basic_string<char, std::char_traits<char>, std::allocator<char> > >::findIndex(char*, MemoryLogType) [21]
                0.00    0.00  670279/763557      ArrangementList<WordOccurence>::findIndex(char*, MemoryLogType) [3]
[12]    16.7    0.01    0.00  763557         leMemLog(long, long, int) [12]
                0.00    0.00  763557/767769      clkDifMemLog(timespec, timespec, timespec*) [48]
-----------------------------------------------
                0.00    0.00      26/4211        ArrangementList<std::__cxx11::basic_string<char, std::char_traits<char>, std::allocator<char> > >::create(char*, std::__cxx11::basic_string<char, std::char_traits<char>, std::allocator<char> >) [38]
                0.00    0.00     561/4211        ArrangementList<WordOccurence>::create(char*, WordOccurence) [27]
                0.00    0.00     812/4211        ArrangementListSorting<WordOccurence>::quickSortPartition(int, int, int*, int*, Item<WordOccurence>*, bool (*)(WordOccurence, WordOccurence, ArrangementList<std::__cxx11::basic_string<char, std::char_traits<char>, std::allocator<char> > >*)) [15]
                0.00    0.00    2812/4211        ArrangementList<WordOccurence>::update(char*, WordOccurence) [8]
[13]    16.7    0.01    0.00    4211         escreveMemLog(long, long, int) [13]
                0.00    0.00    4211/767769      clkDifMemLog(timespec, timespec, timespec*) [48]
-----------------------------------------------
                0.00    0.00       1/1           main [1]
[14]    13.6    0.00    0.00       1         LexicographicAnalyser::getResult(int, int) [14]
                0.00    0.00       1/1           ArrangementList<WordOccurence>::sort(bool (*)(WordOccurence, WordOccurence, ArrangementList<std::__cxx11::basic_string<char, std::char_traits<char>, std::allocator<char> > >*), ArrangementList<std::__cxx11::basic_string<char, std::char_traits<char>, std::allocator<char> > >*, int, int) [16]
                0.00    0.00     187/2999        ArrangementList<WordOccurence>::findByKey(char*) [10]
                0.00    0.00     374/561         ArrangementList<WordOccurence>::create(char*, WordOccurence) [27]
                0.00    0.00     374/561         ArrangementList<WordOccurence>::findByIndex(int) [39]
                0.00    0.00     374/680658      WordOccurence::WordOccurence(WordOccurence const&) [6]
                0.00    0.00     561/674716      Item<WordOccurence>::~Item() [50]
                0.00    0.00     376/565         ArrangementList<WordOccurence>::getSize() [73]
                0.00    0.00     374/681722      WordOccurence::~WordOccurence() [49]
                0.00    0.00       2/3           ArrangementList<WordOccurence>::ArrangementList() [75]
-----------------------------------------------
                0.00    0.00     158/158         ArrangementListSorting<WordOccurence>::quickSortOrder(int, int, Item<WordOccurence>*, bool (*)(WordOccurence, WordOccurence, ArrangementList<std::__cxx11::basic_string<char, std::char_traits<char>, std::allocator<char> > >*)) [17]
[15]    10.5    0.00    0.00     158         ArrangementListSorting<WordOccurence>::quickSortPartition(int, int, int*, int*, Item<WordOccurence>*, bool (*)(WordOccurence, WordOccurence, ArrangementList<std::__cxx11::basic_string<char, std::char_traits<char>, std::allocator<char> > >*)) [15]
                0.00    0.00    1723/1723        makeLexicographicalComparison(WordOccurence, WordOccurence, ArrangementList<std::__cxx11::basic_string<char, std::char_traits<char>, std::allocator<char> > >*) [19]
                0.00    0.00     812/4211        escreveMemLog(long, long, int) [13]
                0.00    0.00    3446/680658      WordOccurence::WordOccurence(WordOccurence const&) [6]
                0.00    0.00     845/763557      leMemLog(long, long, int) [12]
                0.00    0.00    3446/681722      WordOccurence::~WordOccurence() [49]
                0.00    0.00    1376/1937        Item<WordOccurence>::operator=(Item<WordOccurence> const&) [72]
                0.00    0.00     316/30877       Item<WordOccurence>::Item() [54]
                0.00    0.00     316/674716      Item<WordOccurence>::~Item() [50]
-----------------------------------------------
                0.00    0.00       1/1           LexicographicAnalyser::getResult(int, int) [14]
[16]    10.5    0.00    0.00       1         ArrangementList<WordOccurence>::sort(bool (*)(WordOccurence, WordOccurence, ArrangementList<std::__cxx11::basic_string<char, std::char_traits<char>, std::allocator<char> > >*), ArrangementList<std::__cxx11::basic_string<char, std::char_traits<char>, std::allocator<char> > >*, int, int) [16]
                0.00    0.00       1/1           ArrangementListSorting<WordOccurence>::quickSort(Item<WordOccurence>*, bool (*)(WordOccurence, WordOccurence, ArrangementList<std::__cxx11::basic_string<char, std::char_traits<char>, std::allocator<char> > >*)) [18]
                0.00    0.00       1/565         ArrangementList<WordOccurence>::getSize() [73]
                0.00    0.00       1/1           ArrangementListSorting<WordOccurence>::ArrangementListSorting(int, ArrangementList<std::__cxx11::basic_string<char, std::char_traits<char>, std::allocator<char> > >*, int, int) [96]
-----------------------------------------------
                                 157             ArrangementListSorting<WordOccurence>::quickSortOrder(int, int, Item<WordOccurence>*, bool (*)(WordOccurence, WordOccurence, ArrangementList<std::__cxx11::basic_string<char, std::char_traits<char>, std::allocator<char> > >*)) [17]
                0.00    0.00       1/1           ArrangementListSorting<WordOccurence>::quickSort(Item<WordOccurence>*, bool (*)(WordOccurence, WordOccurence, ArrangementList<std::__cxx11::basic_string<char, std::char_traits<char>, std::allocator<char> > >*)) [18]
[17]    10.5    0.00    0.00       1+157     ArrangementListSorting<WordOccurence>::quickSortOrder(int, int, Item<WordOccurence>*, bool (*)(WordOccurence, WordOccurence, ArrangementList<std::__cxx11::basic_string<char, std::char_traits<char>, std::allocator<char> > >*)) [17]
                0.00    0.00     158/158         ArrangementListSorting<WordOccurence>::quickSortPartition(int, int, int*, int*, Item<WordOccurence>*, bool (*)(WordOccurence, WordOccurence, ArrangementList<std::__cxx11::basic_string<char, std::char_traits<char>, std::allocator<char> > >*)) [15]
                                 157             ArrangementListSorting<WordOccurence>::quickSortOrder(int, int, Item<WordOccurence>*, bool (*)(WordOccurence, WordOccurence, ArrangementList<std::__cxx11::basic_string<char, std::char_traits<char>, std::allocator<char> > >*)) [17]
-----------------------------------------------
                0.00    0.00       1/1           ArrangementList<WordOccurence>::sort(bool (*)(WordOccurence, WordOccurence, ArrangementList<std::__cxx11::basic_string<char, std::char_traits<char>, std::allocator<char> > >*), ArrangementList<std::__cxx11::basic_string<char, std::char_traits<char>, std::allocator<char> > >*, int, int) [16]
[18]    10.5    0.00    0.00       1         ArrangementListSorting<WordOccurence>::quickSort(Item<WordOccurence>*, bool (*)(WordOccurence, WordOccurence, ArrangementList<std::__cxx11::basic_string<char, std::char_traits<char>, std::allocator<char> > >*)) [18]
                0.00    0.00       1/1           ArrangementListSorting<WordOccurence>::quickSortOrder(int, int, Item<WordOccurence>*, bool (*)(WordOccurence, WordOccurence, ArrangementList<std::__cxx11::basic_string<char, std::char_traits<char>, std::allocator<char> > >*)) [17]
-----------------------------------------------
                0.00    0.00    1723/1723        ArrangementListSorting<WordOccurence>::quickSortPartition(int, int, int*, int*, Item<WordOccurence>*, bool (*)(WordOccurence, WordOccurence, ArrangementList<std::__cxx11::basic_string<char, std::char_traits<char>, std::allocator<char> > >*)) [15]
[19]     6.9    0.00    0.00    1723         makeLexicographicalComparison(WordOccurence, WordOccurence, ArrangementList<std::__cxx11::basic_string<char, std::char_traits<char>, std::allocator<char> > >*) [19]
                0.00    0.00    2998/2998        getLexicographicalValue(char, ArrangementList<std::__cxx11::basic_string<char, std::char_traits<char>, std::allocator<char> > >*) [20]
                0.00    0.00    3446/1495802     void std::__cxx11::basic_string<char, std::char_traits<char>, std::allocator<char> >::_M_construct<char*>(char*, char*, std::forward_iterator_tag) [4]
                0.00    0.00    3020/20501       isSpecialCharacter(char) [58]
-----------------------------------------------
                0.00    0.00    2998/2998        makeLexicographicalComparison(WordOccurence, WordOccurence, ArrangementList<std::__cxx11::basic_string<char, std::char_traits<char>, std::allocator<char> > >*) [19]
[20]     6.8    0.00    0.00    2998         getLexicographicalValue(char, ArrangementList<std::__cxx11::basic_string<char, std::char_traits<char>, std::allocator<char> > >*) [20]
                0.00    0.00    2998/2998        ArrangementList<std::__cxx11::basic_string<char, std::char_traits<char>, std::allocator<char> > >::findByKey(int) [23]
                0.00    0.00    2998/2998        ArrangementList<std::__cxx11::basic_string<char, std::char_traits<char>, std::allocator<char> > >::existsByKey(int) [24]
                0.00    0.00    2998/20505       lowerCaseLetter(char) [55]
                0.00    0.00    2998/2998        ArrangementList<std::__cxx11::basic_string<char, std::char_traits<char>, std::allocator<char> > >::getSize() [71]
                0.00    0.00    2998/94896       Item<std::__cxx11::basic_string<char, std::char_traits<char>, std::allocator<char> > >::~Item() [51]
-----------------------------------------------
                0.00    0.00    2998/5996        ArrangementList<std::__cxx11::basic_string<char, std::char_traits<char>, std::allocator<char> > >::findByKey(char*) [25]
                0.00    0.00    2998/5996        ArrangementList<std::__cxx11::basic_string<char, std::char_traits<char>, std::allocator<char> > >::existsByKey(char*) [26]
[21]     6.1    0.00    0.00    5996         ArrangementList<std::__cxx11::basic_string<char, std::char_traits<char>, std::allocator<char> > >::findIndex(char*, MemoryLogType) [21]
                0.00    0.00   91872/94870       Item<std::__cxx11::basic_string<char, std::char_traits<char>, std::allocator<char> > >::Item(Item<std::__cxx11::basic_string<char, std::char_traits<char>, std::allocator<char> > > const&) [22]
                0.00    0.00   91872/763557      leMemLog(long, long, int) [12]
                0.00    0.00   91872/94896       Item<std::__cxx11::basic_string<char, std::char_traits<char>, std::allocator<char> > >::~Item() [51]
-----------------------------------------------
                0.00    0.00    2998/94870       ArrangementList<std::__cxx11::basic_string<char, std::char_traits<char>, std::allocator<char> > >::findByKey(char*) [25]
                0.00    0.00   91872/94870       ArrangementList<std::__cxx11::basic_string<char, std::char_traits<char>, std::allocator<char> > >::findIndex(char*, MemoryLogType) [21]
[22]     4.2    0.00    0.00   94870         Item<std::__cxx11::basic_string<char, std::char_traits<char>, std::allocator<char> > >::Item(Item<std::__cxx11::basic_string<char, std::char_traits<char>, std::allocator<char> > > const&) [22]
                0.00    0.00   94870/1495802     void std::__cxx11::basic_string<char, std::char_traits<char>, std::allocator<char> >::_M_construct<char*>(char*, char*, std::forward_iterator_tag) [4]
-----------------------------------------------
                0.00    0.00    2998/2998        getLexicographicalValue(char, ArrangementList<std::__cxx11::basic_string<char, std::char_traits<char>, std::allocator<char> > >*) [20]
[23]     3.5    0.00    0.00    2998         ArrangementList<std::__cxx11::basic_string<char, std::char_traits<char>, std::allocator<char> > >::findByKey(int) [23]
                0.00    0.00    2998/2998        ArrangementList<std::__cxx11::basic_string<char, std::char_traits<char>, std::allocator<char> > >::findByKey(char*) [25]
                0.00    0.00    2998/6022        ArrangementList<std::__cxx11::basic_string<char, std::char_traits<char>, std::allocator<char> > >::castStringKey(int) [28]
-----------------------------------------------
                0.00    0.00    2998/2998        getLexicographicalValue(char, ArrangementList<std::__cxx11::basic_string<char, std::char_traits<char>, std::allocator<char> > >*) [20]
[24]     3.3    0.00    0.00    2998         ArrangementList<std::__cxx11::basic_string<char, std::char_traits<char>, std::allocator<char> > >::existsByKey(int) [24]
                0.00    0.00    2998/2998        ArrangementList<std::__cxx11::basic_string<char, std::char_traits<char>, std::allocator<char> > >::existsByKey(char*) [26]
                0.00    0.00    2998/6022        ArrangementList<std::__cxx11::basic_string<char, std::char_traits<char>, std::allocator<char> > >::castStringKey(int) [28]
-----------------------------------------------
                0.00    0.00    2998/2998        ArrangementList<std::__cxx11::basic_string<char, std::char_traits<char>, std::allocator<char> > >::findByKey(int) [23]
[25]     3.2    0.00    0.00    2998         ArrangementList<std::__cxx11::basic_string<char, std::char_traits<char>, std::allocator<char> > >::findByKey(char*) [25]
                0.00    0.00    2998/5996        ArrangementList<std::__cxx11::basic_string<char, std::char_traits<char>, std::allocator<char> > >::findIndex(char*, MemoryLogType) [21]
                0.00    0.00    2998/94870       Item<std::__cxx11::basic_string<char, std::char_traits<char>, std::allocator<char> > >::Item(Item<std::__cxx11::basic_string<char, std::char_traits<char>, std::allocator<char> > > const&) [22]
                0.00    0.00    2998/5996        ArrangementList<std::__cxx11::basic_string<char, std::char_traits<char>, std::allocator<char> > >::existsByIndex(int) [65]
-----------------------------------------------
                0.00    0.00    2998/2998        ArrangementList<std::__cxx11::basic_string<char, std::char_traits<char>, std::allocator<char> > >::existsByKey(int) [24]
[26]     3.1    0.00    0.00    2998         ArrangementList<std::__cxx11::basic_string<char, std::char_traits<char>, std::allocator<char> > >::existsByKey(char*) [26]
                0.00    0.00    2998/5996        ArrangementList<std::__cxx11::basic_string<char, std::char_traits<char>, std::allocator<char> > >::findIndex(char*, MemoryLogType) [21]
                0.00    0.00    2998/5996        ArrangementList<std::__cxx11::basic_string<char, std::char_traits<char>, std::allocator<char> > >::existsByIndex(int) [65]
-----------------------------------------------
                0.00    0.00     187/561         LexicographicAnalyser::readWord(std::__cxx11::basic_string<char, std::char_traits<char>, std::allocator<char> >) [2]
                0.00    0.00     374/561         LexicographicAnalyser::getResult(int, int) [14]
[27]     2.2    0.00    0.00     561         ArrangementList<WordOccurence>::create(char*, WordOccurence) [27]
                0.00    0.00     561/4211        escreveMemLog(long, long, int) [13]
                0.00    0.00     561/30877       Item<WordOccurence>::Item() [54]
                0.00    0.00     561/5310        WordOccurence::operator=(WordOccurence const&) [66]
                0.00    0.00     561/1937        Item<WordOccurence>::operator=(Item<WordOccurence> const&) [72]
                0.00    0.00     561/674716      Item<WordOccurence>::~Item() [50]
-----------------------------------------------
                0.00    0.00      26/6022        ArrangementList<std::__cxx11::basic_string<char, std::char_traits<char>, std::allocator<char> > >::create(int, std::__cxx11::basic_string<char, std::char_traits<char>, std::allocator<char> >) [37]
                0.00    0.00    2998/6022        ArrangementList<std::__cxx11::basic_string<char, std::char_traits<char>, std::allocator<char> > >::findByKey(int) [23]
                0.00    0.00    2998/6022        ArrangementList<std::__cxx11::basic_string<char, std::char_traits<char>, std::allocator<char> > >::existsByKey(int) [24]
[28]     0.5    0.00    0.00    6022         ArrangementList<std::__cxx11::basic_string<char, std::char_traits<char>, std::allocator<char> > >::castStringKey(int) [28]
                0.00    0.00    6022/6022        std::__cxx11::to_string(int) [34]
                0.00    0.00    6022/1495802     void std::__cxx11::basic_string<char, std::char_traits<char>, std::allocator<char> >::_M_construct<char*>(char*, char*, std::forward_iterator_tag) [4]
                0.00    0.00    6022/15075       castChar(std::__cxx11::basic_string<char, std::char_traits<char>, std::allocator<char> >) [62]
-----------------------------------------------
                0.00    0.00    2999/2999        LexicographicAnalyser::readWord(std::__cxx11::basic_string<char, std::char_traits<char>, std::allocator<char> >) [2]
[29]     0.4    0.00    0.00    2999         normalizeWord(std::__cxx11::basic_string<char, std::char_traits<char>, std::allocator<char> >) [29]
                0.00    0.00    5998/1495802     void std::__cxx11::basic_string<char, std::char_traits<char>, std::allocator<char> >::_M_construct<char*>(char*, char*, std::forward_iterator_tag) [4]
                0.00    0.00    2999/2999        removeSpecialCharacters(std::__cxx11::basic_string<char, std::char_traits<char>, std::allocator<char> >) [35]
                0.00    0.00    2999/2999        lowerCaseWord(std::__cxx11::basic_string<char, std::char_traits<char>, std::allocator<char> >) [70]
-----------------------------------------------
                0.00    0.00    6022/6022        std::__cxx11::to_string(int) [34]
[30]     0.3    0.00    0.00    6022         std::__cxx11::basic_string<char, std::char_traits<char>, std::allocator<char> > __gnu_cxx::__to_xstring<std::__cxx11::basic_string<char, std::char_traits<char>, std::allocator<char> >, char>(int (*)(char*, unsigned long, char const*, __va_list_tag*), unsigned long, char const*, ...) [30]
                0.00    0.00    6022/6022        std::__cxx11::basic_string<char, std::char_traits<char>, std::allocator<char> >::basic_string<char*, void>(char*, char*, std::allocator<char> const&) [33]
-----------------------------------------------
                0.00    0.00    6022/6022        std::__cxx11::basic_string<char, std::char_traits<char>, std::allocator<char> >::basic_string<char*, void>(char*, char*, std::allocator<char> const&) [33]
[31]     0.3    0.00    0.00    6022         void std::__cxx11::basic_string<char, std::char_traits<char>, std::allocator<char> >::_M_construct<char*>(char*, char*) [31]
                0.00    0.00    6022/6022        void std::__cxx11::basic_string<char, std::char_traits<char>, std::allocator<char> >::_M_construct_aux<char*>(char*, char*, std::__false_type) [32]
-----------------------------------------------
                0.00    0.00    6022/6022        void std::__cxx11::basic_string<char, std::char_traits<char>, std::allocator<char> >::_M_construct<char*>(char*, char*) [31]
[32]     0.3    0.00    0.00    6022         void std::__cxx11::basic_string<char, std::char_traits<char>, std::allocator<char> >::_M_construct_aux<char*>(char*, char*, std::__false_type) [32]
                0.00    0.00    6022/1495802     void std::__cxx11::basic_string<char, std::char_traits<char>, std::allocator<char> >::_M_construct<char*>(char*, char*, std::forward_iterator_tag) [4]
-----------------------------------------------
                0.00    0.00    6022/6022        std::__cxx11::basic_string<char, std::char_traits<char>, std::allocator<char> > __gnu_cxx::__to_xstring<std::__cxx11::basic_string<char, std::char_traits<char>, std::allocator<char> >, char>(int (*)(char*, unsigned long, char const*, __va_list_tag*), unsigned long, char const*, ...) [30]
[33]     0.3    0.00    0.00    6022         std::__cxx11::basic_string<char, std::char_traits<char>, std::allocator<char> >::basic_string<char*, void>(char*, char*, std::allocator<char> const&) [33]
                0.00    0.00    6022/6022        void std::__cxx11::basic_string<char, std::char_traits<char>, std::allocator<char> >::_M_construct<char*>(char*, char*) [31]
-----------------------------------------------
                0.00    0.00    6022/6022        ArrangementList<std::__cxx11::basic_string<char, std::char_traits<char>, std::allocator<char> > >::castStringKey(int) [28]
[34]     0.3    0.00    0.00    6022         std::__cxx11::to_string(int) [34]
                0.00    0.00    6022/6022        std::__cxx11::basic_string<char, std::char_traits<char>, std::allocator<char> > __gnu_cxx::__to_xstring<std::__cxx11::basic_string<char, std::char_traits<char>, std::allocator<char> >, char>(int (*)(char*, unsigned long, char const*, __va_list_tag*), unsigned long, char const*, ...) [30]
-----------------------------------------------
                0.00    0.00    2999/2999        normalizeWord(std::__cxx11::basic_string<char, std::char_traits<char>, std::allocator<char> >) [29]
[35]     0.1    0.00    0.00    2999         removeSpecialCharacters(std::__cxx11::basic_string<char, std::char_traits<char>, std::allocator<char> >) [35]
                0.00    0.00    2999/1495802     void std::__cxx11::basic_string<char, std::char_traits<char>, std::allocator<char> >::_M_construct<char*>(char*, char*, std::forward_iterator_tag) [4]
                0.00    0.00   17481/20501       isSpecialCharacter(char) [58]
-----------------------------------------------
                0.00    0.00      26/26          main [1]
[36]     0.1    0.00    0.00      26         LexicographicAnalyser::readOrdering(std::__cxx11::basic_string<char, std::char_traits<char>, std::allocator<char> >) [36]
                0.00    0.00      26/26          ArrangementList<std::__cxx11::basic_string<char, std::char_traits<char>, std::allocator<char> > >::create(int, std::__cxx11::basic_string<char, std::char_traits<char>, std::allocator<char> >) [37]
                0.00    0.00      26/1495802     void std::__cxx11::basic_string<char, std::char_traits<char>, std::allocator<char> >::_M_construct<char*>(char*, char*, std::forward_iterator_tag) [4]
                0.00    0.00      26/20505       lowerCaseLetter(char) [55]
-----------------------------------------------
                0.00    0.00      26/26          LexicographicAnalyser::readOrdering(std::__cxx11::basic_string<char, std::char_traits<char>, std::allocator<char> >) [36]
[37]     0.1    0.00    0.00      26         ArrangementList<std::__cxx11::basic_string<char, std::char_traits<char>, std::allocator<char> > >::create(int, std::__cxx11::basic_string<char, std::char_traits<char>, std::allocator<char> >) [37]
                0.00    0.00      26/26          ArrangementList<std::__cxx11::basic_string<char, std::char_traits<char>, std::allocator<char> > >::create(char*, std::__cxx11::basic_string<char, std::char_traits<char>, std::allocator<char> >) [38]
                0.00    0.00      26/6022        ArrangementList<std::__cxx11::basic_string<char, std::char_traits<char>, std::allocator<char> > >::castStringKey(int) [28]
                0.00    0.00      26/1495802     void std::__cxx11::basic_string<char, std::char_traits<char>, std::allocator<char> >::_M_construct<char*>(char*, char*, std::forward_iterator_tag) [4]
-----------------------------------------------
                0.00    0.00      26/26          ArrangementList<std::__cxx11::basic_string<char, std::char_traits<char>, std::allocator<char> > >::create(int, std::__cxx11::basic_string<char, std::char_traits<char>, std::allocator<char> >) [37]
[38]     0.1    0.00    0.00      26         ArrangementList<std::__cxx11::basic_string<char, std::char_traits<char>, std::allocator<char> > >::create(char*, std::__cxx11::basic_string<char, std::char_traits<char>, std::allocator<char> >) [38]
                0.00    0.00      26/4211        escreveMemLog(long, long, int) [13]
                0.00    0.00      26/10026       Item<std::__cxx11::basic_string<char, std::char_traits<char>, std::allocator<char> > >::Item() [63]
                0.00    0.00      26/26          Item<std::__cxx11::basic_string<char, std::char_traits<char>, std::allocator<char> > >::operator=(Item<std::__cxx11::basic_string<char, std::char_traits<char>, std::allocator<char> > > const&) [74]
                0.00    0.00      26/94896       Item<std::__cxx11::basic_string<char, std::char_traits<char>, std::allocator<char> > >::~Item() [51]
-----------------------------------------------
                0.00    0.00     187/561         main [1]
                0.00    0.00     374/561         LexicographicAnalyser::getResult(int, int) [14]
[39]     0.1    0.00    0.00     561         ArrangementList<WordOccurence>::findByIndex(int) [39]
                0.00    0.00     561/673839      Item<WordOccurence>::Item(Item<WordOccurence> const&) [7]
                0.00    0.00     561/763557      leMemLog(long, long, int) [12]
-----------------------------------------------
                0.00    0.00 1495802/1495802     void std::__cxx11::basic_string<char, std::char_traits<char>, std::allocator<char> >::_M_construct<char*>(char*, char*, std::forward_iterator_tag) [4]
[46]     0.0    0.00    0.00 1495802         bool __gnu_cxx::__is_null_pointer<char>(char*) [46]
-----------------------------------------------
                0.00    0.00 1495802/1495802     std::iterator_traits<char*>::difference_type std::distance<char*>(char*, char*) [5]
[47]     0.0    0.00    0.00 1495802         std::iterator_traits<char*>::iterator_category std::__iterator_category<char*>(char* const&) [47]
-----------------------------------------------
                0.00    0.00       1/767769      finalizaMemLog() [84]
                0.00    0.00    4211/767769      escreveMemLog(long, long, int) [13]
                0.00    0.00  763557/767769      leMemLog(long, long, int) [12]
[48]     0.0    0.00    0.00  767769         clkDifMemLog(timespec, timespec, timespec*) [48]
-----------------------------------------------
                0.00    0.00     374/681722      LexicographicAnalyser::getResult(int, int) [14]
                0.00    0.00    3186/681722      LexicographicAnalyser::readWord(std::__cxx11::basic_string<char, std::char_traits<char>, std::allocator<char> >) [2]
                0.00    0.00    3446/681722      ArrangementListSorting<WordOccurence>::quickSortPartition(int, int, int*, int*, Item<WordOccurence>*, bool (*)(WordOccurence, WordOccurence, ArrangementList<std::__cxx11::basic_string<char, std::char_traits<char>, std::allocator<char> > >*)) [15]
                0.00    0.00  674716/681722      Item<WordOccurence>::~Item() [50]
[49]     0.0    0.00    0.00  681722         WordOccurence::~WordOccurence() [49]
-----------------------------------------------
                0.00    0.00     187/674716      main [1]
                0.00    0.00     316/674716      ArrangementListSorting<WordOccurence>::quickSortPartition(int, int, int*, int*, Item<WordOccurence>*, bool (*)(WordOccurence, WordOccurence, ArrangementList<std::__cxx11::basic_string<char, std::char_traits<char>, std::allocator<char> > >*)) [15]
                0.00    0.00     561/674716      ArrangementList<WordOccurence>::create(char*, WordOccurence) [27]
                0.00    0.00     561/674716      LexicographicAnalyser::getResult(int, int) [14]
                0.00    0.00    2812/674716      LexicographicAnalyser::readWord(std::__cxx11::basic_string<char, std::char_traits<char>, std::allocator<char> >) [2]
                0.00    0.00  670279/674716      ArrangementList<WordOccurence>::findIndex(char*, MemoryLogType) [3]
[50]     0.0    0.00    0.00  674716         Item<WordOccurence>::~Item() [50]
                0.00    0.00  674716/681722      WordOccurence::~WordOccurence() [49]
-----------------------------------------------
                0.00    0.00      26/94896       ArrangementList<std::__cxx11::basic_string<char, std::char_traits<char>, std::allocator<char> > >::create(char*, std::__cxx11::basic_string<char, std::char_traits<char>, std::allocator<char> >) [38]
                0.00    0.00    2998/94896       getLexicographicalValue(char, ArrangementList<std::__cxx11::basic_string<char, std::char_traits<char>, std::allocator<char> > >*) [20]
                0.00    0.00   91872/94896       ArrangementList<std::__cxx11::basic_string<char, std::char_traits<char>, std::allocator<char> > >::findIndex(char*, MemoryLogType) [21]
[51]     0.0    0.00    0.00   94896         Item<std::__cxx11::basic_string<char, std::char_traits<char>, std::allocator<char> > >::~Item() [51]
-----------------------------------------------
                0.00    0.00   40960/40960       bool __gnu_cxx::operator!=<char*, std::__cxx11::basic_string<char, std::char_traits<char>, std::allocator<char> > >(__gnu_cxx::__normal_iterator<char*, std::__cxx11::basic_string<char, std::char_traits<char>, std::allocator<char> > > const&, __gnu_cxx::__normal_iterator<char*, std::__cxx11::basic_string<char, std::char_traits<char>, std::allocator<char> > > const&) [59]
[52]     0.0    0.00    0.00   40960         __gnu_cxx::__normal_iterator<char*, std::__cxx11::basic_string<char, std::char_traits<char>, std::allocator<char> > >::base() const [52]
-----------------------------------------------
                0.00    0.00     187/31064       LexicographicAnalyser::readWord(std::__cxx11::basic_string<char, std::char_traits<char>, std::allocator<char> >) [2]
                0.00    0.00   30877/31064       Item<WordOccurence>::Item() [54]
[53]     0.0    0.00    0.00   31064         WordOccurence::WordOccurence() [53]
-----------------------------------------------
                0.00    0.00     316/30877       ArrangementListSorting<WordOccurence>::quickSortPartition(int, int, int*, int*, Item<WordOccurence>*, bool (*)(WordOccurence, WordOccurence, ArrangementList<std::__cxx11::basic_string<char, std::char_traits<char>, std::allocator<char> > >*)) [15]
                0.00    0.00     561/30877       ArrangementList<WordOccurence>::create(char*, WordOccurence) [27]
                0.00    0.00   30000/30877       ArrangementList<WordOccurence>::ArrangementList() [75]
[54]     0.0    0.00    0.00   30877         Item<WordOccurence>::Item() [54]
                0.00    0.00   30877/31064       WordOccurence::WordOccurence() [53]
-----------------------------------------------
                0.00    0.00      26/20505       LexicographicAnalyser::readOrdering(std::__cxx11::basic_string<char, std::char_traits<char>, std::allocator<char> >) [36]
                0.00    0.00    2998/20505       getLexicographicalValue(char, ArrangementList<std::__cxx11::basic_string<char, std::char_traits<char>, std::allocator<char> > >*) [20]
                0.00    0.00   17481/20505       lowerCaseWord(std::__cxx11::basic_string<char, std::char_traits<char>, std::allocator<char> >) [70]
[55]     0.0    0.00    0.00   20505         lowerCaseLetter(char) [55]
                0.00    0.00   20505/20505       char std::tolower<char>(char, std::locale const&) [57]
-----------------------------------------------
                0.00    0.00   20505/20505       char std::tolower<char>(char, std::locale const&) [57]
[56]     0.0    0.00    0.00   20505         std::ctype<char>::tolower(char) const [56]
-----------------------------------------------
                0.00    0.00   20505/20505       lowerCaseLetter(char) [55]
[57]     0.0    0.00    0.00   20505         char std::tolower<char>(char, std::locale const&) [57]
                0.00    0.00   20505/20505       std::ctype<char>::tolower(char) const [56]
-----------------------------------------------
                0.00    0.00    3020/20501       makeLexicographicalComparison(WordOccurence, WordOccurence, ArrangementList<std::__cxx11::basic_string<char, std::char_traits<char>, std::allocator<char> > >*) [19]
                0.00    0.00   17481/20501       removeSpecialCharacters(std::__cxx11::basic_string<char, std::char_traits<char>, std::allocator<char> >) [35]
[58]     0.0    0.00    0.00   20501         isSpecialCharacter(char) [58]
-----------------------------------------------
                0.00    0.00   20480/20480       lowerCaseWord(std::__cxx11::basic_string<char, std::char_traits<char>, std::allocator<char> >) [70]
[59]     0.0    0.00    0.00   20480         bool __gnu_cxx::operator!=<char*, std::__cxx11::basic_string<char, std::char_traits<char>, std::allocator<char> > >(__gnu_cxx::__normal_iterator<char*, std::__cxx11::basic_string<char, std::char_traits<char>, std::allocator<char> > > const&, __gnu_cxx::__normal_iterator<char*, std::__cxx11::basic_string<char, std::char_traits<char>, std::allocator<char> > > const&) [59]
                0.00    0.00   40960/40960       __gnu_cxx::__normal_iterator<char*, std::__cxx11::basic_string<char, std::char_traits<char>, std::allocator<char> > >::base() const [52]
-----------------------------------------------
                0.00    0.00   17481/17481       lowerCaseWord(std::__cxx11::basic_string<char, std::char_traits<char>, std::allocator<char> >) [70]
[60]     0.0    0.00    0.00   17481         __gnu_cxx::__normal_iterator<char*, std::__cxx11::basic_string<char, std::char_traits<char>, std::allocator<char> > >::operator++() [60]
-----------------------------------------------
                0.00    0.00   17481/17481       lowerCaseWord(std::__cxx11::basic_string<char, std::char_traits<char>, std::allocator<char> >) [70]
[61]     0.0    0.00    0.00   17481         __gnu_cxx::__normal_iterator<char*, std::__cxx11::basic_string<char, std::char_traits<char>, std::allocator<char> > >::operator*() const [61]
-----------------------------------------------
                0.00    0.00       1/15075       main [1]
                0.00    0.00    2999/15075       LexicographicAnalyser::readWord(std::__cxx11::basic_string<char, std::char_traits<char>, std::allocator<char> >) [2]
                0.00    0.00    3026/15075       isOrderingConfig(std::__cxx11::basic_string<char, std::char_traits<char>, std::allocator<char> >) [69]
                0.00    0.00    3027/15075       isTextConfig(std::__cxx11::basic_string<char, std::char_traits<char>, std::allocator<char> >) [67]
                0.00    0.00    6022/15075       ArrangementList<std::__cxx11::basic_string<char, std::char_traits<char>, std::allocator<char> > >::castStringKey(int) [28]
[62]     0.0    0.00    0.00   15075         castChar(std::__cxx11::basic_string<char, std::char_traits<char>, std::allocator<char> >) [62]
-----------------------------------------------
                0.00    0.00      26/10026       ArrangementList<std::__cxx11::basic_string<char, std::char_traits<char>, std::allocator<char> > >::create(char*, std::__cxx11::basic_string<char, std::char_traits<char>, std::allocator<char> >) [38]
                0.00    0.00   10000/10026       ArrangementList<std::__cxx11::basic_string<char, std::char_traits<char>, std::allocator<char> > >::ArrangementList() [94]
[63]     0.0    0.00    0.00   10026         Item<std::__cxx11::basic_string<char, std::char_traits<char>, std::allocator<char> > >::Item() [63]
-----------------------------------------------
                0.00    0.00    2999/5998        ArrangementList<WordOccurence>::findByKey(char*) [10]
                0.00    0.00    2999/5998        ArrangementList<WordOccurence>::existsByKey(char*) [11]
[64]     0.0    0.00    0.00    5998         ArrangementList<WordOccurence>::existsByIndex(int) [64]
-----------------------------------------------
                0.00    0.00    2998/5996        ArrangementList<std::__cxx11::basic_string<char, std::char_traits<char>, std::allocator<char> > >::findByKey(char*) [25]
                0.00    0.00    2998/5996        ArrangementList<std::__cxx11::basic_string<char, std::char_traits<char>, std::allocator<char> > >::existsByKey(char*) [26]
[65]     0.0    0.00    0.00    5996         ArrangementList<std::__cxx11::basic_string<char, std::char_traits<char>, std::allocator<char> > >::existsByIndex(int) [65]
-----------------------------------------------
                0.00    0.00     561/5310        ArrangementList<WordOccurence>::create(char*, WordOccurence) [27]
                0.00    0.00    1937/5310        Item<WordOccurence>::operator=(Item<WordOccurence> const&) [72]
                0.00    0.00    2812/5310        ArrangementList<WordOccurence>::update(char*, WordOccurence) [8]
[66]     0.0    0.00    0.00    5310         WordOccurence::operator=(WordOccurence const&) [66]
-----------------------------------------------
                0.00    0.00    3027/3027        main [1]
[67]     0.0    0.00    0.00    3027         isTextConfig(std::__cxx11::basic_string<char, std::char_traits<char>, std::allocator<char> >) [67]
                0.00    0.00    3027/15075       castChar(std::__cxx11::basic_string<char, std::char_traits<char>, std::allocator<char> >) [62]
-----------------------------------------------
                0.00    0.00    3026/3026        main [1]
[68]     0.0    0.00    0.00    3026         defineFaseMemLog(int) [68]
-----------------------------------------------
                0.00    0.00    3026/3026        main [1]
[69]     0.0    0.00    0.00    3026         isOrderingConfig(std::__cxx11::basic_string<char, std::char_traits<char>, std::allocator<char> >) [69]
                0.00    0.00    3026/15075       castChar(std::__cxx11::basic_string<char, std::char_traits<char>, std::allocator<char> >) [62]
-----------------------------------------------
                0.00    0.00    2999/2999        normalizeWord(std::__cxx11::basic_string<char, std::char_traits<char>, std::allocator<char> >) [29]
[70]     0.0    0.00    0.00    2999         lowerCaseWord(std::__cxx11::basic_string<char, std::char_traits<char>, std::allocator<char> >) [70]
                0.00    0.00   20480/20480       bool __gnu_cxx::operator!=<char*, std::__cxx11::basic_string<char, std::char_traits<char>, std::allocator<char> > >(__gnu_cxx::__normal_iterator<char*, std::__cxx11::basic_string<char, std::char_traits<char>, std::allocator<char> > > const&, __gnu_cxx::__normal_iterator<char*, std::__cxx11::basic_string<char, std::char_traits<char>, std::allocator<char> > > const&) [59]
                0.00    0.00   17481/17481       __gnu_cxx::__normal_iterator<char*, std::__cxx11::basic_string<char, std::char_traits<char>, std::allocator<char> > >::operator*() const [61]
                0.00    0.00   17481/20505       lowerCaseLetter(char) [55]
                0.00    0.00   17481/17481       __gnu_cxx::__normal_iterator<char*, std::__cxx11::basic_string<char, std::char_traits<char>, std::allocator<char> > >::operator++() [60]
-----------------------------------------------
                0.00    0.00    2998/2998        getLexicographicalValue(char, ArrangementList<std::__cxx11::basic_string<char, std::char_traits<char>, std::allocator<char> > >*) [20]
[71]     0.0    0.00    0.00    2998         ArrangementList<std::__cxx11::basic_string<char, std::char_traits<char>, std::allocator<char> > >::getSize() [71]
-----------------------------------------------
                0.00    0.00     561/1937        ArrangementList<WordOccurence>::create(char*, WordOccurence) [27]
                0.00    0.00    1376/1937        ArrangementListSorting<WordOccurence>::quickSortPartition(int, int, int*, int*, Item<WordOccurence>*, bool (*)(WordOccurence, WordOccurence, ArrangementList<std::__cxx11::basic_string<char, std::char_traits<char>, std::allocator<char> > >*)) [15]
[72]     0.0    0.00    0.00    1937         Item<WordOccurence>::operator=(Item<WordOccurence> const&) [72]
                0.00    0.00    1937/5310        WordOccurence::operator=(WordOccurence const&) [66]
-----------------------------------------------
                0.00    0.00       1/565         ArrangementList<WordOccurence>::sort(bool (*)(WordOccurence, WordOccurence, ArrangementList<std::__cxx11::basic_string<char, std::char_traits<char>, std::allocator<char> > >*), ArrangementList<std::__cxx11::basic_string<char, std::char_traits<char>, std::allocator<char> > >*, int, int) [16]
                0.00    0.00     188/565         main [1]
                0.00    0.00     376/565         LexicographicAnalyser::getResult(int, int) [14]
[73]     0.0    0.00    0.00     565         ArrangementList<WordOccurence>::getSize() [73]
-----------------------------------------------
                0.00    0.00      26/26          ArrangementList<std::__cxx11::basic_string<char, std::char_traits<char>, std::allocator<char> > >::create(char*, std::__cxx11::basic_string<char, std::char_traits<char>, std::allocator<char> >) [38]
[74]     0.0    0.00    0.00      26         Item<std::__cxx11::basic_string<char, std::char_traits<char>, std::allocator<char> > >::operator=(Item<std::__cxx11::basic_string<char, std::char_traits<char>, std::allocator<char> > > const&) [74]
-----------------------------------------------
                0.00    0.00       1/3           LexicographicAnalyser::LexicographicAnalyser() [95]
                0.00    0.00       2/3           LexicographicAnalyser::getResult(int, int) [14]
[75]     0.0    0.00    0.00       3         ArrangementList<WordOccurence>::ArrangementList() [75]
                0.00    0.00   30000/30877       Item<WordOccurence>::Item() [54]
-----------------------------------------------
                0.00    0.00       1/1           __libc_csu_init [121]
[76]     0.0    0.00    0.00       1         _GLOBAL__sub_I__Z13normalizeWordNSt7__cxx1112basic_stringIcSt11char_traitsIcESaIcEEE [76]
                0.00    0.00       1/1           __static_initialization_and_destruction_0(int, int) [91]
-----------------------------------------------
                0.00    0.00       1/1           __libc_csu_init [121]
[77]     0.0    0.00    0.00       1         _GLOBAL__sub_I__Z16isOrderingConfigNSt7__cxx1112basic_stringIcSt11char_traitsIcESaIcEEE [77]
                0.00    0.00       1/1           __static_initialization_and_destruction_0(int, int) [86]
-----------------------------------------------
                0.00    0.00       1/1           __libc_csu_init [121]
[78]     0.0    0.00    0.00       1         _GLOBAL__sub_I__Z8castCharNSt7__cxx1112basic_stringIcSt11char_traitsIcESaIcEEE [78]
                0.00    0.00       1/1           __static_initialization_and_destruction_0(int, int) [92]
-----------------------------------------------
                0.00    0.00       1/1           __libc_csu_init [121]
[79]     0.0    0.00    0.00       1         _GLOBAL__sub_I__Z9parseArgsiPPc [79]
                0.00    0.00       1/1           __static_initialization_and_destruction_0(int, int) [85]
-----------------------------------------------
                0.00    0.00       1/1           __libc_csu_init [121]
[80]     0.0    0.00    0.00       1         _GLOBAL__sub_I__ZN21LexicographicAnalyserC2Ev [80]
                0.00    0.00       1/1           __static_initialization_and_destruction_0(int, int) [90]
-----------------------------------------------
                0.00    0.00       1/1           __libc_csu_init [121]
[81]     0.0    0.00    0.00       1         _GLOBAL__sub_I_main [81]
                0.00    0.00       1/1           __static_initialization_and_destruction_0(int, int) [87]
-----------------------------------------------
                0.00    0.00       1/1           main [1]
[82]     0.0    0.00    0.00       1         ativaMemLog() [82]
-----------------------------------------------
                0.00    0.00       1/1           main [1]
[83]     0.0    0.00    0.00       1         iniciaMemLog(char*) [83]
-----------------------------------------------
                0.00    0.00       1/1           main [1]
[84]     0.0    0.00    0.00       1         finalizaMemLog() [84]
                0.00    0.00       1/767769      clkDifMemLog(timespec, timespec, timespec*) [48]
-----------------------------------------------
                0.00    0.00       1/1           _GLOBAL__sub_I__Z9parseArgsiPPc [79]
[85]     0.0    0.00    0.00       1         __static_initialization_and_destruction_0(int, int) [85]
-----------------------------------------------
                0.00    0.00       1/1           _GLOBAL__sub_I__Z16isOrderingConfigNSt7__cxx1112basic_stringIcSt11char_traitsIcESaIcEEE [77]
[86]     0.0    0.00    0.00       1         __static_initialization_and_destruction_0(int, int) [86]
-----------------------------------------------
                0.00    0.00       1/1           _GLOBAL__sub_I_main [81]
[87]     0.0    0.00    0.00       1         __static_initialization_and_destruction_0(int, int) [87]
-----------------------------------------------
                                   1             __static_initialization_and_destruction_0(int, int) [88]
                0.00    0.00       1/1           __libc_csu_init [121]
[88]     0.0    0.00    0.00       1+1       __static_initialization_and_destruction_0(int, int) [88]
                                   1             __static_initialization_and_destruction_0(int, int) [88]
-----------------------------------------------
                                   1             __static_initialization_and_destruction_0(int, int) [89]
                0.00    0.00       1/1           __libc_csu_init [121]
[89]     0.0    0.00    0.00       1+1       __static_initialization_and_destruction_0(int, int) [89]
                                   1             __static_initialization_and_destruction_0(int, int) [89]
-----------------------------------------------
                0.00    0.00       1/1           _GLOBAL__sub_I__ZN21LexicographicAnalyserC2Ev [80]
[90]     0.0    0.00    0.00       1         __static_initialization_and_destruction_0(int, int) [90]
-----------------------------------------------
                0.00    0.00       1/1           _GLOBAL__sub_I__Z13normalizeWordNSt7__cxx1112basic_stringIcSt11char_traitsIcESaIcEEE [76]
[91]     0.0    0.00    0.00       1         __static_initialization_and_destruction_0(int, int) [91]
-----------------------------------------------
                0.00    0.00       1/1           _GLOBAL__sub_I__Z8castCharNSt7__cxx1112basic_stringIcSt11char_traitsIcESaIcEEE [78]
[92]     0.0    0.00    0.00       1         __static_initialization_and_destruction_0(int, int) [92]
-----------------------------------------------
                0.00    0.00       1/1           main [1]
[93]     0.0    0.00    0.00       1         parseArgs(int, char**) [93]
-----------------------------------------------
                0.00    0.00       1/1           LexicographicAnalyser::LexicographicAnalyser() [95]
[94]     0.0    0.00    0.00       1         ArrangementList<std::__cxx11::basic_string<char, std::char_traits<char>, std::allocator<char> > >::ArrangementList() [94]
                0.00    0.00   10000/10026       Item<std::__cxx11::basic_string<char, std::char_traits<char>, std::allocator<char> > >::Item() [63]
-----------------------------------------------
                0.00    0.00       1/1           main [1]
[95]     0.0    0.00    0.00       1         LexicographicAnalyser::LexicographicAnalyser() [95]
                0.00    0.00       1/3           ArrangementList<WordOccurence>::ArrangementList() [75]
                0.00    0.00       1/1           ArrangementList<std::__cxx11::basic_string<char, std::char_traits<char>, std::allocator<char> > >::ArrangementList() [94]
-----------------------------------------------
                0.00    0.00       1/1           ArrangementList<WordOccurence>::sort(bool (*)(WordOccurence, WordOccurence, ArrangementList<std::__cxx11::basic_string<char, std::char_traits<char>, std::allocator<char> > >*), ArrangementList<std::__cxx11::basic_string<char, std::char_traits<char>, std::allocator<char> > >*, int, int) [16]
[96]     0.0    0.00    0.00       1         ArrangementListSorting<WordOccurence>::ArrangementListSorting(int, ArrangementList<std::__cxx11::basic_string<char, std::char_traits<char>, std::allocator<char> > >*, int, int) [96]
-----------------------------------------------

 This table describes the call tree of the program, and was sorted by
 the total amount of time spent in each function and its children.

 Each entry in this table consists of several lines.  The line with the
 index number at the left hand margin lists the current function.
 The lines above it list the functions that called this function,
 and the lines below it list the functions this one called.
 This line lists:
     index	A unique number given to each element of the table.
		Index numbers are sorted numerically.
		The index number is printed next to every function name so
		it is easier to look up where the function is in the table.

     % time	This is the percentage of the `total' time that was spent
		in this function and its children.  Note that due to
		different viewpoints, functions excluded by options, etc,
		these numbers will NOT add up to 100%.

     self	This is the total amount of time spent in this function.

     children	This is the total amount of time propagated into this
		function by its children.

     called	This is the number of times the function was called.
		If the function called itself recursively, the number
		only includes non-recursive calls, and is followed by
		a `+' and the number of recursive calls.

     name	The name of the current function.  The index number is
		printed after it.  If the function is a member of a
		cycle, the cycle number is printed between the
		function's name and the index number.


 For the function's parents, the fields have the following meanings:

     self	This is the amount of time that was propagated directly
		from the function into this parent.

     children	This is the amount of time that was propagated from
		the function's children into this parent.

     called	This is the number of times this parent called the
		function `/' the total number of times the function
		was called.  Recursive calls to the function are not
		included in the number after the `/'.

     name	This is the name of the parent.  The parent's index
		number is printed after it.  If the parent is a
		member of a cycle, the cycle number is printed between
		the name and the index number.

 If the parents of the function cannot be determined, the word
 `<spontaneous>' is printed in the `name' field, and all the other
 fields are blank.

 For the function's children, the fields have the following meanings:

     self	This is the amount of time that was propagated directly
		from the child into the function.

     children	This is the amount of time that was propagated from the
		child's children to the function.

     called	This is the number of times the function called
		this child `/' the total number of times the child
		was called.  Recursive calls by the child are not
		listed in the number after the `/'.

     name	This is the name of the child.  The child's index
		number is printed after it.  If the child is a
		member of a cycle, the cycle number is printed
		between the name and the index number.

 If there are any cycles (circles) in the call graph, there is an
 entry for the cycle-as-a-whole.  This entry shows who called the
 cycle (as parents) and the members of the cycle (as children.)
 The `+' recursive calls entry shows the number of function calls that
 were internal to the cycle, and the calls entry for each member shows,
 for that member, how many times it was called from other members of
 the cycle.

Copyright (C) 2012-2018 Free Software Foundation, Inc.

Copying and distribution of this file, with or without modification,
are permitted in any medium without royalty provided the copyright
notice and this notice are preserved.

Index by function name

  [76] _GLOBAL__sub_I__Z13normalizeWordNSt7__cxx1112basic_stringIcSt11char_traitsIcESaIcEEE (lexicographic-util.cpp) [12] leMemLog(long, long, int) [95] LexicographicAnalyser::LexicographicAnalyser()
  [77] _GLOBAL__sub_I__Z16isOrderingConfigNSt7__cxx1112basic_stringIcSt11char_traitsIcESaIcEEE (app-validation.cpp) [93] parseArgs(int, char**) [17] ArrangementListSorting<WordOccurence>::quickSortOrder(int, int, Item<WordOccurence>*, bool (*)(WordOccurence, WordOccurence, ArrangementList<std::__cxx11::basic_string<char, std::char_traits<char>, std::allocator<char> > >*))
  [78] _GLOBAL__sub_I__Z8castCharNSt7__cxx1112basic_stringIcSt11char_traitsIcESaIcEEE (shared-util.cpp) [53] WordOccurence::WordOccurence() [15] ArrangementListSorting<WordOccurence>::quickSortPartition(int, int, int*, int*, Item<WordOccurence>*, bool (*)(WordOccurence, WordOccurence, ArrangementList<std::__cxx11::basic_string<char, std::char_traits<char>, std::allocator<char> > >*))
  [79] _GLOBAL__sub_I__Z9parseArgsiPPc (app-util.cpp) [6] WordOccurence::WordOccurence(WordOccurence const&) [18] ArrangementListSorting<WordOccurence>::quickSort(Item<WordOccurence>*, bool (*)(WordOccurence, WordOccurence, ArrangementList<std::__cxx11::basic_string<char, std::char_traits<char>, std::allocator<char> > >*))
  [80] _GLOBAL__sub_I__ZN21LexicographicAnalyserC2Ev (lexicographic-analyser.cpp) [49] WordOccurence::~WordOccurence() [96] ArrangementListSorting<WordOccurence>::ArrangementListSorting(int, ArrangementList<std::__cxx11::basic_string<char, std::char_traits<char>, std::allocator<char> > >*, int, int)
  [81] _GLOBAL__sub_I_main (app.cpp) [66] WordOccurence::operator=(WordOccurence const&) [7] Item<WordOccurence>::Item(Item<WordOccurence> const&)
  [82] ativaMemLog()          [11] ArrangementList<WordOccurence>::existsByKey(char*) [54] Item<WordOccurence>::Item()
  [48] clkDifMemLog(timespec, timespec, timespec*) [39] ArrangementList<WordOccurence>::findByIndex(int) [50] Item<WordOccurence>::~Item()
  [83] iniciaMemLog(char*)    [64] ArrangementList<WordOccurence>::existsByIndex(int) [72] Item<WordOccurence>::operator=(Item<WordOccurence> const&)
  [67] isTextConfig(std::__cxx11::basic_string<char, std::char_traits<char>, std::allocator<char> >) [16] ArrangementList<WordOccurence>::sort(bool (*)(WordOccurence, WordOccurence, ArrangementList<std::__cxx11::basic_string<char, std::char_traits<char>, std::allocator<char> > >*), ArrangementList<std::__cxx11::basic_string<char, std::char_traits<char>, std::allocator<char> > >*, int, int) [63] Item<std::__cxx11::basic_string<char, std::char_traits<char>, std::allocator<char> > >::Item()
  [13] escreveMemLog(long, long, int) [27] ArrangementList<WordOccurence>::create(char*, WordOccurence) [22] Item<std::__cxx11::basic_string<char, std::char_traits<char>, std::allocator<char> > >::Item(Item<std::__cxx11::basic_string<char, std::char_traits<char>, std::allocator<char> > > const&)
  [70] lowerCaseWord(std::__cxx11::basic_string<char, std::char_traits<char>, std::allocator<char> >) [8] ArrangementList<WordOccurence>::update(char*, WordOccurence) [51] Item<std::__cxx11::basic_string<char, std::char_traits<char>, std::allocator<char> > >::~Item()
  [29] normalizeWord(std::__cxx11::basic_string<char, std::char_traits<char>, std::allocator<char> >) [73] ArrangementList<WordOccurence>::getSize() [74] Item<std::__cxx11::basic_string<char, std::char_traits<char>, std::allocator<char> > >::operator=(Item<std::__cxx11::basic_string<char, std::char_traits<char>, std::allocator<char> > > const&)
  [84] finalizaMemLog()       [10] ArrangementList<WordOccurence>::findByKey(char*) [30] std::__cxx11::basic_string<char, std::char_traits<char>, std::allocator<char> > __gnu_cxx::__to_xstring<std::__cxx11::basic_string<char, std::char_traits<char>, std::allocator<char> >, char>(int (*)(char*, unsigned long, char const*, __va_list_tag*), unsigned long, char const*, ...)
  [55] lowerCaseLetter(char)   [3] ArrangementList<WordOccurence>::findIndex(char*, MemoryLogType) [46] bool __gnu_cxx::__is_null_pointer<char>(char*)
  [68] defineFaseMemLog(int)  [75] ArrangementList<WordOccurence>::ArrangementList() [60] __gnu_cxx::__normal_iterator<char*, std::__cxx11::basic_string<char, std::char_traits<char>, std::allocator<char> > >::operator++()
  [69] isOrderingConfig(std::__cxx11::basic_string<char, std::char_traits<char>, std::allocator<char> >) [26] ArrangementList<std::__cxx11::basic_string<char, std::char_traits<char>, std::allocator<char> > >::existsByKey(char*) [59] bool __gnu_cxx::operator!=<char*, std::__cxx11::basic_string<char, std::char_traits<char>, std::allocator<char> > >(__gnu_cxx::__normal_iterator<char*, std::__cxx11::basic_string<char, std::char_traits<char>, std::allocator<char> > > const&, __gnu_cxx::__normal_iterator<char*, std::__cxx11::basic_string<char, std::char_traits<char>, std::allocator<char> > > const&)
  [58] isSpecialCharacter(char) [24] ArrangementList<std::__cxx11::basic_string<char, std::char_traits<char>, std::allocator<char> > >::existsByKey(int) [52] __gnu_cxx::__normal_iterator<char*, std::__cxx11::basic_string<char, std::char_traits<char>, std::allocator<char> > >::base() const
  [20] getLexicographicalValue(char, ArrangementList<std::__cxx11::basic_string<char, std::char_traits<char>, std::allocator<char> > >*) [28] ArrangementList<std::__cxx11::basic_string<char, std::char_traits<char>, std::allocator<char> > >::castStringKey(int) [61] __gnu_cxx::__normal_iterator<char*, std::__cxx11::basic_string<char, std::char_traits<char>, std::allocator<char> > >::operator*() const
  [35] removeSpecialCharacters(std::__cxx11::basic_string<char, std::char_traits<char>, std::allocator<char> >) [65] ArrangementList<std::__cxx11::basic_string<char, std::char_traits<char>, std::allocator<char> > >::existsByIndex(int) [56] std::ctype<char>::tolower(char) const
  [19] makeLexicographicalComparison(WordOccurence, WordOccurence, ArrangementList<std::__cxx11::basic_string<char, std::char_traits<char>, std::allocator<char> > >*) [38] ArrangementList<std::__cxx11::basic_string<char, std::char_traits<char>, std::allocator<char> > >::create(char*, std::__cxx11::basic_string<char, std::char_traits<char>, std::allocator<char> >) [31] void std::__cxx11::basic_string<char, std::char_traits<char>, std::allocator<char> >::_M_construct<char*>(char*, char*)
  [85] __static_initialization_and_destruction_0(int, int) (app-util.cpp) [37] ArrangementList<std::__cxx11::basic_string<char, std::char_traits<char>, std::allocator<char> > >::create(int, std::__cxx11::basic_string<char, std::char_traits<char>, std::allocator<char> >) [4] void std::__cxx11::basic_string<char, std::char_traits<char>, std::allocator<char> >::_M_construct<char*>(char*, char*, std::forward_iterator_tag)
  [86] __static_initialization_and_destruction_0(int, int) (app-validation.cpp) [71] ArrangementList<std::__cxx11::basic_string<char, std::char_traits<char>, std::allocator<char> > >::getSize() [32] void std::__cxx11::basic_string<char, std::char_traits<char>, std::allocator<char> >::_M_construct_aux<char*>(char*, char*, std::__false_type)
  [87] __static_initialization_and_destruction_0(int, int) (app.cpp) [25] ArrangementList<std::__cxx11::basic_string<char, std::char_traits<char>, std::allocator<char> > >::findByKey(char*) [33] std::__cxx11::basic_string<char, std::char_traits<char>, std::allocator<char> >::basic_string<char*, void>(char*, char*, std::allocator<char> const&)
  [88] __static_initialization_and_destruction_0(int, int) (arrangement-list-sorting.cpp) [23] ArrangementList<std::__cxx11::basic_string<char, std::char_traits<char>, std::allocator<char> > >::findByKey(int) [34] std::__cxx11::to_string(int)
  [89] __static_initialization_and_destruction_0(int, int) (arrangement-list.cpp) [21] ArrangementList<std::__cxx11::basic_string<char, std::char_traits<char>, std::allocator<char> > >::findIndex(char*, MemoryLogType) [9] std::iterator_traits<char*>::difference_type std::__distance<char*>(char*, char*, std::random_access_iterator_tag)
  [90] __static_initialization_and_destruction_0(int, int) (lexicographic-analyser.cpp) [94] ArrangementList<std::__cxx11::basic_string<char, std::char_traits<char>, std::allocator<char> > >::ArrangementList() [47] std::iterator_traits<char*>::iterator_category std::__iterator_category<char*>(char* const&)
  [91] __static_initialization_and_destruction_0(int, int) (lexicographic-util.cpp) [36] LexicographicAnalyser::readOrdering(std::__cxx11::basic_string<char, std::char_traits<char>, std::allocator<char> >) [57] char std::tolower<char>(char, std::locale const&)
  [92] __static_initialization_and_destruction_0(int, int) (shared-util.cpp) [2] LexicographicAnalyser::readWord(std::__cxx11::basic_string<char, std::char_traits<char>, std::allocator<char> >) [5] std::iterator_traits<char*>::difference_type std::distance<char*>(char*, char*)
  [62] castChar(std::__cxx11::basic_string<char, std::char_traits<char>, std::allocator<char> >) [14] LexicographicAnalyser::getResult(int, int)
