I 1 31396.347021329
E 0 2 0 0.000086485 94499387263280 8
E 0 3 0 0.000093979 94499387263288 8
E 0 4 0 0.000097834 94499387263296 8
E 0 5 0 0.000100823 94499387263304 8
E 0 6 0 0.000104200 94499387263312 8
E 0 7 0 0.000107544 94499387263328 8
E 0 8 0 0.000110103 94499387263336 8
E 0 9 0 0.000112799 94499387263344 8
E 0 10 0 0.000115475 94499387263352 8
E 0 11 0 0.000119187 94499387263360 8
E 0 12 0 0.000122549 94499387263376 8
E 0 13 0 0.000125840 94499387263384 8
E 0 14 0 0.000129295 94499387263392 8
E 0 15 0 0.000132258 94499387263400 8
E 0 16 0 0.000135562 94499387263408 8
E 0 17 0 0.000138437 94499387263424 8
E 0 18 0 0.000141324 94499387263432 8
E 0 19 0 0.000144280 94499387263440 8
E 0 20 0 0.000146944 94499387263448 8
E 0 21 0 0.000150252 94499387263456 8
E 0 22 0 0.000153497 94499387263472 8
E 0 23 0 0.000156372 94499387263480 8
E 0 24 0 0.000158777 94499387263488 8
E 0 25 0 0.000161114 94499387263496 8
E 0 26 0 0.000167021 94499387263504 8
E 0 27 1 0.000193721 94499387268240 8
E 0 28 1 0.000197647 94499387268248 8
E 0 29 1 0.000200781 94499387268256 8
E 0 30 1 0.000203881 94499387268264 8
E 0 31 1 0.000207031 94499387268272 8
E 0 32 1 0.000210146 94499387268288 8
E 0 33 1 0.000213523 94499387268296 8
E 0 34 1 0.000216709 94499387268304 8
E 0 35 1 0.000219721 94499387268312 8
E 0 36 1 0.000222493 94499387268320 8
E 0 37 1 0.000225382 94499387268336 8
E 0 38 1 0.000227956 94499387268344 8
E 0 39 1 0.000230600 94499387268352 8
E 0 40 1 0.000233254 94499387268360 8
E 0 41 1 0.000236086 94499387268368 8
E 0 42 1 0.000238884 94499387268384 8
E 0 43 1 0.000241831 94499387268392 8
E 0 44 1 0.000245200 94499387268400 8
E 0 45 1 0.000248522 94499387268408 8
E 0 46 1 0.000251373 94499387268416 8
E 0 47 1 0.000254183 94499387268432 8
E 0 48 1 0.000257413 94499387268440 8
E 0 49 1 0.000261018 94499387268448 8
E 0 50 1 0.000264123 94499387268456 8
E 0 51 1 0.000270074 94499387268464 8
E 0 52 2 0.000275330 94499387268528 8
E 0 53 2 0.000278023 94499387268536 8
E 0 54 2 0.000280332 94499387268544 8
E 0 55 2 0.000282467 94499387268552 8
E 0 56 2 0.000284902 94499387268560 8
E 0 57 2 0.000287550 94499387268576 8
E 0 58 2 0.000289769 94499387268584 8
E 0 59 2 0.000291609 94499387268592 8
E 0 60 2 0.000293665 94499387268600 8
E 0 61 2 0.000295915 94499387268608 8
E 0 62 2 0.000298014 94499387268624 8
E 0 63 2 0.000300074 94499387268632 8
E 0 64 2 0.000302130 94499387268640 8
E 0 65 2 0.000304144 94499387268648 8
E 0 66 2 0.000306119 94499387268656 8
E 0 67 2 0.000308044 94499387268672 8
E 0 68 2 0.000310227 94499387268680 8
E 0 69 2 0.000312728 94499387268688 8
E 0 70 2 0.000314783 94499387268696 8
E 0 71 2 0.000316976 94499387268704 8
E 0 72 2 0.000319181 94499387268720 8
E 0 73 2 0.000321711 94499387268728 8
E 0 74 2 0.000323941 94499387268736 8
E 0 75 2 0.000325824 94499387268744 8
E 0 76 2 0.000327826 94499387268752 8
L 1 77 0 0.000330741 94499387263280 8
L 1 78 0 0.000334046 94499387263288 8
L 1 79 0 0.000336291 94499387263296 8
L 1 80 0 0.000338483 94499387263304 8
L 1 81 0 0.000340785 94499387263312 8
L 1 82 0 0.000342943 94499387263328 8
L 1 83 0 0.000345259 94499387263336 8
L 1 84 0 0.000347723 94499387263344 8
L 1 85 0 0.000350145 94499387263352 8
L 1 86 0 0.000352227 94499387263360 8
L 1 87 0 0.000354493 94499387263376 8
L 1 88 0 0.000356556 94499387263384 8
L 1 89 0 0.000358548 94499387263392 8
L 1 90 0 0.000360774 94499387263400 8
L 1 91 0 0.000362958 94499387263408 8
L 1 92 0 0.000365035 94499387263424 8
L 1 93 0 0.000367106 94499387263432 8
L 1 94 0 0.000369461 94499387263440 8
L 1 95 0 0.000371636 94499387263448 8
L 1 96 0 0.000373541 94499387263456 8
L 1 97 0 0.000375921 94499387263472 8
L 1 98 0 0.000378327 94499387263480 8
L 1 99 0 0.000380932 94499387263488 8
L 1 100 0 0.000383375 94499387263496 8
L 1 101 0 0.000385744 94499387263504 8
L 1 102 1 0.000388441 94499387268240 8
L 1 103 1 0.000390889 94499387268248 8
L 1 104 1 0.000392933 94499387268256 8
L 1 105 1 0.000394987 94499387268264 8
L 1 106 1 0.000396827 94499387268272 8
L 1 107 1 0.000399181 94499387268288 8
L 1 108 1 0.000401420 94499387268296 8
L 1 109 1 0.000403349 94499387268304 8
L 1 110 1 0.000448358 94499387268312 8
L 1 111 1 0.000450932 94499387268320 8
L 1 112 1 0.000453668 94499387268336 8
L 1 113 1 0.000456191 94499387268344 8
L 1 114 1 0.000458603 94499387268352 8
L 1 115 1 0.000460854 94499387268360 8
L 1 116 1 0.000463123 94499387268368 8
L 1 117 1 0.000465770 94499387268384 8
L 1 118 1 0.000468426 94499387268392 8
L 1 119 1 0.000470969 94499387268400 8
L 1 120 1 0.000473540 94499387268408 8
L 1 121 1 0.000475812 94499387268416 8
L 1 122 1 0.000478671 94499387268432 8
L 1 123 1 0.000480554 94499387268440 8
L 1 124 1 0.000482327 94499387268448 8
L 1 125 1 0.000484766 94499387268456 8
L 1 126 1 0.000487428 94499387268464 8
L 1 127 2 0.000490404 94499387268528 8
L 1 128 2 0.000493035 94499387268536 8
L 1 129 2 0.000495710 94499387268544 8
L 1 130 2 0.000498099 94499387268552 8
L 1 131 2 0.000500641 94499387268560 8
L 1 132 2 0.000503255 94499387268576 8
L 1 133 2 0.000505800 94499387268584 8
L 1 134 2 0.000508423 94499387268592 8
L 1 135 2 0.000510835 94499387268600 8
L 1 136 2 0.000513358 94499387268608 8
L 1 137 2 0.000515931 94499387268624 8
L 1 138 2 0.000518535 94499387268632 8
L 1 139 2 0.000521085 94499387268640 8
L 1 140 2 0.000523632 94499387268648 8
L 1 141 2 0.000526192 94499387268656 8
L 1 142 2 0.000528776 94499387268672 8
L 1 143 2 0.000531314 94499387268680 8
L 1 144 2 0.000533763 94499387268688 8
L 1 145 2 0.000536377 94499387268696 8
L 1 146 2 0.000538975 94499387268704 8
L 1 147 2 0.000541574 94499387268720 8
L 1 148 2 0.000544074 94499387268728 8
L 1 149 2 0.000546496 94499387268736 8
L 1 150 2 0.000549047 94499387268744 8
L 1 151 2 0.000551544 94499387268752 8
E 1 152 2 0.000556614 94499387268816 8
E 1 153 2 0.000559847 94499387268824 8
E 1 154 2 0.000562464 94499387268832 8
E 1 155 2 0.000565097 94499387268840 8
E 1 156 2 0.000567719 94499387268848 8
E 1 157 2 0.000570417 94499387268864 8
E 1 158 2 0.000573079 94499387268872 8
E 1 159 2 0.000575829 94499387268880 8
E 1 160 2 0.000578419 94499387268888 8
E 1 161 2 0.000581059 94499387268896 8
E 1 162 2 0.000583531 94499387268912 8
E 1 163 2 0.000586273 94499387268920 8
E 1 164 2 0.000588908 94499387268928 8
E 1 165 2 0.000591479 94499387268936 8
E 1 166 2 0.000594057 94499387268944 8
E 1 167 2 0.000596799 94499387268960 8
E 1 168 2 0.000599356 94499387268968 8
E 1 169 2 0.000601919 94499387268976 8
E 1 170 2 0.000604742 94499387268984 8
E 1 171 2 0.000607423 94499387268992 8
E 1 172 2 0.000610075 94499387269008 8
E 1 173 2 0.000612731 94499387269016 8
E 1 174 2 0.000615154 94499387269024 8
E 1 175 2 0.000617758 94499387269032 8
E 1 176 2 0.000620405 94499387269040 8
L 1 177 0 0.000623526 94499387263280 8
L 1 178 1 0.000626393 94499387268240 8
E 1 179 2 0.000629050 94499387268816 8
L 1 180 0 0.000631768 94499387263288 8
L 1 181 1 0.000634551 94499387268288 8
E 1 182 2 0.000637325 94499387268816 8
L 1 183 0 0.000639990 94499387263296 8
L 1 184 1 0.000642532 94499387268336 8
E 1 185 2 0.000645096 94499387268816 8
L 1 186 0 0.000647659 94499387263304 8
L 1 187 1 0.000650193 94499387268384 8
E 1 188 2 0.000652555 94499387268816 8
L 1 189 0 0.000655128 94499387263312 8
L 1 190 1 0.000657782 94499387268432 8
E 1 191 2 0.000660260 94499387268816 8
L 1 192 0 0.000663004 94499387263280 8
L 1 193 1 0.000665677 94499387268248 8
E 1 194 2 0.000668101 94499387268824 8
L 1 195 0 0.000670732 94499387263288 8
L 1 196 1 0.000673476 94499387268296 8
E 1 197 2 0.000675908 94499387268824 8
L 1 198 0 0.000678444 94499387263296 8
L 1 199 1 0.000681098 94499387268344 8
E 1 200 2 0.000683538 94499387268824 8
L 1 201 0 0.000686121 94499387263304 8
L 1 202 1 0.000688769 94499387268392 8
E 1 203 2 0.000691050 94499387268824 8
L 1 204 0 0.000693573 94499387263312 8
L 1 205 1 0.000696361 94499387268440 8
E 1 206 2 0.000698921 94499387268824 8
L 1 207 0 0.000701030 94499387263280 8
L 1 208 1 0.000703680 94499387268256 8
E 1 209 2 0.000706288 94499387268832 8
L 1 210 0 0.000708701 94499387263288 8
L 1 211 1 0.000711189 94499387268304 8
E 1 212 2 0.000713685 94499387268832 8
L 1 213 0 0.000716134 94499387263296 8
L 1 214 1 0.000718716 94499387268352 8
E 1 215 2 0.000742848 94499387268832 8
L 1 216 0 0.000745594 94499387263304 8
L 1 217 1 0.000748093 94499387268400 8
E 1 218 2 0.000750529 94499387268832 8
L 1 219 0 0.000753103 94499387263312 8
L 1 220 1 0.000755770 94499387268448 8
E 1 221 2 0.000758367 94499387268832 8
L 1 222 0 0.000761021 94499387263280 8
L 1 223 1 0.000763672 94499387268264 8
E 1 224 2 0.000766265 94499387268840 8
L 1 225 0 0.000768851 94499387263288 8
L 1 226 1 0.000771186 94499387268312 8
E 1 227 2 0.000773726 94499387268840 8
L 1 228 0 0.000776311 94499387263296 8
L 1 229 1 0.000778887 94499387268360 8
E 1 230 2 0.000781463 94499387268840 8
L 1 231 0 0.000784140 94499387263304 8
L 1 232 1 0.000786758 94499387268408 8
E 1 233 2 0.000789339 94499387268840 8
L 1 234 0 0.000791890 94499387263312 8
L 1 235 1 0.000794529 94499387268456 8
E 1 236 2 0.000797105 94499387268840 8
L 1 237 0 0.000799706 94499387263280 8
L 1 238 1 0.000802283 94499387268272 8
E 1 239 2 0.000804953 94499387268848 8
L 1 240 0 0.000807643 94499387263288 8
L 1 241 1 0.000810332 94499387268320 8
E 1 242 2 0.000812946 94499387268848 8
L 1 243 0 0.000815640 94499387263296 8
L 1 244 1 0.000818300 94499387268368 8
E 1 245 2 0.000820904 94499387268848 8
L 1 246 0 0.000823676 94499387263304 8
L 1 247 1 0.000826512 94499387268416 8
E 1 248 2 0.000829063 94499387268848 8
L 1 249 0 0.000831692 94499387263312 8
L 1 250 1 0.000834362 94499387268464 8
E 1 251 2 0.000836916 94499387268848 8
L 1 252 0 0.000839947 94499387263328 8
L 1 253 1 0.000842750 94499387268240 8
E 1 254 2 0.000845367 94499387268864 8
L 1 255 0 0.000848041 94499387263336 8
L 1 256 1 0.000850684 94499387268288 8
E 1 257 2 0.000853229 94499387268864 8
L 1 258 0 0.000855721 94499387263344 8
L 1 259 1 0.000858267 94499387268336 8
E 1 260 2 0.000860751 94499387268864 8
L 1 261 0 0.000863400 94499387263352 8
L 1 262 1 0.000866094 94499387268384 8
E 1 263 2 0.000868833 94499387268864 8
L 1 264 0 0.000871548 94499387263360 8
L 1 265 1 0.000874187 94499387268432 8
E 1 266 2 0.000876554 94499387268864 8
L 1 267 0 0.000879061 94499387263328 8
L 1 268 1 0.000881707 94499387268248 8
E 1 269 2 0.000884398 94499387268872 8
L 1 270 0 0.000886877 94499387263336 8
L 1 271 1 0.000889522 94499387268296 8
E 1 272 2 0.000892173 94499387268872 8
L 1 273 0 0.000894826 94499387263344 8
L 1 274 1 0.000897409 94499387268344 8
E 1 275 2 0.000900011 94499387268872 8
L 1 276 0 0.000902693 94499387263352 8
L 1 277 1 0.000905230 94499387268392 8
E 1 278 2 0.000907814 94499387268872 8
L 1 279 0 0.000910340 94499387263360 8
L 1 280 1 0.000912965 94499387268440 8
E 1 281 2 0.000915553 94499387268872 8
L 1 282 0 0.000918322 94499387263328 8
L 1 283 1 0.000920989 94499387268256 8
E 1 284 2 0.000923541 94499387268880 8
L 1 285 0 0.000926102 94499387263336 8
L 1 286 1 0.000928768 94499387268304 8
E 1 287 2 0.000931234 94499387268880 8
L 1 288 0 0.000933715 94499387263344 8
L 1 289 1 0.000936297 94499387268352 8
E 1 290 2 0.000938906 94499387268880 8
L 1 291 0 0.000941552 94499387263352 8
L 1 292 1 0.000944179 94499387268400 8
E 1 293 2 0.000946810 94499387268880 8
L 1 294 0 0.000949458 94499387263360 8
L 1 295 1 0.000952083 94499387268448 8
E 1 296 2 0.000954552 94499387268880 8
L 1 297 0 0.000957257 94499387263328 8
L 1 298 1 0.000959834 94499387268264 8
E 1 299 2 0.000962261 94499387268888 8
L 1 300 0 0.000964963 94499387263336 8
L 1 301 1 0.000967639 94499387268312 8
E 1 302 2 0.000970174 94499387268888 8
L 1 303 0 0.000972661 94499387263344 8
L 1 304 1 0.000975347 94499387268360 8
E 1 305 2 0.000977907 94499387268888 8
L 1 306 0 0.000980351 94499387263352 8
L 1 307 1 0.000982868 94499387268408 8
E 1 308 2 0.000985458 94499387268888 8
L 1 309 0 0.000988263 94499387263360 8
L 1 310 1 0.000990860 94499387268456 8
E 1 311 2 0.000993481 94499387268888 8
L 1 312 0 0.000996199 94499387263328 8
L 1 313 1 0.000998897 94499387268272 8
E 1 314 2 0.001001481 94499387268896 8
L 1 315 0 0.001004305 94499387263336 8
L 1 316 1 0.001007027 94499387268320 8
E 1 317 2 0.001009698 94499387268896 8
L 1 318 0 0.001012485 94499387263344 8
L 1 319 1 0.001015195 94499387268368 8
E 1 320 2 0.001033454 94499387268896 8
L 1 321 0 0.001036198 94499387263352 8
L 1 322 1 0.001038856 94499387268416 8
E 1 323 2 0.001041361 94499387268896 8
L 1 324 0 0.001043935 94499387263360 8
L 1 325 1 0.001046501 94499387268464 8
E 1 326 2 0.001049092 94499387268896 8
L 1 327 0 0.001051842 94499387263376 8
L 1 328 1 0.001054619 94499387268240 8
E 1 329 2 0.001057292 94499387268912 8
L 1 330 0 0.001059783 94499387263384 8
L 1 331 1 0.001062459 94499387268288 8
E 1 332 2 0.001064907 94499387268912 8
L 1 333 0 0.001067498 94499387263392 8
L 1 334 1 0.001070246 94499387268336 8
E 1 335 2 0.001072991 94499387268912 8
L 1 336 0 0.001075498 94499387263400 8
L 1 337 1 0.001078116 94499387268384 8
E 1 338 2 0.001080736 94499387268912 8
L 1 339 0 0.001083358 94499387263408 8
L 1 340 1 0.001086084 94499387268432 8
E 1 341 2 0.001088694 94499387268912 8
L 1 342 0 0.001091413 94499387263376 8
L 1 343 1 0.001094059 94499387268248 8
E 1 344 2 0.001096551 94499387268920 8
L 1 345 0 0.001099248 94499387263384 8
L 1 346 1 0.001101940 94499387268296 8
E 1 347 2 0.001104596 94499387268920 8
L 1 348 0 0.001107181 94499387263392 8
L 1 349 1 0.001109941 94499387268344 8
E 1 350 2 0.001112609 94499387268920 8
L 1 351 0 0.001115285 94499387263400 8
L 1 352 1 0.001117937 94499387268392 8
E 1 353 2 0.001120620 94499387268920 8
L 1 354 0 0.001123312 94499387263408 8
L 1 355 1 0.001126087 94499387268440 8
E 1 356 2 0.001128686 94499387268920 8
L 1 357 0 0.001131306 94499387263376 8
L 1 358 1 0.001133987 94499387268256 8
E 1 359 2 0.001136534 94499387268928 8
L 1 360 0 0.001139087 94499387263384 8
L 1 361 1 0.001141806 94499387268304 8
E 1 362 2 0.001144540 94499387268928 8
L 1 363 0 0.001147007 94499387263392 8
L 1 364 1 0.001149612 94499387268352 8
E 1 365 2 0.001152260 94499387268928 8
L 1 366 0 0.001154787 94499387263400 8
L 1 367 1 0.001157593 94499387268400 8
E 1 368 2 0.001160146 94499387268928 8
L 1 369 0 0.001162815 94499387263408 8
L 1 370 1 0.001165572 94499387268448 8
E 1 371 2 0.001168158 94499387268928 8
L 1 372 0 0.001170983 94499387263376 8
L 1 373 1 0.001173695 94499387268264 8
E 1 374 2 0.001176313 94499387268936 8
L 1 375 0 0.001178746 94499387263384 8
L 1 376 1 0.001181441 94499387268312 8
E 1 377 2 0.001183989 94499387268936 8
L 1 378 0 0.001186746 94499387263392 8
L 1 379 1 0.001189427 94499387268360 8
E 1 380 2 0.001192075 94499387268936 8
L 1 381 0 0.001194701 94499387263400 8
L 1 382 1 0.001197458 94499387268408 8
E 1 383 2 0.001200124 94499387268936 8
L 1 384 0 0.001202770 94499387263408 8
L 1 385 1 0.001205472 94499387268456 8
E 1 386 2 0.001208035 94499387268936 8
L 1 387 0 0.001210724 94499387263376 8
L 1 388 1 0.001213427 94499387268272 8
E 1 389 2 0.001216006 94499387268944 8
L 1 390 0 0.001218553 94499387263384 8
L 1 391 1 0.001221242 94499387268320 8
E 1 392 2 0.001223796 94499387268944 8
L 1 393 0 0.001226416 94499387263392 8
L 1 394 1 0.001229059 94499387268368 8
E 1 395 2 0.001231729 94499387268944 8
L 1 396 0 0.001234391 94499387263400 8
L 1 397 1 0.001237104 94499387268416 8
E 1 398 2 0.001239740 94499387268944 8
L 1 399 0 0.001242473 94499387263408 8
L 1 400 1 0.001245109 94499387268464 8
E 1 401 2 0.001247712 94499387268944 8
L 1 402 0 0.001250524 94499387263424 8
L 1 403 1 0.001253095 94499387268240 8
E 1 404 2 0.001255624 94499387268960 8
L 1 405 0 0.001257899 94499387263432 8
L 1 406 1 0.001260595 94499387268288 8
E 1 407 2 0.001263077 94499387268960 8
L 1 408 0 0.001265573 94499387263440 8
L 1 409 1 0.001268118 94499387268336 8
E 1 410 2 0.001270598 94499387268960 8
L 1 411 0 0.001273172 94499387263448 8
L 1 412 1 0.001275790 94499387268384 8
E 1 413 2 0.001278420 94499387268960 8
L 1 414 0 0.001281053 94499387263456 8
L 1 415 1 0.001283702 94499387268432 8
E 1 416 2 0.001286331 94499387268960 8
L 1 417 0 0.001289115 94499387263424 8
L 1 418 1 0.001291884 94499387268248 8
E 1 419 2 0.001294574 94499387268968 8
L 1 420 0 0.001297262 94499387263432 8
L 1 421 1 0.001300057 94499387268296 8
E 1 422 2 0.001302566 94499387268968 8
L 1 423 0 0.001305042 94499387263440 8
L 1 424 1 0.001307677 94499387268344 8
E 1 425 2 0.001324439 94499387268968 8
L 1 426 0 0.001327301 94499387263448 8
L 1 427 1 0.001330046 94499387268392 8
E 1 428 2 0.001332777 94499387268968 8
L 1 429 0 0.001335296 94499387263456 8
L 1 430 1 0.001337996 94499387268440 8
E 1 431 2 0.001340403 94499387268968 8
L 1 432 0 0.001343004 94499387263424 8
L 1 433 1 0.001345699 94499387268256 8
E 1 434 2 0.001348106 94499387268976 8
L 1 435 0 0.001350731 94499387263432 8
L 1 436 1 0.001353458 94499387268304 8
E 1 437 2 0.001356126 94499387268976 8
L 1 438 0 0.001358679 94499387263440 8
L 1 439 1 0.001361263 94499387268352 8
E 1 440 2 0.001363828 94499387268976 8
L 1 441 0 0.001366502 94499387263448 8
L 1 442 1 0.001369111 94499387268400 8
E 1 443 2 0.001371603 94499387268976 8
L 1 444 0 0.001374141 94499387263456 8
L 1 445 1 0.001376832 94499387268448 8
E 1 446 2 0.001379388 94499387268976 8
L 1 447 0 0.001382168 94499387263424 8
L 1 448 1 0.001384880 94499387268264 8
E 1 449 2 0.001387533 94499387268984 8
L 1 450 0 0.001390294 94499387263432 8
L 1 451 1 0.001393013 94499387268312 8
E 1 452 2 0.001395710 94499387268984 8
L 1 453 0 0.001398388 94499387263440 8
L 1 454 1 0.001401033 94499387268360 8
E 1 455 2 0.001403674 94499387268984 8
L 1 456 0 0.001406287 94499387263448 8
L 1 457 1 0.001409020 94499387268408 8
E 1 458 2 0.001411677 94499387268984 8
L 1 459 0 0.001414305 94499387263456 8
L 1 460 1 0.001417082 94499387268456 8
E 1 461 2 0.001419667 94499387268984 8
L 1 462 0 0.001422137 94499387263424 8
L 1 463 1 0.001424778 94499387268272 8
E 1 464 2 0.001427392 94499387268992 8
L 1 465 0 0.001429871 94499387263432 8
L 1 466 1 0.001432408 94499387268320 8
E 1 467 2 0.001434926 94499387268992 8
L 1 468 0 0.001437357 94499387263440 8
L 1 469 1 0.001439829 94499387268368 8
E 1 470 2 0.001442325 94499387268992 8
L 1 471 0 0.001444813 94499387263448 8
L 1 472 1 0.001447514 94499387268416 8
E 1 473 2 0.001450032 94499387268992 8
L 1 474 0 0.001452674 94499387263456 8
L 1 475 1 0.001455339 94499387268464 8
E 1 476 2 0.001457996 94499387268992 8
L 1 477 0 0.001460812 94499387263472 8
L 1 478 1 0.001463429 94499387268240 8
E 1 479 2 0.001466118 94499387269008 8
L 1 480 0 0.001468811 94499387263480 8
L 1 481 1 0.001471529 94499387268288 8
E 1 482 2 0.001474136 94499387269008 8
L 1 483 0 0.001476848 94499387263488 8
L 1 484 1 0.001479454 94499387268336 8
E 1 485 2 0.001481937 94499387269008 8
L 1 486 0 0.001484535 94499387263496 8
L 1 487 1 0.001487067 94499387268384 8
E 1 488 2 0.001489601 94499387269008 8
L 1 489 0 0.001492241 94499387263504 8
L 1 490 1 0.001494883 94499387268432 8
E 1 491 2 0.001497414 94499387269008 8
L 1 492 0 0.001500043 94499387263472 8
L 1 493 1 0.001502539 94499387268248 8
E 1 494 2 0.001505071 94499387269016 8
L 1 495 0 0.001507571 94499387263480 8
L 1 496 1 0.001510158 94499387268296 8
E 1 497 2 0.001512701 94499387269016 8
L 1 498 0 0.001515223 94499387263488 8
L 1 499 1 0.001517913 94499387268344 8
E 1 500 2 0.001520658 94499387269016 8
L 1 501 0 0.001523164 94499387263496 8
L 1 502 1 0.001525715 94499387268392 8
E 1 503 2 0.001528182 94499387269016 8
L 1 504 0 0.001530941 94499387263504 8
L 1 505 1 0.001533590 94499387268440 8
E 1 506 2 0.001536289 94499387269016 8
L 1 507 0 0.001539072 94499387263472 8
L 1 508 1 0.001541747 94499387268256 8
E 1 509 2 0.001544312 94499387269024 8
L 1 510 0 0.001546822 94499387263480 8
L 1 511 1 0.001549355 94499387268304 8
E 1 512 2 0.001552102 94499387269024 8
L 1 513 0 0.001554696 94499387263488 8
L 1 514 1 0.001557353 94499387268352 8
E 1 515 2 0.001559974 94499387269024 8
L 1 516 0 0.001562645 94499387263496 8
L 1 517 1 0.001565242 94499387268400 8
E 1 518 2 0.001567902 94499387269024 8
L 1 519 0 0.001570608 94499387263504 8
L 1 520 1 0.001573274 94499387268448 8
E 1 521 2 0.001575827 94499387269024 8
L 1 522 0 0.001578592 94499387263472 8
L 1 523 1 0.001581289 94499387268264 8
E 1 524 2 0.001583836 94499387269032 8
L 1 525 0 0.001586383 94499387263480 8
L 1 526 1 0.001589096 94499387268312 8
E 1 527 2 0.001591784 94499387269032 8
L 1 528 0 0.001594530 94499387263488 8
L 1 529 1 0.001597165 94499387268360 8
E 1 530 2 0.001614248 94499387269032 8
L 1 531 0 0.001616920 94499387263496 8
L 1 532 1 0.001619701 94499387268408 8
E 1 533 2 0.001622341 94499387269032 8
L 1 534 0 0.001625026 94499387263504 8
L 1 535 1 0.001627828 94499387268456 8
E 1 536 2 0.001630410 94499387269032 8
L 1 537 0 0.001633068 94499387263472 8
L 1 538 1 0.001635773 94499387268272 8
E 1 539 2 0.001638353 94499387269040 8
L 1 540 0 0.001640938 94499387263480 8
L 1 541 1 0.001643600 94499387268320 8
E 1 542 2 0.001646249 94499387269040 8
L 1 543 0 0.001648864 94499387263488 8
L 1 544 1 0.001651537 94499387268368 8
E 1 545 2 0.001654218 94499387269040 8
L 1 546 0 0.001656795 94499387263496 8
L 1 547 1 0.001659535 94499387268416 8
E 1 548 2 0.001662123 94499387269040 8
L 1 549 0 0.001664759 94499387263504 8
L 1 550 1 0.001667430 94499387268464 8
E 1 551 2 0.001670082 94499387269040 8
L 2 552 2 0.001673327 94499387268816 8
L 2 553 2 0.001675982 94499387268824 8
L 2 554 2 0.001678615 94499387268832 8
L 2 555 2 0.001681291 94499387268840 8
L 2 556 2 0.001683801 94499387268848 8
L 2 557 2 0.001686369 94499387268864 8
L 2 558 2 0.001689096 94499387268872 8
L 2 559 2 0.001691809 94499387268880 8
L 2 560 2 0.001694415 94499387268888 8
L 2 561 2 0.001696902 94499387268896 8
L 2 562 2 0.001699482 94499387268912 8
L 2 563 2 0.001702062 94499387268920 8
L 2 564 2 0.001704652 94499387268928 8
L 2 565 2 0.001707237 94499387268936 8
L 2 566 2 0.001709783 94499387268944 8
L 2 567 2 0.001712458 94499387268960 8
L 2 568 2 0.001715178 94499387268968 8
L 2 569 2 0.001717735 94499387268976 8
L 2 570 2 0.001720338 94499387268984 8
L 2 571 2 0.001722832 94499387268992 8
L 2 572 2 0.001725402 94499387269008 8
L 2 573 2 0.001728155 94499387269016 8
L 2 574 2 0.001730893 94499387269024 8
L 2 575 2 0.001733553 94499387269032 8
L 2 576 2 0.001736178 94499387269040 8
L 2 577 2 0.001789162 94499387268816 8
L 2 578 2 0.001795583 94499387268824 8
L 2 579 2 0.001817221 94499387268832 8
L 2 580 2 0.001822185 94499387268840 8
L 2 581 2 0.001826730 94499387268848 8
L 2 582 2 0.001842716 94499387268864 8
L 2 583 2 0.001847769 94499387268872 8
L 2 584 2 0.001852579 94499387268880 8
L 2 585 2 0.001857402 94499387268888 8
L 2 586 2 0.001862170 94499387268896 8
L 2 587 2 0.001875199 94499387268912 8
L 2 588 2 0.001880444 94499387268920 8
L 2 589 2 0.001885598 94499387268928 8
L 2 590 2 0.001890489 94499387268936 8
L 2 591 2 0.001895335 94499387268944 8
L 2 592 2 0.001907748 94499387268960 8
L 2 593 2 0.001912565 94499387268968 8
L 2 594 2 0.001917336 94499387268976 8
L 2 595 2 0.001921701 94499387268984 8
L 2 596 2 0.001926326 94499387268992 8
L 2 597 2 0.001939270 94499387269008 8
L 2 598 2 0.001943764 94499387269016 8
L 2 599 2 0.001947926 94499387269024 8
L 2 600 2 0.001951346 94499387269032 8
L 2 601 2 0.001954378 94499387269040 8
F 602 31396.349132986 0.002111657
