I 1 31396.334366172
E 0 2 0 0.000081052 94431365884208 8
E 0 3 0 0.000086907 94431365884216 8
E 0 4 0 0.000090493 94431365884224 8
E 0 5 0 0.000093330 94431365884232 8
E 0 6 0 0.000095809 94431365884240 8
E 0 7 0 0.000098508 94431365884256 8
E 0 8 0 0.000101085 94431365884264 8
E 0 9 0 0.000103862 94431365884272 8
E 0 10 0 0.000106854 94431365884280 8
E 0 11 0 0.000110744 94431365884288 8
E 0 12 0 0.000114333 94431365884304 8
E 0 13 0 0.000117782 94431365884312 8
E 0 14 0 0.000121212 94431365884320 8
E 0 15 0 0.000124582 94431365884328 8
E 0 16 0 0.000127886 94431365884336 8
E 0 17 0 0.000131013 94431365884352 8
E 0 18 0 0.000133891 94431365884360 8
E 0 19 0 0.000137053 94431365884368 8
E 0 20 0 0.000140023 94431365884376 8
E 0 21 0 0.000142992 94431365884384 8
E 0 22 0 0.000146094 94431365884400 8
E 0 23 0 0.000149021 94431365884408 8
E 0 24 0 0.000152332 94431365884416 8
E 0 25 0 0.000155711 94431365884424 8
E 0 26 0 0.000162805 94431365884432 8
E 0 27 1 0.000192426 94431365889168 8
E 0 28 1 0.000196642 94431365889176 8
E 0 29 1 0.000200232 94431365889184 8
E 0 30 1 0.000203674 94431365889192 8
E 0 31 1 0.000207117 94431365889200 8
E 0 32 1 0.000210545 94431365889216 8
E 0 33 1 0.000214105 94431365889224 8
E 0 34 1 0.000217708 94431365889232 8
E 0 35 1 0.000221221 94431365889240 8
E 0 36 1 0.000224726 94431365889248 8
E 0 37 1 0.000228387 94431365889264 8
E 0 38 1 0.000231957 94431365889272 8
E 0 39 1 0.000235564 94431365889280 8
E 0 40 1 0.000239170 94431365889288 8
E 0 41 1 0.000242790 94431365889296 8
E 0 42 1 0.000246535 94431365889312 8
E 0 43 1 0.000250034 94431365889320 8
E 0 44 1 0.000253420 94431365889328 8
E 0 45 1 0.000256975 94431365889336 8
E 0 46 1 0.000260454 94431365889344 8
E 0 47 1 0.000264031 94431365889360 8
E 0 48 1 0.000267758 94431365889368 8
E 0 49 1 0.000271476 94431365889376 8
E 0 50 1 0.000275079 94431365889384 8
E 0 51 1 0.000280643 94431365889392 8
E 0 52 2 0.000285534 94431365889456 8
E 0 53 2 0.000288530 94431365889464 8
E 0 54 2 0.000291108 94431365889472 8
E 0 55 2 0.000293518 94431365889480 8
E 0 56 2 0.000296187 94431365889488 8
E 0 57 2 0.000299006 94431365889504 8
E 0 58 2 0.000301698 94431365889512 8
E 0 59 2 0.000304121 94431365889520 8
E 0 60 2 0.000306781 94431365889528 8
E 0 61 2 0.000309471 94431365889536 8
E 0 62 2 0.000312156 94431365889552 8
E 0 63 2 0.000314796 94431365889560 8
E 0 64 2 0.000317469 94431365889568 8
E 0 65 2 0.000320055 94431365889576 8
E 0 66 2 0.000322604 94431365889584 8
E 0 67 2 0.000325243 94431365889600 8
E 0 68 2 0.000327854 94431365889608 8
E 0 69 2 0.000330410 94431365889616 8
E 0 70 2 0.000333032 94431365889624 8
E 0 71 2 0.000335589 94431365889632 8
E 0 72 2 0.000338240 94431365889648 8
E 0 73 2 0.000340766 94431365889656 8
E 0 74 2 0.000343460 94431365889664 8
E 0 75 2 0.000345816 94431365889672 8
E 0 76 2 0.000348288 94431365889680 8
L 1 77 0 0.000351615 94431365884208 8
L 1 78 0 0.000355090 94431365884216 8
L 1 79 0 0.000358154 94431365884224 8
L 1 80 0 0.000360934 94431365884232 8
L 1 81 0 0.000363619 94431365884240 8
L 1 82 0 0.000366052 94431365884256 8
L 1 83 0 0.000368249 94431365884264 8
L 1 84 0 0.000370427 94431365884272 8
L 1 85 0 0.000372567 94431365884280 8
L 1 86 0 0.000374802 94431365884288 8
L 1 87 0 0.000377199 94431365884304 8
L 1 88 0 0.000379662 94431365884312 8
L 1 89 0 0.000382018 94431365884320 8
L 1 90 0 0.000384401 94431365884328 8
L 1 91 0 0.000386496 94431365884336 8
L 1 92 0 0.000388552 94431365884352 8
L 1 93 0 0.000390682 94431365884360 8
L 1 94 0 0.000392864 94431365884368 8
L 1 95 0 0.000395085 94431365884376 8
L 1 96 0 0.000397798 94431365884384 8
L 1 97 0 0.000400151 94431365884400 8
L 1 98 0 0.000402568 94431365884408 8
L 1 99 0 0.000405014 94431365884416 8
L 1 100 0 0.000407154 94431365884424 8
L 1 101 0 0.000409241 94431365884432 8
L 1 102 1 0.000411908 94431365889168 8
L 1 103 1 0.000414193 94431365889176 8
L 1 104 1 0.000416340 94431365889184 8
L 1 105 1 0.000418131 94431365889192 8
L 1 106 1 0.000419876 94431365889200 8
L 1 107 1 0.000421881 94431365889216 8
L 1 108 1 0.000423829 94431365889224 8
L 1 109 1 0.000425749 94431365889232 8
L 1 110 1 0.000479356 94431365889240 8
L 1 111 1 0.000481974 94431365889248 8
L 1 112 1 0.000484117 94431365889264 8
L 1 113 1 0.000486564 94431365889272 8
L 1 114 1 0.000488902 94431365889280 8
L 1 115 1 0.000491409 94431365889288 8
L 1 116 1 0.000493704 94431365889296 8
L 1 117 1 0.000496057 94431365889312 8
L 1 118 1 0.000498409 94431365889320 8
L 1 119 1 0.000500826 94431365889328 8
L 1 120 1 0.000503210 94431365889336 8
L 1 121 1 0.000505299 94431365889344 8
L 1 122 1 0.000507419 94431365889360 8
L 1 123 1 0.000509464 94431365889368 8
L 1 124 1 0.000511782 94431365889376 8
L 1 125 1 0.000514039 94431365889384 8
L 1 126 1 0.000515981 94431365889392 8
L 1 127 2 0.000518725 94431365889456 8
L 1 128 2 0.000520877 94431365889464 8
L 1 129 2 0.000523045 94431365889472 8
L 1 130 2 0.000525122 94431365889480 8
L 1 131 2 0.000527212 94431365889488 8
L 1 132 2 0.000529456 94431365889504 8
L 1 133 2 0.000531832 94431365889512 8
L 1 134 2 0.000534276 94431365889520 8
L 1 135 2 0.000536462 94431365889528 8
L 1 136 2 0.000538842 94431365889536 8
L 1 137 2 0.000541123 94431365889552 8
L 1 138 2 0.000543568 94431365889560 8
L 1 139 2 0.000546044 94431365889568 8
L 1 140 2 0.000548248 94431365889576 8
L 1 141 2 0.000550647 94431365889584 8
L 1 142 2 0.000552873 94431365889600 8
L 1 143 2 0.000555296 94431365889608 8
L 1 144 2 0.000557842 94431365889616 8
L 1 145 2 0.000560248 94431365889624 8
L 1 146 2 0.000562641 94431365889632 8
L 1 147 2 0.000565123 94431365889648 8
L 1 148 2 0.000567524 94431365889656 8
L 1 149 2 0.000569955 94431365889664 8
L 1 150 2 0.000572516 94431365889672 8
L 1 151 2 0.000574910 94431365889680 8
E 1 152 2 0.000579674 94431365889744 8
E 1 153 2 0.000582737 94431365889752 8
E 1 154 2 0.000585205 94431365889760 8
E 1 155 2 0.000587564 94431365889768 8
E 1 156 2 0.000589638 94431365889776 8
E 1 157 2 0.000591850 94431365889792 8
E 1 158 2 0.000594149 94431365889800 8
E 1 159 2 0.000596343 94431365889808 8
E 1 160 2 0.000598489 94431365889816 8
E 1 161 2 0.000600679 94431365889824 8
E 1 162 2 0.000602777 94431365889840 8
E 1 163 2 0.000605045 94431365889848 8
E 1 164 2 0.000606923 94431365889856 8
E 1 165 2 0.000608843 94431365889864 8
E 1 166 2 0.000610809 94431365889872 8
E 1 167 2 0.000612929 94431365889888 8
E 1 168 2 0.000614696 94431365889896 8
E 1 169 2 0.000616842 94431365889904 8
E 1 170 2 0.000618830 94431365889912 8
E 1 171 2 0.000621069 94431365889920 8
E 1 172 2 0.000623509 94431365889936 8
E 1 173 2 0.000625597 94431365889944 8
E 1 174 2 0.000627611 94431365889952 8
E 1 175 2 0.000630051 94431365889960 8
E 1 176 2 0.000632512 94431365889968 8
L 1 177 0 0.000634948 94431365884208 8
L 1 178 1 0.000637643 94431365889168 8
E 1 179 2 0.000640161 94431365889744 8
L 1 180 0 0.000642440 94431365884216 8
L 1 181 1 0.000644800 94431365889176 8
E 1 182 2 0.000647105 94431365889752 8
L 1 183 0 0.000649542 94431365884224 8
L 1 184 1 0.000651751 94431365889184 8
E 1 185 2 0.000653892 94431365889760 8
L 1 186 0 0.000655930 94431365884232 8
L 1 187 1 0.000657980 94431365889192 8
E 1 188 2 0.000660119 94431365889768 8
L 1 189 0 0.000662119 94431365884240 8
L 1 190 1 0.000664278 94431365889200 8
E 1 191 2 0.000666571 94431365889776 8
L 1 192 0 0.000669071 94431365884256 8
L 1 193 1 0.000671581 94431365889216 8
E 1 194 2 0.000673888 94431365889792 8
L 1 195 0 0.000676358 94431365884264 8
L 1 196 1 0.000678817 94431365889224 8
E 1 197 2 0.000681232 94431365889800 8
L 1 198 0 0.000683721 94431365884272 8
L 1 199 1 0.000686293 94431365889232 8
E 1 200 2 0.000688741 94431365889808 8
L 1 201 0 0.000691200 94431365884280 8
L 1 202 1 0.000693722 94431365889240 8
E 1 203 2 0.000696203 94431365889816 8
L 1 204 0 0.000698774 94431365884288 8
L 1 205 1 0.000701245 94431365889248 8
E 1 206 2 0.000703785 94431365889824 8
L 1 207 0 0.000706397 94431365884304 8
L 1 208 1 0.000709107 94431365889264 8
E 1 209 2 0.000711848 94431365889840 8
L 1 210 0 0.000714365 94431365884312 8
L 1 211 1 0.000716557 94431365889272 8
E 1 212 2 0.000718680 94431365889848 8
L 1 213 0 0.000720680 94431365884320 8
L 1 214 1 0.000722822 94431365889280 8
E 1 215 2 0.000758571 94431365889856 8
L 1 216 0 0.000761246 94431365884328 8
L 1 217 1 0.000763900 94431365889288 8
E 1 218 2 0.000766374 94431365889864 8
L 1 219 0 0.000768739 94431365884336 8
L 1 220 1 0.000771391 94431365889296 8
E 1 221 2 0.000773733 94431365889872 8
L 1 222 0 0.000776321 94431365884352 8
L 1 223 1 0.000778799 94431365889312 8
E 1 224 2 0.000781251 94431365889888 8
L 1 225 0 0.000783699 94431365884360 8
L 1 226 1 0.000786300 94431365889320 8
E 1 227 2 0.000788823 94431365889896 8
L 1 228 0 0.000791259 94431365884368 8
L 1 229 1 0.000793916 94431365889328 8
E 1 230 2 0.000796516 94431365889904 8
L 1 231 0 0.000798857 94431365884376 8
L 1 232 1 0.000800922 94431365889336 8
E 1 233 2 0.000803168 94431365889912 8
L 1 234 0 0.000805482 94431365884384 8
L 1 235 1 0.000807652 94431365889344 8
E 1 236 2 0.000809801 94431365889920 8
L 1 237 0 0.000812216 94431365884400 8
L 1 238 1 0.000814698 94431365889360 8
E 1 239 2 0.000816878 94431365889936 8
L 1 240 0 0.000819194 94431365884408 8
L 1 241 1 0.000821390 94431365889368 8
E 1 242 2 0.000823541 94431365889944 8
L 1 243 0 0.000825929 94431365884416 8
L 1 244 1 0.000828444 94431365889376 8
E 1 245 2 0.000830817 94431365889952 8
L 1 246 0 0.000832913 94431365884424 8
L 1 247 1 0.000834984 94431365889384 8
E 1 248 2 0.000837192 94431365889960 8
L 1 249 0 0.000839631 94431365884432 8
L 1 250 1 0.000841897 94431365889392 8
E 1 251 2 0.000844252 94431365889968 8
L 2 252 2 0.000847489 94431365889744 8
L 2 253 2 0.000849896 94431365889752 8
L 2 254 2 0.000852455 94431365889760 8
L 2 255 2 0.000854675 94431365889768 8
L 2 256 2 0.000857069 94431365889776 8
L 2 257 2 0.000859600 94431365889792 8
L 2 258 2 0.000862067 94431365889800 8
L 2 259 2 0.000864369 94431365889808 8
L 2 260 2 0.000866739 94431365889816 8
L 2 261 2 0.000869194 94431365889824 8
L 2 262 2 0.000871359 94431365889840 8
L 2 263 2 0.000873928 94431365889848 8
L 2 264 2 0.000876428 94431365889856 8
L 2 265 2 0.000878758 94431365889864 8
L 2 266 2 0.000881156 94431365889872 8
L 2 267 2 0.000883382 94431365889888 8
L 2 268 2 0.000885616 94431365889896 8
L 2 269 2 0.000887424 94431365889904 8
L 2 270 2 0.000889682 94431365889912 8
L 2 271 2 0.000892063 94431365889920 8
L 2 272 2 0.000894605 94431365889936 8
L 2 273 2 0.000896869 94431365889944 8
L 2 274 2 0.000899344 94431365889952 8
L 2 275 2 0.000901836 94431365889960 8
L 2 276 2 0.000904389 94431365889968 8
L 2 277 2 0.000957008 94431365889744 8
L 2 278 2 0.000962472 94431365889752 8
L 2 279 2 0.000968288 94431365889760 8
L 2 280 2 0.000971727 94431365889768 8
L 2 281 2 0.000974582 94431365889776 8
L 2 282 2 0.000989595 94431365889792 8
L 2 283 2 0.000993638 94431365889800 8
L 2 284 2 0.000997595 94431365889808 8
L 2 285 2 0.001000888 94431365889816 8
L 2 286 2 0.001004665 94431365889824 8
L 2 287 2 0.001021621 94431365889840 8
L 2 288 2 0.001026366 94431365889848 8
L 2 289 2 0.001030519 94431365889856 8
L 2 290 2 0.001033564 94431365889864 8
L 2 291 2 0.001037510 94431365889872 8
L 2 292 2 0.001048947 94431365889888 8
L 2 293 2 0.001052931 94431365889896 8
L 2 294 2 0.001056985 94431365889904 8
L 2 295 2 0.001060048 94431365889912 8
L 2 296 2 0.001063325 94431365889920 8
L 2 297 2 0.001074737 94431365889936 8
L 2 298 2 0.001078640 94431365889944 8
L 2 299 2 0.001082992 94431365889952 8
L 2 300 2 0.001086344 94431365889960 8
L 2 301 2 0.001089667 94431365889968 8
F 302 31396.335600174 0.001234002
