I 1 31396.358669185
E 0 2 0 0.000044363 93990308579632 8
E 0 3 0 0.000048033 93990308579640 8
E 0 4 0 0.000049767 93990308579648 8
E 0 5 0 0.000051192 93990308579656 8
E 0 6 0 0.000052392 93990308579664 8
E 0 7 0 0.000053767 93990308579680 8
E 0 8 0 0.000055002 93990308579688 8
E 0 9 0 0.000056245 93990308579696 8
E 0 10 0 0.000057459 93990308579704 8
E 0 11 0 0.000059224 93990308579712 8
E 0 12 0 0.000060590 93990308579728 8
E 0 13 0 0.000061882 93990308579736 8
E 0 14 0 0.000063104 93990308579744 8
E 0 15 0 0.000064315 93990308579752 8
E 0 16 0 0.000065542 93990308579760 8
E 0 17 0 0.000066755 93990308579776 8
E 0 18 0 0.000067959 93990308579784 8
E 0 19 0 0.000069144 93990308579792 8
E 0 20 0 0.000070364 93990308579800 8
E 0 21 0 0.000071558 93990308579808 8
E 0 22 0 0.000072796 93990308579824 8
E 0 23 0 0.000073984 93990308579832 8
E 0 24 0 0.000075187 93990308579840 8
E 0 25 0 0.000076391 93990308579848 8
E 0 26 0 0.000078965 93990308579856 8
L 1 27 0 0.000080512 93990308579632 8
L 1 28 0 0.000082070 93990308579640 8
L 1 29 0 0.000083327 93990308579648 8
L 1 30 0 0.000084266 93990308579656 8
L 1 31 0 0.000085235 93990308579664 8
L 1 32 0 0.000086239 93990308579680 8
L 1 33 0 0.000087297 93990308579688 8
L 1 34 0 0.000088271 93990308579696 8
L 1 35 0 0.000089234 93990308579704 8
L 1 36 0 0.000090149 93990308579712 8
L 1 37 0 0.000091162 93990308579728 8
L 1 38 0 0.000092117 93990308579736 8
L 1 39 0 0.000093057 93990308579744 8
L 1 40 0 0.000093974 93990308579752 8
L 1 41 0 0.000094978 93990308579760 8
L 1 42 0 0.000095989 93990308579776 8
L 1 43 0 0.000096936 93990308579784 8
L 1 44 0 0.000097876 93990308579792 8
L 1 45 0 0.000098781 93990308579800 8
L 1 46 0 0.000099728 93990308579808 8
L 1 47 0 0.000100648 93990308579824 8
L 1 48 0 0.000101771 93990308579832 8
L 1 49 0 0.000102694 93990308579840 8
L 1 50 0 0.000103674 93990308579848 8
L 1 51 0 0.000104663 93990308579856 8
E 1 52 0 0.000105919 93990308579640 8
E 1 53 0 0.000107153 93990308579680 8
E 1 54 0 0.000108366 93990308579648 8
E 1 55 0 0.000109334 93990308579728 8
E 1 56 0 0.000110268 93990308579656 8
E 1 57 0 0.000111168 93990308579776 8
E 1 58 0 0.000112134 93990308579664 8
E 1 59 0 0.000113020 93990308579824 8
E 1 60 0 0.000114001 93990308579696 8
E 1 61 0 0.000114951 93990308579736 8
E 1 62 0 0.000115956 93990308579704 8
E 1 63 0 0.000116844 93990308579784 8
E 1 64 0 0.000117766 93990308579712 8
E 1 65 0 0.000118706 93990308579832 8
E 1 66 0 0.000119668 93990308579752 8
E 1 67 0 0.000120605 93990308579792 8
E 1 68 0 0.000121579 93990308579760 8
E 1 69 0 0.000122491 93990308579840 8
E 1 70 0 0.000123508 93990308579808 8
E 1 71 0 0.000124438 93990308579848 8
L 2 72 0 0.000125610 93990308579632 8
L 2 73 0 0.000126661 93990308579640 8
L 2 74 0 0.000127577 93990308579648 8
L 2 75 0 0.000128543 93990308579656 8
L 2 76 0 0.000129463 93990308579664 8
L 2 77 0 0.000130441 93990308579680 8
L 2 78 0 0.000131431 93990308579688 8
L 2 79 0 0.000132361 93990308579696 8
L 2 80 0 0.000133271 93990308579704 8
L 2 81 0 0.000134251 93990308579712 8
L 2 82 0 0.000135196 93990308579728 8
L 2 83 0 0.000136111 93990308579736 8
L 2 84 0 0.000137005 93990308579744 8
L 2 85 0 0.000137918 93990308579752 8
L 2 86 0 0.000138830 93990308579760 8
L 2 87 0 0.000139812 93990308579776 8
L 2 88 0 0.000140752 93990308579784 8
L 2 89 0 0.000141675 93990308579792 8
L 2 90 0 0.000142585 93990308579800 8
L 2 91 0 0.000143478 93990308579808 8
L 2 92 0 0.000144441 93990308579824 8
L 2 93 0 0.000145355 93990308579832 8
L 2 94 0 0.000146267 93990308579840 8
L 2 95 0 0.000147196 93990308579848 8
L 2 96 0 0.000148161 93990308579856 8
L 2 97 0 0.000167772 93990308579632 8
L 2 98 0 0.000169965 93990308579640 8
L 2 99 0 0.000171443 93990308579648 8
L 2 100 0 0.000173335 93990308579656 8
L 2 101 0 0.000175931 93990308579664 8
L 2 102 0 0.000184445 93990308579680 8
L 2 103 0 0.000186666 93990308579688 8
L 2 104 0 0.000191461 93990308579696 8
L 2 105 0 0.000194005 93990308579704 8
L 2 106 0 0.000196475 93990308579712 8
L 2 107 0 0.000204547 93990308579728 8
L 2 108 0 0.000207171 93990308579736 8
L 2 109 0 0.000210169 93990308579744 8
L 2 110 0 0.000237786 93990308579752 8
L 2 111 0 0.000240256 93990308579760 8
L 2 112 0 0.000250685 93990308579776 8
L 2 113 0 0.000253432 93990308579784 8
L 2 114 0 0.000256016 93990308579792 8
L 2 115 0 0.000258858 93990308579800 8
L 2 116 0 0.000261042 93990308579808 8
L 2 117 0 0.000269701 93990308579824 8
L 2 118 0 0.000272518 93990308579832 8
L 2 119 0 0.000275576 93990308579840 8
L 2 120 0 0.000278008 93990308579848 8
L 2 121 0 0.000280133 93990308579856 8
F 122 31396.359051098 0.000381913
