Flat profile:

Each sample counts as 0.01 seconds.
  %   cumulative   self              self     total           
 time   seconds   seconds    calls  us/call  us/call  name    
100.02      0.01     0.01     1027     9.74     9.74  defineFaseMemLog(int)
  0.00      0.01     0.00   551848     0.00     0.00  bool __gnu_cxx::__is_null_pointer<char>(char*)
  0.00      0.01     0.00   551848     0.00     0.00  void std::__cxx11::basic_string<char, std::char_traits<char>, std::allocator<char> >::_M_construct<char*>(char*, char*, std::forward_iterator_tag)
  0.00      0.01     0.00   551848     0.00     0.00  std::iterator_traits<char*>::difference_type std::__distance<char*>(char*, char*, std::random_access_iterator_tag)
  0.00      0.01     0.00   551848     0.00     0.00  std::iterator_traits<char*>::iterator_category std::__iterator_category<char*>(char* const&)
  0.00      0.01     0.00   551848     0.00     0.00  std::iterator_traits<char*>::difference_type std::distance<char*>(char*, char*)
  0.00      0.01     0.00   304558     0.00     0.00  clkDifMemLog(timespec, timespec, timespec*)
  0.00      0.01     0.00   302439     0.00     0.00  leMemLog(long, long, int)
  0.00      0.01     0.00   220362     0.00     0.00  WordOccurence::~WordOccurence()
  0.00      0.01     0.00   219394     0.00     0.00  WordOccurence::WordOccurence(WordOccurence const&)
  0.00      0.01     0.00   215655     0.00     0.00  Item<WordOccurence>::~Item()
  0.00      0.01     0.00   214858     0.00     0.00  Item<WordOccurence>::Item(Item<WordOccurence> const&)
  0.00      0.01     0.00    90602     0.00     0.00  Item<std::__cxx11::basic_string<char, std::char_traits<char>, std::allocator<char> > >::~Item()
  0.00      0.01     0.00    90576     0.00     0.00  Item<std::__cxx11::basic_string<char, std::char_traits<char>, std::allocator<char> > >::Item(Item<std::__cxx11::basic_string<char, std::char_traits<char>, std::allocator<char> > > const&)
  0.00      0.01     0.00    30968     0.00     0.00  WordOccurence::WordOccurence()
  0.00      0.01     0.00    30797     0.00     0.00  Item<WordOccurence>::Item()
  0.00      0.01     0.00    13666     0.00     0.00  __gnu_cxx::__normal_iterator<char*, std::__cxx11::basic_string<char, std::char_traits<char>, std::allocator<char> > >::base() const
  0.00      0.01     0.00    10026     0.00     0.00  Item<std::__cxx11::basic_string<char, std::char_traits<char>, std::allocator<char> > >::Item()
  0.00      0.01     0.00     8635     0.00     0.00  lowerCaseLetter(char)
  0.00      0.01     0.00     8635     0.00     0.00  std::ctype<char>::tolower(char) const
  0.00      0.01     0.00     8635     0.00     0.00  char std::tolower<char>(char, std::locale const&)
  0.00      0.01     0.00     8634     0.00     0.00  castChar(std::__cxx11::basic_string<char, std::char_traits<char>, std::allocator<char> >)
  0.00      0.01     0.00     8623     0.00     0.00  isSpecialCharacter(char)
  0.00      0.01     0.00     6833     0.00     0.00  bool __gnu_cxx::operator!=<char*, std::__cxx11::basic_string<char, std::char_traits<char>, std::allocator<char> > >(__gnu_cxx::__normal_iterator<char*, std::__cxx11::basic_string<char, std::char_traits<char>, std::allocator<char> > > const&, __gnu_cxx::__normal_iterator<char*, std::__cxx11::basic_string<char, std::char_traits<char>, std::allocator<char> > > const&)
  0.00      0.01     0.00     5833     0.00     0.00  __gnu_cxx::__normal_iterator<char*, std::__cxx11::basic_string<char, std::char_traits<char>, std::allocator<char> > >::operator++()
  0.00      0.01     0.00     5833     0.00     0.00  __gnu_cxx::__normal_iterator<char*, std::__cxx11::basic_string<char, std::char_traits<char>, std::allocator<char> > >::operator*() const
  0.00      0.01     0.00     5578     0.00     0.00  ArrangementList<std::__cxx11::basic_string<char, std::char_traits<char>, std::allocator<char> > >::castStringKey(int)
  0.00      0.01     0.00     5578     0.00     0.00  std::__cxx11::basic_string<char, std::char_traits<char>, std::allocator<char> > __gnu_cxx::__to_xstring<std::__cxx11::basic_string<char, std::char_traits<char>, std::allocator<char> >, char>(int (*)(char*, unsigned long, char const*, __va_list_tag*), unsigned long, char const*, ...)
  0.00      0.01     0.00     5578     0.00     0.00  void std::__cxx11::basic_string<char, std::char_traits<char>, std::allocator<char> >::_M_construct<char*>(char*, char*)
  0.00      0.01     0.00     5578     0.00     0.00  void std::__cxx11::basic_string<char, std::char_traits<char>, std::allocator<char> >::_M_construct_aux<char*>(char*, char*, std::__false_type)
  0.00      0.01     0.00     5578     0.00     0.00  std::__cxx11::basic_string<char, std::char_traits<char>, std::allocator<char> >::basic_string<char*, void>(char*, char*, std::allocator<char> const&)
  0.00      0.01     0.00     5578     0.00     0.00  std::__cxx11::to_string(int)
  0.00      0.01     0.00     5552     0.00     0.00  ArrangementList<std::__cxx11::basic_string<char, std::char_traits<char>, std::allocator<char> > >::existsByIndex(int)
  0.00      0.01     0.00     5552     0.00     0.00  ArrangementList<std::__cxx11::basic_string<char, std::char_traits<char>, std::allocator<char> > >::findIndex(char*, MemoryLogType)
  0.00      0.01     0.00     3122     0.00     0.00  WordOccurence::operator=(WordOccurence const&)
  0.00      0.01     0.00     2829     0.00     0.00  ArrangementList<WordOccurence>::findIndex(char*, MemoryLogType)
  0.00      0.01     0.00     2776     0.00     0.00  getLexicographicalValue(char, ArrangementList<std::__cxx11::basic_string<char, std::char_traits<char>, std::allocator<char> > >*)
  0.00      0.01     0.00     2776     0.00     0.00  ArrangementList<std::__cxx11::basic_string<char, std::char_traits<char>, std::allocator<char> > >::existsByKey(char*)
  0.00      0.01     0.00     2776     0.00     0.00  ArrangementList<std::__cxx11::basic_string<char, std::char_traits<char>, std::allocator<char> > >::existsByKey(int)
  0.00      0.01     0.00     2776     0.00     0.00  ArrangementList<std::__cxx11::basic_string<char, std::char_traits<char>, std::allocator<char> > >::getSize()
  0.00      0.01     0.00     2776     0.00     0.00  ArrangementList<std::__cxx11::basic_string<char, std::char_traits<char>, std::allocator<char> > >::findByKey(char*)
  0.00      0.01     0.00     2776     0.00     0.00  ArrangementList<std::__cxx11::basic_string<char, std::char_traits<char>, std::allocator<char> > >::findByKey(int)
  0.00      0.01     0.00     2118     0.00     0.00  escreveMemLog(long, long, int)
  0.00      0.01     0.00     2000     0.00     0.00  ArrangementList<WordOccurence>::existsByIndex(int)
  0.00      0.01     0.00     1780     0.00     0.00  Item<WordOccurence>::operator=(Item<WordOccurence> const&)
  0.00      0.01     0.00     1597     0.00     0.00  makeLexicographicalComparison(WordOccurence, WordOccurence, ArrangementList<std::__cxx11::basic_string<char, std::char_traits<char>, std::allocator<char> > >*)
  0.00      0.01     0.00     1028     0.00     0.00  isTextConfig(std::__cxx11::basic_string<char, std::char_traits<char>, std::allocator<char> >)
  0.00      0.01     0.00     1027     0.00     0.00  isOrderingConfig(std::__cxx11::basic_string<char, std::char_traits<char>, std::allocator<char> >)
  0.00      0.01     0.00     1000     0.00     0.00  lowerCaseWord(std::__cxx11::basic_string<char, std::char_traits<char>, std::allocator<char> >)
  0.00      0.01     0.00     1000     0.00     0.00  normalizeWord(std::__cxx11::basic_string<char, std::char_traits<char>, std::allocator<char> >)
  0.00      0.01     0.00     1000     0.00     0.00  removeSpecialCharacters(std::__cxx11::basic_string<char, std::char_traits<char>, std::allocator<char> >)
  0.00      0.01     0.00     1000     0.00     0.00  ArrangementList<WordOccurence>::existsByKey(char*)
  0.00      0.01     0.00     1000     0.00     0.00  ArrangementList<WordOccurence>::findByKey(char*)
  0.00      0.01     0.00     1000     0.00     0.00  LexicographicAnalyser::readWord(std::__cxx11::basic_string<char, std::char_traits<char>, std::allocator<char> >)
  0.00      0.01     0.00      829     0.00     0.00  ArrangementList<WordOccurence>::update(char*, WordOccurence)
  0.00      0.01     0.00      517     0.00     0.00  ArrangementList<WordOccurence>::getSize()
  0.00      0.01     0.00      513     0.00     0.00  ArrangementList<WordOccurence>::findByIndex(int)
  0.00      0.01     0.00      513     0.00     0.00  ArrangementList<WordOccurence>::create(char*, WordOccurence)
  0.00      0.01     0.00      142     0.00     0.00  ArrangementListSorting<WordOccurence>::quickSortPartition(int, int, int*, int*, Item<WordOccurence>*, bool (*)(WordOccurence, WordOccurence, ArrangementList<std::__cxx11::basic_string<char, std::char_traits<char>, std::allocator<char> > >*))
  0.00      0.01     0.00       26     0.00     0.00  ArrangementList<std::__cxx11::basic_string<char, std::char_traits<char>, std::allocator<char> > >::create(char*, std::__cxx11::basic_string<char, std::char_traits<char>, std::allocator<char> >)
  0.00      0.01     0.00       26     0.00     0.00  ArrangementList<std::__cxx11::basic_string<char, std::char_traits<char>, std::allocator<char> > >::create(int, std::__cxx11::basic_string<char, std::char_traits<char>, std::allocator<char> >)
  0.00      0.01     0.00       26     0.00     0.00  LexicographicAnalyser::readOrdering(std::__cxx11::basic_string<char, std::char_traits<char>, std::allocator<char> >)
  0.00      0.01     0.00       26     0.00     0.00  Item<std::__cxx11::basic_string<char, std::char_traits<char>, std::allocator<char> > >::operator=(Item<std::__cxx11::basic_string<char, std::char_traits<char>, std::allocator<char> > > const&)
  0.00      0.01     0.00        3     0.00     0.00  ArrangementList<WordOccurence>::ArrangementList()
  0.00      0.01     0.00        1     0.00     0.00  _GLOBAL__sub_I__Z13normalizeWordNSt7__cxx1112basic_stringIcSt11char_traitsIcESaIcEEE
  0.00      0.01     0.00        1     0.00     0.00  _GLOBAL__sub_I__Z16isOrderingConfigNSt7__cxx1112basic_stringIcSt11char_traitsIcESaIcEEE
  0.00      0.01     0.00        1     0.00     0.00  _GLOBAL__sub_I__Z8castCharNSt7__cxx1112basic_stringIcSt11char_traitsIcESaIcEEE
  0.00      0.01     0.00        1     0.00     0.00  _GLOBAL__sub_I__Z9parseArgsiPPc
  0.00      0.01     0.00        1     0.00     0.00  _GLOBAL__sub_I__ZN21LexicographicAnalyserC2Ev
  0.00      0.01     0.00        1     0.00     0.00  _GLOBAL__sub_I_main
  0.00      0.01     0.00        1     0.00     0.00  ativaMemLog()
  0.00      0.01     0.00        1     0.00     0.00  iniciaMemLog(char*)
  0.00      0.01     0.00        1     0.00     0.00  finalizaMemLog()
  0.00      0.01     0.00        1     0.00     0.00  __static_initialization_and_destruction_0(int, int)
  0.00      0.01     0.00        1     0.00     0.00  __static_initialization_and_destruction_0(int, int)
  0.00      0.01     0.00        1     0.00     0.00  __static_initialization_and_destruction_0(int, int)
  0.00      0.01     0.00        1     0.00     0.00  __static_initialization_and_destruction_0(int, int)
  0.00      0.01     0.00        1     0.00     0.00  __static_initialization_and_destruction_0(int, int)
  0.00      0.01     0.00        1     0.00     0.00  __static_initialization_and_destruction_0(int, int)
  0.00      0.01     0.00        1     0.00     0.00  __static_initialization_and_destruction_0(int, int)
  0.00      0.01     0.00        1     0.00     0.00  __static_initialization_and_destruction_0(int, int)
  0.00      0.01     0.00        1     0.00     0.00  parseArgs(int, char**)
  0.00      0.01     0.00        1     0.00     0.00  ArrangementList<WordOccurence>::sort(bool (*)(WordOccurence, WordOccurence, ArrangementList<std::__cxx11::basic_string<char, std::char_traits<char>, std::allocator<char> > >*), ArrangementList<std::__cxx11::basic_string<char, std::char_traits<char>, std::allocator<char> > >*, int, int)
  0.00      0.01     0.00        1     0.00     0.00  ArrangementList<std::__cxx11::basic_string<char, std::char_traits<char>, std::allocator<char> > >::ArrangementList()
  0.00      0.01     0.00        1     0.00     0.00  LexicographicAnalyser::getResult(int, int)
  0.00      0.01     0.00        1     0.00     0.00  LexicographicAnalyser::LexicographicAnalyser()
  0.00      0.01     0.00        1     0.00     0.00  ArrangementListSorting<WordOccurence>::quickSortOrder(int, int, Item<WordOccurence>*, bool (*)(WordOccurence, WordOccurence, ArrangementList<std::__cxx11::basic_string<char, std::char_traits<char>, std::allocator<char> > >*))
  0.00      0.01     0.00        1     0.00     0.00  ArrangementListSorting<WordOccurence>::quickSort(Item<WordOccurence>*, bool (*)(WordOccurence, WordOccurence, ArrangementList<std::__cxx11::basic_string<char, std::char_traits<char>, std::allocator<char> > >*))
  0.00      0.01     0.00        1     0.00     0.00  ArrangementListSorting<WordOccurence>::ArrangementListSorting(int, ArrangementList<std::__cxx11::basic_string<char, std::char_traits<char>, std::allocator<char> > >*, int, int)

 %         the percentage of the total running time of the
time       program used by this function.

cumulative a running sum of the number of seconds accounted
 seconds   for by this function and those listed above it.

 self      the number of seconds accounted for by this
seconds    function alone.  This is the major sort for this
           listing.

calls      the number of times this function was invoked, if
           this function is profiled, else blank.

 self      the average number of milliseconds spent in this
ms/call    function per call, if this function is profiled,
	   else blank.

 total     the average number of milliseconds spent in this
ms/call    function and its descendents per call, if this
	   function is profiled, else blank.

name       the name of the function.  This is the minor sort
           for this listing. The index shows the location of
	   the function in the gprof listing. If the index is
	   in parenthesis it shows where it would appear in
	   the gprof listing if it were to be printed.

Copyright (C) 2012-2018 Free Software Foundation, Inc.

Copying and distribution of this file, with or without modification,
are permitted in any medium without royalty provided the copyright
notice and this notice are preserved.

		     Call graph (explanation follows)


granularity: each sample hit covers 2 byte(s) for 99.98% of 0.01 seconds

index % time    self  children    called     name
                                                 <spontaneous>
[1]    100.0    0.00    0.01                 main [1]
                0.01    0.00    1027/1027        defineFaseMemLog(int) [2]
                0.00    0.00    3082/551848      void std::__cxx11::basic_string<char, std::char_traits<char>, std::allocator<char> >::_M_construct<char*>(char*, char*, std::forward_iterator_tag) [10]
                0.00    0.00    1028/1028        isTextConfig(std::__cxx11::basic_string<char, std::char_traits<char>, std::allocator<char> >) [54]
                0.00    0.00    1027/1027        isOrderingConfig(std::__cxx11::basic_string<char, std::char_traits<char>, std::allocator<char> >) [55]
                0.00    0.00    1000/1000        LexicographicAnalyser::readWord(std::__cxx11::basic_string<char, std::char_traits<char>, std::allocator<char> >) [61]
                0.00    0.00     172/517         ArrangementList<WordOccurence>::getSize() [63]
                0.00    0.00     171/513         ArrangementList<WordOccurence>::findByIndex(int) [64]
                0.00    0.00     171/215655      Item<WordOccurence>::~Item() [18]
                0.00    0.00      26/26          LexicographicAnalyser::readOrdering(std::__cxx11::basic_string<char, std::char_traits<char>, std::allocator<char> >) [69]
                0.00    0.00       1/1           iniciaMemLog(char*) [79]
                0.00    0.00       1/8634        castChar(std::__cxx11::basic_string<char, std::char_traits<char>, std::allocator<char> >) [29]
                0.00    0.00       1/1           ativaMemLog() [78]
                0.00    0.00       1/1           parseArgs(int, char**) [89]
                0.00    0.00       1/1           LexicographicAnalyser::LexicographicAnalyser() [93]
                0.00    0.00       1/1           LexicographicAnalyser::getResult(int, int) [92]
                0.00    0.00       1/1           finalizaMemLog() [80]
-----------------------------------------------
                0.01    0.00    1027/1027        main [1]
[2]    100.0    0.01    0.00    1027         defineFaseMemLog(int) [2]
-----------------------------------------------
                0.00    0.00  551848/551848      void std::__cxx11::basic_string<char, std::char_traits<char>, std::allocator<char> >::_M_construct<char*>(char*, char*, std::forward_iterator_tag) [10]
[9]      0.0    0.00    0.00  551848         bool __gnu_cxx::__is_null_pointer<char>(char*) [9]
-----------------------------------------------
                0.00    0.00      26/551848      ArrangementList<std::__cxx11::basic_string<char, std::char_traits<char>, std::allocator<char> > >::create(int, std::__cxx11::basic_string<char, std::char_traits<char>, std::allocator<char> >) [68]
                0.00    0.00      26/551848      LexicographicAnalyser::readOrdering(std::__cxx11::basic_string<char, std::char_traits<char>, std::allocator<char> >) [69]
                0.00    0.00    1000/551848      removeSpecialCharacters(std::__cxx11::basic_string<char, std::char_traits<char>, std::allocator<char> >) [58]
                0.00    0.00    2000/551848      LexicographicAnalyser::readWord(std::__cxx11::basic_string<char, std::char_traits<char>, std::allocator<char> >) [61]
                0.00    0.00    2000/551848      normalizeWord(std::__cxx11::basic_string<char, std::char_traits<char>, std::allocator<char> >) [57]
                0.00    0.00    3082/551848      main [1]
                0.00    0.00    3194/551848      makeLexicographicalComparison(WordOccurence, WordOccurence, ArrangementList<std::__cxx11::basic_string<char, std::char_traits<char>, std::allocator<char> > >*) [53]
                0.00    0.00    5578/551848      ArrangementList<std::__cxx11::basic_string<char, std::char_traits<char>, std::allocator<char> > >::castStringKey(int) [34]
                0.00    0.00    5578/551848      void std::__cxx11::basic_string<char, std::char_traits<char>, std::allocator<char> >::_M_construct_aux<char*>(char*, char*, std::__false_type) [37]
                0.00    0.00   90576/551848      Item<std::__cxx11::basic_string<char, std::char_traits<char>, std::allocator<char> > >::Item(Item<std::__cxx11::basic_string<char, std::char_traits<char>, std::allocator<char> > > const&) [21]
                0.00    0.00  438788/551848      WordOccurence::WordOccurence(WordOccurence const&) [17]
[10]     0.0    0.00    0.00  551848         void std::__cxx11::basic_string<char, std::char_traits<char>, std::allocator<char> >::_M_construct<char*>(char*, char*, std::forward_iterator_tag) [10]
                0.00    0.00  551848/551848      bool __gnu_cxx::__is_null_pointer<char>(char*) [9]
                0.00    0.00  551848/551848      std::iterator_traits<char*>::difference_type std::distance<char*>(char*, char*) [13]
-----------------------------------------------
                0.00    0.00  551848/551848      std::iterator_traits<char*>::difference_type std::distance<char*>(char*, char*) [13]
[11]     0.0    0.00    0.00  551848         std::iterator_traits<char*>::difference_type std::__distance<char*>(char*, char*, std::random_access_iterator_tag) [11]
-----------------------------------------------
                0.00    0.00  551848/551848      std::iterator_traits<char*>::difference_type std::distance<char*>(char*, char*) [13]
[12]     0.0    0.00    0.00  551848         std::iterator_traits<char*>::iterator_category std::__iterator_category<char*>(char* const&) [12]
-----------------------------------------------
                0.00    0.00  551848/551848      void std::__cxx11::basic_string<char, std::char_traits<char>, std::allocator<char> >::_M_construct<char*>(char*, char*, std::forward_iterator_tag) [10]
[13]     0.0    0.00    0.00  551848         std::iterator_traits<char*>::difference_type std::distance<char*>(char*, char*) [13]
                0.00    0.00  551848/551848      std::iterator_traits<char*>::iterator_category std::__iterator_category<char*>(char* const&) [12]
                0.00    0.00  551848/551848      std::iterator_traits<char*>::difference_type std::__distance<char*>(char*, char*, std::random_access_iterator_tag) [11]
-----------------------------------------------
                0.00    0.00       1/304558      finalizaMemLog() [80]
                0.00    0.00    2118/304558      escreveMemLog(long, long, int) [50]
                0.00    0.00  302439/304558      leMemLog(long, long, int) [15]
[14]     0.0    0.00    0.00  304558         clkDifMemLog(timespec, timespec, timespec*) [14]
-----------------------------------------------
                0.00    0.00     513/302439      ArrangementList<WordOccurence>::findByIndex(int) [64]
                0.00    0.00     781/302439      ArrangementListSorting<WordOccurence>::quickSortPartition(int, int, int*, int*, Item<WordOccurence>*, bool (*)(WordOccurence, WordOccurence, ArrangementList<std::__cxx11::basic_string<char, std::char_traits<char>, std::allocator<char> > >*)) [66]
                0.00    0.00   87800/302439      ArrangementList<std::__cxx11::basic_string<char, std::char_traits<char>, std::allocator<char> > >::findIndex(char*, MemoryLogType) [41]
                0.00    0.00  213345/302439      ArrangementList<WordOccurence>::findIndex(char*, MemoryLogType) [43]
[15]     0.0    0.00    0.00  302439         leMemLog(long, long, int) [15]
                0.00    0.00  302439/304558      clkDifMemLog(timespec, timespec, timespec*) [14]
-----------------------------------------------
                0.00    0.00     342/220362      LexicographicAnalyser::getResult(int, int) [92]
                0.00    0.00    1171/220362      LexicographicAnalyser::readWord(std::__cxx11::basic_string<char, std::char_traits<char>, std::allocator<char> >) [61]
                0.00    0.00    3194/220362      ArrangementListSorting<WordOccurence>::quickSortPartition(int, int, int*, int*, Item<WordOccurence>*, bool (*)(WordOccurence, WordOccurence, ArrangementList<std::__cxx11::basic_string<char, std::char_traits<char>, std::allocator<char> > >*)) [66]
                0.00    0.00  215655/220362      Item<WordOccurence>::~Item() [18]
[16]     0.0    0.00    0.00  220362         WordOccurence::~WordOccurence() [16]
-----------------------------------------------
                0.00    0.00     342/219394      LexicographicAnalyser::getResult(int, int) [92]
                0.00    0.00    1000/219394      LexicographicAnalyser::readWord(std::__cxx11::basic_string<char, std::char_traits<char>, std::allocator<char> >) [61]
                0.00    0.00    3194/219394      ArrangementListSorting<WordOccurence>::quickSortPartition(int, int, int*, int*, Item<WordOccurence>*, bool (*)(WordOccurence, WordOccurence, ArrangementList<std::__cxx11::basic_string<char, std::char_traits<char>, std::allocator<char> > >*)) [66]
                0.00    0.00  214858/219394      Item<WordOccurence>::Item(Item<WordOccurence> const&) [19]
[17]     0.0    0.00    0.00  219394         WordOccurence::WordOccurence(WordOccurence const&) [17]
                0.00    0.00  438788/551848      void std::__cxx11::basic_string<char, std::char_traits<char>, std::allocator<char> >::_M_construct<char*>(char*, char*, std::forward_iterator_tag) [10]
-----------------------------------------------
                0.00    0.00     171/215655      main [1]
                0.00    0.00     284/215655      ArrangementListSorting<WordOccurence>::quickSortPartition(int, int, int*, int*, Item<WordOccurence>*, bool (*)(WordOccurence, WordOccurence, ArrangementList<std::__cxx11::basic_string<char, std::char_traits<char>, std::allocator<char> > >*)) [66]
                0.00    0.00     513/215655      ArrangementList<WordOccurence>::create(char*, WordOccurence) [65]
                0.00    0.00     513/215655      LexicographicAnalyser::getResult(int, int) [92]
                0.00    0.00     829/215655      LexicographicAnalyser::readWord(std::__cxx11::basic_string<char, std::char_traits<char>, std::allocator<char> >) [61]
                0.00    0.00  213345/215655      ArrangementList<WordOccurence>::findIndex(char*, MemoryLogType) [43]
[18]     0.0    0.00    0.00  215655         Item<WordOccurence>::~Item() [18]
                0.00    0.00  215655/220362      WordOccurence::~WordOccurence() [16]
-----------------------------------------------
                0.00    0.00     513/214858      ArrangementList<WordOccurence>::findByIndex(int) [64]
                0.00    0.00    1000/214858      ArrangementList<WordOccurence>::findByKey(char*) [60]
                0.00    0.00  213345/214858      ArrangementList<WordOccurence>::findIndex(char*, MemoryLogType) [43]
[19]     0.0    0.00    0.00  214858         Item<WordOccurence>::Item(Item<WordOccurence> const&) [19]
                0.00    0.00  214858/219394      WordOccurence::WordOccurence(WordOccurence const&) [17]
-----------------------------------------------
                0.00    0.00      26/90602       ArrangementList<std::__cxx11::basic_string<char, std::char_traits<char>, std::allocator<char> > >::create(char*, std::__cxx11::basic_string<char, std::char_traits<char>, std::allocator<char> >) [67]
                0.00    0.00    2776/90602       getLexicographicalValue(char, ArrangementList<std::__cxx11::basic_string<char, std::char_traits<char>, std::allocator<char> > >*) [44]
                0.00    0.00   87800/90602       ArrangementList<std::__cxx11::basic_string<char, std::char_traits<char>, std::allocator<char> > >::findIndex(char*, MemoryLogType) [41]
[20]     0.0    0.00    0.00   90602         Item<std::__cxx11::basic_string<char, std::char_traits<char>, std::allocator<char> > >::~Item() [20]
-----------------------------------------------
                0.00    0.00    2776/90576       ArrangementList<std::__cxx11::basic_string<char, std::char_traits<char>, std::allocator<char> > >::findByKey(char*) [48]
                0.00    0.00   87800/90576       ArrangementList<std::__cxx11::basic_string<char, std::char_traits<char>, std::allocator<char> > >::findIndex(char*, MemoryLogType) [41]
[21]     0.0    0.00    0.00   90576         Item<std::__cxx11::basic_string<char, std::char_traits<char>, std::allocator<char> > >::Item(Item<std::__cxx11::basic_string<char, std::char_traits<char>, std::allocator<char> > > const&) [21]
                0.00    0.00   90576/551848      void std::__cxx11::basic_string<char, std::char_traits<char>, std::allocator<char> >::_M_construct<char*>(char*, char*, std::forward_iterator_tag) [10]
-----------------------------------------------
                0.00    0.00     171/30968       LexicographicAnalyser::readWord(std::__cxx11::basic_string<char, std::char_traits<char>, std::allocator<char> >) [61]
                0.00    0.00   30797/30968       Item<WordOccurence>::Item() [23]
[22]     0.0    0.00    0.00   30968         WordOccurence::WordOccurence() [22]
-----------------------------------------------
                0.00    0.00     284/30797       ArrangementListSorting<WordOccurence>::quickSortPartition(int, int, int*, int*, Item<WordOccurence>*, bool (*)(WordOccurence, WordOccurence, ArrangementList<std::__cxx11::basic_string<char, std::char_traits<char>, std::allocator<char> > >*)) [66]
                0.00    0.00     513/30797       ArrangementList<WordOccurence>::create(char*, WordOccurence) [65]
                0.00    0.00   30000/30797       ArrangementList<WordOccurence>::ArrangementList() [71]
[23]     0.0    0.00    0.00   30797         Item<WordOccurence>::Item() [23]
                0.00    0.00   30797/30968       WordOccurence::WordOccurence() [22]
-----------------------------------------------
                0.00    0.00   13666/13666       bool __gnu_cxx::operator!=<char*, std::__cxx11::basic_string<char, std::char_traits<char>, std::allocator<char> > >(__gnu_cxx::__normal_iterator<char*, std::__cxx11::basic_string<char, std::char_traits<char>, std::allocator<char> > > const&, __gnu_cxx::__normal_iterator<char*, std::__cxx11::basic_string<char, std::char_traits<char>, std::allocator<char> > > const&) [31]
[24]     0.0    0.00    0.00   13666         __gnu_cxx::__normal_iterator<char*, std::__cxx11::basic_string<char, std::char_traits<char>, std::allocator<char> > >::base() const [24]
-----------------------------------------------
                0.00    0.00      26/10026       ArrangementList<std::__cxx11::basic_string<char, std::char_traits<char>, std::allocator<char> > >::create(char*, std::__cxx11::basic_string<char, std::char_traits<char>, std::allocator<char> >) [67]
                0.00    0.00   10000/10026       ArrangementList<std::__cxx11::basic_string<char, std::char_traits<char>, std::allocator<char> > >::ArrangementList() [91]
[25]     0.0    0.00    0.00   10026         Item<std::__cxx11::basic_string<char, std::char_traits<char>, std::allocator<char> > >::Item() [25]
-----------------------------------------------
                0.00    0.00      26/8635        LexicographicAnalyser::readOrdering(std::__cxx11::basic_string<char, std::char_traits<char>, std::allocator<char> >) [69]
                0.00    0.00    2776/8635        getLexicographicalValue(char, ArrangementList<std::__cxx11::basic_string<char, std::char_traits<char>, std::allocator<char> > >*) [44]
                0.00    0.00    5833/8635        lowerCaseWord(std::__cxx11::basic_string<char, std::char_traits<char>, std::allocator<char> >) [56]
[26]     0.0    0.00    0.00    8635         lowerCaseLetter(char) [26]
                0.00    0.00    8635/8635        char std::tolower<char>(char, std::locale const&) [28]
-----------------------------------------------
                0.00    0.00    8635/8635        char std::tolower<char>(char, std::locale const&) [28]
[27]     0.0    0.00    0.00    8635         std::ctype<char>::tolower(char) const [27]
-----------------------------------------------
                0.00    0.00    8635/8635        lowerCaseLetter(char) [26]
[28]     0.0    0.00    0.00    8635         char std::tolower<char>(char, std::locale const&) [28]
                0.00    0.00    8635/8635        std::ctype<char>::tolower(char) const [27]
-----------------------------------------------
                0.00    0.00       1/8634        main [1]
                0.00    0.00    1000/8634        LexicographicAnalyser::readWord(std::__cxx11::basic_string<char, std::char_traits<char>, std::allocator<char> >) [61]
                0.00    0.00    1027/8634        isOrderingConfig(std::__cxx11::basic_string<char, std::char_traits<char>, std::allocator<char> >) [55]
                0.00    0.00    1028/8634        isTextConfig(std::__cxx11::basic_string<char, std::char_traits<char>, std::allocator<char> >) [54]
                0.00    0.00    5578/8634        ArrangementList<std::__cxx11::basic_string<char, std::char_traits<char>, std::allocator<char> > >::castStringKey(int) [34]
[29]     0.0    0.00    0.00    8634         castChar(std::__cxx11::basic_string<char, std::char_traits<char>, std::allocator<char> >) [29]
-----------------------------------------------
                0.00    0.00    2790/8623        makeLexicographicalComparison(WordOccurence, WordOccurence, ArrangementList<std::__cxx11::basic_string<char, std::char_traits<char>, std::allocator<char> > >*) [53]
                0.00    0.00    5833/8623        removeSpecialCharacters(std::__cxx11::basic_string<char, std::char_traits<char>, std::allocator<char> >) [58]
[30]     0.0    0.00    0.00    8623         isSpecialCharacter(char) [30]
-----------------------------------------------
                0.00    0.00    6833/6833        lowerCaseWord(std::__cxx11::basic_string<char, std::char_traits<char>, std::allocator<char> >) [56]
[31]     0.0    0.00    0.00    6833         bool __gnu_cxx::operator!=<char*, std::__cxx11::basic_string<char, std::char_traits<char>, std::allocator<char> > >(__gnu_cxx::__normal_iterator<char*, std::__cxx11::basic_string<char, std::char_traits<char>, std::allocator<char> > > const&, __gnu_cxx::__normal_iterator<char*, std::__cxx11::basic_string<char, std::char_traits<char>, std::allocator<char> > > const&) [31]
                0.00    0.00   13666/13666       __gnu_cxx::__normal_iterator<char*, std::__cxx11::basic_string<char, std::char_traits<char>, std::allocator<char> > >::base() const [24]
-----------------------------------------------
                0.00    0.00    5833/5833        lowerCaseWord(std::__cxx11::basic_string<char, std::char_traits<char>, std::allocator<char> >) [56]
[32]     0.0    0.00    0.00    5833         __gnu_cxx::__normal_iterator<char*, std::__cxx11::basic_string<char, std::char_traits<char>, std::allocator<char> > >::operator++() [32]
-----------------------------------------------
                0.00    0.00    5833/5833        lowerCaseWord(std::__cxx11::basic_string<char, std::char_traits<char>, std::allocator<char> >) [56]
[33]     0.0    0.00    0.00    5833         __gnu_cxx::__normal_iterator<char*, std::__cxx11::basic_string<char, std::char_traits<char>, std::allocator<char> > >::operator*() const [33]
-----------------------------------------------
                0.00    0.00      26/5578        ArrangementList<std::__cxx11::basic_string<char, std::char_traits<char>, std::allocator<char> > >::create(int, std::__cxx11::basic_string<char, std::char_traits<char>, std::allocator<char> >) [68]
                0.00    0.00    2776/5578        ArrangementList<std::__cxx11::basic_string<char, std::char_traits<char>, std::allocator<char> > >::findByKey(int) [49]
                0.00    0.00    2776/5578        ArrangementList<std::__cxx11::basic_string<char, std::char_traits<char>, std::allocator<char> > >::existsByKey(int) [46]
[34]     0.0    0.00    0.00    5578         ArrangementList<std::__cxx11::basic_string<char, std::char_traits<char>, std::allocator<char> > >::castStringKey(int) [34]
                0.00    0.00    5578/5578        std::__cxx11::to_string(int) [39]
                0.00    0.00    5578/551848      void std::__cxx11::basic_string<char, std::char_traits<char>, std::allocator<char> >::_M_construct<char*>(char*, char*, std::forward_iterator_tag) [10]
                0.00    0.00    5578/8634        castChar(std::__cxx11::basic_string<char, std::char_traits<char>, std::allocator<char> >) [29]
-----------------------------------------------
                0.00    0.00    5578/5578        std::__cxx11::to_string(int) [39]
[35]     0.0    0.00    0.00    5578         std::__cxx11::basic_string<char, std::char_traits<char>, std::allocator<char> > __gnu_cxx::__to_xstring<std::__cxx11::basic_string<char, std::char_traits<char>, std::allocator<char> >, char>(int (*)(char*, unsigned long, char const*, __va_list_tag*), unsigned long, char const*, ...) [35]
                0.00    0.00    5578/5578        std::__cxx11::basic_string<char, std::char_traits<char>, std::allocator<char> >::basic_string<char*, void>(char*, char*, std::allocator<char> const&) [38]
-----------------------------------------------
                0.00    0.00    5578/5578        std::__cxx11::basic_string<char, std::char_traits<char>, std::allocator<char> >::basic_string<char*, void>(char*, char*, std::allocator<char> const&) [38]
[36]     0.0    0.00    0.00    5578         void std::__cxx11::basic_string<char, std::char_traits<char>, std::allocator<char> >::_M_construct<char*>(char*, char*) [36]
                0.00    0.00    5578/5578        void std::__cxx11::basic_string<char, std::char_traits<char>, std::allocator<char> >::_M_construct_aux<char*>(char*, char*, std::__false_type) [37]
-----------------------------------------------
                0.00    0.00    5578/5578        void std::__cxx11::basic_string<char, std::char_traits<char>, std::allocator<char> >::_M_construct<char*>(char*, char*) [36]
[37]     0.0    0.00    0.00    5578         void std::__cxx11::basic_string<char, std::char_traits<char>, std::allocator<char> >::_M_construct_aux<char*>(char*, char*, std::__false_type) [37]
                0.00    0.00    5578/551848      void std::__cxx11::basic_string<char, std::char_traits<char>, std::allocator<char> >::_M_construct<char*>(char*, char*, std::forward_iterator_tag) [10]
-----------------------------------------------
                0.00    0.00    5578/5578        std::__cxx11::basic_string<char, std::char_traits<char>, std::allocator<char> > __gnu_cxx::__to_xstring<std::__cxx11::basic_string<char, std::char_traits<char>, std::allocator<char> >, char>(int (*)(char*, unsigned long, char const*, __va_list_tag*), unsigned long, char const*, ...) [35]
[38]     0.0    0.00    0.00    5578         std::__cxx11::basic_string<char, std::char_traits<char>, std::allocator<char> >::basic_string<char*, void>(char*, char*, std::allocator<char> const&) [38]
                0.00    0.00    5578/5578        void std::__cxx11::basic_string<char, std::char_traits<char>, std::allocator<char> >::_M_construct<char*>(char*, char*) [36]
-----------------------------------------------
                0.00    0.00    5578/5578        ArrangementList<std::__cxx11::basic_string<char, std::char_traits<char>, std::allocator<char> > >::castStringKey(int) [34]
[39]     0.0    0.00    0.00    5578         std::__cxx11::to_string(int) [39]
                0.00    0.00    5578/5578        std::__cxx11::basic_string<char, std::char_traits<char>, std::allocator<char> > __gnu_cxx::__to_xstring<std::__cxx11::basic_string<char, std::char_traits<char>, std::allocator<char> >, char>(int (*)(char*, unsigned long, char const*, __va_list_tag*), unsigned long, char const*, ...) [35]
-----------------------------------------------
                0.00    0.00    2776/5552        ArrangementList<std::__cxx11::basic_string<char, std::char_traits<char>, std::allocator<char> > >::findByKey(char*) [48]
                0.00    0.00    2776/5552        ArrangementList<std::__cxx11::basic_string<char, std::char_traits<char>, std::allocator<char> > >::existsByKey(char*) [45]
[40]     0.0    0.00    0.00    5552         ArrangementList<std::__cxx11::basic_string<char, std::char_traits<char>, std::allocator<char> > >::existsByIndex(int) [40]
-----------------------------------------------
                0.00    0.00    2776/5552        ArrangementList<std::__cxx11::basic_string<char, std::char_traits<char>, std::allocator<char> > >::findByKey(char*) [48]
                0.00    0.00    2776/5552        ArrangementList<std::__cxx11::basic_string<char, std::char_traits<char>, std::allocator<char> > >::existsByKey(char*) [45]
[41]     0.0    0.00    0.00    5552         ArrangementList<std::__cxx11::basic_string<char, std::char_traits<char>, std::allocator<char> > >::findIndex(char*, MemoryLogType) [41]
                0.00    0.00   87800/90576       Item<std::__cxx11::basic_string<char, std::char_traits<char>, std::allocator<char> > >::Item(Item<std::__cxx11::basic_string<char, std::char_traits<char>, std::allocator<char> > > const&) [21]
                0.00    0.00   87800/302439      leMemLog(long, long, int) [15]
                0.00    0.00   87800/90602       Item<std::__cxx11::basic_string<char, std::char_traits<char>, std::allocator<char> > >::~Item() [20]
-----------------------------------------------
                0.00    0.00     513/3122        ArrangementList<WordOccurence>::create(char*, WordOccurence) [65]
                0.00    0.00     829/3122        ArrangementList<WordOccurence>::update(char*, WordOccurence) [62]
                0.00    0.00    1780/3122        Item<WordOccurence>::operator=(Item<WordOccurence> const&) [52]
[42]     0.0    0.00    0.00    3122         WordOccurence::operator=(WordOccurence const&) [42]
-----------------------------------------------
                0.00    0.00     829/2829        ArrangementList<WordOccurence>::update(char*, WordOccurence) [62]
                0.00    0.00    1000/2829        ArrangementList<WordOccurence>::findByKey(char*) [60]
                0.00    0.00    1000/2829        ArrangementList<WordOccurence>::existsByKey(char*) [59]
[43]     0.0    0.00    0.00    2829         ArrangementList<WordOccurence>::findIndex(char*, MemoryLogType) [43]
                0.00    0.00  213345/214858      Item<WordOccurence>::Item(Item<WordOccurence> const&) [19]
                0.00    0.00  213345/302439      leMemLog(long, long, int) [15]
                0.00    0.00  213345/215655      Item<WordOccurence>::~Item() [18]
-----------------------------------------------
                0.00    0.00    2776/2776        makeLexicographicalComparison(WordOccurence, WordOccurence, ArrangementList<std::__cxx11::basic_string<char, std::char_traits<char>, std::allocator<char> > >*) [53]
[44]     0.0    0.00    0.00    2776         getLexicographicalValue(char, ArrangementList<std::__cxx11::basic_string<char, std::char_traits<char>, std::allocator<char> > >*) [44]
                0.00    0.00    2776/8635        lowerCaseLetter(char) [26]
                0.00    0.00    2776/2776        ArrangementList<std::__cxx11::basic_string<char, std::char_traits<char>, std::allocator<char> > >::existsByKey(int) [46]
                0.00    0.00    2776/2776        ArrangementList<std::__cxx11::basic_string<char, std::char_traits<char>, std::allocator<char> > >::getSize() [47]
                0.00    0.00    2776/2776        ArrangementList<std::__cxx11::basic_string<char, std::char_traits<char>, std::allocator<char> > >::findByKey(int) [49]
                0.00    0.00    2776/90602       Item<std::__cxx11::basic_string<char, std::char_traits<char>, std::allocator<char> > >::~Item() [20]
-----------------------------------------------
                0.00    0.00    2776/2776        ArrangementList<std::__cxx11::basic_string<char, std::char_traits<char>, std::allocator<char> > >::existsByKey(int) [46]
[45]     0.0    0.00    0.00    2776         ArrangementList<std::__cxx11::basic_string<char, std::char_traits<char>, std::allocator<char> > >::existsByKey(char*) [45]
                0.00    0.00    2776/5552        ArrangementList<std::__cxx11::basic_string<char, std::char_traits<char>, std::allocator<char> > >::findIndex(char*, MemoryLogType) [41]
                0.00    0.00    2776/5552        ArrangementList<std::__cxx11::basic_string<char, std::char_traits<char>, std::allocator<char> > >::existsByIndex(int) [40]
-----------------------------------------------
                0.00    0.00    2776/2776        getLexicographicalValue(char, ArrangementList<std::__cxx11::basic_string<char, std::char_traits<char>, std::allocator<char> > >*) [44]
[46]     0.0    0.00    0.00    2776         ArrangementList<std::__cxx11::basic_string<char, std::char_traits<char>, std::allocator<char> > >::existsByKey(int) [46]
                0.00    0.00    2776/5578        ArrangementList<std::__cxx11::basic_string<char, std::char_traits<char>, std::allocator<char> > >::castStringKey(int) [34]
                0.00    0.00    2776/2776        ArrangementList<std::__cxx11::basic_string<char, std::char_traits<char>, std::allocator<char> > >::existsByKey(char*) [45]
-----------------------------------------------
                0.00    0.00    2776/2776        getLexicographicalValue(char, ArrangementList<std::__cxx11::basic_string<char, std::char_traits<char>, std::allocator<char> > >*) [44]
[47]     0.0    0.00    0.00    2776         ArrangementList<std::__cxx11::basic_string<char, std::char_traits<char>, std::allocator<char> > >::getSize() [47]
-----------------------------------------------
                0.00    0.00    2776/2776        ArrangementList<std::__cxx11::basic_string<char, std::char_traits<char>, std::allocator<char> > >::findByKey(int) [49]
[48]     0.0    0.00    0.00    2776         ArrangementList<std::__cxx11::basic_string<char, std::char_traits<char>, std::allocator<char> > >::findByKey(char*) [48]
                0.00    0.00    2776/5552        ArrangementList<std::__cxx11::basic_string<char, std::char_traits<char>, std::allocator<char> > >::findIndex(char*, MemoryLogType) [41]
                0.00    0.00    2776/5552        ArrangementList<std::__cxx11::basic_string<char, std::char_traits<char>, std::allocator<char> > >::existsByIndex(int) [40]
                0.00    0.00    2776/90576       Item<std::__cxx11::basic_string<char, std::char_traits<char>, std::allocator<char> > >::Item(Item<std::__cxx11::basic_string<char, std::char_traits<char>, std::allocator<char> > > const&) [21]
-----------------------------------------------
                0.00    0.00    2776/2776        getLexicographicalValue(char, ArrangementList<std::__cxx11::basic_string<char, std::char_traits<char>, std::allocator<char> > >*) [44]
[49]     0.0    0.00    0.00    2776         ArrangementList<std::__cxx11::basic_string<char, std::char_traits<char>, std::allocator<char> > >::findByKey(int) [49]
                0.00    0.00    2776/5578        ArrangementList<std::__cxx11::basic_string<char, std::char_traits<char>, std::allocator<char> > >::castStringKey(int) [34]
                0.00    0.00    2776/2776        ArrangementList<std::__cxx11::basic_string<char, std::char_traits<char>, std::allocator<char> > >::findByKey(char*) [48]
-----------------------------------------------
                0.00    0.00      26/2118        ArrangementList<std::__cxx11::basic_string<char, std::char_traits<char>, std::allocator<char> > >::create(char*, std::__cxx11::basic_string<char, std::char_traits<char>, std::allocator<char> >) [67]
                0.00    0.00     513/2118        ArrangementList<WordOccurence>::create(char*, WordOccurence) [65]
                0.00    0.00     750/2118        ArrangementListSorting<WordOccurence>::quickSortPartition(int, int, int*, int*, Item<WordOccurence>*, bool (*)(WordOccurence, WordOccurence, ArrangementList<std::__cxx11::basic_string<char, std::char_traits<char>, std::allocator<char> > >*)) [66]
                0.00    0.00     829/2118        ArrangementList<WordOccurence>::update(char*, WordOccurence) [62]
[50]     0.0    0.00    0.00    2118         escreveMemLog(long, long, int) [50]
                0.00    0.00    2118/304558      clkDifMemLog(timespec, timespec, timespec*) [14]
-----------------------------------------------
                0.00    0.00    1000/2000        ArrangementList<WordOccurence>::findByKey(char*) [60]
                0.00    0.00    1000/2000        ArrangementList<WordOccurence>::existsByKey(char*) [59]
[51]     0.0    0.00    0.00    2000         ArrangementList<WordOccurence>::existsByIndex(int) [51]
-----------------------------------------------
                0.00    0.00     513/1780        ArrangementList<WordOccurence>::create(char*, WordOccurence) [65]
                0.00    0.00    1267/1780        ArrangementListSorting<WordOccurence>::quickSortPartition(int, int, int*, int*, Item<WordOccurence>*, bool (*)(WordOccurence, WordOccurence, ArrangementList<std::__cxx11::basic_string<char, std::char_traits<char>, std::allocator<char> > >*)) [66]
[52]     0.0    0.00    0.00    1780         Item<WordOccurence>::operator=(Item<WordOccurence> const&) [52]
                0.00    0.00    1780/3122        WordOccurence::operator=(WordOccurence const&) [42]
-----------------------------------------------
                0.00    0.00    1597/1597        ArrangementListSorting<WordOccurence>::quickSortPartition(int, int, int*, int*, Item<WordOccurence>*, bool (*)(WordOccurence, WordOccurence, ArrangementList<std::__cxx11::basic_string<char, std::char_traits<char>, std::allocator<char> > >*)) [66]
[53]     0.0    0.00    0.00    1597         makeLexicographicalComparison(WordOccurence, WordOccurence, ArrangementList<std::__cxx11::basic_string<char, std::char_traits<char>, std::allocator<char> > >*) [53]
                0.00    0.00    3194/551848      void std::__cxx11::basic_string<char, std::char_traits<char>, std::allocator<char> >::_M_construct<char*>(char*, char*, std::forward_iterator_tag) [10]
                0.00    0.00    2790/8623        isSpecialCharacter(char) [30]
                0.00    0.00    2776/2776        getLexicographicalValue(char, ArrangementList<std::__cxx11::basic_string<char, std::char_traits<char>, std::allocator<char> > >*) [44]
-----------------------------------------------
                0.00    0.00    1028/1028        main [1]
[54]     0.0    0.00    0.00    1028         isTextConfig(std::__cxx11::basic_string<char, std::char_traits<char>, std::allocator<char> >) [54]
                0.00    0.00    1028/8634        castChar(std::__cxx11::basic_string<char, std::char_traits<char>, std::allocator<char> >) [29]
-----------------------------------------------
                0.00    0.00    1027/1027        main [1]
[55]     0.0    0.00    0.00    1027         isOrderingConfig(std::__cxx11::basic_string<char, std::char_traits<char>, std::allocator<char> >) [55]
                0.00    0.00    1027/8634        castChar(std::__cxx11::basic_string<char, std::char_traits<char>, std::allocator<char> >) [29]
-----------------------------------------------
                0.00    0.00    1000/1000        normalizeWord(std::__cxx11::basic_string<char, std::char_traits<char>, std::allocator<char> >) [57]
[56]     0.0    0.00    0.00    1000         lowerCaseWord(std::__cxx11::basic_string<char, std::char_traits<char>, std::allocator<char> >) [56]
                0.00    0.00    6833/6833        bool __gnu_cxx::operator!=<char*, std::__cxx11::basic_string<char, std::char_traits<char>, std::allocator<char> > >(__gnu_cxx::__normal_iterator<char*, std::__cxx11::basic_string<char, std::char_traits<char>, std::allocator<char> > > const&, __gnu_cxx::__normal_iterator<char*, std::__cxx11::basic_string<char, std::char_traits<char>, std::allocator<char> > > const&) [31]
                0.00    0.00    5833/5833        __gnu_cxx::__normal_iterator<char*, std::__cxx11::basic_string<char, std::char_traits<char>, std::allocator<char> > >::operator*() const [33]
                0.00    0.00    5833/8635        lowerCaseLetter(char) [26]
                0.00    0.00    5833/5833        __gnu_cxx::__normal_iterator<char*, std::__cxx11::basic_string<char, std::char_traits<char>, std::allocator<char> > >::operator++() [32]
-----------------------------------------------
                0.00    0.00    1000/1000        LexicographicAnalyser::readWord(std::__cxx11::basic_string<char, std::char_traits<char>, std::allocator<char> >) [61]
[57]     0.0    0.00    0.00    1000         normalizeWord(std::__cxx11::basic_string<char, std::char_traits<char>, std::allocator<char> >) [57]
                0.00    0.00    2000/551848      void std::__cxx11::basic_string<char, std::char_traits<char>, std::allocator<char> >::_M_construct<char*>(char*, char*, std::forward_iterator_tag) [10]
                0.00    0.00    1000/1000        lowerCaseWord(std::__cxx11::basic_string<char, std::char_traits<char>, std::allocator<char> >) [56]
                0.00    0.00    1000/1000        removeSpecialCharacters(std::__cxx11::basic_string<char, std::char_traits<char>, std::allocator<char> >) [58]
-----------------------------------------------
                0.00    0.00    1000/1000        normalizeWord(std::__cxx11::basic_string<char, std::char_traits<char>, std::allocator<char> >) [57]
[58]     0.0    0.00    0.00    1000         removeSpecialCharacters(std::__cxx11::basic_string<char, std::char_traits<char>, std::allocator<char> >) [58]
                0.00    0.00    5833/8623        isSpecialCharacter(char) [30]
                0.00    0.00    1000/551848      void std::__cxx11::basic_string<char, std::char_traits<char>, std::allocator<char> >::_M_construct<char*>(char*, char*, std::forward_iterator_tag) [10]
-----------------------------------------------
                0.00    0.00    1000/1000        LexicographicAnalyser::readWord(std::__cxx11::basic_string<char, std::char_traits<char>, std::allocator<char> >) [61]
[59]     0.0    0.00    0.00    1000         ArrangementList<WordOccurence>::existsByKey(char*) [59]
                0.00    0.00    1000/2829        ArrangementList<WordOccurence>::findIndex(char*, MemoryLogType) [43]
                0.00    0.00    1000/2000        ArrangementList<WordOccurence>::existsByIndex(int) [51]
-----------------------------------------------
                0.00    0.00     171/1000        LexicographicAnalyser::getResult(int, int) [92]
                0.00    0.00     829/1000        LexicographicAnalyser::readWord(std::__cxx11::basic_string<char, std::char_traits<char>, std::allocator<char> >) [61]
[60]     0.0    0.00    0.00    1000         ArrangementList<WordOccurence>::findByKey(char*) [60]
                0.00    0.00    1000/2829        ArrangementList<WordOccurence>::findIndex(char*, MemoryLogType) [43]
                0.00    0.00    1000/2000        ArrangementList<WordOccurence>::existsByIndex(int) [51]
                0.00    0.00    1000/214858      Item<WordOccurence>::Item(Item<WordOccurence> const&) [19]
-----------------------------------------------
                0.00    0.00    1000/1000        main [1]
[61]     0.0    0.00    0.00    1000         LexicographicAnalyser::readWord(std::__cxx11::basic_string<char, std::char_traits<char>, std::allocator<char> >) [61]
                0.00    0.00    2000/551848      void std::__cxx11::basic_string<char, std::char_traits<char>, std::allocator<char> >::_M_construct<char*>(char*, char*, std::forward_iterator_tag) [10]
                0.00    0.00    1171/220362      WordOccurence::~WordOccurence() [16]
                0.00    0.00    1000/1000        normalizeWord(std::__cxx11::basic_string<char, std::char_traits<char>, std::allocator<char> >) [57]
                0.00    0.00    1000/8634        castChar(std::__cxx11::basic_string<char, std::char_traits<char>, std::allocator<char> >) [29]
                0.00    0.00    1000/1000        ArrangementList<WordOccurence>::existsByKey(char*) [59]
                0.00    0.00    1000/219394      WordOccurence::WordOccurence(WordOccurence const&) [17]
                0.00    0.00     829/1000        ArrangementList<WordOccurence>::findByKey(char*) [60]
                0.00    0.00     829/829         ArrangementList<WordOccurence>::update(char*, WordOccurence) [62]
                0.00    0.00     829/215655      Item<WordOccurence>::~Item() [18]
                0.00    0.00     171/30968       WordOccurence::WordOccurence() [22]
                0.00    0.00     171/513         ArrangementList<WordOccurence>::create(char*, WordOccurence) [65]
-----------------------------------------------
                0.00    0.00     829/829         LexicographicAnalyser::readWord(std::__cxx11::basic_string<char, std::char_traits<char>, std::allocator<char> >) [61]
[62]     0.0    0.00    0.00     829         ArrangementList<WordOccurence>::update(char*, WordOccurence) [62]
                0.00    0.00     829/2829        ArrangementList<WordOccurence>::findIndex(char*, MemoryLogType) [43]
                0.00    0.00     829/3122        WordOccurence::operator=(WordOccurence const&) [42]
                0.00    0.00     829/2118        escreveMemLog(long, long, int) [50]
-----------------------------------------------
                0.00    0.00       1/517         ArrangementList<WordOccurence>::sort(bool (*)(WordOccurence, WordOccurence, ArrangementList<std::__cxx11::basic_string<char, std::char_traits<char>, std::allocator<char> > >*), ArrangementList<std::__cxx11::basic_string<char, std::char_traits<char>, std::allocator<char> > >*, int, int) [90]
                0.00    0.00     172/517         main [1]
                0.00    0.00     344/517         LexicographicAnalyser::getResult(int, int) [92]
[63]     0.0    0.00    0.00     517         ArrangementList<WordOccurence>::getSize() [63]
-----------------------------------------------
                0.00    0.00     171/513         main [1]
                0.00    0.00     342/513         LexicographicAnalyser::getResult(int, int) [92]
[64]     0.0    0.00    0.00     513         ArrangementList<WordOccurence>::findByIndex(int) [64]
                0.00    0.00     513/302439      leMemLog(long, long, int) [15]
                0.00    0.00     513/214858      Item<WordOccurence>::Item(Item<WordOccurence> const&) [19]
-----------------------------------------------
                0.00    0.00     171/513         LexicographicAnalyser::readWord(std::__cxx11::basic_string<char, std::char_traits<char>, std::allocator<char> >) [61]
                0.00    0.00     342/513         LexicographicAnalyser::getResult(int, int) [92]
[65]     0.0    0.00    0.00     513         ArrangementList<WordOccurence>::create(char*, WordOccurence) [65]
                0.00    0.00     513/30797       Item<WordOccurence>::Item() [23]
                0.00    0.00     513/3122        WordOccurence::operator=(WordOccurence const&) [42]
                0.00    0.00     513/1780        Item<WordOccurence>::operator=(Item<WordOccurence> const&) [52]
                0.00    0.00     513/2118        escreveMemLog(long, long, int) [50]
                0.00    0.00     513/215655      Item<WordOccurence>::~Item() [18]
-----------------------------------------------
                0.00    0.00     142/142         ArrangementListSorting<WordOccurence>::quickSortOrder(int, int, Item<WordOccurence>*, bool (*)(WordOccurence, WordOccurence, ArrangementList<std::__cxx11::basic_string<char, std::char_traits<char>, std::allocator<char> > >*)) [94]
[66]     0.0    0.00    0.00     142         ArrangementListSorting<WordOccurence>::quickSortPartition(int, int, int*, int*, Item<WordOccurence>*, bool (*)(WordOccurence, WordOccurence, ArrangementList<std::__cxx11::basic_string<char, std::char_traits<char>, std::allocator<char> > >*)) [66]
                0.00    0.00    3194/219394      WordOccurence::WordOccurence(WordOccurence const&) [17]
                0.00    0.00    3194/220362      WordOccurence::~WordOccurence() [16]
                0.00    0.00    1597/1597        makeLexicographicalComparison(WordOccurence, WordOccurence, ArrangementList<std::__cxx11::basic_string<char, std::char_traits<char>, std::allocator<char> > >*) [53]
                0.00    0.00    1267/1780        Item<WordOccurence>::operator=(Item<WordOccurence> const&) [52]
                0.00    0.00     781/302439      leMemLog(long, long, int) [15]
                0.00    0.00     750/2118        escreveMemLog(long, long, int) [50]
                0.00    0.00     284/30797       Item<WordOccurence>::Item() [23]
                0.00    0.00     284/215655      Item<WordOccurence>::~Item() [18]
-----------------------------------------------
                0.00    0.00      26/26          ArrangementList<std::__cxx11::basic_string<char, std::char_traits<char>, std::allocator<char> > >::create(int, std::__cxx11::basic_string<char, std::char_traits<char>, std::allocator<char> >) [68]
[67]     0.0    0.00    0.00      26         ArrangementList<std::__cxx11::basic_string<char, std::char_traits<char>, std::allocator<char> > >::create(char*, std::__cxx11::basic_string<char, std::char_traits<char>, std::allocator<char> >) [67]
                0.00    0.00      26/10026       Item<std::__cxx11::basic_string<char, std::char_traits<char>, std::allocator<char> > >::Item() [25]
                0.00    0.00      26/26          Item<std::__cxx11::basic_string<char, std::char_traits<char>, std::allocator<char> > >::operator=(Item<std::__cxx11::basic_string<char, std::char_traits<char>, std::allocator<char> > > const&) [70]
                0.00    0.00      26/2118        escreveMemLog(long, long, int) [50]
                0.00    0.00      26/90602       Item<std::__cxx11::basic_string<char, std::char_traits<char>, std::allocator<char> > >::~Item() [20]
-----------------------------------------------
                0.00    0.00      26/26          LexicographicAnalyser::readOrdering(std::__cxx11::basic_string<char, std::char_traits<char>, std::allocator<char> >) [69]
[68]     0.0    0.00    0.00      26         ArrangementList<std::__cxx11::basic_string<char, std::char_traits<char>, std::allocator<char> > >::create(int, std::__cxx11::basic_string<char, std::char_traits<char>, std::allocator<char> >) [68]
                0.00    0.00      26/551848      void std::__cxx11::basic_string<char, std::char_traits<char>, std::allocator<char> >::_M_construct<char*>(char*, char*, std::forward_iterator_tag) [10]
                0.00    0.00      26/5578        ArrangementList<std::__cxx11::basic_string<char, std::char_traits<char>, std::allocator<char> > >::castStringKey(int) [34]
                0.00    0.00      26/26          ArrangementList<std::__cxx11::basic_string<char, std::char_traits<char>, std::allocator<char> > >::create(char*, std::__cxx11::basic_string<char, std::char_traits<char>, std::allocator<char> >) [67]
-----------------------------------------------
                0.00    0.00      26/26          main [1]
[69]     0.0    0.00    0.00      26         LexicographicAnalyser::readOrdering(std::__cxx11::basic_string<char, std::char_traits<char>, std::allocator<char> >) [69]
                0.00    0.00      26/8635        lowerCaseLetter(char) [26]
                0.00    0.00      26/551848      void std::__cxx11::basic_string<char, std::char_traits<char>, std::allocator<char> >::_M_construct<char*>(char*, char*, std::forward_iterator_tag) [10]
                0.00    0.00      26/26          ArrangementList<std::__cxx11::basic_string<char, std::char_traits<char>, std::allocator<char> > >::create(int, std::__cxx11::basic_string<char, std::char_traits<char>, std::allocator<char> >) [68]
-----------------------------------------------
                0.00    0.00      26/26          ArrangementList<std::__cxx11::basic_string<char, std::char_traits<char>, std::allocator<char> > >::create(char*, std::__cxx11::basic_string<char, std::char_traits<char>, std::allocator<char> >) [67]
[70]     0.0    0.00    0.00      26         Item<std::__cxx11::basic_string<char, std::char_traits<char>, std::allocator<char> > >::operator=(Item<std::__cxx11::basic_string<char, std::char_traits<char>, std::allocator<char> > > const&) [70]
-----------------------------------------------
                0.00    0.00       1/3           LexicographicAnalyser::LexicographicAnalyser() [93]
                0.00    0.00       2/3           LexicographicAnalyser::getResult(int, int) [92]
[71]     0.0    0.00    0.00       3         ArrangementList<WordOccurence>::ArrangementList() [71]
                0.00    0.00   30000/30797       Item<WordOccurence>::Item() [23]
-----------------------------------------------
                0.00    0.00       1/1           __libc_csu_init [121]
[72]     0.0    0.00    0.00       1         _GLOBAL__sub_I__Z13normalizeWordNSt7__cxx1112basic_stringIcSt11char_traitsIcESaIcEEE [72]
                0.00    0.00       1/1           __static_initialization_and_destruction_0(int, int) [87]
-----------------------------------------------
                0.00    0.00       1/1           __libc_csu_init [121]
[73]     0.0    0.00    0.00       1         _GLOBAL__sub_I__Z16isOrderingConfigNSt7__cxx1112basic_stringIcSt11char_traitsIcESaIcEEE [73]
                0.00    0.00       1/1           __static_initialization_and_destruction_0(int, int) [82]
-----------------------------------------------
                0.00    0.00       1/1           __libc_csu_init [121]
[74]     0.0    0.00    0.00       1         _GLOBAL__sub_I__Z8castCharNSt7__cxx1112basic_stringIcSt11char_traitsIcESaIcEEE [74]
                0.00    0.00       1/1           __static_initialization_and_destruction_0(int, int) [88]
-----------------------------------------------
                0.00    0.00       1/1           __libc_csu_init [121]
[75]     0.0    0.00    0.00       1         _GLOBAL__sub_I__Z9parseArgsiPPc [75]
                0.00    0.00       1/1           __static_initialization_and_destruction_0(int, int) [81]
-----------------------------------------------
                0.00    0.00       1/1           __libc_csu_init [121]
[76]     0.0    0.00    0.00       1         _GLOBAL__sub_I__ZN21LexicographicAnalyserC2Ev [76]
                0.00    0.00       1/1           __static_initialization_and_destruction_0(int, int) [86]
-----------------------------------------------
                0.00    0.00       1/1           __libc_csu_init [121]
[77]     0.0    0.00    0.00       1         _GLOBAL__sub_I_main [77]
                0.00    0.00       1/1           __static_initialization_and_destruction_0(int, int) [83]
-----------------------------------------------
                0.00    0.00       1/1           main [1]
[78]     0.0    0.00    0.00       1         ativaMemLog() [78]
-----------------------------------------------
                0.00    0.00       1/1           main [1]
[79]     0.0    0.00    0.00       1         iniciaMemLog(char*) [79]
-----------------------------------------------
                0.00    0.00       1/1           main [1]
[80]     0.0    0.00    0.00       1         finalizaMemLog() [80]
                0.00    0.00       1/304558      clkDifMemLog(timespec, timespec, timespec*) [14]
-----------------------------------------------
                0.00    0.00       1/1           _GLOBAL__sub_I__Z9parseArgsiPPc [75]
[81]     0.0    0.00    0.00       1         __static_initialization_and_destruction_0(int, int) [81]
-----------------------------------------------
                0.00    0.00       1/1           _GLOBAL__sub_I__Z16isOrderingConfigNSt7__cxx1112basic_stringIcSt11char_traitsIcESaIcEEE [73]
[82]     0.0    0.00    0.00       1         __static_initialization_and_destruction_0(int, int) [82]
-----------------------------------------------
                0.00    0.00       1/1           _GLOBAL__sub_I_main [77]
[83]     0.0    0.00    0.00       1         __static_initialization_and_destruction_0(int, int) [83]
-----------------------------------------------
                                   1             __static_initialization_and_destruction_0(int, int) [84]
                0.00    0.00       1/1           __libc_csu_init [121]
[84]     0.0    0.00    0.00       1+1       __static_initialization_and_destruction_0(int, int) [84]
                                   1             __static_initialization_and_destruction_0(int, int) [84]
-----------------------------------------------
                                   1             __static_initialization_and_destruction_0(int, int) [85]
                0.00    0.00       1/1           __libc_csu_init [121]
[85]     0.0    0.00    0.00       1+1       __static_initialization_and_destruction_0(int, int) [85]
                                   1             __static_initialization_and_destruction_0(int, int) [85]
-----------------------------------------------
                0.00    0.00       1/1           _GLOBAL__sub_I__ZN21LexicographicAnalyserC2Ev [76]
[86]     0.0    0.00    0.00       1         __static_initialization_and_destruction_0(int, int) [86]
-----------------------------------------------
                0.00    0.00       1/1           _GLOBAL__sub_I__Z13normalizeWordNSt7__cxx1112basic_stringIcSt11char_traitsIcESaIcEEE [72]
[87]     0.0    0.00    0.00       1         __static_initialization_and_destruction_0(int, int) [87]
-----------------------------------------------
                0.00    0.00       1/1           _GLOBAL__sub_I__Z8castCharNSt7__cxx1112basic_stringIcSt11char_traitsIcESaIcEEE [74]
[88]     0.0    0.00    0.00       1         __static_initialization_and_destruction_0(int, int) [88]
-----------------------------------------------
                0.00    0.00       1/1           main [1]
[89]     0.0    0.00    0.00       1         parseArgs(int, char**) [89]
-----------------------------------------------
                0.00    0.00       1/1           LexicographicAnalyser::getResult(int, int) [92]
[90]     0.0    0.00    0.00       1         ArrangementList<WordOccurence>::sort(bool (*)(WordOccurence, WordOccurence, ArrangementList<std::__cxx11::basic_string<char, std::char_traits<char>, std::allocator<char> > >*), ArrangementList<std::__cxx11::basic_string<char, std::char_traits<char>, std::allocator<char> > >*, int, int) [90]
                0.00    0.00       1/517         ArrangementList<WordOccurence>::getSize() [63]
                0.00    0.00       1/1           ArrangementListSorting<WordOccurence>::ArrangementListSorting(int, ArrangementList<std::__cxx11::basic_string<char, std::char_traits<char>, std::allocator<char> > >*, int, int) [96]
                0.00    0.00       1/1           ArrangementListSorting<WordOccurence>::quickSort(Item<WordOccurence>*, bool (*)(WordOccurence, WordOccurence, ArrangementList<std::__cxx11::basic_string<char, std::char_traits<char>, std::allocator<char> > >*)) [95]
-----------------------------------------------
                0.00    0.00       1/1           LexicographicAnalyser::LexicographicAnalyser() [93]
[91]     0.0    0.00    0.00       1         ArrangementList<std::__cxx11::basic_string<char, std::char_traits<char>, std::allocator<char> > >::ArrangementList() [91]
                0.00    0.00   10000/10026       Item<std::__cxx11::basic_string<char, std::char_traits<char>, std::allocator<char> > >::Item() [25]
-----------------------------------------------
                0.00    0.00       1/1           main [1]
[92]     0.0    0.00    0.00       1         LexicographicAnalyser::getResult(int, int) [92]
                0.00    0.00     513/215655      Item<WordOccurence>::~Item() [18]
                0.00    0.00     344/517         ArrangementList<WordOccurence>::getSize() [63]
                0.00    0.00     342/513         ArrangementList<WordOccurence>::findByIndex(int) [64]
                0.00    0.00     342/219394      WordOccurence::WordOccurence(WordOccurence const&) [17]
                0.00    0.00     342/513         ArrangementList<WordOccurence>::create(char*, WordOccurence) [65]
                0.00    0.00     342/220362      WordOccurence::~WordOccurence() [16]
                0.00    0.00     171/1000        ArrangementList<WordOccurence>::findByKey(char*) [60]
                0.00    0.00       2/3           ArrangementList<WordOccurence>::ArrangementList() [71]
                0.00    0.00       1/1           ArrangementList<WordOccurence>::sort(bool (*)(WordOccurence, WordOccurence, ArrangementList<std::__cxx11::basic_string<char, std::char_traits<char>, std::allocator<char> > >*), ArrangementList<std::__cxx11::basic_string<char, std::char_traits<char>, std::allocator<char> > >*, int, int) [90]
-----------------------------------------------
                0.00    0.00       1/1           main [1]
[93]     0.0    0.00    0.00       1         LexicographicAnalyser::LexicographicAnalyser() [93]
                0.00    0.00       1/3           ArrangementList<WordOccurence>::ArrangementList() [71]
                0.00    0.00       1/1           ArrangementList<std::__cxx11::basic_string<char, std::char_traits<char>, std::allocator<char> > >::ArrangementList() [91]
-----------------------------------------------
                                 141             ArrangementListSorting<WordOccurence>::quickSortOrder(int, int, Item<WordOccurence>*, bool (*)(WordOccurence, WordOccurence, ArrangementList<std::__cxx11::basic_string<char, std::char_traits<char>, std::allocator<char> > >*)) [94]
                0.00    0.00       1/1           ArrangementListSorting<WordOccurence>::quickSort(Item<WordOccurence>*, bool (*)(WordOccurence, WordOccurence, ArrangementList<std::__cxx11::basic_string<char, std::char_traits<char>, std::allocator<char> > >*)) [95]
[94]     0.0    0.00    0.00       1+141     ArrangementListSorting<WordOccurence>::quickSortOrder(int, int, Item<WordOccurence>*, bool (*)(WordOccurence, WordOccurence, ArrangementList<std::__cxx11::basic_string<char, std::char_traits<char>, std::allocator<char> > >*)) [94]
                0.00    0.00     142/142         ArrangementListSorting<WordOccurence>::quickSortPartition(int, int, int*, int*, Item<WordOccurence>*, bool (*)(WordOccurence, WordOccurence, ArrangementList<std::__cxx11::basic_string<char, std::char_traits<char>, std::allocator<char> > >*)) [66]
                                 141             ArrangementListSorting<WordOccurence>::quickSortOrder(int, int, Item<WordOccurence>*, bool (*)(WordOccurence, WordOccurence, ArrangementList<std::__cxx11::basic_string<char, std::char_traits<char>, std::allocator<char> > >*)) [94]
-----------------------------------------------
                0.00    0.00       1/1           ArrangementList<WordOccurence>::sort(bool (*)(WordOccurence, WordOccurence, ArrangementList<std::__cxx11::basic_string<char, std::char_traits<char>, std::allocator<char> > >*), ArrangementList<std::__cxx11::basic_string<char, std::char_traits<char>, std::allocator<char> > >*, int, int) [90]
[95]     0.0    0.00    0.00       1         ArrangementListSorting<WordOccurence>::quickSort(Item<WordOccurence>*, bool (*)(WordOccurence, WordOccurence, ArrangementList<std::__cxx11::basic_string<char, std::char_traits<char>, std::allocator<char> > >*)) [95]
                0.00    0.00       1/1           ArrangementListSorting<WordOccurence>::quickSortOrder(int, int, Item<WordOccurence>*, bool (*)(WordOccurence, WordOccurence, ArrangementList<std::__cxx11::basic_string<char, std::char_traits<char>, std::allocator<char> > >*)) [94]
-----------------------------------------------
                0.00    0.00       1/1           ArrangementList<WordOccurence>::sort(bool (*)(WordOccurence, WordOccurence, ArrangementList<std::__cxx11::basic_string<char, std::char_traits<char>, std::allocator<char> > >*), ArrangementList<std::__cxx11::basic_string<char, std::char_traits<char>, std::allocator<char> > >*, int, int) [90]
[96]     0.0    0.00    0.00       1         ArrangementListSorting<WordOccurence>::ArrangementListSorting(int, ArrangementList<std::__cxx11::basic_string<char, std::char_traits<char>, std::allocator<char> > >*, int, int) [96]
-----------------------------------------------

 This table describes the call tree of the program, and was sorted by
 the total amount of time spent in each function and its children.

 Each entry in this table consists of several lines.  The line with the
 index number at the left hand margin lists the current function.
 The lines above it list the functions that called this function,
 and the lines below it list the functions this one called.
 This line lists:
     index	A unique number given to each element of the table.
		Index numbers are sorted numerically.
		The index number is printed next to every function name so
		it is easier to look up where the function is in the table.

     % time	This is the percentage of the `total' time that was spent
		in this function and its children.  Note that due to
		different viewpoints, functions excluded by options, etc,
		these numbers will NOT add up to 100%.

     self	This is the total amount of time spent in this function.

     children	This is the total amount of time propagated into this
		function by its children.

     called	This is the number of times the function was called.
		If the function called itself recursively, the number
		only includes non-recursive calls, and is followed by
		a `+' and the number of recursive calls.

     name	The name of the current function.  The index number is
		printed after it.  If the function is a member of a
		cycle, the cycle number is printed between the
		function's name and the index number.


 For the function's parents, the fields have the following meanings:

     self	This is the amount of time that was propagated directly
		from the function into this parent.

     children	This is the amount of time that was propagated from
		the function's children into this parent.

     called	This is the number of times this parent called the
		function `/' the total number of times the function
		was called.  Recursive calls to the function are not
		included in the number after the `/'.

     name	This is the name of the parent.  The parent's index
		number is printed after it.  If the parent is a
		member of a cycle, the cycle number is printed between
		the name and the index number.

 If the parents of the function cannot be determined, the word
 `<spontaneous>' is printed in the `name' field, and all the other
 fields are blank.

 For the function's children, the fields have the following meanings:

     self	This is the amount of time that was propagated directly
		from the child into the function.

     children	This is the amount of time that was propagated from the
		child's children to the function.

     called	This is the number of times the function called
		this child `/' the total number of times the child
		was called.  Recursive calls by the child are not
		listed in the number after the `/'.

     name	This is the name of the child.  The child's index
		number is printed after it.  If the child is a
		member of a cycle, the cycle number is printed
		between the name and the index number.

 If there are any cycles (circles) in the call graph, there is an
 entry for the cycle-as-a-whole.  This entry shows who called the
 cycle (as parents) and the members of the cycle (as children.)
 The `+' recursive calls entry shows the number of function calls that
 were internal to the cycle, and the calls entry for each member shows,
 for that member, how many times it was called from other members of
 the cycle.

Copyright (C) 2012-2018 Free Software Foundation, Inc.

Copying and distribution of this file, with or without modification,
are permitted in any medium without royalty provided the copyright
notice and this notice are preserved.

Index by function name

  [72] _GLOBAL__sub_I__Z13normalizeWordNSt7__cxx1112basic_stringIcSt11char_traitsIcESaIcEEE (lexicographic-util.cpp) [15] leMemLog(long, long, int) [93] LexicographicAnalyser::LexicographicAnalyser()
  [73] _GLOBAL__sub_I__Z16isOrderingConfigNSt7__cxx1112basic_stringIcSt11char_traitsIcESaIcEEE (app-validation.cpp) [89] parseArgs(int, char**) [94] ArrangementListSorting<WordOccurence>::quickSortOrder(int, int, Item<WordOccurence>*, bool (*)(WordOccurence, WordOccurence, ArrangementList<std::__cxx11::basic_string<char, std::char_traits<char>, std::allocator<char> > >*))
  [74] _GLOBAL__sub_I__Z8castCharNSt7__cxx1112basic_stringIcSt11char_traitsIcESaIcEEE (shared-util.cpp) [22] WordOccurence::WordOccurence() [66] ArrangementListSorting<WordOccurence>::quickSortPartition(int, int, int*, int*, Item<WordOccurence>*, bool (*)(WordOccurence, WordOccurence, ArrangementList<std::__cxx11::basic_string<char, std::char_traits<char>, std::allocator<char> > >*))
  [75] _GLOBAL__sub_I__Z9parseArgsiPPc (app-util.cpp) [17] WordOccurence::WordOccurence(WordOccurence const&) [95] ArrangementListSorting<WordOccurence>::quickSort(Item<WordOccurence>*, bool (*)(WordOccurence, WordOccurence, ArrangementList<std::__cxx11::basic_string<char, std::char_traits<char>, std::allocator<char> > >*))
  [76] _GLOBAL__sub_I__ZN21LexicographicAnalyserC2Ev (lexicographic-analyser.cpp) [16] WordOccurence::~WordOccurence() [96] ArrangementListSorting<WordOccurence>::ArrangementListSorting(int, ArrangementList<std::__cxx11::basic_string<char, std::char_traits<char>, std::allocator<char> > >*, int, int)
  [77] _GLOBAL__sub_I_main (app.cpp) [42] WordOccurence::operator=(WordOccurence const&) [19] Item<WordOccurence>::Item(Item<WordOccurence> const&)
  [78] ativaMemLog()          [59] ArrangementList<WordOccurence>::existsByKey(char*) [23] Item<WordOccurence>::Item()
  [14] clkDifMemLog(timespec, timespec, timespec*) [64] ArrangementList<WordOccurence>::findByIndex(int) [18] Item<WordOccurence>::~Item()
  [79] iniciaMemLog(char*)    [51] ArrangementList<WordOccurence>::existsByIndex(int) [52] Item<WordOccurence>::operator=(Item<WordOccurence> const&)
  [54] isTextConfig(std::__cxx11::basic_string<char, std::char_traits<char>, std::allocator<char> >) [90] ArrangementList<WordOccurence>::sort(bool (*)(WordOccurence, WordOccurence, ArrangementList<std::__cxx11::basic_string<char, std::char_traits<char>, std::allocator<char> > >*), ArrangementList<std::__cxx11::basic_string<char, std::char_traits<char>, std::allocator<char> > >*, int, int) [25] Item<std::__cxx11::basic_string<char, std::char_traits<char>, std::allocator<char> > >::Item()
  [50] escreveMemLog(long, long, int) [65] ArrangementList<WordOccurence>::create(char*, WordOccurence) [21] Item<std::__cxx11::basic_string<char, std::char_traits<char>, std::allocator<char> > >::Item(Item<std::__cxx11::basic_string<char, std::char_traits<char>, std::allocator<char> > > const&)
  [56] lowerCaseWord(std::__cxx11::basic_string<char, std::char_traits<char>, std::allocator<char> >) [62] ArrangementList<WordOccurence>::update(char*, WordOccurence) [20] Item<std::__cxx11::basic_string<char, std::char_traits<char>, std::allocator<char> > >::~Item()
  [57] normalizeWord(std::__cxx11::basic_string<char, std::char_traits<char>, std::allocator<char> >) [63] ArrangementList<WordOccurence>::getSize() [70] Item<std::__cxx11::basic_string<char, std::char_traits<char>, std::allocator<char> > >::operator=(Item<std::__cxx11::basic_string<char, std::char_traits<char>, std::allocator<char> > > const&)
  [80] finalizaMemLog()       [60] ArrangementList<WordOccurence>::findByKey(char*) [35] std::__cxx11::basic_string<char, std::char_traits<char>, std::allocator<char> > __gnu_cxx::__to_xstring<std::__cxx11::basic_string<char, std::char_traits<char>, std::allocator<char> >, char>(int (*)(char*, unsigned long, char const*, __va_list_tag*), unsigned long, char const*, ...)
  [26] lowerCaseLetter(char)  [43] ArrangementList<WordOccurence>::findIndex(char*, MemoryLogType) [9] bool __gnu_cxx::__is_null_pointer<char>(char*)
   [2] defineFaseMemLog(int)  [71] ArrangementList<WordOccurence>::ArrangementList() [32] __gnu_cxx::__normal_iterator<char*, std::__cxx11::basic_string<char, std::char_traits<char>, std::allocator<char> > >::operator++()
  [55] isOrderingConfig(std::__cxx11::basic_string<char, std::char_traits<char>, std::allocator<char> >) [45] ArrangementList<std::__cxx11::basic_string<char, std::char_traits<char>, std::allocator<char> > >::existsByKey(char*) [31] bool __gnu_cxx::operator!=<char*, std::__cxx11::basic_string<char, std::char_traits<char>, std::allocator<char> > >(__gnu_cxx::__normal_iterator<char*, std::__cxx11::basic_string<char, std::char_traits<char>, std::allocator<char> > > const&, __gnu_cxx::__normal_iterator<char*, std::__cxx11::basic_string<char, std::char_traits<char>, std::allocator<char> > > const&)
  [30] isSpecialCharacter(char) [46] ArrangementList<std::__cxx11::basic_string<char, std::char_traits<char>, std::allocator<char> > >::existsByKey(int) [24] __gnu_cxx::__normal_iterator<char*, std::__cxx11::basic_string<char, std::char_traits<char>, std::allocator<char> > >::base() const
  [44] getLexicographicalValue(char, ArrangementList<std::__cxx11::basic_string<char, std::char_traits<char>, std::allocator<char> > >*) [34] ArrangementList<std::__cxx11::basic_string<char, std::char_traits<char>, std::allocator<char> > >::castStringKey(int) [33] __gnu_cxx::__normal_iterator<char*, std::__cxx11::basic_string<char, std::char_traits<char>, std::allocator<char> > >::operator*() const
  [58] removeSpecialCharacters(std::__cxx11::basic_string<char, std::char_traits<char>, std::allocator<char> >) [40] ArrangementList<std::__cxx11::basic_string<char, std::char_traits<char>, std::allocator<char> > >::existsByIndex(int) [27] std::ctype<char>::tolower(char) const
  [53] makeLexicographicalComparison(WordOccurence, WordOccurence, ArrangementList<std::__cxx11::basic_string<char, std::char_traits<char>, std::allocator<char> > >*) [67] ArrangementList<std::__cxx11::basic_string<char, std::char_traits<char>, std::allocator<char> > >::create(char*, std::__cxx11::basic_string<char, std::char_traits<char>, std::allocator<char> >) [36] void std::__cxx11::basic_string<char, std::char_traits<char>, std::allocator<char> >::_M_construct<char*>(char*, char*)
  [81] __static_initialization_and_destruction_0(int, int) (app-util.cpp) [68] ArrangementList<std::__cxx11::basic_string<char, std::char_traits<char>, std::allocator<char> > >::create(int, std::__cxx11::basic_string<char, std::char_traits<char>, std::allocator<char> >) [10] void std::__cxx11::basic_string<char, std::char_traits<char>, std::allocator<char> >::_M_construct<char*>(char*, char*, std::forward_iterator_tag)
  [82] __static_initialization_and_destruction_0(int, int) (app-validation.cpp) [47] ArrangementList<std::__cxx11::basic_string<char, std::char_traits<char>, std::allocator<char> > >::getSize() [37] void std::__cxx11::basic_string<char, std::char_traits<char>, std::allocator<char> >::_M_construct_aux<char*>(char*, char*, std::__false_type)
  [83] __static_initialization_and_destruction_0(int, int) (app.cpp) [48] ArrangementList<std::__cxx11::basic_string<char, std::char_traits<char>, std::allocator<char> > >::findByKey(char*) [38] std::__cxx11::basic_string<char, std::char_traits<char>, std::allocator<char> >::basic_string<char*, void>(char*, char*, std::allocator<char> const&)
  [84] __static_initialization_and_destruction_0(int, int) (arrangement-list-sorting.cpp) [49] ArrangementList<std::__cxx11::basic_string<char, std::char_traits<char>, std::allocator<char> > >::findByKey(int) [39] std::__cxx11::to_string(int)
  [85] __static_initialization_and_destruction_0(int, int) (arrangement-list.cpp) [41] ArrangementList<std::__cxx11::basic_string<char, std::char_traits<char>, std::allocator<char> > >::findIndex(char*, MemoryLogType) [11] std::iterator_traits<char*>::difference_type std::__distance<char*>(char*, char*, std::random_access_iterator_tag)
  [86] __static_initialization_and_destruction_0(int, int) (lexicographic-analyser.cpp) [91] ArrangementList<std::__cxx11::basic_string<char, std::char_traits<char>, std::allocator<char> > >::ArrangementList() [12] std::iterator_traits<char*>::iterator_category std::__iterator_category<char*>(char* const&)
  [87] __static_initialization_and_destruction_0(int, int) (lexicographic-util.cpp) [69] LexicographicAnalyser::readOrdering(std::__cxx11::basic_string<char, std::char_traits<char>, std::allocator<char> >) [28] char std::tolower<char>(char, std::locale const&)
  [88] __static_initialization_and_destruction_0(int, int) (shared-util.cpp) [61] LexicographicAnalyser::readWord(std::__cxx11::basic_string<char, std::char_traits<char>, std::allocator<char> >) [13] std::iterator_traits<char*>::difference_type std::distance<char*>(char*, char*)
  [29] castChar(std::__cxx11::basic_string<char, std::char_traits<char>, std::allocator<char> >) [92] LexicographicAnalyser::getResult(int, int)
