Flat profile:

Each sample counts as 0.01 seconds.
  %   cumulative   self              self     total           
 time   seconds   seconds    calls  ms/call  ms/call  name    
100.02      0.01     0.01   532146     0.00     0.00  leMemLog(long, long, int)
  0.00      0.01     0.00  1020980     0.00     0.00  bool __gnu_cxx::__is_null_pointer<char>(char*)
  0.00      0.01     0.00  1020980     0.00     0.00  void std::__cxx11::basic_string<char, std::char_traits<char>, std::allocator<char> >::_M_construct<char*>(char*, char*, std::forward_iterator_tag)
  0.00      0.01     0.00  1020980     0.00     0.00  std::iterator_traits<char*>::difference_type std::__distance<char*>(char*, char*, std::random_access_iterator_tag)
  0.00      0.01     0.00  1020980     0.00     0.00  std::iterator_traits<char*>::iterator_category std::__iterator_category<char*>(char* const&)
  0.00      0.01     0.00  1020980     0.00     0.00  std::iterator_traits<char*>::difference_type std::distance<char*>(char*, char*)
  0.00      0.01     0.00   535358     0.00     0.00  clkDifMemLog(timespec, timespec, timespec*)
  0.00      0.01     0.00   448311     0.00     0.00  WordOccurence::~WordOccurence()
  0.00      0.01     0.00   447247     0.00     0.00  WordOccurence::WordOccurence(WordOccurence const&)
  0.00      0.01     0.00   442305     0.00     0.00  Item<WordOccurence>::~Item()
  0.00      0.01     0.00   441428     0.00     0.00  Item<WordOccurence>::Item(Item<WordOccurence> const&)
  0.00      0.01     0.00    94896     0.00     0.00  Item<std::__cxx11::basic_string<char, std::char_traits<char>, std::allocator<char> > >::~Item()
  0.00      0.01     0.00    94870     0.00     0.00  Item<std::__cxx11::basic_string<char, std::char_traits<char>, std::allocator<char> > >::Item(Item<std::__cxx11::basic_string<char, std::char_traits<char>, std::allocator<char> > > const&)
  0.00      0.01     0.00    31064     0.00     0.00  WordOccurence::WordOccurence()
  0.00      0.01     0.00    30877     0.00     0.00  Item<WordOccurence>::Item()
  0.00      0.01     0.00    27418     0.00     0.00  __gnu_cxx::__normal_iterator<char*, std::__cxx11::basic_string<char, std::char_traits<char>, std::allocator<char> > >::base() const
  0.00      0.01     0.00    14734     0.00     0.00  lowerCaseLetter(char)
  0.00      0.01     0.00    14734     0.00     0.00  std::ctype<char>::tolower(char) const
  0.00      0.01     0.00    14734     0.00     0.00  char std::tolower<char>(char, std::locale const&)
  0.00      0.01     0.00    14730     0.00     0.00  isSpecialCharacter(char)
  0.00      0.01     0.00    13709     0.00     0.00  bool __gnu_cxx::operator!=<char*, std::__cxx11::basic_string<char, std::char_traits<char>, std::allocator<char> > >(__gnu_cxx::__normal_iterator<char*, std::__cxx11::basic_string<char, std::char_traits<char>, std::allocator<char> > > const&, __gnu_cxx::__normal_iterator<char*, std::__cxx11::basic_string<char, std::char_traits<char>, std::allocator<char> > > const&)
  0.00      0.01     0.00    12075     0.00     0.00  castChar(std::__cxx11::basic_string<char, std::char_traits<char>, std::allocator<char> >)
  0.00      0.01     0.00    11710     0.00     0.00  __gnu_cxx::__normal_iterator<char*, std::__cxx11::basic_string<char, std::char_traits<char>, std::allocator<char> > >::operator++()
  0.00      0.01     0.00    11710     0.00     0.00  __gnu_cxx::__normal_iterator<char*, std::__cxx11::basic_string<char, std::char_traits<char>, std::allocator<char> > >::operator*() const
  0.00      0.01     0.00    10026     0.00     0.00  Item<std::__cxx11::basic_string<char, std::char_traits<char>, std::allocator<char> > >::Item()
  0.00      0.01     0.00     6022     0.00     0.00  ArrangementList<std::__cxx11::basic_string<char, std::char_traits<char>, std::allocator<char> > >::castStringKey(int)
  0.00      0.01     0.00     6022     0.00     0.00  std::__cxx11::basic_string<char, std::char_traits<char>, std::allocator<char> > __gnu_cxx::__to_xstring<std::__cxx11::basic_string<char, std::char_traits<char>, std::allocator<char> >, char>(int (*)(char*, unsigned long, char const*, __va_list_tag*), unsigned long, char const*, ...)
  0.00      0.01     0.00     6022     0.00     0.00  void std::__cxx11::basic_string<char, std::char_traits<char>, std::allocator<char> >::_M_construct<char*>(char*, char*)
  0.00      0.01     0.00     6022     0.00     0.00  void std::__cxx11::basic_string<char, std::char_traits<char>, std::allocator<char> >::_M_construct_aux<char*>(char*, char*, std::__false_type)
  0.00      0.01     0.00     6022     0.00     0.00  std::__cxx11::basic_string<char, std::char_traits<char>, std::allocator<char> >::basic_string<char*, void>(char*, char*, std::allocator<char> const&)
  0.00      0.01     0.00     6022     0.00     0.00  std::__cxx11::to_string(int)
  0.00      0.01     0.00     5996     0.00     0.00  ArrangementList<std::__cxx11::basic_string<char, std::char_traits<char>, std::allocator<char> > >::existsByIndex(int)
  0.00      0.01     0.00     5996     0.00     0.00  ArrangementList<std::__cxx11::basic_string<char, std::char_traits<char>, std::allocator<char> > >::findIndex(char*, MemoryLogType)
  0.00      0.01     0.00     5810     0.00     0.00  ArrangementList<WordOccurence>::findIndex(char*, MemoryLogType)
  0.00      0.01     0.00     4310     0.00     0.00  WordOccurence::operator=(WordOccurence const&)
  0.00      0.01     0.00     3998     0.00     0.00  ArrangementList<WordOccurence>::existsByIndex(int)
  0.00      0.01     0.00     3211     0.00     0.00  escreveMemLog(long, long, int)
  0.00      0.01     0.00     2998     0.00     0.00  getLexicographicalValue(char, ArrangementList<std::__cxx11::basic_string<char, std::char_traits<char>, std::allocator<char> > >*)
  0.00      0.01     0.00     2998     0.00     0.00  ArrangementList<std::__cxx11::basic_string<char, std::char_traits<char>, std::allocator<char> > >::existsByKey(char*)
  0.00      0.01     0.00     2998     0.00     0.00  ArrangementList<std::__cxx11::basic_string<char, std::char_traits<char>, std::allocator<char> > >::existsByKey(int)
  0.00      0.01     0.00     2998     0.00     0.00  ArrangementList<std::__cxx11::basic_string<char, std::char_traits<char>, std::allocator<char> > >::getSize()
  0.00      0.01     0.00     2998     0.00     0.00  ArrangementList<std::__cxx11::basic_string<char, std::char_traits<char>, std::allocator<char> > >::findByKey(char*)
  0.00      0.01     0.00     2998     0.00     0.00  ArrangementList<std::__cxx11::basic_string<char, std::char_traits<char>, std::allocator<char> > >::findByKey(int)
  0.00      0.01     0.00     2027     0.00     0.00  isTextConfig(std::__cxx11::basic_string<char, std::char_traits<char>, std::allocator<char> >)
  0.00      0.01     0.00     2026     0.00     0.00  defineFaseMemLog(int)
  0.00      0.01     0.00     2026     0.00     0.00  isOrderingConfig(std::__cxx11::basic_string<char, std::char_traits<char>, std::allocator<char> >)
  0.00      0.01     0.00     1999     0.00     0.00  lowerCaseWord(std::__cxx11::basic_string<char, std::char_traits<char>, std::allocator<char> >)
  0.00      0.01     0.00     1999     0.00     0.00  normalizeWord(std::__cxx11::basic_string<char, std::char_traits<char>, std::allocator<char> >)
  0.00      0.01     0.00     1999     0.00     0.00  removeSpecialCharacters(std::__cxx11::basic_string<char, std::char_traits<char>, std::allocator<char> >)
  0.00      0.01     0.00     1999     0.00     0.00  ArrangementList<WordOccurence>::existsByKey(char*)
  0.00      0.01     0.00     1999     0.00     0.00  ArrangementList<WordOccurence>::findByKey(char*)
  0.00      0.01     0.00     1999     0.00     0.00  LexicographicAnalyser::readWord(std::__cxx11::basic_string<char, std::char_traits<char>, std::allocator<char> >)
  0.00      0.01     0.00     1937     0.00     0.00  Item<WordOccurence>::operator=(Item<WordOccurence> const&)
  0.00      0.01     0.00     1812     0.00     0.00  ArrangementList<WordOccurence>::update(char*, WordOccurence)
  0.00      0.01     0.00     1723     0.00     0.00  makeLexicographicalComparison(WordOccurence, WordOccurence, ArrangementList<std::__cxx11::basic_string<char, std::char_traits<char>, std::allocator<char> > >*)
  0.00      0.01     0.00      565     0.00     0.00  ArrangementList<WordOccurence>::getSize()
  0.00      0.01     0.00      561     0.00     0.00  ArrangementList<WordOccurence>::findByIndex(int)
  0.00      0.01     0.00      561     0.00     0.00  ArrangementList<WordOccurence>::create(char*, WordOccurence)
  0.00      0.01     0.00      158     0.00     0.01  ArrangementListSorting<WordOccurence>::quickSortPartition(int, int, int*, int*, Item<WordOccurence>*, bool (*)(WordOccurence, WordOccurence, ArrangementList<std::__cxx11::basic_string<char, std::char_traits<char>, std::allocator<char> > >*))
  0.00      0.01     0.00       26     0.00     0.00  ArrangementList<std::__cxx11::basic_string<char, std::char_traits<char>, std::allocator<char> > >::create(char*, std::__cxx11::basic_string<char, std::char_traits<char>, std::allocator<char> >)
  0.00      0.01     0.00       26     0.00     0.00  ArrangementList<std::__cxx11::basic_string<char, std::char_traits<char>, std::allocator<char> > >::create(int, std::__cxx11::basic_string<char, std::char_traits<char>, std::allocator<char> >)
  0.00      0.01     0.00       26     0.00     0.00  LexicographicAnalyser::readOrdering(std::__cxx11::basic_string<char, std::char_traits<char>, std::allocator<char> >)
  0.00      0.01     0.00       26     0.00     0.00  Item<std::__cxx11::basic_string<char, std::char_traits<char>, std::allocator<char> > >::operator=(Item<std::__cxx11::basic_string<char, std::char_traits<char>, std::allocator<char> > > const&)
  0.00      0.01     0.00        3     0.00     0.00  ArrangementList<WordOccurence>::ArrangementList()
  0.00      0.01     0.00        1     0.00     0.00  _GLOBAL__sub_I__Z13normalizeWordNSt7__cxx1112basic_stringIcSt11char_traitsIcESaIcEEE
  0.00      0.01     0.00        1     0.00     0.00  _GLOBAL__sub_I__Z16isOrderingConfigNSt7__cxx1112basic_stringIcSt11char_traitsIcESaIcEEE
  0.00      0.01     0.00        1     0.00     0.00  _GLOBAL__sub_I__Z8castCharNSt7__cxx1112basic_stringIcSt11char_traitsIcESaIcEEE
  0.00      0.01     0.00        1     0.00     0.00  _GLOBAL__sub_I__Z9parseArgsiPPc
  0.00      0.01     0.00        1     0.00     0.00  _GLOBAL__sub_I__ZN21LexicographicAnalyserC2Ev
  0.00      0.01     0.00        1     0.00     0.00  _GLOBAL__sub_I_main
  0.00      0.01     0.00        1     0.00     0.00  ativaMemLog()
  0.00      0.01     0.00        1     0.00     0.00  iniciaMemLog(char*)
  0.00      0.01     0.00        1     0.00     0.00  finalizaMemLog()
  0.00      0.01     0.00        1     0.00     0.00  __static_initialization_and_destruction_0(int, int)
  0.00      0.01     0.00        1     0.00     0.00  __static_initialization_and_destruction_0(int, int)
  0.00      0.01     0.00        1     0.00     0.00  __static_initialization_and_destruction_0(int, int)
  0.00      0.01     0.00        1     0.00     0.00  __static_initialization_and_destruction_0(int, int)
  0.00      0.01     0.00        1     0.00     0.00  __static_initialization_and_destruction_0(int, int)
  0.00      0.01     0.00        1     0.00     0.00  __static_initialization_and_destruction_0(int, int)
  0.00      0.01     0.00        1     0.00     0.00  __static_initialization_and_destruction_0(int, int)
  0.00      0.01     0.00        1     0.00     0.00  __static_initialization_and_destruction_0(int, int)
  0.00      0.01     0.00        1     0.00     0.00  parseArgs(int, char**)
  0.00      0.01     0.00        1     0.00     1.74  ArrangementList<WordOccurence>::sort(bool (*)(WordOccurence, WordOccurence, ArrangementList<std::__cxx11::basic_string<char, std::char_traits<char>, std::allocator<char> > >*), ArrangementList<std::__cxx11::basic_string<char, std::char_traits<char>, std::allocator<char> > >*, int, int)
  0.00      0.01     0.00        1     0.00     0.00  ArrangementList<std::__cxx11::basic_string<char, std::char_traits<char>, std::allocator<char> > >::ArrangementList()
  0.00      0.01     0.00        1     0.00     2.02  LexicographicAnalyser::getResult(int, int)
  0.00      0.01     0.00        1     0.00     0.00  LexicographicAnalyser::LexicographicAnalyser()
  0.00      0.01     0.00        1     0.00     1.74  ArrangementListSorting<WordOccurence>::quickSortOrder(int, int, Item<WordOccurence>*, bool (*)(WordOccurence, WordOccurence, ArrangementList<std::__cxx11::basic_string<char, std::char_traits<char>, std::allocator<char> > >*))
  0.00      0.01     0.00        1     0.00     1.74  ArrangementListSorting<WordOccurence>::quickSort(Item<WordOccurence>*, bool (*)(WordOccurence, WordOccurence, ArrangementList<std::__cxx11::basic_string<char, std::char_traits<char>, std::allocator<char> > >*))
  0.00      0.01     0.00        1     0.00     0.00  ArrangementListSorting<WordOccurence>::ArrangementListSorting(int, ArrangementList<std::__cxx11::basic_string<char, std::char_traits<char>, std::allocator<char> > >*, int, int)

 %         the percentage of the total running time of the
time       program used by this function.

cumulative a running sum of the number of seconds accounted
 seconds   for by this function and those listed above it.

 self      the number of seconds accounted for by this
seconds    function alone.  This is the major sort for this
           listing.

calls      the number of times this function was invoked, if
           this function is profiled, else blank.

 self      the average number of milliseconds spent in this
ms/call    function per call, if this function is profiled,
	   else blank.

 total     the average number of milliseconds spent in this
ms/call    function and its descendents per call, if this
	   function is profiled, else blank.

name       the name of the function.  This is the minor sort
           for this listing. The index shows the location of
	   the function in the gprof listing. If the index is
	   in parenthesis it shows where it would appear in
	   the gprof listing if it were to be printed.

Copyright (C) 2012-2018 Free Software Foundation, Inc.

Copying and distribution of this file, with or without modification,
are permitted in any medium without royalty provided the copyright
notice and this notice are preserved.

		     Call graph (explanation follows)


granularity: each sample hit covers 2 byte(s) for 99.98% of 0.01 seconds

index % time    self  children    called     name
                0.00    0.00     561/532146      ArrangementList<WordOccurence>::findByIndex(int) [20]
                0.00    0.00     845/532146      ArrangementListSorting<WordOccurence>::quickSortPartition(int, int, int*, int*, Item<WordOccurence>*, bool (*)(WordOccurence, WordOccurence, ArrangementList<std::__cxx11::basic_string<char, std::char_traits<char>, std::allocator<char> > >*)) [9]
                0.00    0.00   91872/532146      ArrangementList<std::__cxx11::basic_string<char, std::char_traits<char>, std::allocator<char> > >::findIndex(char*, MemoryLogType) [13]
                0.01    0.00  438868/532146      ArrangementList<WordOccurence>::findIndex(char*, MemoryLogType) [3]
[1]    100.0    0.01    0.00  532146         leMemLog(long, long, int) [1]
                0.00    0.00  532146/535358      clkDifMemLog(timespec, timespec, timespec*) [32]
-----------------------------------------------
                                                 <spontaneous>
[2]    100.0    0.00    0.01                 main [2]
                0.00    0.01    1999/1999        LexicographicAnalyser::readWord(std::__cxx11::basic_string<char, std::char_traits<char>, std::allocator<char> >) [4]
                0.00    0.00       1/1           LexicographicAnalyser::getResult(int, int) [8]
                0.00    0.00     187/561         ArrangementList<WordOccurence>::findByIndex(int) [20]
                0.00    0.00    6079/1020980     void std::__cxx11::basic_string<char, std::char_traits<char>, std::allocator<char> >::_M_construct<char*>(char*, char*, std::forward_iterator_tag) [28]
                0.00    0.00    2027/2027        isTextConfig(std::__cxx11::basic_string<char, std::char_traits<char>, std::allocator<char> >) [62]
                0.00    0.00    2026/2026        isOrderingConfig(std::__cxx11::basic_string<char, std::char_traits<char>, std::allocator<char> >) [64]
                0.00    0.00    2026/2026        defineFaseMemLog(int) [63]
                0.00    0.00     188/565         ArrangementList<WordOccurence>::getSize() [69]
                0.00    0.00     187/442305      Item<WordOccurence>::~Item() [35]
                0.00    0.00      26/26          LexicographicAnalyser::readOrdering(std::__cxx11::basic_string<char, std::char_traits<char>, std::allocator<char> >) [73]
                0.00    0.00       1/1           iniciaMemLog(char*) [83]
                0.00    0.00       1/12075       castChar(std::__cxx11::basic_string<char, std::char_traits<char>, std::allocator<char> >) [47]
                0.00    0.00       1/1           ativaMemLog() [82]
                0.00    0.00       1/1           parseArgs(int, char**) [93]
                0.00    0.00       1/1           LexicographicAnalyser::LexicographicAnalyser() [95]
                0.00    0.00       1/1           finalizaMemLog() [84]
-----------------------------------------------
                0.00    0.00    1812/5810        ArrangementList<WordOccurence>::update(char*, WordOccurence) [7]
                0.00    0.00    1999/5810        ArrangementList<WordOccurence>::findByKey(char*) [6]
                0.00    0.00    1999/5810        ArrangementList<WordOccurence>::existsByKey(char*) [5]
[3]     82.5    0.00    0.01    5810         ArrangementList<WordOccurence>::findIndex(char*, MemoryLogType) [3]
                0.01    0.00  438868/532146      leMemLog(long, long, int) [1]
                0.00    0.00  438868/441428      Item<WordOccurence>::Item(Item<WordOccurence> const&) [36]
                0.00    0.00  438868/442305      Item<WordOccurence>::~Item() [35]
-----------------------------------------------
                0.00    0.01    1999/1999        main [2]
[4]     79.8    0.00    0.01    1999         LexicographicAnalyser::readWord(std::__cxx11::basic_string<char, std::char_traits<char>, std::allocator<char> >) [4]
                0.00    0.00    1999/1999        ArrangementList<WordOccurence>::existsByKey(char*) [5]
                0.00    0.00    1812/1812        ArrangementList<WordOccurence>::update(char*, WordOccurence) [7]
                0.00    0.00    1812/1999        ArrangementList<WordOccurence>::findByKey(char*) [6]
                0.00    0.00    3998/1020980     void std::__cxx11::basic_string<char, std::char_traits<char>, std::allocator<char> >::_M_construct<char*>(char*, char*, std::forward_iterator_tag) [28]
                0.00    0.00    2186/448311      WordOccurence::~WordOccurence() [33]
                0.00    0.00    1999/1999        normalizeWord(std::__cxx11::basic_string<char, std::char_traits<char>, std::allocator<char> >) [66]
                0.00    0.00    1999/12075       castChar(std::__cxx11::basic_string<char, std::char_traits<char>, std::allocator<char> >) [47]
                0.00    0.00    1999/447247      WordOccurence::WordOccurence(WordOccurence const&) [34]
                0.00    0.00    1812/442305      Item<WordOccurence>::~Item() [35]
                0.00    0.00     187/31064       WordOccurence::WordOccurence() [39]
                0.00    0.00     187/561         ArrangementList<WordOccurence>::create(char*, WordOccurence) [70]
-----------------------------------------------
                0.00    0.00    1999/1999        LexicographicAnalyser::readWord(std::__cxx11::basic_string<char, std::char_traits<char>, std::allocator<char> >) [4]
[5]     28.4    0.00    0.00    1999         ArrangementList<WordOccurence>::existsByKey(char*) [5]
                0.00    0.00    1999/5810        ArrangementList<WordOccurence>::findIndex(char*, MemoryLogType) [3]
                0.00    0.00    1999/3998        ArrangementList<WordOccurence>::existsByIndex(int) [59]
-----------------------------------------------
                0.00    0.00     187/1999        LexicographicAnalyser::getResult(int, int) [8]
                0.00    0.00    1812/1999        LexicographicAnalyser::readWord(std::__cxx11::basic_string<char, std::char_traits<char>, std::allocator<char> >) [4]
[6]     28.4    0.00    0.00    1999         ArrangementList<WordOccurence>::findByKey(char*) [6]
                0.00    0.00    1999/5810        ArrangementList<WordOccurence>::findIndex(char*, MemoryLogType) [3]
                0.00    0.00    1999/3998        ArrangementList<WordOccurence>::existsByIndex(int) [59]
                0.00    0.00    1999/441428      Item<WordOccurence>::Item(Item<WordOccurence> const&) [36]
-----------------------------------------------
                0.00    0.00    1812/1812        LexicographicAnalyser::readWord(std::__cxx11::basic_string<char, std::char_traits<char>, std::allocator<char> >) [4]
[7]     25.7    0.00    0.00    1812         ArrangementList<WordOccurence>::update(char*, WordOccurence) [7]
                0.00    0.00    1812/5810        ArrangementList<WordOccurence>::findIndex(char*, MemoryLogType) [3]
                0.00    0.00    1812/4310        WordOccurence::operator=(WordOccurence const&) [58]
                0.00    0.00    1812/3211        escreveMemLog(long, long, int) [60]
-----------------------------------------------
                0.00    0.00       1/1           main [2]
[8]     20.1    0.00    0.00       1         LexicographicAnalyser::getResult(int, int) [8]
                0.00    0.00       1/1           ArrangementList<WordOccurence>::sort(bool (*)(WordOccurence, WordOccurence, ArrangementList<std::__cxx11::basic_string<char, std::char_traits<char>, std::allocator<char> > >*), ArrangementList<std::__cxx11::basic_string<char, std::char_traits<char>, std::allocator<char> > >*, int, int) [10]
                0.00    0.00     187/1999        ArrangementList<WordOccurence>::findByKey(char*) [6]
                0.00    0.00     374/561         ArrangementList<WordOccurence>::findByIndex(int) [20]
                0.00    0.00     561/442305      Item<WordOccurence>::~Item() [35]
                0.00    0.00     376/565         ArrangementList<WordOccurence>::getSize() [69]
                0.00    0.00     374/447247      WordOccurence::WordOccurence(WordOccurence const&) [34]
                0.00    0.00     374/561         ArrangementList<WordOccurence>::create(char*, WordOccurence) [70]
                0.00    0.00     374/448311      WordOccurence::~WordOccurence() [33]
                0.00    0.00       2/3           ArrangementList<WordOccurence>::ArrangementList() [75]
-----------------------------------------------
                0.00    0.00     158/158         ArrangementListSorting<WordOccurence>::quickSortOrder(int, int, Item<WordOccurence>*, bool (*)(WordOccurence, WordOccurence, ArrangementList<std::__cxx11::basic_string<char, std::char_traits<char>, std::allocator<char> > >*)) [11]
[9]     17.4    0.00    0.00     158         ArrangementListSorting<WordOccurence>::quickSortPartition(int, int, int*, int*, Item<WordOccurence>*, bool (*)(WordOccurence, WordOccurence, ArrangementList<std::__cxx11::basic_string<char, std::char_traits<char>, std::allocator<char> > >*)) [9]
                0.00    0.00    1723/1723        makeLexicographicalComparison(WordOccurence, WordOccurence, ArrangementList<std::__cxx11::basic_string<char, std::char_traits<char>, std::allocator<char> > >*) [15]
                0.00    0.00     845/532146      leMemLog(long, long, int) [1]
                0.00    0.00    3446/447247      WordOccurence::WordOccurence(WordOccurence const&) [34]
                0.00    0.00    3446/448311      WordOccurence::~WordOccurence() [33]
                0.00    0.00    1376/1937        Item<WordOccurence>::operator=(Item<WordOccurence> const&) [68]
                0.00    0.00     812/3211        escreveMemLog(long, long, int) [60]
                0.00    0.00     316/30877       Item<WordOccurence>::Item() [40]
                0.00    0.00     316/442305      Item<WordOccurence>::~Item() [35]
-----------------------------------------------
                0.00    0.00       1/1           LexicographicAnalyser::getResult(int, int) [8]
[10]    17.4    0.00    0.00       1         ArrangementList<WordOccurence>::sort(bool (*)(WordOccurence, WordOccurence, ArrangementList<std::__cxx11::basic_string<char, std::char_traits<char>, std::allocator<char> > >*), ArrangementList<std::__cxx11::basic_string<char, std::char_traits<char>, std::allocator<char> > >*, int, int) [10]
                0.00    0.00       1/1           ArrangementListSorting<WordOccurence>::quickSort(Item<WordOccurence>*, bool (*)(WordOccurence, WordOccurence, ArrangementList<std::__cxx11::basic_string<char, std::char_traits<char>, std::allocator<char> > >*)) [12]
                0.00    0.00       1/565         ArrangementList<WordOccurence>::getSize() [69]
                0.00    0.00       1/1           ArrangementListSorting<WordOccurence>::ArrangementListSorting(int, ArrangementList<std::__cxx11::basic_string<char, std::char_traits<char>, std::allocator<char> > >*, int, int) [96]
-----------------------------------------------
                                 157             ArrangementListSorting<WordOccurence>::quickSortOrder(int, int, Item<WordOccurence>*, bool (*)(WordOccurence, WordOccurence, ArrangementList<std::__cxx11::basic_string<char, std::char_traits<char>, std::allocator<char> > >*)) [11]
                0.00    0.00       1/1           ArrangementListSorting<WordOccurence>::quickSort(Item<WordOccurence>*, bool (*)(WordOccurence, WordOccurence, ArrangementList<std::__cxx11::basic_string<char, std::char_traits<char>, std::allocator<char> > >*)) [12]
[11]    17.4    0.00    0.00       1+157     ArrangementListSorting<WordOccurence>::quickSortOrder(int, int, Item<WordOccurence>*, bool (*)(WordOccurence, WordOccurence, ArrangementList<std::__cxx11::basic_string<char, std::char_traits<char>, std::allocator<char> > >*)) [11]
                0.00    0.00     158/158         ArrangementListSorting<WordOccurence>::quickSortPartition(int, int, int*, int*, Item<WordOccurence>*, bool (*)(WordOccurence, WordOccurence, ArrangementList<std::__cxx11::basic_string<char, std::char_traits<char>, std::allocator<char> > >*)) [9]
                                 157             ArrangementListSorting<WordOccurence>::quickSortOrder(int, int, Item<WordOccurence>*, bool (*)(WordOccurence, WordOccurence, ArrangementList<std::__cxx11::basic_string<char, std::char_traits<char>, std::allocator<char> > >*)) [11]
-----------------------------------------------
                0.00    0.00       1/1           ArrangementList<WordOccurence>::sort(bool (*)(WordOccurence, WordOccurence, ArrangementList<std::__cxx11::basic_string<char, std::char_traits<char>, std::allocator<char> > >*), ArrangementList<std::__cxx11::basic_string<char, std::char_traits<char>, std::allocator<char> > >*, int, int) [10]
[12]    17.4    0.00    0.00       1         ArrangementListSorting<WordOccurence>::quickSort(Item<WordOccurence>*, bool (*)(WordOccurence, WordOccurence, ArrangementList<std::__cxx11::basic_string<char, std::char_traits<char>, std::allocator<char> > >*)) [12]
                0.00    0.00       1/1           ArrangementListSorting<WordOccurence>::quickSortOrder(int, int, Item<WordOccurence>*, bool (*)(WordOccurence, WordOccurence, ArrangementList<std::__cxx11::basic_string<char, std::char_traits<char>, std::allocator<char> > >*)) [11]
-----------------------------------------------
                0.00    0.00    2998/5996        ArrangementList<std::__cxx11::basic_string<char, std::char_traits<char>, std::allocator<char> > >::findByKey(char*) [18]
                0.00    0.00    2998/5996        ArrangementList<std::__cxx11::basic_string<char, std::char_traits<char>, std::allocator<char> > >::existsByKey(char*) [16]
[13]    17.3    0.00    0.00    5996         ArrangementList<std::__cxx11::basic_string<char, std::char_traits<char>, std::allocator<char> > >::findIndex(char*, MemoryLogType) [13]
                0.00    0.00   91872/532146      leMemLog(long, long, int) [1]
                0.00    0.00   91872/94870       Item<std::__cxx11::basic_string<char, std::char_traits<char>, std::allocator<char> > >::Item(Item<std::__cxx11::basic_string<char, std::char_traits<char>, std::allocator<char> > > const&) [38]
                0.00    0.00   91872/94896       Item<std::__cxx11::basic_string<char, std::char_traits<char>, std::allocator<char> > >::~Item() [37]
-----------------------------------------------
                0.00    0.00    2998/2998        makeLexicographicalComparison(WordOccurence, WordOccurence, ArrangementList<std::__cxx11::basic_string<char, std::char_traits<char>, std::allocator<char> > >*) [15]
[14]    17.3    0.00    0.00    2998         getLexicographicalValue(char, ArrangementList<std::__cxx11::basic_string<char, std::char_traits<char>, std::allocator<char> > >*) [14]
                0.00    0.00    2998/2998        ArrangementList<std::__cxx11::basic_string<char, std::char_traits<char>, std::allocator<char> > >::existsByKey(int) [17]
                0.00    0.00    2998/2998        ArrangementList<std::__cxx11::basic_string<char, std::char_traits<char>, std::allocator<char> > >::findByKey(int) [19]
                0.00    0.00    2998/14734       lowerCaseLetter(char) [42]
                0.00    0.00    2998/2998        ArrangementList<std::__cxx11::basic_string<char, std::char_traits<char>, std::allocator<char> > >::getSize() [61]
                0.00    0.00    2998/94896       Item<std::__cxx11::basic_string<char, std::char_traits<char>, std::allocator<char> > >::~Item() [37]
-----------------------------------------------
                0.00    0.00    1723/1723        ArrangementListSorting<WordOccurence>::quickSortPartition(int, int, int*, int*, Item<WordOccurence>*, bool (*)(WordOccurence, WordOccurence, ArrangementList<std::__cxx11::basic_string<char, std::char_traits<char>, std::allocator<char> > >*)) [9]
[15]    17.3    0.00    0.00    1723         makeLexicographicalComparison(WordOccurence, WordOccurence, ArrangementList<std::__cxx11::basic_string<char, std::char_traits<char>, std::allocator<char> > >*) [15]
                0.00    0.00    2998/2998        getLexicographicalValue(char, ArrangementList<std::__cxx11::basic_string<char, std::char_traits<char>, std::allocator<char> > >*) [14]
                0.00    0.00    3446/1020980     void std::__cxx11::basic_string<char, std::char_traits<char>, std::allocator<char> >::_M_construct<char*>(char*, char*, std::forward_iterator_tag) [28]
                0.00    0.00    3020/14730       isSpecialCharacter(char) [45]
-----------------------------------------------
                0.00    0.00    2998/2998        ArrangementList<std::__cxx11::basic_string<char, std::char_traits<char>, std::allocator<char> > >::existsByKey(int) [17]
[16]     8.6    0.00    0.00    2998         ArrangementList<std::__cxx11::basic_string<char, std::char_traits<char>, std::allocator<char> > >::existsByKey(char*) [16]
                0.00    0.00    2998/5996        ArrangementList<std::__cxx11::basic_string<char, std::char_traits<char>, std::allocator<char> > >::findIndex(char*, MemoryLogType) [13]
                0.00    0.00    2998/5996        ArrangementList<std::__cxx11::basic_string<char, std::char_traits<char>, std::allocator<char> > >::existsByIndex(int) [57]
-----------------------------------------------
                0.00    0.00    2998/2998        getLexicographicalValue(char, ArrangementList<std::__cxx11::basic_string<char, std::char_traits<char>, std::allocator<char> > >*) [14]
[17]     8.6    0.00    0.00    2998         ArrangementList<std::__cxx11::basic_string<char, std::char_traits<char>, std::allocator<char> > >::existsByKey(int) [17]
                0.00    0.00    2998/2998        ArrangementList<std::__cxx11::basic_string<char, std::char_traits<char>, std::allocator<char> > >::existsByKey(char*) [16]
                0.00    0.00    2998/6022        ArrangementList<std::__cxx11::basic_string<char, std::char_traits<char>, std::allocator<char> > >::castStringKey(int) [51]
-----------------------------------------------
                0.00    0.00    2998/2998        ArrangementList<std::__cxx11::basic_string<char, std::char_traits<char>, std::allocator<char> > >::findByKey(int) [19]
[18]     8.6    0.00    0.00    2998         ArrangementList<std::__cxx11::basic_string<char, std::char_traits<char>, std::allocator<char> > >::findByKey(char*) [18]
                0.00    0.00    2998/5996        ArrangementList<std::__cxx11::basic_string<char, std::char_traits<char>, std::allocator<char> > >::findIndex(char*, MemoryLogType) [13]
                0.00    0.00    2998/5996        ArrangementList<std::__cxx11::basic_string<char, std::char_traits<char>, std::allocator<char> > >::existsByIndex(int) [57]
                0.00    0.00    2998/94870       Item<std::__cxx11::basic_string<char, std::char_traits<char>, std::allocator<char> > >::Item(Item<std::__cxx11::basic_string<char, std::char_traits<char>, std::allocator<char> > > const&) [38]
-----------------------------------------------
                0.00    0.00    2998/2998        getLexicographicalValue(char, ArrangementList<std::__cxx11::basic_string<char, std::char_traits<char>, std::allocator<char> > >*) [14]
[19]     8.6    0.00    0.00    2998         ArrangementList<std::__cxx11::basic_string<char, std::char_traits<char>, std::allocator<char> > >::findByKey(int) [19]
                0.00    0.00    2998/2998        ArrangementList<std::__cxx11::basic_string<char, std::char_traits<char>, std::allocator<char> > >::findByKey(char*) [18]
                0.00    0.00    2998/6022        ArrangementList<std::__cxx11::basic_string<char, std::char_traits<char>, std::allocator<char> > >::castStringKey(int) [51]
-----------------------------------------------
                0.00    0.00     187/561         main [2]
                0.00    0.00     374/561         LexicographicAnalyser::getResult(int, int) [8]
[20]     0.1    0.00    0.00     561         ArrangementList<WordOccurence>::findByIndex(int) [20]
                0.00    0.00     561/532146      leMemLog(long, long, int) [1]
                0.00    0.00     561/441428      Item<WordOccurence>::Item(Item<WordOccurence> const&) [36]
-----------------------------------------------
                0.00    0.00 1020980/1020980     void std::__cxx11::basic_string<char, std::char_traits<char>, std::allocator<char> >::_M_construct<char*>(char*, char*, std::forward_iterator_tag) [28]
[27]     0.0    0.00    0.00 1020980         bool __gnu_cxx::__is_null_pointer<char>(char*) [27]
-----------------------------------------------
                0.00    0.00      26/1020980     ArrangementList<std::__cxx11::basic_string<char, std::char_traits<char>, std::allocator<char> > >::create(int, std::__cxx11::basic_string<char, std::char_traits<char>, std::allocator<char> >) [72]
                0.00    0.00      26/1020980     LexicographicAnalyser::readOrdering(std::__cxx11::basic_string<char, std::char_traits<char>, std::allocator<char> >) [73]
                0.00    0.00    1999/1020980     removeSpecialCharacters(std::__cxx11::basic_string<char, std::char_traits<char>, std::allocator<char> >) [67]
                0.00    0.00    3446/1020980     makeLexicographicalComparison(WordOccurence, WordOccurence, ArrangementList<std::__cxx11::basic_string<char, std::char_traits<char>, std::allocator<char> > >*) [15]
                0.00    0.00    3998/1020980     LexicographicAnalyser::readWord(std::__cxx11::basic_string<char, std::char_traits<char>, std::allocator<char> >) [4]
                0.00    0.00    3998/1020980     normalizeWord(std::__cxx11::basic_string<char, std::char_traits<char>, std::allocator<char> >) [66]
                0.00    0.00    6022/1020980     ArrangementList<std::__cxx11::basic_string<char, std::char_traits<char>, std::allocator<char> > >::castStringKey(int) [51]
                0.00    0.00    6022/1020980     void std::__cxx11::basic_string<char, std::char_traits<char>, std::allocator<char> >::_M_construct_aux<char*>(char*, char*, std::__false_type) [54]
                0.00    0.00    6079/1020980     main [2]
                0.00    0.00   94870/1020980     Item<std::__cxx11::basic_string<char, std::char_traits<char>, std::allocator<char> > >::Item(Item<std::__cxx11::basic_string<char, std::char_traits<char>, std::allocator<char> > > const&) [38]
                0.00    0.00  894494/1020980     WordOccurence::WordOccurence(WordOccurence const&) [34]
[28]     0.0    0.00    0.00 1020980         void std::__cxx11::basic_string<char, std::char_traits<char>, std::allocator<char> >::_M_construct<char*>(char*, char*, std::forward_iterator_tag) [28]
                0.00    0.00 1020980/1020980     bool __gnu_cxx::__is_null_pointer<char>(char*) [27]
                0.00    0.00 1020980/1020980     std::iterator_traits<char*>::difference_type std::distance<char*>(char*, char*) [31]
-----------------------------------------------
                0.00    0.00 1020980/1020980     std::iterator_traits<char*>::difference_type std::distance<char*>(char*, char*) [31]
[29]     0.0    0.00    0.00 1020980         std::iterator_traits<char*>::difference_type std::__distance<char*>(char*, char*, std::random_access_iterator_tag) [29]
-----------------------------------------------
                0.00    0.00 1020980/1020980     std::iterator_traits<char*>::difference_type std::distance<char*>(char*, char*) [31]
[30]     0.0    0.00    0.00 1020980         std::iterator_traits<char*>::iterator_category std::__iterator_category<char*>(char* const&) [30]
-----------------------------------------------
                0.00    0.00 1020980/1020980     void std::__cxx11::basic_string<char, std::char_traits<char>, std::allocator<char> >::_M_construct<char*>(char*, char*, std::forward_iterator_tag) [28]
[31]     0.0    0.00    0.00 1020980         std::iterator_traits<char*>::difference_type std::distance<char*>(char*, char*) [31]
                0.00    0.00 1020980/1020980     std::iterator_traits<char*>::iterator_category std::__iterator_category<char*>(char* const&) [30]
                0.00    0.00 1020980/1020980     std::iterator_traits<char*>::difference_type std::__distance<char*>(char*, char*, std::random_access_iterator_tag) [29]
-----------------------------------------------
                0.00    0.00       1/535358      finalizaMemLog() [84]
                0.00    0.00    3211/535358      escreveMemLog(long, long, int) [60]
                0.00    0.00  532146/535358      leMemLog(long, long, int) [1]
[32]     0.0    0.00    0.00  535358         clkDifMemLog(timespec, timespec, timespec*) [32]
-----------------------------------------------
                0.00    0.00     374/448311      LexicographicAnalyser::getResult(int, int) [8]
                0.00    0.00    2186/448311      LexicographicAnalyser::readWord(std::__cxx11::basic_string<char, std::char_traits<char>, std::allocator<char> >) [4]
                0.00    0.00    3446/448311      ArrangementListSorting<WordOccurence>::quickSortPartition(int, int, int*, int*, Item<WordOccurence>*, bool (*)(WordOccurence, WordOccurence, ArrangementList<std::__cxx11::basic_string<char, std::char_traits<char>, std::allocator<char> > >*)) [9]
                0.00    0.00  442305/448311      Item<WordOccurence>::~Item() [35]
[33]     0.0    0.00    0.00  448311         WordOccurence::~WordOccurence() [33]
-----------------------------------------------
                0.00    0.00     374/447247      LexicographicAnalyser::getResult(int, int) [8]
                0.00    0.00    1999/447247      LexicographicAnalyser::readWord(std::__cxx11::basic_string<char, std::char_traits<char>, std::allocator<char> >) [4]
                0.00    0.00    3446/447247      ArrangementListSorting<WordOccurence>::quickSortPartition(int, int, int*, int*, Item<WordOccurence>*, bool (*)(WordOccurence, WordOccurence, ArrangementList<std::__cxx11::basic_string<char, std::char_traits<char>, std::allocator<char> > >*)) [9]
                0.00    0.00  441428/447247      Item<WordOccurence>::Item(Item<WordOccurence> const&) [36]
[34]     0.0    0.00    0.00  447247         WordOccurence::WordOccurence(WordOccurence const&) [34]
                0.00    0.00  894494/1020980     void std::__cxx11::basic_string<char, std::char_traits<char>, std::allocator<char> >::_M_construct<char*>(char*, char*, std::forward_iterator_tag) [28]
-----------------------------------------------
                0.00    0.00     187/442305      main [2]
                0.00    0.00     316/442305      ArrangementListSorting<WordOccurence>::quickSortPartition(int, int, int*, int*, Item<WordOccurence>*, bool (*)(WordOccurence, WordOccurence, ArrangementList<std::__cxx11::basic_string<char, std::char_traits<char>, std::allocator<char> > >*)) [9]
                0.00    0.00     561/442305      ArrangementList<WordOccurence>::create(char*, WordOccurence) [70]
                0.00    0.00     561/442305      LexicographicAnalyser::getResult(int, int) [8]
                0.00    0.00    1812/442305      LexicographicAnalyser::readWord(std::__cxx11::basic_string<char, std::char_traits<char>, std::allocator<char> >) [4]
                0.00    0.00  438868/442305      ArrangementList<WordOccurence>::findIndex(char*, MemoryLogType) [3]
[35]     0.0    0.00    0.00  442305         Item<WordOccurence>::~Item() [35]
                0.00    0.00  442305/448311      WordOccurence::~WordOccurence() [33]
-----------------------------------------------
                0.00    0.00     561/441428      ArrangementList<WordOccurence>::findByIndex(int) [20]
                0.00    0.00    1999/441428      ArrangementList<WordOccurence>::findByKey(char*) [6]
                0.00    0.00  438868/441428      ArrangementList<WordOccurence>::findIndex(char*, MemoryLogType) [3]
[36]     0.0    0.00    0.00  441428         Item<WordOccurence>::Item(Item<WordOccurence> const&) [36]
                0.00    0.00  441428/447247      WordOccurence::WordOccurence(WordOccurence const&) [34]
-----------------------------------------------
                0.00    0.00      26/94896       ArrangementList<std::__cxx11::basic_string<char, std::char_traits<char>, std::allocator<char> > >::create(char*, std::__cxx11::basic_string<char, std::char_traits<char>, std::allocator<char> >) [71]
                0.00    0.00    2998/94896       getLexicographicalValue(char, ArrangementList<std::__cxx11::basic_string<char, std::char_traits<char>, std::allocator<char> > >*) [14]
                0.00    0.00   91872/94896       ArrangementList<std::__cxx11::basic_string<char, std::char_traits<char>, std::allocator<char> > >::findIndex(char*, MemoryLogType) [13]
[37]     0.0    0.00    0.00   94896         Item<std::__cxx11::basic_string<char, std::char_traits<char>, std::allocator<char> > >::~Item() [37]
-----------------------------------------------
                0.00    0.00    2998/94870       ArrangementList<std::__cxx11::basic_string<char, std::char_traits<char>, std::allocator<char> > >::findByKey(char*) [18]
                0.00    0.00   91872/94870       ArrangementList<std::__cxx11::basic_string<char, std::char_traits<char>, std::allocator<char> > >::findIndex(char*, MemoryLogType) [13]
[38]     0.0    0.00    0.00   94870         Item<std::__cxx11::basic_string<char, std::char_traits<char>, std::allocator<char> > >::Item(Item<std::__cxx11::basic_string<char, std::char_traits<char>, std::allocator<char> > > const&) [38]
                0.00    0.00   94870/1020980     void std::__cxx11::basic_string<char, std::char_traits<char>, std::allocator<char> >::_M_construct<char*>(char*, char*, std::forward_iterator_tag) [28]
-----------------------------------------------
                0.00    0.00     187/31064       LexicographicAnalyser::readWord(std::__cxx11::basic_string<char, std::char_traits<char>, std::allocator<char> >) [4]
                0.00    0.00   30877/31064       Item<WordOccurence>::Item() [40]
[39]     0.0    0.00    0.00   31064         WordOccurence::WordOccurence() [39]
-----------------------------------------------
                0.00    0.00     316/30877       ArrangementListSorting<WordOccurence>::quickSortPartition(int, int, int*, int*, Item<WordOccurence>*, bool (*)(WordOccurence, WordOccurence, ArrangementList<std::__cxx11::basic_string<char, std::char_traits<char>, std::allocator<char> > >*)) [9]
                0.00    0.00     561/30877       ArrangementList<WordOccurence>::create(char*, WordOccurence) [70]
                0.00    0.00   30000/30877       ArrangementList<WordOccurence>::ArrangementList() [75]
[40]     0.0    0.00    0.00   30877         Item<WordOccurence>::Item() [40]
                0.00    0.00   30877/31064       WordOccurence::WordOccurence() [39]
-----------------------------------------------
                0.00    0.00   27418/27418       bool __gnu_cxx::operator!=<char*, std::__cxx11::basic_string<char, std::char_traits<char>, std::allocator<char> > >(__gnu_cxx::__normal_iterator<char*, std::__cxx11::basic_string<char, std::char_traits<char>, std::allocator<char> > > const&, __gnu_cxx::__normal_iterator<char*, std::__cxx11::basic_string<char, std::char_traits<char>, std::allocator<char> > > const&) [46]
[41]     0.0    0.00    0.00   27418         __gnu_cxx::__normal_iterator<char*, std::__cxx11::basic_string<char, std::char_traits<char>, std::allocator<char> > >::base() const [41]
-----------------------------------------------
                0.00    0.00      26/14734       LexicographicAnalyser::readOrdering(std::__cxx11::basic_string<char, std::char_traits<char>, std::allocator<char> >) [73]
                0.00    0.00    2998/14734       getLexicographicalValue(char, ArrangementList<std::__cxx11::basic_string<char, std::char_traits<char>, std::allocator<char> > >*) [14]
                0.00    0.00   11710/14734       lowerCaseWord(std::__cxx11::basic_string<char, std::char_traits<char>, std::allocator<char> >) [65]
[42]     0.0    0.00    0.00   14734         lowerCaseLetter(char) [42]
                0.00    0.00   14734/14734       char std::tolower<char>(char, std::locale const&) [44]
-----------------------------------------------
                0.00    0.00   14734/14734       char std::tolower<char>(char, std::locale const&) [44]
[43]     0.0    0.00    0.00   14734         std::ctype<char>::tolower(char) const [43]
-----------------------------------------------
                0.00    0.00   14734/14734       lowerCaseLetter(char) [42]
[44]     0.0    0.00    0.00   14734         char std::tolower<char>(char, std::locale const&) [44]
                0.00    0.00   14734/14734       std::ctype<char>::tolower(char) const [43]
-----------------------------------------------
                0.00    0.00    3020/14730       makeLexicographicalComparison(WordOccurence, WordOccurence, ArrangementList<std::__cxx11::basic_string<char, std::char_traits<char>, std::allocator<char> > >*) [15]
                0.00    0.00   11710/14730       removeSpecialCharacters(std::__cxx11::basic_string<char, std::char_traits<char>, std::allocator<char> >) [67]
[45]     0.0    0.00    0.00   14730         isSpecialCharacter(char) [45]
-----------------------------------------------
                0.00    0.00   13709/13709       lowerCaseWord(std::__cxx11::basic_string<char, std::char_traits<char>, std::allocator<char> >) [65]
[46]     0.0    0.00    0.00   13709         bool __gnu_cxx::operator!=<char*, std::__cxx11::basic_string<char, std::char_traits<char>, std::allocator<char> > >(__gnu_cxx::__normal_iterator<char*, std::__cxx11::basic_string<char, std::char_traits<char>, std::allocator<char> > > const&, __gnu_cxx::__normal_iterator<char*, std::__cxx11::basic_string<char, std::char_traits<char>, std::allocator<char> > > const&) [46]
                0.00    0.00   27418/27418       __gnu_cxx::__normal_iterator<char*, std::__cxx11::basic_string<char, std::char_traits<char>, std::allocator<char> > >::base() const [41]
-----------------------------------------------
                0.00    0.00       1/12075       main [2]
                0.00    0.00    1999/12075       LexicographicAnalyser::readWord(std::__cxx11::basic_string<char, std::char_traits<char>, std::allocator<char> >) [4]
                0.00    0.00    2026/12075       isOrderingConfig(std::__cxx11::basic_string<char, std::char_traits<char>, std::allocator<char> >) [64]
                0.00    0.00    2027/12075       isTextConfig(std::__cxx11::basic_string<char, std::char_traits<char>, std::allocator<char> >) [62]
                0.00    0.00    6022/12075       ArrangementList<std::__cxx11::basic_string<char, std::char_traits<char>, std::allocator<char> > >::castStringKey(int) [51]
[47]     0.0    0.00    0.00   12075         castChar(std::__cxx11::basic_string<char, std::char_traits<char>, std::allocator<char> >) [47]
-----------------------------------------------
                0.00    0.00   11710/11710       lowerCaseWord(std::__cxx11::basic_string<char, std::char_traits<char>, std::allocator<char> >) [65]
[48]     0.0    0.00    0.00   11710         __gnu_cxx::__normal_iterator<char*, std::__cxx11::basic_string<char, std::char_traits<char>, std::allocator<char> > >::operator++() [48]
-----------------------------------------------
                0.00    0.00   11710/11710       lowerCaseWord(std::__cxx11::basic_string<char, std::char_traits<char>, std::allocator<char> >) [65]
[49]     0.0    0.00    0.00   11710         __gnu_cxx::__normal_iterator<char*, std::__cxx11::basic_string<char, std::char_traits<char>, std::allocator<char> > >::operator*() const [49]
-----------------------------------------------
                0.00    0.00      26/10026       ArrangementList<std::__cxx11::basic_string<char, std::char_traits<char>, std::allocator<char> > >::create(char*, std::__cxx11::basic_string<char, std::char_traits<char>, std::allocator<char> >) [71]
                0.00    0.00   10000/10026       ArrangementList<std::__cxx11::basic_string<char, std::char_traits<char>, std::allocator<char> > >::ArrangementList() [94]
[50]     0.0    0.00    0.00   10026         Item<std::__cxx11::basic_string<char, std::char_traits<char>, std::allocator<char> > >::Item() [50]
-----------------------------------------------
                0.00    0.00      26/6022        ArrangementList<std::__cxx11::basic_string<char, std::char_traits<char>, std::allocator<char> > >::create(int, std::__cxx11::basic_string<char, std::char_traits<char>, std::allocator<char> >) [72]
                0.00    0.00    2998/6022        ArrangementList<std::__cxx11::basic_string<char, std::char_traits<char>, std::allocator<char> > >::findByKey(int) [19]
                0.00    0.00    2998/6022        ArrangementList<std::__cxx11::basic_string<char, std::char_traits<char>, std::allocator<char> > >::existsByKey(int) [17]
[51]     0.0    0.00    0.00    6022         ArrangementList<std::__cxx11::basic_string<char, std::char_traits<char>, std::allocator<char> > >::castStringKey(int) [51]
                0.00    0.00    6022/6022        std::__cxx11::to_string(int) [56]
                0.00    0.00    6022/1020980     void std::__cxx11::basic_string<char, std::char_traits<char>, std::allocator<char> >::_M_construct<char*>(char*, char*, std::forward_iterator_tag) [28]
                0.00    0.00    6022/12075       castChar(std::__cxx11::basic_string<char, std::char_traits<char>, std::allocator<char> >) [47]
-----------------------------------------------
                0.00    0.00    6022/6022        std::__cxx11::to_string(int) [56]
[52]     0.0    0.00    0.00    6022         std::__cxx11::basic_string<char, std::char_traits<char>, std::allocator<char> > __gnu_cxx::__to_xstring<std::__cxx11::basic_string<char, std::char_traits<char>, std::allocator<char> >, char>(int (*)(char*, unsigned long, char const*, __va_list_tag*), unsigned long, char const*, ...) [52]
                0.00    0.00    6022/6022        std::__cxx11::basic_string<char, std::char_traits<char>, std::allocator<char> >::basic_string<char*, void>(char*, char*, std::allocator<char> const&) [55]
-----------------------------------------------
                0.00    0.00    6022/6022        std::__cxx11::basic_string<char, std::char_traits<char>, std::allocator<char> >::basic_string<char*, void>(char*, char*, std::allocator<char> const&) [55]
[53]     0.0    0.00    0.00    6022         void std::__cxx11::basic_string<char, std::char_traits<char>, std::allocator<char> >::_M_construct<char*>(char*, char*) [53]
                0.00    0.00    6022/6022        void std::__cxx11::basic_string<char, std::char_traits<char>, std::allocator<char> >::_M_construct_aux<char*>(char*, char*, std::__false_type) [54]
-----------------------------------------------
                0.00    0.00    6022/6022        void std::__cxx11::basic_string<char, std::char_traits<char>, std::allocator<char> >::_M_construct<char*>(char*, char*) [53]
[54]     0.0    0.00    0.00    6022         void std::__cxx11::basic_string<char, std::char_traits<char>, std::allocator<char> >::_M_construct_aux<char*>(char*, char*, std::__false_type) [54]
                0.00    0.00    6022/1020980     void std::__cxx11::basic_string<char, std::char_traits<char>, std::allocator<char> >::_M_construct<char*>(char*, char*, std::forward_iterator_tag) [28]
-----------------------------------------------
                0.00    0.00    6022/6022        std::__cxx11::basic_string<char, std::char_traits<char>, std::allocator<char> > __gnu_cxx::__to_xstring<std::__cxx11::basic_string<char, std::char_traits<char>, std::allocator<char> >, char>(int (*)(char*, unsigned long, char const*, __va_list_tag*), unsigned long, char const*, ...) [52]
[55]     0.0    0.00    0.00    6022         std::__cxx11::basic_string<char, std::char_traits<char>, std::allocator<char> >::basic_string<char*, void>(char*, char*, std::allocator<char> const&) [55]
                0.00    0.00    6022/6022        void std::__cxx11::basic_string<char, std::char_traits<char>, std::allocator<char> >::_M_construct<char*>(char*, char*) [53]
-----------------------------------------------
                0.00    0.00    6022/6022        ArrangementList<std::__cxx11::basic_string<char, std::char_traits<char>, std::allocator<char> > >::castStringKey(int) [51]
[56]     0.0    0.00    0.00    6022         std::__cxx11::to_string(int) [56]
                0.00    0.00    6022/6022        std::__cxx11::basic_string<char, std::char_traits<char>, std::allocator<char> > __gnu_cxx::__to_xstring<std::__cxx11::basic_string<char, std::char_traits<char>, std::allocator<char> >, char>(int (*)(char*, unsigned long, char const*, __va_list_tag*), unsigned long, char const*, ...) [52]
-----------------------------------------------
                0.00    0.00    2998/5996        ArrangementList<std::__cxx11::basic_string<char, std::char_traits<char>, std::allocator<char> > >::findByKey(char*) [18]
                0.00    0.00    2998/5996        ArrangementList<std::__cxx11::basic_string<char, std::char_traits<char>, std::allocator<char> > >::existsByKey(char*) [16]
[57]     0.0    0.00    0.00    5996         ArrangementList<std::__cxx11::basic_string<char, std::char_traits<char>, std::allocator<char> > >::existsByIndex(int) [57]
-----------------------------------------------
                0.00    0.00     561/4310        ArrangementList<WordOccurence>::create(char*, WordOccurence) [70]
                0.00    0.00    1812/4310        ArrangementList<WordOccurence>::update(char*, WordOccurence) [7]
                0.00    0.00    1937/4310        Item<WordOccurence>::operator=(Item<WordOccurence> const&) [68]
[58]     0.0    0.00    0.00    4310         WordOccurence::operator=(WordOccurence const&) [58]
-----------------------------------------------
                0.00    0.00    1999/3998        ArrangementList<WordOccurence>::findByKey(char*) [6]
                0.00    0.00    1999/3998        ArrangementList<WordOccurence>::existsByKey(char*) [5]
[59]     0.0    0.00    0.00    3998         ArrangementList<WordOccurence>::existsByIndex(int) [59]
-----------------------------------------------
                0.00    0.00      26/3211        ArrangementList<std::__cxx11::basic_string<char, std::char_traits<char>, std::allocator<char> > >::create(char*, std::__cxx11::basic_string<char, std::char_traits<char>, std::allocator<char> >) [71]
                0.00    0.00     561/3211        ArrangementList<WordOccurence>::create(char*, WordOccurence) [70]
                0.00    0.00     812/3211        ArrangementListSorting<WordOccurence>::quickSortPartition(int, int, int*, int*, Item<WordOccurence>*, bool (*)(WordOccurence, WordOccurence, ArrangementList<std::__cxx11::basic_string<char, std::char_traits<char>, std::allocator<char> > >*)) [9]
                0.00    0.00    1812/3211        ArrangementList<WordOccurence>::update(char*, WordOccurence) [7]
[60]     0.0    0.00    0.00    3211         escreveMemLog(long, long, int) [60]
                0.00    0.00    3211/535358      clkDifMemLog(timespec, timespec, timespec*) [32]
-----------------------------------------------
                0.00    0.00    2998/2998        getLexicographicalValue(char, ArrangementList<std::__cxx11::basic_string<char, std::char_traits<char>, std::allocator<char> > >*) [14]
[61]     0.0    0.00    0.00    2998         ArrangementList<std::__cxx11::basic_string<char, std::char_traits<char>, std::allocator<char> > >::getSize() [61]
-----------------------------------------------
                0.00    0.00    2027/2027        main [2]
[62]     0.0    0.00    0.00    2027         isTextConfig(std::__cxx11::basic_string<char, std::char_traits<char>, std::allocator<char> >) [62]
                0.00    0.00    2027/12075       castChar(std::__cxx11::basic_string<char, std::char_traits<char>, std::allocator<char> >) [47]
-----------------------------------------------
                0.00    0.00    2026/2026        main [2]
[63]     0.0    0.00    0.00    2026         defineFaseMemLog(int) [63]
-----------------------------------------------
                0.00    0.00    2026/2026        main [2]
[64]     0.0    0.00    0.00    2026         isOrderingConfig(std::__cxx11::basic_string<char, std::char_traits<char>, std::allocator<char> >) [64]
                0.00    0.00    2026/12075       castChar(std::__cxx11::basic_string<char, std::char_traits<char>, std::allocator<char> >) [47]
-----------------------------------------------
                0.00    0.00    1999/1999        normalizeWord(std::__cxx11::basic_string<char, std::char_traits<char>, std::allocator<char> >) [66]
[65]     0.0    0.00    0.00    1999         lowerCaseWord(std::__cxx11::basic_string<char, std::char_traits<char>, std::allocator<char> >) [65]
                0.00    0.00   13709/13709       bool __gnu_cxx::operator!=<char*, std::__cxx11::basic_string<char, std::char_traits<char>, std::allocator<char> > >(__gnu_cxx::__normal_iterator<char*, std::__cxx11::basic_string<char, std::char_traits<char>, std::allocator<char> > > const&, __gnu_cxx::__normal_iterator<char*, std::__cxx11::basic_string<char, std::char_traits<char>, std::allocator<char> > > const&) [46]
                0.00    0.00   11710/11710       __gnu_cxx::__normal_iterator<char*, std::__cxx11::basic_string<char, std::char_traits<char>, std::allocator<char> > >::operator*() const [49]
                0.00    0.00   11710/14734       lowerCaseLetter(char) [42]
                0.00    0.00   11710/11710       __gnu_cxx::__normal_iterator<char*, std::__cxx11::basic_string<char, std::char_traits<char>, std::allocator<char> > >::operator++() [48]
-----------------------------------------------
                0.00    0.00    1999/1999        LexicographicAnalyser::readWord(std::__cxx11::basic_string<char, std::char_traits<char>, std::allocator<char> >) [4]
[66]     0.0    0.00    0.00    1999         normalizeWord(std::__cxx11::basic_string<char, std::char_traits<char>, std::allocator<char> >) [66]
                0.00    0.00    3998/1020980     void std::__cxx11::basic_string<char, std::char_traits<char>, std::allocator<char> >::_M_construct<char*>(char*, char*, std::forward_iterator_tag) [28]
                0.00    0.00    1999/1999        lowerCaseWord(std::__cxx11::basic_string<char, std::char_traits<char>, std::allocator<char> >) [65]
                0.00    0.00    1999/1999        removeSpecialCharacters(std::__cxx11::basic_string<char, std::char_traits<char>, std::allocator<char> >) [67]
-----------------------------------------------
                0.00    0.00    1999/1999        normalizeWord(std::__cxx11::basic_string<char, std::char_traits<char>, std::allocator<char> >) [66]
[67]     0.0    0.00    0.00    1999         removeSpecialCharacters(std::__cxx11::basic_string<char, std::char_traits<char>, std::allocator<char> >) [67]
                0.00    0.00   11710/14730       isSpecialCharacter(char) [45]
                0.00    0.00    1999/1020980     void std::__cxx11::basic_string<char, std::char_traits<char>, std::allocator<char> >::_M_construct<char*>(char*, char*, std::forward_iterator_tag) [28]
-----------------------------------------------
                0.00    0.00     561/1937        ArrangementList<WordOccurence>::create(char*, WordOccurence) [70]
                0.00    0.00    1376/1937        ArrangementListSorting<WordOccurence>::quickSortPartition(int, int, int*, int*, Item<WordOccurence>*, bool (*)(WordOccurence, WordOccurence, ArrangementList<std::__cxx11::basic_string<char, std::char_traits<char>, std::allocator<char> > >*)) [9]
[68]     0.0    0.00    0.00    1937         Item<WordOccurence>::operator=(Item<WordOccurence> const&) [68]
                0.00    0.00    1937/4310        WordOccurence::operator=(WordOccurence const&) [58]
-----------------------------------------------
                0.00    0.00       1/565         ArrangementList<WordOccurence>::sort(bool (*)(WordOccurence, WordOccurence, ArrangementList<std::__cxx11::basic_string<char, std::char_traits<char>, std::allocator<char> > >*), ArrangementList<std::__cxx11::basic_string<char, std::char_traits<char>, std::allocator<char> > >*, int, int) [10]
                0.00    0.00     188/565         main [2]
                0.00    0.00     376/565         LexicographicAnalyser::getResult(int, int) [8]
[69]     0.0    0.00    0.00     565         ArrangementList<WordOccurence>::getSize() [69]
-----------------------------------------------
                0.00    0.00     187/561         LexicographicAnalyser::readWord(std::__cxx11::basic_string<char, std::char_traits<char>, std::allocator<char> >) [4]
                0.00    0.00     374/561         LexicographicAnalyser::getResult(int, int) [8]
[70]     0.0    0.00    0.00     561         ArrangementList<WordOccurence>::create(char*, WordOccurence) [70]
                0.00    0.00     561/30877       Item<WordOccurence>::Item() [40]
                0.00    0.00     561/4310        WordOccurence::operator=(WordOccurence const&) [58]
                0.00    0.00     561/1937        Item<WordOccurence>::operator=(Item<WordOccurence> const&) [68]
                0.00    0.00     561/3211        escreveMemLog(long, long, int) [60]
                0.00    0.00     561/442305      Item<WordOccurence>::~Item() [35]
-----------------------------------------------
                0.00    0.00      26/26          ArrangementList<std::__cxx11::basic_string<char, std::char_traits<char>, std::allocator<char> > >::create(int, std::__cxx11::basic_string<char, std::char_traits<char>, std::allocator<char> >) [72]
[71]     0.0    0.00    0.00      26         ArrangementList<std::__cxx11::basic_string<char, std::char_traits<char>, std::allocator<char> > >::create(char*, std::__cxx11::basic_string<char, std::char_traits<char>, std::allocator<char> >) [71]
                0.00    0.00      26/10026       Item<std::__cxx11::basic_string<char, std::char_traits<char>, std::allocator<char> > >::Item() [50]
                0.00    0.00      26/26          Item<std::__cxx11::basic_string<char, std::char_traits<char>, std::allocator<char> > >::operator=(Item<std::__cxx11::basic_string<char, std::char_traits<char>, std::allocator<char> > > const&) [74]
                0.00    0.00      26/3211        escreveMemLog(long, long, int) [60]
                0.00    0.00      26/94896       Item<std::__cxx11::basic_string<char, std::char_traits<char>, std::allocator<char> > >::~Item() [37]
-----------------------------------------------
                0.00    0.00      26/26          LexicographicAnalyser::readOrdering(std::__cxx11::basic_string<char, std::char_traits<char>, std::allocator<char> >) [73]
[72]     0.0    0.00    0.00      26         ArrangementList<std::__cxx11::basic_string<char, std::char_traits<char>, std::allocator<char> > >::create(int, std::__cxx11::basic_string<char, std::char_traits<char>, std::allocator<char> >) [72]
                0.00    0.00      26/1020980     void std::__cxx11::basic_string<char, std::char_traits<char>, std::allocator<char> >::_M_construct<char*>(char*, char*, std::forward_iterator_tag) [28]
                0.00    0.00      26/6022        ArrangementList<std::__cxx11::basic_string<char, std::char_traits<char>, std::allocator<char> > >::castStringKey(int) [51]
                0.00    0.00      26/26          ArrangementList<std::__cxx11::basic_string<char, std::char_traits<char>, std::allocator<char> > >::create(char*, std::__cxx11::basic_string<char, std::char_traits<char>, std::allocator<char> >) [71]
-----------------------------------------------
                0.00    0.00      26/26          main [2]
[73]     0.0    0.00    0.00      26         LexicographicAnalyser::readOrdering(std::__cxx11::basic_string<char, std::char_traits<char>, std::allocator<char> >) [73]
                0.00    0.00      26/14734       lowerCaseLetter(char) [42]
                0.00    0.00      26/1020980     void std::__cxx11::basic_string<char, std::char_traits<char>, std::allocator<char> >::_M_construct<char*>(char*, char*, std::forward_iterator_tag) [28]
                0.00    0.00      26/26          ArrangementList<std::__cxx11::basic_string<char, std::char_traits<char>, std::allocator<char> > >::create(int, std::__cxx11::basic_string<char, std::char_traits<char>, std::allocator<char> >) [72]
-----------------------------------------------
                0.00    0.00      26/26          ArrangementList<std::__cxx11::basic_string<char, std::char_traits<char>, std::allocator<char> > >::create(char*, std::__cxx11::basic_string<char, std::char_traits<char>, std::allocator<char> >) [71]
[74]     0.0    0.00    0.00      26         Item<std::__cxx11::basic_string<char, std::char_traits<char>, std::allocator<char> > >::operator=(Item<std::__cxx11::basic_string<char, std::char_traits<char>, std::allocator<char> > > const&) [74]
-----------------------------------------------
                0.00    0.00       1/3           LexicographicAnalyser::LexicographicAnalyser() [95]
                0.00    0.00       2/3           LexicographicAnalyser::getResult(int, int) [8]
[75]     0.0    0.00    0.00       3         ArrangementList<WordOccurence>::ArrangementList() [75]
                0.00    0.00   30000/30877       Item<WordOccurence>::Item() [40]
-----------------------------------------------
                0.00    0.00       1/1           __libc_csu_init [121]
[76]     0.0    0.00    0.00       1         _GLOBAL__sub_I__Z13normalizeWordNSt7__cxx1112basic_stringIcSt11char_traitsIcESaIcEEE [76]
                0.00    0.00       1/1           __static_initialization_and_destruction_0(int, int) [91]
-----------------------------------------------
                0.00    0.00       1/1           __libc_csu_init [121]
[77]     0.0    0.00    0.00       1         _GLOBAL__sub_I__Z16isOrderingConfigNSt7__cxx1112basic_stringIcSt11char_traitsIcESaIcEEE [77]
                0.00    0.00       1/1           __static_initialization_and_destruction_0(int, int) [86]
-----------------------------------------------
                0.00    0.00       1/1           __libc_csu_init [121]
[78]     0.0    0.00    0.00       1         _GLOBAL__sub_I__Z8castCharNSt7__cxx1112basic_stringIcSt11char_traitsIcESaIcEEE [78]
                0.00    0.00       1/1           __static_initialization_and_destruction_0(int, int) [92]
-----------------------------------------------
                0.00    0.00       1/1           __libc_csu_init [121]
[79]     0.0    0.00    0.00       1         _GLOBAL__sub_I__Z9parseArgsiPPc [79]
                0.00    0.00       1/1           __static_initialization_and_destruction_0(int, int) [85]
-----------------------------------------------
                0.00    0.00       1/1           __libc_csu_init [121]
[80]     0.0    0.00    0.00       1         _GLOBAL__sub_I__ZN21LexicographicAnalyserC2Ev [80]
                0.00    0.00       1/1           __static_initialization_and_destruction_0(int, int) [90]
-----------------------------------------------
                0.00    0.00       1/1           __libc_csu_init [121]
[81]     0.0    0.00    0.00       1         _GLOBAL__sub_I_main [81]
                0.00    0.00       1/1           __static_initialization_and_destruction_0(int, int) [87]
-----------------------------------------------
                0.00    0.00       1/1           main [2]
[82]     0.0    0.00    0.00       1         ativaMemLog() [82]
-----------------------------------------------
                0.00    0.00       1/1           main [2]
[83]     0.0    0.00    0.00       1         iniciaMemLog(char*) [83]
-----------------------------------------------
                0.00    0.00       1/1           main [2]
[84]     0.0    0.00    0.00       1         finalizaMemLog() [84]
                0.00    0.00       1/535358      clkDifMemLog(timespec, timespec, timespec*) [32]
-----------------------------------------------
                0.00    0.00       1/1           _GLOBAL__sub_I__Z9parseArgsiPPc [79]
[85]     0.0    0.00    0.00       1         __static_initialization_and_destruction_0(int, int) [85]
-----------------------------------------------
                0.00    0.00       1/1           _GLOBAL__sub_I__Z16isOrderingConfigNSt7__cxx1112basic_stringIcSt11char_traitsIcESaIcEEE [77]
[86]     0.0    0.00    0.00       1         __static_initialization_and_destruction_0(int, int) [86]
-----------------------------------------------
                0.00    0.00       1/1           _GLOBAL__sub_I_main [81]
[87]     0.0    0.00    0.00       1         __static_initialization_and_destruction_0(int, int) [87]
-----------------------------------------------
                                   1             __static_initialization_and_destruction_0(int, int) [88]
                0.00    0.00       1/1           __libc_csu_init [121]
[88]     0.0    0.00    0.00       1+1       __static_initialization_and_destruction_0(int, int) [88]
                                   1             __static_initialization_and_destruction_0(int, int) [88]
-----------------------------------------------
                                   1             __static_initialization_and_destruction_0(int, int) [89]
                0.00    0.00       1/1           __libc_csu_init [121]
[89]     0.0    0.00    0.00       1+1       __static_initialization_and_destruction_0(int, int) [89]
                                   1             __static_initialization_and_destruction_0(int, int) [89]
-----------------------------------------------
                0.00    0.00       1/1           _GLOBAL__sub_I__ZN21LexicographicAnalyserC2Ev [80]
[90]     0.0    0.00    0.00       1         __static_initialization_and_destruction_0(int, int) [90]
-----------------------------------------------
                0.00    0.00       1/1           _GLOBAL__sub_I__Z13normalizeWordNSt7__cxx1112basic_stringIcSt11char_traitsIcESaIcEEE [76]
[91]     0.0    0.00    0.00       1         __static_initialization_and_destruction_0(int, int) [91]
-----------------------------------------------
                0.00    0.00       1/1           _GLOBAL__sub_I__Z8castCharNSt7__cxx1112basic_stringIcSt11char_traitsIcESaIcEEE [78]
[92]     0.0    0.00    0.00       1         __static_initialization_and_destruction_0(int, int) [92]
-----------------------------------------------
                0.00    0.00       1/1           main [2]
[93]     0.0    0.00    0.00       1         parseArgs(int, char**) [93]
-----------------------------------------------
                0.00    0.00       1/1           LexicographicAnalyser::LexicographicAnalyser() [95]
[94]     0.0    0.00    0.00       1         ArrangementList<std::__cxx11::basic_string<char, std::char_traits<char>, std::allocator<char> > >::ArrangementList() [94]
                0.00    0.00   10000/10026       Item<std::__cxx11::basic_string<char, std::char_traits<char>, std::allocator<char> > >::Item() [50]
-----------------------------------------------
                0.00    0.00       1/1           main [2]
[95]     0.0    0.00    0.00       1         LexicographicAnalyser::LexicographicAnalyser() [95]
                0.00    0.00       1/3           ArrangementList<WordOccurence>::ArrangementList() [75]
                0.00    0.00       1/1           ArrangementList<std::__cxx11::basic_string<char, std::char_traits<char>, std::allocator<char> > >::ArrangementList() [94]
-----------------------------------------------
                0.00    0.00       1/1           ArrangementList<WordOccurence>::sort(bool (*)(WordOccurence, WordOccurence, ArrangementList<std::__cxx11::basic_string<char, std::char_traits<char>, std::allocator<char> > >*), ArrangementList<std::__cxx11::basic_string<char, std::char_traits<char>, std::allocator<char> > >*, int, int) [10]
[96]     0.0    0.00    0.00       1         ArrangementListSorting<WordOccurence>::ArrangementListSorting(int, ArrangementList<std::__cxx11::basic_string<char, std::char_traits<char>, std::allocator<char> > >*, int, int) [96]
-----------------------------------------------

 This table describes the call tree of the program, and was sorted by
 the total amount of time spent in each function and its children.

 Each entry in this table consists of several lines.  The line with the
 index number at the left hand margin lists the current function.
 The lines above it list the functions that called this function,
 and the lines below it list the functions this one called.
 This line lists:
     index	A unique number given to each element of the table.
		Index numbers are sorted numerically.
		The index number is printed next to every function name so
		it is easier to look up where the function is in the table.

     % time	This is the percentage of the `total' time that was spent
		in this function and its children.  Note that due to
		different viewpoints, functions excluded by options, etc,
		these numbers will NOT add up to 100%.

     self	This is the total amount of time spent in this function.

     children	This is the total amount of time propagated into this
		function by its children.

     called	This is the number of times the function was called.
		If the function called itself recursively, the number
		only includes non-recursive calls, and is followed by
		a `+' and the number of recursive calls.

     name	The name of the current function.  The index number is
		printed after it.  If the function is a member of a
		cycle, the cycle number is printed between the
		function's name and the index number.


 For the function's parents, the fields have the following meanings:

     self	This is the amount of time that was propagated directly
		from the function into this parent.

     children	This is the amount of time that was propagated from
		the function's children into this parent.

     called	This is the number of times this parent called the
		function `/' the total number of times the function
		was called.  Recursive calls to the function are not
		included in the number after the `/'.

     name	This is the name of the parent.  The parent's index
		number is printed after it.  If the parent is a
		member of a cycle, the cycle number is printed between
		the name and the index number.

 If the parents of the function cannot be determined, the word
 `<spontaneous>' is printed in the `name' field, and all the other
 fields are blank.

 For the function's children, the fields have the following meanings:

     self	This is the amount of time that was propagated directly
		from the child into the function.

     children	This is the amount of time that was propagated from the
		child's children to the function.

     called	This is the number of times the function called
		this child `/' the total number of times the child
		was called.  Recursive calls by the child are not
		listed in the number after the `/'.

     name	This is the name of the child.  The child's index
		number is printed after it.  If the child is a
		member of a cycle, the cycle number is printed
		between the name and the index number.

 If there are any cycles (circles) in the call graph, there is an
 entry for the cycle-as-a-whole.  This entry shows who called the
 cycle (as parents) and the members of the cycle (as children.)
 The `+' recursive calls entry shows the number of function calls that
 were internal to the cycle, and the calls entry for each member shows,
 for that member, how many times it was called from other members of
 the cycle.

Copyright (C) 2012-2018 Free Software Foundation, Inc.

Copying and distribution of this file, with or without modification,
are permitted in any medium without royalty provided the copyright
notice and this notice are preserved.

Index by function name

  [76] _GLOBAL__sub_I__Z13normalizeWordNSt7__cxx1112basic_stringIcSt11char_traitsIcESaIcEEE (lexicographic-util.cpp) [1] leMemLog(long, long, int) [95] LexicographicAnalyser::LexicographicAnalyser()
  [77] _GLOBAL__sub_I__Z16isOrderingConfigNSt7__cxx1112basic_stringIcSt11char_traitsIcESaIcEEE (app-validation.cpp) [93] parseArgs(int, char**) [11] ArrangementListSorting<WordOccurence>::quickSortOrder(int, int, Item<WordOccurence>*, bool (*)(WordOccurence, WordOccurence, ArrangementList<std::__cxx11::basic_string<char, std::char_traits<char>, std::allocator<char> > >*))
  [78] _GLOBAL__sub_I__Z8castCharNSt7__cxx1112basic_stringIcSt11char_traitsIcESaIcEEE (shared-util.cpp) [39] WordOccurence::WordOccurence() [9] ArrangementListSorting<WordOccurence>::quickSortPartition(int, int, int*, int*, Item<WordOccurence>*, bool (*)(WordOccurence, WordOccurence, ArrangementList<std::__cxx11::basic_string<char, std::char_traits<char>, std::allocator<char> > >*))
  [79] _GLOBAL__sub_I__Z9parseArgsiPPc (app-util.cpp) [34] WordOccurence::WordOccurence(WordOccurence const&) [12] ArrangementListSorting<WordOccurence>::quickSort(Item<WordOccurence>*, bool (*)(WordOccurence, WordOccurence, ArrangementList<std::__cxx11::basic_string<char, std::char_traits<char>, std::allocator<char> > >*))
  [80] _GLOBAL__sub_I__ZN21LexicographicAnalyserC2Ev (lexicographic-analyser.cpp) [33] WordOccurence::~WordOccurence() [96] ArrangementListSorting<WordOccurence>::ArrangementListSorting(int, ArrangementList<std::__cxx11::basic_string<char, std::char_traits<char>, std::allocator<char> > >*, int, int)
  [81] _GLOBAL__sub_I_main (app.cpp) [58] WordOccurence::operator=(WordOccurence const&) [36] Item<WordOccurence>::Item(Item<WordOccurence> const&)
  [82] ativaMemLog()           [5] ArrangementList<WordOccurence>::existsByKey(char*) [40] Item<WordOccurence>::Item()
  [32] clkDifMemLog(timespec, timespec, timespec*) [20] ArrangementList<WordOccurence>::findByIndex(int) [35] Item<WordOccurence>::~Item()
  [83] iniciaMemLog(char*)    [59] ArrangementList<WordOccurence>::existsByIndex(int) [68] Item<WordOccurence>::operator=(Item<WordOccurence> const&)
  [62] isTextConfig(std::__cxx11::basic_string<char, std::char_traits<char>, std::allocator<char> >) [10] ArrangementList<WordOccurence>::sort(bool (*)(WordOccurence, WordOccurence, ArrangementList<std::__cxx11::basic_string<char, std::char_traits<char>, std::allocator<char> > >*), ArrangementList<std::__cxx11::basic_string<char, std::char_traits<char>, std::allocator<char> > >*, int, int) [50] Item<std::__cxx11::basic_string<char, std::char_traits<char>, std::allocator<char> > >::Item()
  [60] escreveMemLog(long, long, int) [70] ArrangementList<WordOccurence>::create(char*, WordOccurence) [38] Item<std::__cxx11::basic_string<char, std::char_traits<char>, std::allocator<char> > >::Item(Item<std::__cxx11::basic_string<char, std::char_traits<char>, std::allocator<char> > > const&)
  [65] lowerCaseWord(std::__cxx11::basic_string<char, std::char_traits<char>, std::allocator<char> >) [7] ArrangementList<WordOccurence>::update(char*, WordOccurence) [37] Item<std::__cxx11::basic_string<char, std::char_traits<char>, std::allocator<char> > >::~Item()
  [66] normalizeWord(std::__cxx11::basic_string<char, std::char_traits<char>, std::allocator<char> >) [69] ArrangementList<WordOccurence>::getSize() [74] Item<std::__cxx11::basic_string<char, std::char_traits<char>, std::allocator<char> > >::operator=(Item<std::__cxx11::basic_string<char, std::char_traits<char>, std::allocator<char> > > const&)
  [84] finalizaMemLog()        [6] ArrangementList<WordOccurence>::findByKey(char*) [52] std::__cxx11::basic_string<char, std::char_traits<char>, std::allocator<char> > __gnu_cxx::__to_xstring<std::__cxx11::basic_string<char, std::char_traits<char>, std::allocator<char> >, char>(int (*)(char*, unsigned long, char const*, __va_list_tag*), unsigned long, char const*, ...)
  [42] lowerCaseLetter(char)   [3] ArrangementList<WordOccurence>::findIndex(char*, MemoryLogType) [27] bool __gnu_cxx::__is_null_pointer<char>(char*)
  [63] defineFaseMemLog(int)  [75] ArrangementList<WordOccurence>::ArrangementList() [48] __gnu_cxx::__normal_iterator<char*, std::__cxx11::basic_string<char, std::char_traits<char>, std::allocator<char> > >::operator++()
  [64] isOrderingConfig(std::__cxx11::basic_string<char, std::char_traits<char>, std::allocator<char> >) [16] ArrangementList<std::__cxx11::basic_string<char, std::char_traits<char>, std::allocator<char> > >::existsByKey(char*) [46] bool __gnu_cxx::operator!=<char*, std::__cxx11::basic_string<char, std::char_traits<char>, std::allocator<char> > >(__gnu_cxx::__normal_iterator<char*, std::__cxx11::basic_string<char, std::char_traits<char>, std::allocator<char> > > const&, __gnu_cxx::__normal_iterator<char*, std::__cxx11::basic_string<char, std::char_traits<char>, std::allocator<char> > > const&)
  [45] isSpecialCharacter(char) [17] ArrangementList<std::__cxx11::basic_string<char, std::char_traits<char>, std::allocator<char> > >::existsByKey(int) [41] __gnu_cxx::__normal_iterator<char*, std::__cxx11::basic_string<char, std::char_traits<char>, std::allocator<char> > >::base() const
  [14] getLexicographicalValue(char, ArrangementList<std::__cxx11::basic_string<char, std::char_traits<char>, std::allocator<char> > >*) [51] ArrangementList<std::__cxx11::basic_string<char, std::char_traits<char>, std::allocator<char> > >::castStringKey(int) [49] __gnu_cxx::__normal_iterator<char*, std::__cxx11::basic_string<char, std::char_traits<char>, std::allocator<char> > >::operator*() const
  [67] removeSpecialCharacters(std::__cxx11::basic_string<char, std::char_traits<char>, std::allocator<char> >) [57] ArrangementList<std::__cxx11::basic_string<char, std::char_traits<char>, std::allocator<char> > >::existsByIndex(int) [43] std::ctype<char>::tolower(char) const
  [15] makeLexicographicalComparison(WordOccurence, WordOccurence, ArrangementList<std::__cxx11::basic_string<char, std::char_traits<char>, std::allocator<char> > >*) [71] ArrangementList<std::__cxx11::basic_string<char, std::char_traits<char>, std::allocator<char> > >::create(char*, std::__cxx11::basic_string<char, std::char_traits<char>, std::allocator<char> >) [53] void std::__cxx11::basic_string<char, std::char_traits<char>, std::allocator<char> >::_M_construct<char*>(char*, char*)
  [85] __static_initialization_and_destruction_0(int, int) (app-util.cpp) [72] ArrangementList<std::__cxx11::basic_string<char, std::char_traits<char>, std::allocator<char> > >::create(int, std::__cxx11::basic_string<char, std::char_traits<char>, std::allocator<char> >) [28] void std::__cxx11::basic_string<char, std::char_traits<char>, std::allocator<char> >::_M_construct<char*>(char*, char*, std::forward_iterator_tag)
  [86] __static_initialization_and_destruction_0(int, int) (app-validation.cpp) [61] ArrangementList<std::__cxx11::basic_string<char, std::char_traits<char>, std::allocator<char> > >::getSize() [54] void std::__cxx11::basic_string<char, std::char_traits<char>, std::allocator<char> >::_M_construct_aux<char*>(char*, char*, std::__false_type)
  [87] __static_initialization_and_destruction_0(int, int) (app.cpp) [18] ArrangementList<std::__cxx11::basic_string<char, std::char_traits<char>, std::allocator<char> > >::findByKey(char*) [55] std::__cxx11::basic_string<char, std::char_traits<char>, std::allocator<char> >::basic_string<char*, void>(char*, char*, std::allocator<char> const&)
  [88] __static_initialization_and_destruction_0(int, int) (arrangement-list-sorting.cpp) [19] ArrangementList<std::__cxx11::basic_string<char, std::char_traits<char>, std::allocator<char> > >::findByKey(int) [56] std::__cxx11::to_string(int)
  [89] __static_initialization_and_destruction_0(int, int) (arrangement-list.cpp) [13] ArrangementList<std::__cxx11::basic_string<char, std::char_traits<char>, std::allocator<char> > >::findIndex(char*, MemoryLogType) [29] std::iterator_traits<char*>::difference_type std::__distance<char*>(char*, char*, std::random_access_iterator_tag)
  [90] __static_initialization_and_destruction_0(int, int) (lexicographic-analyser.cpp) [94] ArrangementList<std::__cxx11::basic_string<char, std::char_traits<char>, std::allocator<char> > >::ArrangementList() [30] std::iterator_traits<char*>::iterator_category std::__iterator_category<char*>(char* const&)
  [91] __static_initialization_and_destruction_0(int, int) (lexicographic-util.cpp) [73] LexicographicAnalyser::readOrdering(std::__cxx11::basic_string<char, std::char_traits<char>, std::allocator<char> >) [44] char std::tolower<char>(char, std::locale const&)
  [92] __static_initialization_and_destruction_0(int, int) (shared-util.cpp) [4] LexicographicAnalyser::readWord(std::__cxx11::basic_string<char, std::char_traits<char>, std::allocator<char> >) [31] std::iterator_traits<char*>::difference_type std::distance<char*>(char*, char*)
  [47] castChar(std::__cxx11::basic_string<char, std::char_traits<char>, std::allocator<char> >) [8] LexicographicAnalyser::getResult(int, int)
