I 1 22435.771247293
E 0 2 1 0.000062629 139912896315408 24
L 1 3 2 0.000069952 139912896315408 24
E 1 4 1 0.000076065 139912895508496 8
E 1 5 1 0.000077069 139912895508512 8
E 1 6 1 0.000078875 139912895508528 8
E 1 7 1 0.000079681 139912895508544 8
E 1 8 1 0.000080402 139912895508560 8
L 1 9 3 0.000081389 139912895508496 8
L 1 10 3 0.000081870 139912895508512 8
L 1 11 3 0.000082581 139912895508496 8
L 1 12 3 0.000082997 139912895508560 8
L 1 13 3 0.000083490 139912895508512 8
L 1 14 3 0.000083950 139912895508560 8
L 1 15 3 0.000084583 139912895508528 8
L 1 16 3 0.000084977 139912895508560 8
L 1 17 3 0.000085403 139912895508544 8
L 1 18 3 0.000085764 139912895508560 8
E 1 19 1 0.000087160 139912879628304 96
E 1 20 1 0.000089101 139912895672336 56
L 1 21 0 0.000089583 139912896315408 24
E 1 22 0 0.000090227 139912896315408 24
L 1 23 2 0.000092381 139912896315408 24
E 1 24 1 0.000096656 139912895344656 8
E 1 25 1 0.000097476 139912895344672 8
E 1 26 1 0.000098183 139912895344688 8
E 1 27 1 0.000098886 139912895344704 8
E 1 28 1 0.000099605 139912895344720 8
L 1 29 3 0.000100294 139912895344672 8
L 1 30 3 0.000100862 139912895344688 8
E 1 31 1 0.000101736 139912879628408 96
L 1 32 2 0.000102291 139912895672336 56
E 1 33 1 0.000102881 139912895672400 56
L 1 34 0 0.000103337 139912896315408 24
E 1 35 0 0.000103765 139912896315408 24
L 1 36 2 0.000105503 139912896315408 24
E 1 37 1 0.000111743 139912895180816 8
E 1 38 1 0.000112630 139912895180832 8
E 1 39 1 0.000113336 139912895180848 8
E 1 40 1 0.000114082 139912895180864 8
E 1 41 1 0.000114816 139912895180880 8
L 1 42 3 0.000115275 139912895180816 8
L 1 43 3 0.000115656 139912895180832 8
L 1 44 3 0.000116095 139912895180816 8
L 1 45 3 0.000116448 139912895180864 8
L 1 46 3 0.000116949 139912895180832 8
L 1 47 3 0.000117311 139912895180864 8
E 1 48 1 0.000119771 139912879628512 96
L 1 49 2 0.000120261 139912895672336 56
L 1 50 2 0.000120675 139912895672400 56
E 1 51 1 0.000121173 139912895672464 56
L 1 52 0 0.000121575 139912896315408 24
E 1 53 0 0.000121965 139912896315408 24
L 1 54 2 0.000123642 139912896315408 24
E 1 55 1 0.000127281 139912895016976 8
E 1 56 1 0.000128116 139912895016992 8
E 1 57 1 0.000128873 139912895017008 8
E 1 58 1 0.000129612 139912895017024 8
E 1 59 1 0.000130322 139912895017040 8
L 1 60 3 0.000130781 139912895016976 8
L 1 61 3 0.000131159 139912895016992 8
L 1 62 3 0.000131567 139912895016976 8
L 1 63 3 0.000131937 139912895017024 8
L 1 64 3 0.000132413 139912895016992 8
L 1 65 3 0.000132821 139912895017008 8
L 1 66 3 0.000133245 139912895016992 8
L 1 67 3 0.000133616 139912895017024 8
L 1 68 3 0.000134171 139912895017008 8
L 1 69 3 0.000134526 139912895017024 8
E 1 70 1 0.000135147 139912879628616 96
L 1 71 2 0.000135612 139912895672336 56
L 1 72 2 0.000135986 139912895672400 56
L 1 73 2 0.000136380 139912895672464 56
E 1 74 1 0.000136801 139912895672528 56
L 1 75 0 0.000137198 139912896315408 24
E 1 76 0 0.000137588 139912896315408 24
L 1 77 2 0.000139223 139912896315408 24
E 1 78 1 0.000143564 139912894853136 8
E 1 79 1 0.000144390 139912894853152 8
E 1 80 1 0.000145105 139912894853168 8
E 1 81 1 0.000145810 139912894853184 8
E 1 82 1 0.000146563 139912894853200 8
L 1 83 3 0.000147094 139912894853136 8
L 1 84 3 0.000147494 139912894853184 8
L 1 85 3 0.000147908 139912894853136 8
L 1 86 3 0.000148259 139912894853200 8
L 1 87 3 0.000148677 139912894853152 8
L 1 88 3 0.000149042 139912894853168 8
L 1 89 3 0.000149463 139912894853152 8
L 1 90 3 0.000149850 139912894853200 8
L 1 91 3 0.000150302 139912894853168 8
L 1 92 3 0.000150651 139912894853184 8
L 1 93 3 0.000151091 139912894853184 8
L 1 94 3 0.000151453 139912894853200 8
E 1 95 1 0.000152051 139912879628720 96
L 1 96 2 0.000152458 139912895672336 56
L 1 97 2 0.000152834 139912895672400 56
L 1 98 2 0.000153209 139912895672464 56
L 1 99 2 0.000153580 139912895672528 56
E 1 100 1 0.000154007 139912895672592 56
L 1 101 0 0.000154459 139912896315408 24
E 1 102 0 0.000154893 139912896315408 24
E 0 103 1 0.000159750 139912896315440 24
L 1 104 2 0.000161564 139912896315408 24
L 1 105 2 0.000161975 139912896315440 24
E 1 106 1 0.000198173 139912894689296 8
E 1 107 1 0.000199958 139912894689312 8
E 1 108 1 0.000201146 139912894689328 8
E 1 109 1 0.000201866 139912894689344 8
E 1 110 1 0.000202586 139912894689360 8
L 1 111 3 0.000203206 139912894689312 8
L 1 112 3 0.000203585 139912894689328 8
L 1 113 3 0.000204009 139912894689312 8
L 1 114 3 0.000204361 139912894689360 8
L 1 115 3 0.000204768 139912894689328 8
L 1 116 3 0.000205124 139912894689344 8
L 1 117 3 0.000205536 139912894689328 8
L 1 118 3 0.000205878 139912894689360 8
L 1 119 3 0.000206276 139912894689344 8
L 1 120 3 0.000206604 139912894689360 8
E 1 121 1 0.000207199 139912878587920 96
L 1 122 2 0.000207698 139912895672336 56
L 1 123 2 0.000208359 139912895672400 56
L 1 124 2 0.000208812 139912895672464 56
L 1 125 2 0.000209200 139912895672528 56
L 1 126 2 0.000209600 139912895672592 56
L 1 127 0 0.000210068 139912896315408 24
L 1 128 0 0.000210478 139912896315440 24
E 1 129 0 0.000210931 139912896315440 24
L 1 130 2 0.000213002 139912896315408 24
L 1 131 2 0.000213435 139912896315440 24
E 1 132 1 0.000217992 139912878424080 8
E 1 133 1 0.000218760 139912878424096 8
E 1 134 1 0.000219519 139912878424112 8
E 1 135 1 0.000220456 139912878424128 8
E 1 136 1 0.000221198 139912878424144 8
L 1 137 3 0.000221664 139912878424080 8
L 1 138 3 0.000222030 139912878424096 8
L 1 139 3 0.000222408 139912878424080 8
L 1 140 3 0.000222764 139912878424112 8
L 1 141 3 0.000223303 139912878424096 8
L 1 142 3 0.000223699 139912878424112 8
L 1 143 3 0.000224082 139912878424096 8
L 1 144 3 0.000224454 139912878424128 8
L 1 145 3 0.000224847 139912878424096 8
L 1 146 3 0.000225232 139912878424144 8
L 1 147 3 0.000225666 139912878424112 8
L 1 148 3 0.000226037 139912878424128 8
L 1 149 3 0.000226478 139912878424112 8
L 1 150 3 0.000226852 139912878424144 8
L 1 151 3 0.000227279 139912878424128 8
L 1 152 3 0.000227647 139912878424144 8
E 1 153 1 0.000228227 139912878588024 96
L 1 154 2 0.000228853 139912895672336 56
L 1 155 2 0.000229260 139912895672400 56
L 1 156 2 0.000229673 139912895672464 56
L 1 157 2 0.000230105 139912895672528 56
L 1 158 0 0.000230543 139912896315408 24
L 1 159 0 0.000230968 139912896315440 24
E 1 160 0 0.000231385 139912896315440 24
E 0 161 1 0.000238478 139912896315472 24
L 1 162 2 0.000240055 139912896315408 24
L 1 163 2 0.000240495 139912896315440 24
L 1 164 2 0.000240893 139912896315472 24
E 1 165 1 0.000244452 139912877219856 8
E 1 166 1 0.000245162 139912877219872 8
E 1 167 1 0.000245897 139912877219888 8
E 1 168 1 0.000246633 139912877219904 8
E 1 169 1 0.000247519 139912877219920 8
L 1 170 3 0.000248217 139912877219872 8
L 1 171 3 0.000248633 139912877219888 8
L 1 172 3 0.000249189 139912877219888 8
L 1 173 3 0.000249558 139912877219904 8
E 1 174 1 0.000251327 139912877383696 96
L 1 175 2 0.000251735 139912895672336 56
L 1 176 2 0.000252095 139912895672400 56
L 1 177 2 0.000252467 139912895672464 56
L 1 178 0 0.000252885 139912896315408 24
L 1 179 0 0.000253284 139912896315440 24
L 1 180 0 0.000253674 139912896315472 24
E 1 181 0 0.000254064 139912896315472 24
L 1 182 2 0.000255816 139912896315408 24
L 1 183 2 0.000256183 139912896315440 24
L 1 184 2 0.000256612 139912896315472 24
E 1 185 1 0.000260412 139912877056016 8
E 1 186 1 0.000261233 139912877056032 8
E 1 187 1 0.000261996 139912877056048 8
E 1 188 1 0.000262751 139912877056064 8
E 1 189 1 0.000263464 139912877056080 8
L 1 190 3 0.000263900 139912877056016 8
L 1 191 3 0.000264303 139912877056032 8
L 1 192 3 0.000264733 139912877056016 8
L 1 193 3 0.000265097 139912877056064 8
L 1 194 3 0.000265534 139912877056032 8
L 1 195 3 0.000265893 139912877056048 8
L 1 196 3 0.000266332 139912877056032 8
L 1 197 3 0.000266739 139912877056080 8
L 1 198 3 0.000267155 139912877056048 8
L 1 199 3 0.000267549 139912877056064 8
L 1 200 3 0.000268000 139912877056064 8
L 1 201 3 0.000268371 139912877056080 8
E 1 202 1 0.000268947 139912877383800 96
L 1 203 2 0.000269341 139912895672336 56
L 1 204 2 0.000269719 139912895672400 56
L 1 205 2 0.000270097 139912895672464 56
L 1 206 2 0.000270484 139912895672528 56
L 1 207 0 0.000270900 139912896315408 24
L 1 208 0 0.000277995 139912896315440 24
L 1 209 0 0.000278562 139912896315472 24
E 1 210 0 0.000279001 139912896315472 24
L 1 211 2 0.000282904 139912896315408 24
L 1 212 2 0.000283285 139912896315440 24
L 1 213 2 0.000283641 139912896315472 24
E 1 214 1 0.000287917 139912876892176 8
E 1 215 1 0.000289020 139912876892192 8
E 1 216 1 0.000289871 139912876892208 8
E 1 217 1 0.000290585 139912876892224 8
E 1 218 1 0.000291295 139912876892240 8
L 1 219 3 0.000291944 139912876892176 8
L 1 220 3 0.000292376 139912876892240 8
L 1 221 3 0.000292790 139912876892192 8
L 1 222 3 0.000293205 139912876892208 8
L 1 223 3 0.000293657 139912876892192 8
L 1 224 3 0.000294045 139912876892240 8
L 1 225 3 0.000294513 139912876892208 8
L 1 226 3 0.000294879 139912876892240 8
E 1 227 1 0.000295527 139912877383904 96
L 1 228 2 0.000296413 139912895672336 56
L 1 229 0 0.000296864 139912896315408 24
L 1 230 0 0.000297273 139912896315440 24
L 1 231 0 0.000297685 139912896315472 24
E 1 232 0 0.000298087 139912896315472 24
L 2 233 2 0.002205919 139912896315408 24
L 2 234 2 0.002215554 139912895672336 56
L 2 235 2 0.002223162 139912895672336 56
L 2 236 2 0.002223679 139912895672400 56
L 2 237 2 0.002224506 139912895672336 56
L 2 238 2 0.002224977 139912895672400 56
L 2 239 2 0.002225535 139912895672464 56
L 2 240 2 0.002226704 139912895672336 56
L 2 241 2 0.002227189 139912895672400 56
L 2 242 2 0.002227598 139912895672464 56
L 2 243 2 0.002228049 139912895672528 56
L 2 244 2 0.002228903 139912895672336 56
L 2 245 2 0.002229331 139912895672400 56
L 2 246 2 0.002229764 139912895672464 56
L 2 247 2 0.002230250 139912895672528 56
L 2 248 2 0.002230785 139912895672592 56
L 2 249 0 0.002233038 139912895672336 56
E 2 250 0 0.002233825 139912895672336 56
L 2 251 0 0.002234941 139912895672336 56
L 2 252 0 0.002235419 139912895672400 56
E 2 253 0 0.002236069 139912895672400 56
L 2 254 0 0.002236553 139912895672336 56
L 2 255 0 0.002237013 139912895672400 56
L 2 256 0 0.002237464 139912895672464 56
E 2 257 0 0.002238208 139912895672464 56
L 2 258 0 0.002238846 139912895672336 56
L 2 259 0 0.002239243 139912895672400 56
L 2 260 0 0.002239803 139912895672464 56
L 2 261 0 0.002240291 139912895672528 56
E 2 262 0 0.002240815 139912895672528 56
L 2 263 0 0.002241349 139912895672336 56
L 2 264 0 0.002241729 139912895672400 56
L 2 265 0 0.002242180 139912895672464 56
L 2 266 0 0.002242812 139912895672528 56
L 2 267 0 0.002243195 139912895672592 56
E 2 268 0 0.002243604 139912895672592 56
E 2 269 1 0.002285871 139912871530512 44
E 2 270 1 0.002287167 139912871530568 44
E 2 271 1 0.002287997 139912871530624 44
E 2 272 1 0.002289027 139912871530680 44
E 2 273 1 0.002289871 139912871530736 44
E 2 274 1 0.002306737 139912870969360 44
E 2 275 1 0.002307907 139912870969416 44
E 2 276 1 0.002308848 139912870969472 44
E 2 277 1 0.002310299 139912870969528 44
E 2 278 1 0.002311177 139912870969584 44
E 2 279 1 0.002318468 139912870408208 44
E 2 280 1 0.002319230 139912870408264 44
E 2 281 1 0.002319891 139912870408320 44
E 2 282 1 0.002320733 139912870408376 44
E 2 283 1 0.002322112 139912870408432 44
E 2 284 1 0.002329574 139912869847056 44
E 2 285 1 0.002330752 139912869847112 44
E 2 286 1 0.002332474 139912869847168 44
E 2 287 1 0.002333342 139912869847224 44
E 2 288 1 0.002334381 139912869847280 44
E 2 289 1 0.002344390 139912869285904 44
E 2 290 1 0.002348040 139912869285960 44
E 2 291 1 0.002348905 139912869286016 44
E 2 292 1 0.002349662 139912869286072 44
E 2 293 1 0.002350464 139912869286128 44
L 2 294 2 0.002370241 139912895672336 56
L 2 295 0 0.002371552 139912895672336 56
E 2 296 0 0.002372354 139912895672336 56
E 2 297 1 0.002386043 139912868724752 44
E 2 298 1 0.002386932 139912868724808 44
E 2 299 1 0.002387655 139912868724864 44
E 2 300 1 0.002389150 139912868724920 44
E 2 301 1 0.002389876 139912868724976 44
L 2 302 3 0.002390993 139912868724808 44
L 2 303 3 0.002391516 139912868724920 44
E 2 304 1 0.002398908 139912868163600 44
E 2 305 1 0.002400364 139912868163656 44
E 2 306 1 0.002401122 139912868163712 44
E 2 307 1 0.002401942 139912868163768 44
E 2 308 1 0.002480296 139912868163824 44
L 2 309 3 0.002481528 139912868163656 44
L 2 310 3 0.002481944 139912868163768 44
E 2 311 1 0.002490617 139912867602448 44
E 2 312 1 0.002491390 139912867602504 44
E 2 313 1 0.002492242 139912867602560 44
E 2 314 1 0.002495358 139912867602616 44
E 2 315 1 0.002496278 139912867602672 44
L 2 316 3 0.002496930 139912867602504 44
L 2 317 3 0.002497322 139912867602616 44
E 2 318 1 0.002506295 139912867041296 44
E 2 319 1 0.002507045 139912867041352 44
E 2 320 1 0.002507995 139912867041408 44
E 2 321 1 0.002508723 139912867041464 44
E 2 322 1 0.002509444 139912867041520 44
L 2 323 3 0.002510095 139912867041352 44
L 2 324 3 0.002510473 139912867041464 44
L 2 325 2 0.002515525 139912895672336 56
L 2 326 2 0.002516287 139912895672400 56
L 2 327 0 0.002517316 139912895672336 56
L 2 328 0 0.002517695 139912895672400 56
E 2 329 0 0.002518082 139912895672400 56
E 2 330 1 0.002523998 139912866480144 44
E 2 331 1 0.002524801 139912866480200 44
E 2 332 1 0.002525545 139912866480256 44
E 2 333 1 0.002526293 139912866480312 44
E 2 334 1 0.002526999 139912866480368 44
L 2 335 3 0.002527507 139912866480144 44
L 2 336 3 0.002527858 139912866480256 44
E 2 337 1 0.002536568 139912865918992 44
E 2 338 1 0.002537484 139912865919048 44
E 2 339 1 0.002538264 139912865919104 44
E 2 340 1 0.002539015 139912865919160 44
E 2 341 1 0.002539737 139912865919216 44
L 2 342 3 0.002540220 139912865918992 44
L 2 343 3 0.002540589 139912865919104 44
E 2 344 1 0.002551230 139912865357840 44
E 2 345 1 0.002551979 139912865357896 44
E 2 346 1 0.002552702 139912865357952 44
E 2 347 1 0.002553411 139912865358008 44
E 2 348 1 0.002554137 139912865358064 44
L 2 349 3 0.002554633 139912865357840 44
L 2 350 3 0.002555000 139912865357952 44
E 2 351 1 0.002563035 139912864796688 44
E 2 352 1 0.002564011 139912864796744 44
E 2 353 1 0.002564878 139912864796800 44
E 2 354 1 0.002565614 139912864796856 44
E 2 355 1 0.002566378 139912864796912 44
L 2 356 3 0.002566875 139912864796688 44
L 2 357 3 0.002567227 139912864796800 44
E 2 358 1 0.002574371 139912864235536 44
E 2 359 1 0.002575108 139912864235592 44
E 2 360 1 0.002575818 139912864235648 44
E 2 361 1 0.002576622 139912864235704 44
E 2 362 1 0.002577363 139912864235760 44
L 2 363 3 0.002577941 139912864235536 44
L 2 364 3 0.002578302 139912864235648 44
L 2 365 2 0.002579326 139912895672336 56
L 2 366 2 0.002579728 139912895672400 56
L 2 367 2 0.002580294 139912895672464 56
L 2 368 0 0.002581030 139912895672336 56
L 2 369 0 0.002581480 139912895672400 56
L 2 370 0 0.002581863 139912895672464 56
E 2 371 0 0.002582245 139912895672464 56
E 2 372 1 0.002588400 139912863674384 44
E 2 373 1 0.002589147 139912863674440 44
E 2 374 1 0.002592896 139912863674496 44
E 2 375 1 0.002593628 139912863674552 44
E 2 376 1 0.002594414 139912863674608 44
E 2 377 1 0.002598704 139912863113232 44
E 2 378 1 0.002599456 139912863113288 44
E 2 379 1 0.002600243 139912863113344 44
E 2 380 1 0.002601059 139912863113400 44
E 2 381 1 0.002601807 139912863113456 44
L 2 382 2 0.002603918 139912895672336 56
L 2 383 2 0.002604293 139912895672400 56
L 2 384 2 0.002604688 139912895672464 56
L 2 385 2 0.002605047 139912895672528 56
L 2 386 0 0.002605501 139912895672336 56
L 2 387 0 0.002605880 139912895672400 56
L 2 388 0 0.002606560 139912895672464 56
L 2 389 0 0.002607208 139912895672528 56
E 2 390 0 0.002607928 139912895672528 56
E 2 391 1 0.002616026 139912862552080 44
E 2 392 1 0.002616739 139912862552136 44
E 2 393 1 0.002617458 139912862552192 44
E 2 394 1 0.002618240 139912862552248 44
E 2 395 1 0.002618997 139912862552304 44
L 2 396 3 0.002619526 139912862552080 44
L 2 397 3 0.002619916 139912862552192 44
E 2 398 1 0.002626479 139912861990928 44
E 2 399 1 0.002627241 139912861990984 44
E 2 400 1 0.002628026 139912861991040 44
E 2 401 1 0.002628962 139912861991096 44
E 2 402 1 0.002631952 139912861991152 44
L 2 403 3 0.002632500 139912861990928 44
L 2 404 3 0.002632865 139912861991040 44
E 2 405 1 0.002638420 139912861429776 44
E 2 406 1 0.002639146 139912861429832 44
E 2 407 1 0.002639878 139912861429888 44
E 2 408 1 0.002658689 139912861429944 44
E 2 409 1 0.002659626 139912861430000 44
L 2 410 3 0.002660161 139912861429776 44
L 2 411 3 0.002660690 139912861429888 44
E 2 412 1 0.002668956 139912860868624 44
E 2 413 1 0.002669820 139912860868680 44
E 2 414 1 0.002670573 139912860868736 44
E 2 415 1 0.002671332 139912860868792 44
E 2 416 1 0.002672072 139912860868848 44
L 2 417 3 0.002672626 139912860868624 44
L 2 418 3 0.002672995 139912860868736 44
E 2 419 1 0.002680950 139912860307472 44
E 2 420 1 0.002681898 139912860307528 44
E 2 421 1 0.002682662 139912860307584 44
E 2 422 1 0.002683412 139912860307640 44
E 2 423 1 0.002684212 139912860307696 44
L 2 424 3 0.002684721 139912860307472 44
L 2 425 3 0.002685112 139912860307584 44
L 2 426 2 0.002686458 139912895672336 56
L 2 427 2 0.002686866 139912895672400 56
L 2 428 2 0.002687296 139912895672464 56
L 2 429 2 0.002687950 139912895672528 56
L 2 430 2 0.002688333 139912895672592 56
L 2 431 0 0.002689754 139912895672336 56
L 2 432 0 0.002690129 139912895672400 56
L 2 433 0 0.002690551 139912895672464 56
L 2 434 0 0.002690928 139912895672528 56
L 2 435 0 0.002691329 139912895672592 56
E 2 436 0 0.002691754 139912895672592 56
E 2 437 1 0.002697171 139912859746320 44
E 2 438 1 0.002699183 139912859746376 44
E 2 439 1 0.002699952 139912859746432 44
E 2 440 1 0.002700695 139912859746488 44
E 2 441 1 0.002701479 139912859746544 44
E 2 442 1 0.002708852 139912859185168 44
E 2 443 1 0.002709826 139912859185224 44
E 2 444 1 0.002710595 139912859185280 44
E 2 445 1 0.002711315 139912859185336 44
E 2 446 1 0.002712044 139912859185392 44
E 2 447 1 0.002735541 139912858624016 44
E 2 448 1 0.002736400 139912858624072 44
E 2 449 1 0.002737122 139912858624128 44
E 2 450 1 0.002737910 139912858624184 44
E 2 451 1 0.002738658 139912858624240 44
E 2 452 1 0.002748247 139912858062864 44
E 2 453 1 0.002749105 139912858062920 44
E 2 454 1 0.002749833 139912858062976 44
E 2 455 1 0.002752926 139912858063032 44
E 2 456 1 0.002753644 139912858063088 44
E 2 457 1 0.002760957 139912857501712 44
E 2 458 1 0.002761789 139912857501768 44
E 2 459 1 0.002762519 139912857501824 44
E 2 460 1 0.002763242 139912857501880 44
E 2 461 1 0.002763951 139912857501936 44
E 2 462 1 0.002770956 139912856940560 44
E 2 463 1 0.002771989 139912856940616 44
E 2 464 1 0.002772877 139912856940672 44
E 2 465 1 0.002773658 139912856940728 44
E 2 466 1 0.002774897 139912856940784 44
E 2 467 1 0.002785123 139912856379408 44
E 2 468 1 0.002786185 139912856379464 44
E 2 469 1 0.002787006 139912856379520 44
E 2 470 1 0.002787737 139912856379576 44
E 2 471 1 0.002788465 139912856379632 44
E 2 472 1 0.002798392 139912855818256 44
E 2 473 1 0.002799665 139912855818312 44
E 2 474 1 0.002800391 139912855818368 44
E 2 475 1 0.002801137 139912855818424 44
E 2 476 1 0.002802056 139912855818480 44
E 2 477 1 0.002809625 139912855257104 44
E 2 478 1 0.002810587 139912855257160 44
E 2 479 1 0.002811311 139912855257216 44
E 2 480 1 0.002812034 139912855257272 44
E 2 481 1 0.002813881 139912855257328 44
E 2 482 1 0.002821962 139912854695952 44
E 2 483 1 0.002824777 139912854696008 44
E 2 484 1 0.002825692 139912854696064 44
E 2 485 1 0.002826483 139912854696120 44
E 2 486 1 0.002827829 139912854696176 44
E 2 487 1 0.002839816 139912854134800 44
E 2 488 1 0.002840781 139912854134856 44
E 2 489 1 0.002843153 139912854134912 44
E 2 490 1 0.002843898 139912854134968 44
E 2 491 1 0.002844650 139912854135024 44
L 2 492 3 0.002846154 139912854134856 44
L 2 493 3 0.002846658 139912854134968 44
E 2 494 1 0.002852788 139912853573648 44
E 2 495 1 0.002853572 139912853573704 44
E 2 496 1 0.002854416 139912853573760 44
E 2 497 1 0.002855190 139912853573816 44
E 2 498 1 0.002856138 139912853573872 44
L 2 499 3 0.002856803 139912853573704 44
L 2 500 3 0.002857271 139912853573816 44
E 2 501 1 0.002864024 139912853012496 44
E 2 502 1 0.002865016 139912853012552 44
E 2 503 1 0.002865772 139912853012608 44
E 2 504 1 0.002866529 139912853012664 44
E 2 505 1 0.002867250 139912853012720 44
L 2 506 3 0.002867912 139912853012552 44
L 2 507 3 0.002868269 139912853012664 44
E 2 508 1 0.002889754 139912852451344 44
E 2 509 1 0.002890988 139912852451400 44
E 2 510 1 0.002892149 139912852451456 44
E 2 511 1 0.002893801 139912852451512 44
E 2 512 1 0.002895458 139912852451568 44
L 2 513 3 0.002897010 139912852451400 44
L 2 514 3 0.002897765 139912852451512 44
E 2 515 1 0.002903366 139912851890192 44
E 2 516 1 0.002904918 139912851890248 44
E 2 517 1 0.002905633 139912851890304 44
E 2 518 1 0.002906378 139912851890360 44
E 2 519 1 0.002907114 139912851890416 44
L 2 520 3 0.002907822 139912851890248 44
L 2 521 3 0.002908180 139912851890360 44
E 2 522 1 0.002916510 139912851329040 44
E 2 523 1 0.002917293 139912851329096 44
E 2 524 1 0.002919490 139912851329152 44
E 2 525 1 0.002922572 139912851329208 44
E 2 526 1 0.002923283 139912851329264 44
L 2 527 3 0.002925273 139912851329096 44
L 2 528 3 0.002925667 139912851329208 44
E 2 529 1 0.002935132 139912850767888 44
E 2 530 1 0.002935884 139912850767944 44
E 2 531 1 0.002936760 139912850768000 44
E 2 532 1 0.002937543 139912850768056 44
E 2 533 1 0.002938506 139912850768112 44
L 2 534 3 0.002939312 139912850767944 44
L 2 535 3 0.002939748 139912850768056 44
E 2 536 1 0.002944848 139912850206736 44
E 2 537 1 0.002946966 139912850206792 44
E 2 538 1 0.002947778 139912850206848 44
E 2 539 1 0.002948589 139912850206904 44
E 2 540 1 0.002949394 139912850206960 44
L 2 541 3 0.002950158 139912850206792 44
L 2 542 3 0.002950626 139912850206904 44
E 2 543 1 0.002955284 139912849645584 44
E 2 544 1 0.002956152 139912849645640 44
E 2 545 1 0.002956992 139912849645696 44
E 2 546 1 0.002958063 139912849645752 44
E 2 547 1 0.002959251 139912849645808 44
L 2 548 3 0.002959946 139912849645584 44
L 2 549 3 0.002960534 139912849645696 44
E 2 550 1 0.002964558 139912849084432 44
E 2 551 1 0.002965325 139912849084488 44
E 2 552 1 0.002966114 139912849084544 44
E 2 553 1 0.002966926 139912849084600 44
E 2 554 1 0.002967780 139912849084656 44
L 2 555 3 0.002968345 139912849084432 44
L 2 556 3 0.002968788 139912849084544 44
E 2 557 1 0.002973619 139912848523280 44
E 2 558 1 0.002974635 139912848523336 44
E 2 559 1 0.002975747 139912848523392 44
E 2 560 1 0.002977857 139912848523448 44
E 2 561 1 0.002979319 139912848523504 44
L 2 562 3 0.002979906 139912848523280 44
L 2 563 3 0.002980304 139912848523392 44
E 2 564 1 0.002986350 139912847962128 44
E 2 565 1 0.002987431 139912847962184 44
E 2 566 1 0.002988249 139912847962240 44
E 2 567 1 0.002989201 139912847962296 44
E 2 568 1 0.002989968 139912847962352 44
L 2 569 3 0.002991070 139912847962128 44
L 2 570 3 0.002991617 139912847962240 44
E 2 571 1 0.002998370 139912847400976 44
E 2 572 1 0.002999215 139912847401032 44
E 2 573 1 0.002999858 139912847401088 44
E 2 574 1 0.003000836 139912847401144 44
E 2 575 1 0.003001497 139912847401200 44
L 2 576 3 0.003001896 139912847400976 44
L 2 577 3 0.003002163 139912847401088 44
E 2 578 1 0.003006869 139912846839824 44
E 2 579 1 0.003007478 139912846839880 44
E 2 580 1 0.003008397 139912846839936 44
E 2 581 1 0.003009037 139912846839992 44
E 2 582 1 0.003009951 139912846840048 44
L 2 583 3 0.003010385 139912846839824 44
L 2 584 3 0.003010668 139912846839936 44
E 2 585 1 0.003014077 139912846278672 44
E 2 586 1 0.003015654 139912846278728 44
E 2 587 1 0.003016286 139912846278784 44
E 2 588 1 0.003016874 139912846278840 44
E 2 589 1 0.003017618 139912846278896 44
L 2 590 3 0.003018011 139912846278672 44
L 2 591 3 0.003018302 139912846278784 44
E 2 592 1 0.003024242 139912845717520 44
E 2 593 1 0.003024859 139912845717576 44
E 2 594 1 0.003025460 139912845717632 44
E 2 595 1 0.003026141 139912845717688 44
E 2 596 1 0.003026760 139912845717744 44
L 2 597 3 0.003027213 139912845717520 44
L 2 598 3 0.003027486 139912845717632 44
E 2 599 1 0.003031075 139912845156368 44
E 2 600 1 0.003031710 139912845156424 44
E 2 601 1 0.003032373 139912845156480 44
E 2 602 1 0.003033113 139912845156536 44
E 2 603 1 0.003033714 139912845156592 44
L 2 604 3 0.003034130 139912845156368 44
L 2 605 3 0.003034417 139912845156480 44
E 2 606 1 0.003038807 139912844595216 44
E 2 607 1 0.003056122 139912844595272 44
E 2 608 1 0.003057794 139912844595328 44
E 2 609 1 0.003060059 139912844595384 44
E 2 610 1 0.003060962 139912844595440 44
L 2 611 3 0.003061856 139912844595216 44
L 2 612 3 0.003062366 139912844595328 44
E 2 613 1 0.003087067 139912844034064 44
E 2 614 1 0.003088188 139912844034120 44
E 2 615 1 0.003089035 139912844034176 44
E 2 616 1 0.003089906 139912844034232 44
E 2 617 1 0.003090683 139912844034288 44
L 2 618 3 0.003091519 139912844034064 44
L 2 619 3 0.003092059 139912844034176 44
E 2 620 1 0.003098858 139912843472912 44
E 2 621 1 0.003099614 139912843472968 44
E 2 622 1 0.003100298 139912843473024 44
E 2 623 1 0.003100918 139912843473080 44
E 2 624 1 0.003101520 139912843473136 44
L 2 625 3 0.003101970 139912843472912 44
L 2 626 3 0.003102264 139912843473024 44
E 2 627 1 0.003105916 139912842911760 44
E 2 628 1 0.003106581 139912842911816 44
E 2 629 1 0.003107207 139912842911872 44
E 2 630 1 0.003107815 139912842911928 44
E 2 631 1 0.003108418 139912842911984 44
L 2 632 3 0.003108819 139912842911760 44
L 2 633 3 0.003109085 139912842911872 44
E 2 634 1 0.003115304 139912842350608 44
E 2 635 1 0.003115936 139912842350664 44
E 2 636 1 0.003116551 139912842350720 44
E 2 637 1 0.003117162 139912842350776 44
E 2 638 1 0.003117760 139912842350832 44
L 2 639 3 0.003118149 139912842350608 44
L 2 640 3 0.003118436 139912842350720 44
E 2 641 1 0.003123935 139912841789456 44
E 2 642 1 0.003124704 139912841789512 44
E 2 643 1 0.003125328 139912841789568 44
E 2 644 1 0.003125946 139912841789624 44
E 2 645 1 0.003126535 139912841789680 44
L 2 646 3 0.003126929 139912841789456 44
L 2 647 3 0.003127208 139912841789568 44
E 2 648 1 0.003131201 139912841228304 44
E 2 649 1 0.003131845 139912841228360 44
E 2 650 1 0.003132453 139912841228416 44
E 2 651 1 0.003133067 139912841228472 44
E 2 652 1 0.003133667 139912841228528 44
L 2 653 3 0.003134055 139912841228304 44
L 2 654 3 0.003134326 139912841228416 44
E 2 655 1 0.003137508 139912840667152 44
E 2 656 1 0.003138119 139912840667208 44
E 2 657 1 0.003141520 139912840667264 44
E 2 658 1 0.003142218 139912840667320 44
E 2 659 1 0.003142830 139912840667376 44
L 2 660 3 0.003143245 139912840667152 44
L 2 661 3 0.003143520 139912840667264 44
E 2 662 1 0.003147855 139912840106000 44
E 2 663 1 0.003148462 139912840106056 44
E 2 664 1 0.003149069 139912840106112 44
E 2 665 1 0.003149688 139912840106168 44
E 2 666 1 0.003150301 139912840106224 44
L 2 667 3 0.003150706 139912840106000 44
L 2 668 3 0.003150979 139912840106112 44
E 2 669 1 0.003155353 139912839544848 44
E 2 670 1 0.003156086 139912839544904 44
E 2 671 1 0.003156731 139912839544960 44
E 2 672 1 0.003157332 139912839545016 44
E 2 673 1 0.003157922 139912839545072 44
L 2 674 3 0.003158332 139912839544848 44
L 2 675 3 0.003158623 139912839544960 44
E 2 676 1 0.003161901 139912838983696 44
E 2 677 1 0.003162543 139912838983752 44
E 2 678 1 0.003163169 139912838983808 44
E 2 679 1 0.003163760 139912838983864 44
E 2 680 1 0.003165245 139912838983920 44
L 2 681 3 0.003165652 139912838983696 44
L 2 682 3 0.003165926 139912838983808 44
L 2 683 2 0.003167671 139912895672336 56
L 2 684 2 0.003167976 139912895672400 56
L 2 685 2 0.003168261 139912895672464 56
L 2 686 2 0.003168727 139912895672528 56
L 2 687 0 0.003169230 139912895672336 56
L 2 688 0 0.003169525 139912895672400 56
L 2 689 0 0.003169852 139912895672464 56
L 2 690 0 0.003170144 139912895672528 56
E 2 691 0 0.003170451 139912895672528 56
E 2 692 1 0.003174757 139912872091664 472
L 2 693 2 0.003176750 139912896315408 24
L 2 694 2 0.003177056 139912896315440 24
L 2 695 2 0.003178639 139912895672336 56
L 2 696 2 0.003178980 139912895672400 56
L 2 697 2 0.003179254 139912895672464 56
L 2 698 2 0.003179530 139912895672528 56
L 2 699 2 0.003179791 139912895672592 56
L 2 700 2 0.003180376 139912895672336 56
L 2 701 2 0.003180657 139912895672400 56
L 2 702 2 0.003180946 139912895672464 56
L 2 703 2 0.003181210 139912895672528 56
L 2 704 0 0.003182036 139912895672336 56
E 2 705 0 0.003182329 139912895672336 56
L 2 706 0 0.003182670 139912895672336 56
L 2 707 0 0.003193666 139912895672400 56
E 2 708 0 0.003194263 139912895672400 56
L 2 709 0 0.003194885 139912895672336 56
L 2 710 0 0.003195392 139912895672400 56
L 2 711 0 0.003195857 139912895672464 56
E 2 712 0 0.003196304 139912895672464 56
L 2 713 0 0.003196835 139912895672336 56
L 2 714 0 0.003197300 139912895672400 56
L 2 715 0 0.003197823 139912895672464 56
L 2 716 0 0.003198284 139912895672528 56
E 2 717 0 0.003198777 139912895672528 56
L 2 718 0 0.003199373 139912895672336 56
L 2 719 0 0.003199851 139912895672400 56
L 2 720 0 0.003200319 139912895672464 56
L 2 721 0 0.003200821 139912895672528 56
L 2 722 0 0.003201201 139912895672592 56
E 2 723 0 0.003201760 139912895672592 56
E 2 724 1 0.003208291 139912838422544 44
E 2 725 1 0.003209378 139912838422600 44
E 2 726 1 0.003210380 139912838422656 44
E 2 727 1 0.003211346 139912838422712 44
E 2 728 1 0.003212306 139912838422768 44
E 2 729 1 0.003217707 139912837861392 44
E 2 730 1 0.003218662 139912837861448 44
E 2 731 1 0.003219582 139912837861504 44
E 2 732 1 0.003220588 139912837861560 44
E 2 733 1 0.003221482 139912837861616 44
E 2 734 1 0.003227210 139912837300240 44
E 2 735 1 0.003228169 139912837300296 44
E 2 736 1 0.003229085 139912837300352 44
E 2 737 1 0.003230127 139912837300408 44
E 2 738 1 0.003231008 139912837300464 44
E 2 739 1 0.003238519 139912836739088 44
E 2 740 1 0.003239188 139912836739144 44
E 2 741 1 0.003239828 139912836739200 44
E 2 742 1 0.003240448 139912836739256 44
E 2 743 1 0.003241084 139912836739312 44
E 2 744 1 0.003244597 139912836177936 44
E 2 745 1 0.003245226 139912836177992 44
E 2 746 1 0.003245856 139912836178048 44
E 2 747 1 0.003246475 139912836178104 44
E 2 748 1 0.003247066 139912836178160 44
L 2 749 2 0.003248454 139912895672336 56
L 2 750 2 0.003248803 139912895672400 56
L 2 751 2 0.003249118 139912895672464 56
L 2 752 2 0.003249428 139912895672528 56
L 2 753 2 0.003249717 139912895672592 56
L 2 754 0 0.003250085 139912895672336 56
L 2 755 0 0.003250391 139912895672400 56
L 2 756 0 0.003250680 139912895672464 56
L 2 757 0 0.003250969 139912895672528 56
L 2 758 0 0.003251258 139912895672592 56
E 2 759 0 0.003251542 139912895672592 56
E 2 760 1 0.003256296 139912835616784 44
E 2 761 1 0.003256924 139912835616840 44
E 2 762 1 0.003257523 139912835616896 44
E 2 763 1 0.003258167 139912835616952 44
E 2 764 1 0.003259704 139912835617008 44
E 2 765 1 0.003263335 139912835055632 44
E 2 766 1 0.003263981 139912835055688 44
E 2 767 1 0.003265895 139912835055744 44
E 2 768 1 0.003266541 139912835055800 44
E 2 769 1 0.003267151 139912835055856 44
E 2 770 1 0.003271659 139912834494480 44
E 2 771 1 0.003272269 139912834494536 44
E 2 772 1 0.003272877 139912834494592 44
E 2 773 1 0.003273483 139912834494648 44
E 2 774 1 0.003274131 139912834494704 44
E 2 775 1 0.003277357 139912833933328 44
E 2 776 1 0.003277993 139912833933384 44
E 2 777 1 0.003278604 139912833933440 44
E 2 778 1 0.003279197 139912833933496 44
E 2 779 1 0.003279801 139912833933552 44
E 2 780 1 0.003286161 139912833372176 44
E 2 781 1 0.003286804 139912833372232 44
E 2 782 1 0.003287430 139912833372288 44
E 2 783 1 0.003288025 139912833372344 44
E 2 784 1 0.003289846 139912833372400 44
L 2 785 2 0.003290857 139912895672336 56
L 2 786 2 0.003291166 139912895672400 56
L 2 787 2 0.003291462 139912895672464 56
L 2 788 2 0.003291747 139912895672528 56
L 2 789 0 0.003292082 139912895672336 56
L 2 790 0 0.003292375 139912895672400 56
L 2 791 0 0.003292693 139912895672464 56
L 2 792 0 0.003292965 139912895672528 56
E 2 793 0 0.003293265 139912895672528 56
E 2 794 1 0.003297391 139912832811024 44
E 2 795 1 0.003298440 139912832811080 44
E 2 796 1 0.003299075 139912832811136 44
E 2 797 1 0.003299706 139912832811192 44
E 2 798 1 0.003300337 139912832811248 44
E 2 799 1 0.003303962 139912832249872 44
E 2 800 1 0.003304611 139912832249928 44
E 2 801 1 0.003305230 139912832249984 44
E 2 802 1 0.003305824 139912832250040 44
E 2 803 1 0.003306422 139912832250096 44
E 2 804 1 0.003310314 139912831688720 44
E 2 805 1 0.003310982 139912831688776 44
E 2 806 1 0.003311661 139912831688832 44
E 2 807 1 0.003320807 139912831688888 44
E 2 808 1 0.003321721 139912831688944 44
E 2 809 1 0.003328294 139912831127568 44
E 2 810 1 0.003330414 139912831127624 44
E 2 811 1 0.003331323 139912831127680 44
E 2 812 1 0.003332268 139912831127736 44
E 2 813 1 0.003333232 139912831127792 44
E 2 814 1 0.003338243 139912830566416 44
E 2 815 1 0.003339430 139912830566472 44
E 2 816 1 0.003340505 139912830566528 44
E 2 817 1 0.003341455 139912830566584 44
E 2 818 1 0.003342522 139912830566640 44
E 2 819 1 0.003349607 139912830005264 44
E 2 820 1 0.003350568 139912830005320 44
E 2 821 1 0.003351514 139912830005376 44
E 2 822 1 0.003352670 139912830005432 44
E 2 823 1 0.003353590 139912830005488 44
E 2 824 1 0.003361027 139912829444112 44
E 2 825 1 0.003361757 139912829444168 44
E 2 826 1 0.003362419 139912829444224 44
E 2 827 1 0.003363812 139912829444280 44
E 2 828 1 0.003364449 139912829444336 44
E 2 829 1 0.003371436 139912828882960 44
E 2 830 1 0.003372069 139912828883016 44
E 2 831 1 0.003372670 139912828883072 44
E 2 832 1 0.003373277 139912828883128 44
E 2 833 1 0.003373870 139912828883184 44
E 2 834 1 0.003377291 139912828321808 44
E 2 835 1 0.003378100 139912828321864 44
E 2 836 1 0.003378711 139912828321920 44
E 2 837 1 0.003379325 139912828321976 44
E 2 838 1 0.003379943 139912828322032 44
E 2 839 1 0.003384060 139912827760656 44
E 2 840 1 0.003384714 139912827760712 44
E 2 841 1 0.003385320 139912827760768 44
E 2 842 1 0.003385975 139912827760824 44
E 2 843 1 0.003386603 139912827760880 44
L 2 844 2 0.003387917 139912895672336 56
L 2 845 2 0.003388276 139912895672400 56
L 2 846 2 0.003388586 139912895672464 56
L 2 847 2 0.003388887 139912895672528 56
L 2 848 2 0.003389189 139912895672592 56
L 2 849 0 0.003389674 139912895672336 56
L 2 850 0 0.003389974 139912895672400 56
L 2 851 0 0.003390260 139912895672464 56
L 2 852 0 0.003390549 139912895672528 56
L 2 853 0 0.003390938 139912895672592 56
E 2 854 0 0.003391243 139912895672592 56
E 2 855 1 0.003395340 139912872092144 472
L 2 856 2 0.003396896 139912896315408 24
L 2 857 2 0.003397214 139912896315440 24
L 2 858 2 0.003397505 139912896315472 24
L 2 859 2 0.003398777 139912895672336 56
L 2 860 2 0.003399065 139912895672400 56
L 2 861 2 0.003399338 139912895672464 56
L 2 862 2 0.003399677 139912895672336 56
L 2 863 2 0.003399955 139912895672400 56
L 2 864 2 0.003400223 139912895672464 56
L 2 865 2 0.003400495 139912895672528 56
L 2 866 2 0.003400826 139912895672336 56
L 2 867 0 0.003401583 139912895672336 56
E 2 868 0 0.003401896 139912895672336 56
L 2 869 0 0.003402261 139912895672336 56
L 2 870 0 0.003402564 139912895672400 56
E 2 871 0 0.003402866 139912895672400 56
L 2 872 0 0.003403196 139912895672336 56
L 2 873 0 0.003403489 139912895672400 56
L 2 874 0 0.003403827 139912895672464 56
E 2 875 0 0.003404437 139912895672464 56
L 2 876 0 0.003404778 139912895672336 56
L 2 877 0 0.003405055 139912895672400 56
L 2 878 0 0.003405381 139912895672464 56
L 2 879 0 0.003405663 139912895672528 56
E 2 880 0 0.003405960 139912895672528 56
L 2 881 0 0.003406308 139912895672336 56
L 2 882 0 0.003406584 139912895672400 56
L 2 883 0 0.003406855 139912895672464 56
L 2 884 0 0.003407127 139912895672528 56
L 2 885 0 0.003407395 139912895672592 56
E 2 886 0 0.003407685 139912895672592 56
E 2 887 1 0.003412722 139912827199504 44
E 2 888 1 0.003413379 139912827199560 44
E 2 889 1 0.003413991 139912827199616 44
E 2 890 1 0.003414582 139912827199672 44
E 2 891 1 0.003415177 139912827199728 44
E 2 892 1 0.003420245 139912826638352 44
E 2 893 1 0.003420920 139912826638408 44
E 2 894 1 0.003421506 139912826638464 44
E 2 895 1 0.003422100 139912826638520 44
E 2 896 1 0.003422705 139912826638576 44
E 2 897 1 0.003428636 139912826077200 44
E 2 898 1 0.003429307 139912826077256 44
E 2 899 1 0.003429939 139912826077312 44
E 2 900 1 0.003430543 139912826077368 44
E 2 901 1 0.003431139 139912826077424 44
E 2 902 1 0.003434435 139912825516048 44
E 2 903 1 0.003436237 139912825516104 44
E 2 904 1 0.003436885 139912825516160 44
E 2 905 1 0.003437499 139912825516216 44
E 2 906 1 0.003438330 139912825516272 44
E 2 907 1 0.003453216 139912824954896 44
E 2 908 1 0.003454227 139912824954952 44
E 2 909 1 0.003455054 139912824955008 44
E 2 910 1 0.003456010 139912824955064 44
E 2 911 1 0.003457200 139912824955120 44
L 2 912 2 0.003459256 139912895672336 56
L 2 913 2 0.003460462 139912895672400 56
L 2 914 2 0.003460993 139912895672464 56
L 2 915 0 0.003461641 139912895672336 56
L 2 916 0 0.003462139 139912895672400 56
L 2 917 0 0.003462557 139912895672464 56
E 2 918 0 0.003462975 139912895672464 56
E 2 919 1 0.003468982 139912824393744 44
E 2 920 1 0.003469878 139912824393800 44
E 2 921 1 0.003470837 139912824393856 44
E 2 922 1 0.003472048 139912824393912 44
E 2 923 1 0.003473015 139912824393968 44
L 2 924 3 0.003473939 139912824393744 44
L 2 925 3 0.003474435 139912824393856 44
E 2 926 1 0.003480196 139912823832592 44
E 2 927 1 0.003481754 139912823832648 44
E 2 928 1 0.003482828 139912823832704 44
E 2 929 1 0.003485094 139912823832760 44
E 2 930 1 0.003486085 139912823832816 44
L 2 931 3 0.003486759 139912823832592 44
L 2 932 3 0.003487198 139912823832704 44
L 2 933 2 0.003488901 139912895672336 56
L 2 934 2 0.003489428 139912895672400 56
L 2 935 2 0.003489900 139912895672464 56
L 2 936 2 0.003490385 139912895672528 56
L 2 937 0 0.003490917 139912895672336 56
L 2 938 0 0.003491331 139912895672400 56
L 2 939 0 0.003491899 139912895672464 56
L 2 940 0 0.003492223 139912895672528 56
E 2 941 0 0.003492544 139912895672528 56
E 2 942 1 0.003497469 139912823271440 44
E 2 943 1 0.003498119 139912823271496 44
E 2 944 1 0.003498707 139912823271552 44
E 2 945 1 0.003499354 139912823271608 44
E 2 946 1 0.003499959 139912823271664 44
L 2 947 3 0.003500447 139912823271440 44
L 2 948 3 0.003500740 139912823271608 44
E 2 949 1 0.003507366 139912822710288 44
E 2 950 1 0.003508043 139912822710344 44
E 2 951 1 0.003508682 139912822710400 44
E 2 952 1 0.003509637 139912822710456 44
E 2 953 1 0.003510402 139912822710512 44
L 2 954 3 0.003510850 139912822710288 44
L 2 955 3 0.003511128 139912822710456 44
E 2 956 1 0.003515959 139912822149136 44
E 2 957 1 0.003516593 139912822149192 44
E 2 958 1 0.003517220 139912822149248 44
E 2 959 1 0.003517831 139912822149304 44
E 2 960 1 0.003518436 139912822149360 44
L 2 961 3 0.003518906 139912822149136 44
L 2 962 3 0.003519197 139912822149304 44
E 2 963 1 0.003524194 139912821587984 44
E 2 964 1 0.003524867 139912821588040 44
E 2 965 1 0.003525487 139912821588096 44
E 2 966 1 0.003526100 139912821588152 44
E 2 967 1 0.003526722 139912821588208 44
L 2 968 3 0.003527163 139912821587984 44
L 2 969 3 0.003527443 139912821588152 44
E 2 970 1 0.003532856 139912821026832 44
E 2 971 1 0.003533502 139912821026888 44
E 2 972 1 0.003534122 139912821026944 44
E 2 973 1 0.003534723 139912821027000 44
E 2 974 1 0.003535328 139912821027056 44
L 2 975 3 0.003535796 139912821026832 44
L 2 976 3 0.003536068 139912821027000 44
L 2 977 2 0.003537347 139912895672336 56
L 2 978 0 0.003537705 139912895672336 56
E 2 979 0 0.003538123 139912895672336 56
E 2 980 1 0.003543313 139912820465680 44
E 2 981 1 0.003543940 139912820465736 44
E 2 982 1 0.003544554 139912820465792 44
E 2 983 1 0.003545236 139912820465848 44
E 2 984 1 0.003545834 139912820465904 44
E 2 985 1 0.003561679 139912819904528 44
E 2 986 1 0.003562313 139912819904584 44
E 2 987 1 0.003570130 139912819904640 44
E 2 988 1 0.003570800 139912819904696 44
E 2 989 1 0.003571417 139912819904752 44
E 2 990 1 0.003586566 139912819343376 44
E 2 991 1 0.003587223 139912819343432 44
E 2 992 1 0.003587860 139912819343488 44
E 2 993 1 0.003588459 139912819343544 44
E 2 994 1 0.003589077 139912819343600 44
E 2 995 1 0.003594295 139912818782224 44
E 2 996 1 0.003594923 139912818782280 44
E 2 997 1 0.003595530 139912818782336 44
E 2 998 1 0.003596159 139912818782392 44
E 2 999 1 0.003596764 139912818782448 44
E 2 1000 1 0.003601566 139912818221072 44
E 2 1001 1 0.003602315 139912818221128 44
E 2 1002 1 0.003602946 139912818221184 44
E 2 1003 1 0.003603900 139912818221240 44
E 2 1004 1 0.003605674 139912818221296 44
E 2 1005 1 0.003610352 139912817659920 44
E 2 1006 1 0.003611135 139912817659976 44
E 2 1007 1 0.003625815 139912817660032 44
E 2 1008 1 0.003626695 139912817660088 44
E 2 1009 1 0.003627500 139912817660144 44
E 2 1010 1 0.003635324 139912817098768 44
E 2 1011 1 0.003636317 139912817098824 44
E 2 1012 1 0.003637239 139912817098880 44
E 2 1013 1 0.003638023 139912817098936 44
E 2 1014 1 0.003638791 139912817098992 44
E 2 1015 1 0.003646156 139912816537616 44
E 2 1016 1 0.003647257 139912816537672 44
E 2 1017 1 0.003648133 139912816537728 44
E 2 1018 1 0.003648957 139912816537784 44
E 2 1019 1 0.003649846 139912816537840 44
E 2 1020 1 0.003655193 139912815976464 44
E 2 1021 1 0.003663116 139912815976520 44
E 2 1022 1 0.003664193 139912815976576 44
E 2 1023 1 0.003664958 139912815976632 44
E 2 1024 1 0.003665846 139912815976688 44
E 2 1025 1 0.003672538 139912815415312 44
E 2 1026 1 0.003673653 139912815415368 44
E 2 1027 1 0.003674525 139912815415424 44
E 2 1028 1 0.003675469 139912815415480 44
E 2 1029 1 0.003676428 139912815415536 44
E 2 1030 1 0.003683377 139912814854160 44
E 2 1031 1 0.003684106 139912814854216 44
E 2 1032 1 0.003684727 139912814854272 44
E 2 1033 1 0.003685394 139912814854328 44
E 2 1034 1 0.003686167 139912814854384 44
L 2 1035 3 0.003686924 139912814854160 44
L 2 1036 3 0.003687455 139912814854328 44
E 2 1037 1 0.003695314 139912814293008 44
E 2 1038 1 0.003696206 139912814293064 44
E 2 1039 1 0.003696797 139912814293120 44
E 2 1040 1 0.003711737 139912814293176 44
E 2 1041 1 0.003713357 139912814293232 44
L 2 1042 3 0.003713826 139912814293008 44
L 2 1043 3 0.003714101 139912814293176 44
E 2 1044 1 0.003717526 139912813731856 44
E 2 1045 1 0.003718162 139912813731912 44
E 2 1046 1 0.003718785 139912813731968 44
E 2 1047 1 0.003719404 139912813732024 44
E 2 1048 1 0.003720195 139912813732080 44
L 2 1049 3 0.003720649 139912813731856 44
L 2 1050 3 0.003720929 139912813732024 44
E 2 1051 1 0.003725657 139912813170704 44
E 2 1052 1 0.003726329 139912813170760 44
E 2 1053 1 0.003726951 139912813170816 44
E 2 1054 1 0.003727570 139912813170872 44
E 2 1055 1 0.003728200 139912813170928 44
L 2 1056 3 0.003728669 139912813170704 44
L 2 1057 3 0.003728968 139912813170872 44
E 2 1058 1 0.003735835 139912812609552 44
E 2 1059 1 0.003736457 139912812609608 44
E 2 1060 1 0.003737380 139912812609664 44
E 2 1061 1 0.003737973 139912812609720 44
E 2 1062 1 0.003738567 139912812609776 44
L 2 1063 3 0.003739044 139912812609552 44
L 2 1064 3 0.003739318 139912812609720 44
E 2 1065 1 0.003746671 139912812048400 44
E 2 1066 1 0.003747341 139912812048456 44
E 2 1067 1 0.003747968 139912812048512 44
E 2 1068 1 0.003748616 139912812048568 44
E 2 1069 1 0.003749199 139912812048624 44
L 2 1070 3 0.003749658 139912812048400 44
L 2 1071 3 0.003749953 139912812048568 44
E 2 1072 1 0.003755728 139912811487248 44
E 2 1073 1 0.003756406 139912811487304 44
E 2 1074 1 0.003757639 139912811487360 44
E 2 1075 1 0.003758225 139912811487416 44
E 2 1076 1 0.003758819 139912811487472 44
L 2 1077 3 0.003759259 139912811487248 44
L 2 1078 3 0.003759535 139912811487416 44
E 2 1079 1 0.003765905 139912810926096 44
E 2 1080 1 0.003766708 139912810926152 44
E 2 1081 1 0.003767356 139912810926208 44
E 2 1082 1 0.003767966 139912810926264 44
E 2 1083 1 0.003768567 139912810926320 44
L 2 1084 3 0.003769426 139912810926096 44
L 2 1085 3 0.003769724 139912810926264 44
E 2 1086 1 0.003774321 139912810364944 44
E 2 1087 1 0.003775342 139912810365000 44
E 2 1088 1 0.003775953 139912810365056 44
E 2 1089 1 0.003778209 139912810365112 44
E 2 1090 1 0.003778826 139912810365168 44
L 2 1091 3 0.003779302 139912810364944 44
L 2 1092 3 0.003779582 139912810365112 44
E 2 1093 1 0.003783107 139912809803792 44
E 2 1094 1 0.003783751 139912809803848 44
E 2 1095 1 0.003784356 139912809803904 44
E 2 1096 1 0.003784969 139912809803960 44
E 2 1097 1 0.003785700 139912809804016 44
L 2 1098 3 0.003786146 139912809803792 44
L 2 1099 3 0.003786413 139912809803960 44
L 2 1100 2 0.003787633 139912895672336 56
L 2 1101 2 0.003788518 139912895672400 56
L 2 1102 2 0.003788796 139912895672464 56
L 2 1103 2 0.003789088 139912895672528 56
L 2 1104 0 0.003798799 139912895672336 56
L 2 1105 0 0.003799380 139912895672400 56
L 2 1106 0 0.003799933 139912895672464 56
L 2 1107 0 0.003800381 139912895672528 56
E 2 1108 0 0.003800889 139912895672528 56
E 2 1109 1 0.003805248 139912872092624 472
L 2 1110 3 0.003807268 139912895672336 56
L 2 1111 3 0.003807835 139912895672400 56
L 2 1112 3 0.003808401 139912895672336 56
L 2 1113 3 0.003808833 139912895672528 56
L 2 1114 3 0.003809612 139912895672400 56
L 2 1115 3 0.003810368 139912895672528 56
L 2 1116 3 0.003810927 139912895672400 56
L 2 1117 3 0.003811511 139912895672592 56
L 2 1118 3 0.003812132 139912895672464 56
L 2 1119 3 0.003812556 139912895672528 56
L 2 1120 3 0.003813106 139912895672464 56
L 2 1121 3 0.003813618 139912895672592 56
L 2 1122 3 0.003814161 139912895672528 56
L 2 1123 3 0.003815008 139912895672592 56
L 2 1124 2 0.003818205 139912872091664 472
L 2 1125 2 0.003832892 139912872091664 472
L 2 1126 2 0.003834292 139912872092144 472
L 2 1127 2 0.003836249 139912872091664 472
L 2 1128 2 0.003836929 139912872092144 472
L 2 1129 2 0.003837791 139912872092624 472
F 1130 22435.775216250 0.003968957
