I 1 19828.511494008
E 0 2 1 0.002135560 140049675223056 88
L 0 3 2 0.002147485 140049675223056 88
E 0 4 1 0.002151170 140049675223144 88
L 0 5 2 0.002157167 140049675223056 88
L 0 6 2 0.002159104 140049675223144 88
E 0 7 1 0.002161303 140049675223232 88
L 0 8 2 0.002166655 140049675223056 88
L 0 9 2 0.002168428 140049675223144 88
L 0 10 2 0.002170368 140049675223056 88
L 0 11 2 0.002171967 140049675223144 88
L 0 12 0 0.002174660 140049675223056 88
L 0 13 0 0.002176192 140049675223144 88
E 0 14 0 0.002177565 140049675223144 88
L 0 15 2 0.002184162 140049675223056 88
L 0 16 2 0.002185905 140049675223144 88
L 0 17 2 0.002187365 140049675223232 88
E 0 18 1 0.002189370 140049675223320 88
L 0 19 2 0.002197719 140049675223056 88
L 0 20 2 0.002199387 140049675223144 88
L 0 21 2 0.002200842 140049675223232 88
L 0 22 2 0.002202307 140049675223320 88
E 0 23 1 0.002204399 140049675223408 88
L 0 24 2 0.002209715 140049675223056 88
L 0 25 2 0.002211576 140049675223056 88
L 0 26 0 0.002214106 140049675223056 88
E 0 27 0 0.002215422 140049675223056 88
L 0 28 2 0.002220575 140049675223056 88
L 0 29 2 0.002222227 140049675223144 88
L 0 30 2 0.002223881 140049675223056 88
L 0 31 2 0.002225351 140049675223144 88
L 0 32 0 0.002227777 140049675223056 88
L 0 33 0 0.002229241 140049675223144 88
E 0 34 0 0.002230411 140049675223144 88
L 0 35 2 0.002235396 140049675223056 88
L 0 36 2 0.002236941 140049675223144 88
L 0 37 2 0.002238361 140049675223232 88
L 0 38 2 0.002239980 140049675223056 88
L 0 39 2 0.002241412 140049675223144 88
L 0 40 2 0.002242840 140049675223232 88
L 0 41 0 0.002245255 140049675223056 88
L 0 42 0 0.002246701 140049675223144 88
L 0 43 0 0.002248141 140049675223232 88
E 0 44 0 0.002249284 140049675223232 88
L 0 45 2 0.002254568 140049675223056 88
L 0 46 2 0.002256147 140049675223144 88
L 0 47 2 0.002257883 140049675223056 88
L 0 48 2 0.002259330 140049675223144 88
L 0 49 0 0.002261758 140049675223056 88
L 0 50 0 0.002263185 140049675223144 88
E 0 51 0 0.002264374 140049675223144 88
L 0 52 2 0.002270164 140049675223056 88
L 0 53 2 0.002271776 140049675223144 88
L 0 54 2 0.002273281 140049675223232 88
L 0 55 2 0.002274720 140049675223320 88
L 0 56 2 0.002276471 140049675223056 88
L 0 57 2 0.002277895 140049675223144 88
L 0 58 2 0.002279380 140049675223232 88
L 0 59 2 0.002280807 140049675223320 88
L 0 60 0 0.002283250 140049675223056 88
L 0 61 0 0.002284695 140049675223144 88
L 0 62 0 0.002286204 140049675223232 88
L 0 63 0 0.002287699 140049675223320 88
E 0 64 0 0.002288852 140049675223320 88
L 0 65 2 0.002295821 140049675223056 88
L 0 66 2 0.002297439 140049675223144 88
L 0 67 2 0.002299038 140049675223232 88
L 0 68 2 0.002300531 140049675223320 88
L 0 69 2 0.002301972 140049675223408 88
L 0 70 2 0.002303534 140049675223056 88
L 0 71 2 0.002304972 140049675223144 88
L 0 72 2 0.002306428 140049675223232 88
L 0 73 2 0.002307880 140049675223320 88
L 0 74 2 0.002309294 140049675223408 88
L 0 75 0 0.002311747 140049675223056 88
L 0 76 0 0.002313206 140049675223144 88
L 0 77 0 0.002314644 140049675223232 88
L 0 78 0 0.002316154 140049675223320 88
L 0 79 0 0.002317636 140049675223408 88
E 0 80 0 0.002318733 140049675223408 88
L 0 81 2 0.002323945 140049675223056 88
L 0 82 2 0.002325712 140049675223056 88
L 0 83 0 0.002328176 140049675223056 88
E 0 84 0 0.002329431 140049675223056 88
L 0 85 2 0.002334587 140049675223056 88
L 0 86 2 0.002336155 140049675223144 88
L 0 87 2 0.002337771 140049675223056 88
L 0 88 2 0.002339314 140049675223144 88
L 0 89 0 0.002341839 140049675223056 88
L 0 90 0 0.002343307 140049675223144 88
E 0 91 0 0.002344465 140049675223144 88
L 0 92 2 0.002349693 140049675223056 88
L 0 93 2 0.002351267 140049675223144 88
L 0 94 2 0.002352722 140049675223232 88
L 0 95 2 0.002354266 140049675223056 88
L 0 96 2 0.002355704 140049675223144 88
L 0 97 2 0.002357115 140049675223232 88
L 0 98 0 0.002359501 140049675223056 88
L 0 99 0 0.002361036 140049675223144 88
L 0 100 0 0.002362474 140049675223232 88
E 0 101 0 0.002363778 140049675223232 88
L 0 102 2 0.002368993 140049675223056 88
L 0 103 2 0.002370633 140049675223144 88
L 0 104 2 0.002372221 140049675223056 88
L 0 105 2 0.002418032 140049675223144 88
L 0 106 0 0.002420626 140049675223056 88
L 0 107 0 0.002422228 140049675223144 88
E 0 108 0 0.002423494 140049675223144 88
L 0 109 2 0.002430715 140049675223056 88
L 0 110 2 0.002432393 140049675223144 88
L 0 111 2 0.002433942 140049675223232 88
L 0 112 2 0.002435428 140049675223320 88
L 0 113 2 0.002437067 140049675223056 88
L 0 114 2 0.002438524 140049675223144 88
L 0 115 2 0.002439962 140049675223232 88
L 0 116 2 0.002441405 140049675223320 88
L 0 117 0 0.002443935 140049675223056 88
L 0 118 0 0.002445417 140049675223144 88
L 0 119 0 0.002446852 140049675223232 88
L 0 120 0 0.002448287 140049675223320 88
E 0 121 0 0.002449484 140049675223320 88
L 0 122 2 0.002456173 140049675223056 88
L 0 123 2 0.002457935 140049675223144 88
L 0 124 2 0.002459458 140049675223232 88
L 0 125 2 0.002460933 140049675223320 88
L 0 126 2 0.002462362 140049675223408 88
L 0 127 2 0.002463964 140049675223056 88
L 0 128 2 0.002465377 140049675223144 88
L 0 129 2 0.002466804 140049675223232 88
L 0 130 2 0.002468304 140049675223320 88
L 0 131 2 0.002469749 140049675223408 88
L 0 132 0 0.002472266 140049675223056 88
L 0 133 0 0.002473735 140049675223144 88
L 0 134 0 0.002475178 140049675223232 88
L 0 135 0 0.002476615 140049675223320 88
L 0 136 0 0.002478144 140049675223408 88
E 0 137 0 0.002479254 140049675223408 88
L 0 138 2 0.002485760 140049675223056 88
L 0 139 2 0.002487574 140049675223056 88
L 0 140 0 0.002490011 140049675223056 88
E 0 141 0 0.002491167 140049675223056 88
L 0 142 2 0.002496465 140049675223056 88
L 0 143 2 0.002498067 140049675223144 88
L 0 144 2 0.002499646 140049675223056 88
L 0 145 2 0.002501095 140049675223144 88
L 0 146 0 0.002503518 140049675223056 88
L 0 147 0 0.002504993 140049675223144 88
E 0 148 0 0.002506119 140049675223144 88
L 0 149 2 0.002511069 140049675223056 88
L 0 150 2 0.002512636 140049675223144 88
L 0 151 2 0.002514153 140049675223232 88
L 0 152 2 0.002515687 140049675223056 88
L 0 153 2 0.002517149 140049675223144 88
L 0 154 2 0.002518604 140049675223232 88
L 0 155 0 0.002520979 140049675223056 88
L 0 156 0 0.002522508 140049675223144 88
L 0 157 0 0.002523973 140049675223232 88
E 0 158 0 0.002525040 140049675223232 88
L 0 159 2 0.002530184 140049675223056 88
L 0 160 2 0.002531775 140049675223144 88
L 0 161 2 0.002533514 140049675223056 88
L 0 162 2 0.002534965 140049675223144 88
L 0 163 0 0.002537340 140049675223056 88
L 0 164 0 0.002538843 140049675223144 88
E 0 165 0 0.002539941 140049675223144 88
L 0 166 2 0.002550188 140049675223056 88
L 0 167 2 0.002551849 140049675223144 88
L 0 168 2 0.002553454 140049675223232 88
L 0 169 2 0.002554860 140049675223320 88
L 0 170 2 0.002556428 140049675223056 88
L 0 171 2 0.002557912 140049675223144 88
L 0 172 2 0.002559397 140049675223232 88
L 0 173 2 0.002560942 140049675223320 88
L 0 174 0 0.002563586 140049675223056 88
L 0 175 0 0.002565117 140049675223144 88
L 0 176 0 0.002566580 140049675223232 88
L 0 177 0 0.002568048 140049675223320 88
E 0 178 0 0.002569202 140049675223320 88
L 0 179 2 0.002576237 140049675223056 88
L 0 180 2 0.002577866 140049675223144 88
L 0 181 2 0.002579334 140049675223232 88
L 0 182 2 0.002580768 140049675223320 88
L 0 183 2 0.002582201 140049675223408 88
L 0 184 2 0.002583804 140049675223056 88
L 0 185 2 0.002585261 140049675223144 88
L 0 186 2 0.002586688 140049675223232 88
L 0 187 2 0.002588101 140049675223320 88
L 0 188 2 0.002589739 140049675223408 88
L 0 189 0 0.002592195 140049675223056 88
L 0 190 0 0.002593645 140049675223144 88
L 0 191 0 0.002595105 140049675223232 88
L 0 192 0 0.002596534 140049675223320 88
L 0 193 0 0.002598040 140049675223408 88
E 0 194 0 0.002599207 140049675223408 88
L 0 195 2 0.002604246 140049675223056 88
L 0 196 2 0.002605992 140049675223056 88
L 0 197 0 0.002608898 140049675223056 88
E 0 198 0 0.002610035 140049675223056 88
L 0 199 2 0.002615195 140049675223056 88
L 0 200 2 0.002616775 140049675223144 88
L 0 201 2 0.002618359 140049675223056 88
L 0 202 2 0.002619812 140049675223144 88
L 0 203 0 0.002622312 140049675223056 88
L 0 204 0 0.002638907 140049675223144 88
E 0 205 0 0.002640415 140049675223144 88
L 0 206 2 0.002646467 140049675223056 88
L 0 207 2 0.002648139 140049675223144 88
L 0 208 2 0.002649616 140049675223232 88
L 0 209 2 0.002651190 140049675223056 88
L 0 210 2 0.002652656 140049675223144 88
L 0 211 2 0.002654080 140049675223232 88
L 0 212 0 0.002656514 140049675223056 88
L 0 213 0 0.002657977 140049675223144 88
L 0 214 0 0.002659467 140049675223232 88
E 0 215 0 0.002660698 140049675223232 88
L 0 216 2 0.002665836 140049675223056 88
L 0 217 2 0.002667479 140049675223144 88
L 0 218 2 0.002669067 140049675223056 88
L 0 219 2 0.002670463 140049675223144 88
L 0 220 0 0.002673104 140049675223056 88
L 0 221 0 0.002674704 140049675223144 88
E 0 222 0 0.002675895 140049675223144 88
L 0 223 2 0.002681358 140049675223056 88
L 0 224 2 0.002682915 140049675223144 88
L 0 225 2 0.002684330 140049675223232 88
L 0 226 2 0.002685964 140049675223320 88
L 0 227 2 0.002687597 140049675223056 88
L 0 228 2 0.002689049 140049675223144 88
L 0 229 2 0.002690486 140049675223232 88
L 0 230 2 0.002692412 140049675223320 88
L 0 231 0 0.002694806 140049675223056 88
L 0 232 0 0.002696261 140049675223144 88
L 0 233 0 0.002697708 140049675223232 88
L 0 234 0 0.002699156 140049675223320 88
E 0 235 0 0.002700345 140049675223320 88
L 0 236 2 0.002707313 140049675223056 88
L 0 237 2 0.002709069 140049675223144 88
L 0 238 2 0.002710495 140049675223232 88
L 0 239 2 0.002711918 140049675223320 88
L 0 240 2 0.002713334 140049675223408 88
L 0 241 2 0.002714892 140049675223056 88
L 0 242 2 0.002716324 140049675223144 88
L 0 243 2 0.002717749 140049675223232 88
L 0 244 2 0.002719187 140049675223320 88
L 0 245 2 0.002720688 140049675223408 88
L 0 246 0 0.002723175 140049675223056 88
L 0 247 0 0.002724637 140049675223144 88
L 0 248 0 0.002726170 140049675223232 88
L 0 249 0 0.002727635 140049675223320 88
L 0 250 0 0.002729172 140049675223408 88
E 0 251 0 0.002730254 140049675223408 88
L 0 252 2 0.002736287 140049675223056 88
L 0 253 2 0.002738029 140049675223056 88
L 0 254 0 0.002740630 140049675223056 88
E 0 255 0 0.002741854 140049675223056 88
L 0 256 2 0.002747061 140049675223056 88
L 0 257 2 0.002748892 140049675223144 88
L 0 258 2 0.002750452 140049675223056 88
L 0 259 2 0.002751910 140049675223144 88
L 0 260 0 0.002754335 140049675223056 88
L 0 261 0 0.002755796 140049675223144 88
E 0 262 0 0.002756892 140049675223144 88
L 0 263 2 0.002762118 140049675223056 88
L 0 264 2 0.002763740 140049675223144 88
L 0 265 2 0.002765170 140049675223232 88
L 0 266 2 0.002766774 140049675223056 88
L 0 267 2 0.002768203 140049675223144 88
L 0 268 2 0.002769600 140049675223232 88
L 0 269 0 0.002771985 140049675223056 88
L 0 270 0 0.002773443 140049675223144 88
L 0 271 0 0.002774907 140049675223232 88
E 0 272 0 0.002776076 140049675223232 88
L 0 273 2 0.002781274 140049675223056 88
L 0 274 2 0.002782826 140049675223144 88
L 0 275 2 0.002784377 140049675223056 88
L 0 276 2 0.002785819 140049675223144 88
L 0 277 0 0.002788245 140049675223056 88
L 0 278 0 0.002789715 140049675223144 88
E 0 279 0 0.002790835 140049675223144 88
L 0 280 2 0.002796472 140049675223056 88
L 0 281 2 0.002798132 140049675223144 88
L 0 282 2 0.002799621 140049675223232 88
L 0 283 2 0.002801034 140049675223320 88
L 0 284 2 0.002802582 140049675223056 88
L 0 285 2 0.002804004 140049675223144 88
L 0 286 2 0.002805473 140049675223232 88
L 0 287 2 0.002806896 140049675223320 88
L 0 288 0 0.002809310 140049675223056 88
L 0 289 0 0.002810754 140049675223144 88
L 0 290 0 0.002812197 140049675223232 88
L 0 291 0 0.002813654 140049675223320 88
E 0 292 0 0.002814815 140049675223320 88
L 0 293 2 0.002821290 140049675223056 88
L 0 294 2 0.002822911 140049675223144 88
L 0 295 2 0.002824316 140049675223232 88
L 0 296 2 0.002825797 140049675223320 88
L 0 297 2 0.002827226 140049675223408 88
L 0 298 2 0.002828796 140049675223056 88
L 0 299 2 0.002830218 140049675223144 88
L 0 300 2 0.002831651 140049675223232 88
L 0 301 2 0.002833052 140049675223320 88
L 0 302 2 0.002834480 140049675223408 88
L 0 303 0 0.002836935 140049675223056 88
L 0 304 0 0.002847409 140049675223144 88
L 0 305 0 0.002849044 140049675223232 88
L 0 306 0 0.002850491 140049675223320 88
L 0 307 0 0.002851989 140049675223408 88
E 0 308 0 0.002853246 140049675223408 88
L 0 309 2 0.002858948 140049675223056 88
L 0 310 2 0.002860767 140049675223056 88
L 0 311 0 0.002863189 140049675223056 88
E 0 312 0 0.002864334 140049675223056 88
L 0 313 2 0.002869584 140049675223056 88
L 0 314 2 0.002871226 140049675223144 88
L 0 315 2 0.002872793 140049675223056 88
L 0 316 2 0.002874263 140049675223144 88
L 0 317 0 0.002876676 140049675223056 88
L 0 318 0 0.002878170 140049675223144 88
E 0 319 0 0.002879303 140049675223144 88
L 0 320 2 0.002884292 140049675223056 88
L 0 321 2 0.002885942 140049675223144 88
L 0 322 2 0.002887407 140049675223232 88
L 0 323 2 0.002889010 140049675223056 88
L 0 324 2 0.002890433 140049675223144 88
L 0 325 2 0.002891864 140049675223232 88
L 0 326 0 0.002894286 140049675223056 88
L 0 327 0 0.002895726 140049675223144 88
L 0 328 0 0.002897301 140049675223232 88
E 0 329 0 0.002898412 140049675223232 88
L 0 330 2 0.002903468 140049675223056 88
L 0 331 2 0.002905044 140049675223144 88
L 0 332 2 0.002906702 140049675223056 88
L 0 333 2 0.002908137 140049675223144 88
L 0 334 0 0.002910513 140049675223056 88
L 0 335 0 0.002911970 140049675223144 88
E 0 336 0 0.002913163 140049675223144 88
L 0 337 2 0.002918764 140049675223056 88
L 0 338 2 0.002920463 140049675223144 88
L 0 339 2 0.002921886 140049675223232 88
L 0 340 2 0.002923317 140049675223320 88
L 0 341 2 0.002924888 140049675223056 88
L 0 342 2 0.002926294 140049675223144 88
L 0 343 2 0.002927710 140049675223232 88
L 0 344 2 0.002929110 140049675223320 88
L 0 345 0 0.002931529 140049675223056 88
L 0 346 0 0.002932964 140049675223144 88
L 0 347 0 0.002934419 140049675223232 88
L 0 348 0 0.002935983 140049675223320 88
E 0 349 0 0.002937128 140049675223320 88
L 0 350 2 0.002943595 140049675223056 88
L 0 351 2 0.002945551 140049675223144 88
L 0 352 2 0.002947060 140049675223232 88
L 0 353 2 0.002948462 140049675223320 88
L 0 354 2 0.002949932 140049675223408 88
L 0 355 2 0.002951670 140049675223056 88
L 0 356 2 0.002953098 140049675223144 88
L 0 357 2 0.002954540 140049675223232 88
L 0 358 2 0.002955944 140049675223320 88
L 0 359 2 0.002957367 140049675223408 88
L 0 360 0 0.002959814 140049675223056 88
L 0 361 0 0.002961246 140049675223144 88
L 0 362 0 0.002962704 140049675223232 88
L 0 363 0 0.002964163 140049675223320 88
L 0 364 0 0.002965625 140049675223408 88
E 0 365 0 0.002966746 140049675223408 88
L 0 366 2 0.002972013 140049675223056 88
L 0 367 2 0.002973827 140049675223056 88
L 0 368 0 0.002976285 140049675223056 88
E 0 369 0 0.002977572 140049675223056 88
L 0 370 2 0.002982730 140049675223056 88
L 0 371 2 0.002984326 140049675223144 88
L 0 372 2 0.002985965 140049675223056 88
L 0 373 2 0.002987411 140049675223144 88
L 0 374 0 0.002989817 140049675223056 88
L 0 375 0 0.002991325 140049675223144 88
E 0 376 0 0.002992428 140049675223144 88
L 0 377 2 0.002997540 140049675223056 88
L 0 378 2 0.002999122 140049675223144 88
L 0 379 2 0.003000560 140049675223232 88
L 0 380 2 0.003002199 140049675223056 88
L 0 381 2 0.003003625 140049675223144 88
L 0 382 2 0.003005029 140049675223232 88
L 0 383 0 0.003007417 140049675223056 88
L 0 384 0 0.003008893 140049675223144 88
L 0 385 0 0.003010323 140049675223232 88
E 0 386 0 0.003011436 140049675223232 88
L 0 387 2 0.003016503 140049675223056 88
L 0 388 2 0.003018077 140049675223144 88
L 0 389 2 0.003019685 140049675223056 88
L 0 390 2 0.003021347 140049675223144 88
L 0 391 0 0.003023693 140049675223056 88
L 0 392 0 0.003025147 140049675223144 88
E 0 393 0 0.003026352 140049675223144 88
L 0 394 2 0.003032021 140049675223056 88
L 0 395 2 0.003033641 140049675223144 88
L 0 396 2 0.003035065 140049675223232 88
L 0 397 2 0.003036484 140049675223320 88
L 0 398 2 0.003038114 140049675223056 88
L 0 399 2 0.003039565 140049675223144 88
L 0 400 2 0.003041010 140049675223232 88
L 0 401 2 0.003042434 140049675223320 88
L 0 402 0 0.003044904 140049675223056 88
L 0 403 0 0.003046381 140049675223144 88
L 0 404 0 0.003056444 140049675223232 88
L 0 405 0 0.003058208 140049675223320 88
E 0 406 0 0.003059509 140049675223320 88
L 0 407 2 0.003066721 140049675223056 88
L 0 408 2 0.003068513 140049675223144 88
L 0 409 2 0.003069937 140049675223232 88
L 0 410 2 0.003071425 140049675223320 88
L 0 411 2 0.003072877 140049675223408 88
L 0 412 2 0.003074488 140049675223056 88
L 0 413 2 0.003075938 140049675223144 88
L 0 414 2 0.003077362 140049675223232 88
L 0 415 2 0.003078790 140049675223320 88
L 0 416 2 0.003080227 140049675223408 88
L 0 417 0 0.003082802 140049675223056 88
L 0 418 0 0.003084230 140049675223144 88
L 0 419 0 0.003085700 140049675223232 88
L 0 420 0 0.003087134 140049675223320 88
L 0 421 0 0.003088630 140049675223408 88
E 0 422 0 0.003089829 140049675223408 88
L 0 423 2 0.003095206 140049675223056 88
L 0 424 2 0.003096943 140049675223056 88
L 0 425 0 0.003099676 140049675223056 88
E 0 426 0 0.003100952 140049675223056 88
L 0 427 2 0.003106000 140049675223056 88
L 0 428 2 0.003107547 140049675223144 88
L 0 429 2 0.003109193 140049675223056 88
L 0 430 2 0.003110672 140049675223144 88
L 0 431 0 0.003113047 140049675223056 88
L 0 432 0 0.003114539 140049675223144 88
E 0 433 0 0.003115618 140049675223144 88
L 0 434 2 0.003120924 140049675223056 88
L 0 435 2 0.003122463 140049675223144 88
L 0 436 2 0.003123905 140049675223232 88
L 0 437 2 0.003125454 140049675223056 88
L 0 438 2 0.003126887 140049675223144 88
L 0 439 2 0.003128327 140049675223232 88
L 0 440 0 0.003130815 140049675223056 88
L 0 441 0 0.003132242 140049675223144 88
L 0 442 0 0.003133692 140049675223232 88
E 0 443 0 0.003134779 140049675223232 88
L 0 444 2 0.003140006 140049675223056 88
L 0 445 2 0.003141738 140049675223144 88
L 0 446 2 0.003143315 140049675223056 88
L 0 447 2 0.003144743 140049675223144 88
L 0 448 0 0.003147162 140049675223056 88
L 0 449 0 0.003148639 140049675223144 88
E 0 450 0 0.003149750 140049675223144 88
L 0 451 2 0.003157129 140049675223056 88
L 0 452 2 0.003159536 140049675223144 88
L 0 453 2 0.003161739 140049675223232 88
L 0 454 2 0.003163759 140049675223320 88
L 0 455 2 0.003165932 140049675223056 88
L 0 456 2 0.003168014 140049675223144 88
L 0 457 2 0.003170253 140049675223232 88
L 0 458 2 0.003172573 140049675223320 88
L 0 459 0 0.003176099 140049675223056 88
L 0 460 0 0.003178649 140049675223144 88
L 0 461 0 0.003180964 140049675223232 88
L 0 462 0 0.003183128 140049675223320 88
E 0 463 0 0.003184953 140049675223320 88
L 0 464 2 0.003195766 140049675223056 88
L 0 465 2 0.003198609 140049675223144 88
L 0 466 2 0.003201094 140049675223232 88
L 0 467 2 0.003203810 140049675223320 88
L 0 468 2 0.003206106 140049675223408 88
L 0 469 2 0.003208500 140049675223056 88
L 0 470 2 0.003210934 140049675223144 88
L 0 471 2 0.003213233 140049675223232 88
L 0 472 2 0.003215475 140049675223320 88
L 0 473 2 0.003217572 140049675223408 88
L 0 474 0 0.003220754 140049675223056 88
L 0 475 0 0.003223069 140049675223144 88
L 0 476 0 0.003225310 140049675223232 88
L 0 477 0 0.003227623 140049675223320 88
L 0 478 0 0.003229909 140049675223408 88
E 0 479 0 0.003231795 140049675223408 88
L 0 480 2 0.003240998 140049675223056 88
L 0 481 2 0.003243874 140049675223056 88
L 0 482 0 0.003247381 140049675223056 88
E 0 483 0 0.003249409 140049675223056 88
L 0 484 2 0.003257847 140049675223056 88
L 0 485 2 0.003259601 140049675223144 88
L 0 486 2 0.003261285 140049675223056 88
L 0 487 2 0.003262944 140049675223144 88
L 0 488 0 0.003265527 140049675223056 88
L 0 489 0 0.003267029 140049675223144 88
E 0 490 0 0.003268142 140049675223144 88
L 0 491 2 0.003273548 140049675223056 88
L 0 492 2 0.003275123 140049675223144 88
L 0 493 2 0.003276596 140049675223232 88
L 0 494 2 0.003278146 140049675223056 88
L 0 495 2 0.003279578 140049675223144 88
L 0 496 2 0.003281024 140049675223232 88
L 0 497 0 0.003283493 140049675223056 88
L 0 498 0 0.003284972 140049675223144 88
L 0 499 0 0.003286441 140049675223232 88
E 0 500 0 0.003287542 140049675223232 88
L 0 501 2 0.003292565 140049675223056 88
L 0 502 2 0.003294098 140049675223144 88
L 0 503 2 0.003295721 140049675223056 88
L 0 504 2 0.003314465 140049675223144 88
L 0 505 0 0.003317180 140049675223056 88
L 0 506 0 0.003318692 140049675223144 88
E 0 507 0 0.003319930 140049675223144 88
L 0 508 2 0.003326651 140049675223056 88
L 0 509 2 0.003328365 140049675223144 88
L 0 510 2 0.003330392 140049675223232 88
L 0 511 2 0.003331926 140049675223320 88
L 0 512 2 0.003333718 140049675223056 88
L 0 513 2 0.003335587 140049675223144 88
L 0 514 2 0.003336986 140049675223232 88
L 0 515 2 0.003338462 140049675223320 88
L 0 516 0 0.003340968 140049675223056 88
L 0 517 0 0.003342434 140049675223144 88
L 0 518 0 0.003344106 140049675223232 88
L 0 519 0 0.003345552 140049675223320 88
E 0 520 0 0.003346680 140049675223320 88
L 0 521 2 0.003353850 140049675223056 88
L 0 522 2 0.003355471 140049675223144 88
L 0 523 2 0.003357045 140049675223232 88
L 0 524 2 0.003359102 140049675223320 88
L 0 525 2 0.003360784 140049675223408 88
L 0 526 2 0.003362371 140049675223056 88
L 0 527 2 0.003363830 140049675223144 88
L 0 528 2 0.003365253 140049675223232 88
L 0 529 2 0.003366703 140049675223320 88
L 0 530 2 0.003368186 140049675223408 88
L 0 531 0 0.003370585 140049675223056 88
L 0 532 0 0.003372092 140049675223144 88
L 0 533 0 0.003373542 140049675223232 88
L 0 534 0 0.003375002 140049675223320 88
L 0 535 0 0.003376442 140049675223408 88
E 0 536 0 0.003377877 140049675223408 88
L 0 537 2 0.003383305 140049675223056 88
L 0 538 2 0.003385080 140049675223056 88
L 0 539 0 0.003387486 140049675223056 88
E 0 540 0 0.003388637 140049675223056 88
L 0 541 2 0.003393787 140049675223056 88
L 0 542 2 0.003395637 140049675223144 88
L 0 543 2 0.003397343 140049675223056 88
L 0 544 2 0.003398874 140049675223144 88
L 0 545 0 0.003401339 140049675223056 88
L 0 546 0 0.003402812 140049675223144 88
E 0 547 0 0.003403933 140049675223144 88
L 0 548 2 0.003408981 140049675223056 88
L 0 549 2 0.003410498 140049675223144 88
L 0 550 2 0.003411958 140049675223232 88
L 0 551 2 0.003413526 140049675223056 88
L 0 552 2 0.003415128 140049675223144 88
L 0 553 2 0.003416570 140049675223232 88
L 0 554 0 0.003419054 140049675223056 88
L 0 555 0 0.003420585 140049675223144 88
L 0 556 0 0.003422032 140049675223232 88
E 0 557 0 0.003423141 140049675223232 88
L 0 558 2 0.003428458 140049675223056 88
L 0 559 2 0.003429991 140049675223144 88
L 0 560 2 0.003431568 140049675223056 88
L 0 561 2 0.003432988 140049675223144 88
L 0 562 0 0.003435353 140049675223056 88
L 0 563 0 0.003436832 140049675223144 88
E 0 564 0 0.003437968 140049675223144 88
L 0 565 2 0.003443824 140049675223056 88
L 0 566 2 0.003445297 140049675223144 88
L 0 567 2 0.003446958 140049675223232 88
L 0 568 2 0.003448407 140049675223320 88
L 0 569 2 0.003450008 140049675223056 88
L 0 570 2 0.003451446 140049675223144 88
L 0 571 2 0.003452863 140049675223232 88
L 0 572 2 0.003454300 140049675223320 88
L 0 573 0 0.003457010 140049675223056 88
L 0 574 0 0.003458542 140049675223144 88
L 0 575 0 0.003460000 140049675223232 88
L 0 576 0 0.003461504 140049675223320 88
E 0 577 0 0.003462644 140049675223320 88
L 0 578 2 0.003475079 140049675223056 88
L 0 579 2 0.003476763 140049675223144 88
L 0 580 2 0.003478442 140049675223232 88
L 0 581 2 0.003479865 140049675223320 88
L 0 582 2 0.003481298 140049675223408 88
L 0 583 2 0.003483122 140049675223056 88
L 0 584 2 0.003484755 140049675223144 88
L 0 585 2 0.003486249 140049675223232 88
L 0 586 2 0.003487740 140049675223320 88
L 0 587 2 0.003489160 140049675223408 88
L 0 588 0 0.003491838 140049675223056 88
L 0 589 0 0.003493611 140049675223144 88
L 0 590 0 0.003495059 140049675223232 88
L 0 591 0 0.003496509 140049675223320 88
L 0 592 0 0.003497977 140049675223408 88
E 0 593 0 0.003499096 140049675223408 88
L 0 594 2 0.003505165 140049675223056 88
L 0 595 2 0.003506945 140049675223056 88
L 0 596 0 0.003509397 140049675223056 88
E 0 597 0 0.003510584 140049675223056 88
L 0 598 2 0.003515832 140049675223056 88
L 0 599 2 0.003517349 140049675223144 88
L 0 600 2 0.003518985 140049675223056 88
L 0 601 2 0.003520436 140049675223144 88
L 0 602 0 0.003522996 140049675223056 88
L 0 603 0 0.003524846 140049675223144 88
E 0 604 0 0.003536984 140049675223144 88
L 0 605 2 0.003542849 140049675223056 88
L 0 606 2 0.003544641 140049675223144 88
L 0 607 2 0.003546378 140049675223232 88
L 0 608 2 0.003548637 140049675223056 88
L 0 609 2 0.003550066 140049675223144 88
L 0 610 2 0.003551502 140049675223232 88
L 0 611 0 0.003553870 140049675223056 88
L 0 612 0 0.003555406 140049675223144 88
L 0 613 0 0.003556886 140049675223232 88
E 0 614 0 0.003558009 140049675223232 88
L 0 615 2 0.003563732 140049675223056 88
L 0 616 2 0.003565476 140049675223144 88
L 0 617 2 0.003567103 140049675223056 88
L 0 618 2 0.003568528 140049675223144 88
L 0 619 0 0.003571045 140049675223056 88
L 0 620 0 0.003572503 140049675223144 88
E 0 621 0 0.003573969 140049675223144 88
L 0 622 2 0.003581104 140049675223056 88
L 0 623 2 0.003582671 140049675223144 88
L 0 624 2 0.003584143 140049675223232 88
L 0 625 2 0.003585583 140049675223320 88
L 0 626 2 0.003587191 140049675223056 88
L 0 627 2 0.003588623 140049675223144 88
L 0 628 2 0.003590234 140049675223232 88
L 0 629 2 0.003591723 140049675223320 88
L 0 630 0 0.003594276 140049675223056 88
L 0 631 0 0.003595727 140049675223144 88
L 0 632 0 0.003597249 140049675223232 88
L 0 633 0 0.003598914 140049675223320 88
E 0 634 0 0.003600262 140049675223320 88
L 0 635 2 0.003607530 140049675223056 88
L 0 636 2 0.003609271 140049675223144 88
L 0 637 2 0.003610855 140049675223232 88
L 0 638 2 0.003612285 140049675223320 88
L 0 639 2 0.003614138 140049675223408 88
L 0 640 2 0.003615770 140049675223056 88
L 0 641 2 0.003617357 140049675223144 88
L 0 642 2 0.003618798 140049675223232 88
L 0 643 2 0.003620221 140049675223320 88
L 0 644 2 0.003621654 140049675223408 88
L 0 645 0 0.003624113 140049675223056 88
L 0 646 0 0.003625554 140049675223144 88
L 0 647 0 0.003626996 140049675223232 88
L 0 648 0 0.003628434 140049675223320 88
L 0 649 0 0.003629866 140049675223408 88
E 0 650 0 0.003631109 140049675223408 88
L 0 651 2 0.003637055 140049675223056 88
L 0 652 2 0.003638764 140049675223056 88
L 0 653 0 0.003641227 140049675223056 88
E 0 654 0 0.003642320 140049675223056 88
L 0 655 2 0.003647671 140049675223056 88
L 0 656 2 0.003649496 140049675223144 88
L 0 657 2 0.003651586 140049675223056 88
L 0 658 2 0.003652998 140049675223144 88
L 0 659 0 0.003655370 140049675223056 88
L 0 660 0 0.003656828 140049675223144 88
E 0 661 0 0.003658308 140049675223144 88
L 0 662 2 0.003664032 140049675223056 88
L 0 663 2 0.003665527 140049675223144 88
L 0 664 2 0.003666957 140049675223232 88
L 0 665 2 0.003668814 140049675223056 88
L 0 666 2 0.003670587 140049675223144 88
L 0 667 2 0.003672112 140049675223232 88
L 0 668 0 0.003674548 140049675223056 88
L 0 669 0 0.003676185 140049675223144 88
L 0 670 0 0.003677799 140049675223232 88
E 0 671 0 0.003679526 140049675223232 88
L 0 672 2 0.003686121 140049675223056 88
L 0 673 2 0.003688021 140049675223144 88
L 0 674 2 0.003689689 140049675223056 88
L 0 675 2 0.003691114 140049675223144 88
L 0 676 0 0.003693600 140049675223056 88
L 0 677 0 0.003695896 140049675223144 88
E 0 678 0 0.003697621 140049675223144 88
L 0 679 2 0.003705323 140049675223056 88
L 0 680 2 0.003707672 140049675223144 88
L 0 681 2 0.003710137 140049675223232 88
L 0 682 2 0.003712421 140049675223320 88
L 0 683 2 0.003714944 140049675223056 88
L 0 684 2 0.003717431 140049675223144 88
L 0 685 2 0.003719565 140049675223232 88
L 0 686 2 0.003722608 140049675223320 88
L 0 687 0 0.003729842 140049675223056 88
L 0 688 0 0.003731524 140049675223144 88
L 0 689 0 0.003733044 140049675223232 88
L 0 690 0 0.003734492 140049675223320 88
E 0 691 0 0.003735754 140049675223320 88
L 0 692 2 0.003743578 140049675223056 88
L 0 693 2 0.003745188 140049675223144 88
L 0 694 2 0.003746661 140049675223232 88
L 0 695 2 0.003748087 140049675223320 88
L 0 696 2 0.003749515 140049675223408 88
L 0 697 2 0.003751081 140049675223056 88
L 0 698 2 0.003752655 140049675223144 88
L 0 699 2 0.003754269 140049675223232 88
L 0 700 2 0.003755821 140049675223320 88
L 0 701 2 0.003757253 140049675223408 88
L 0 702 0 0.003759835 140049675223056 88
L 0 703 0 0.003761303 140049675223144 88
L 0 704 0 0.003783210 140049675223232 88
L 0 705 0 0.003785130 140049675223320 88
L 0 706 0 0.003786676 140049675223408 88
E 0 707 0 0.003788374 140049675223408 88
L 0 708 2 0.003794759 140049675223056 88
L 0 709 2 0.003796465 140049675223056 88
L 0 710 0 0.003799091 140049675223056 88
E 0 711 0 0.003800338 140049675223056 88
L 0 712 2 0.003805380 140049675223056 88
L 0 713 2 0.003806908 140049675223144 88
L 0 714 2 0.003808478 140049675223056 88
L 0 715 2 0.003809920 140049675223144 88
L 0 716 0 0.003812328 140049675223056 88
L 0 717 0 0.003813790 140049675223144 88
E 0 718 0 0.003814933 140049675223144 88
L 0 719 2 0.003819777 140049675223056 88
L 0 720 2 0.003821589 140049675223144 88
L 0 721 2 0.003823084 140049675223232 88
L 0 722 2 0.003824635 140049675223056 88
L 0 723 2 0.003826073 140049675223144 88
L 0 724 2 0.003827494 140049675223232 88
L 0 725 0 0.003829876 140049675223056 88
L 0 726 0 0.003831320 140049675223144 88
L 0 727 0 0.003832743 140049675223232 88
E 0 728 0 0.003833950 140049675223232 88
L 0 729 2 0.003839125 140049675223056 88
L 0 730 2 0.003840635 140049675223144 88
L 0 731 2 0.003842264 140049675223056 88
L 0 732 2 0.003843687 140049675223144 88
L 0 733 0 0.003846121 140049675223056 88
L 0 734 0 0.003847613 140049675223144 88
E 0 735 0 0.003848743 140049675223144 88
L 0 736 2 0.003854228 140049675223056 88
L 0 737 2 0.003855733 140049675223144 88
L 0 738 2 0.003857170 140049675223232 88
L 0 739 2 0.003858583 140049675223320 88
L 0 740 2 0.003860157 140049675223056 88
L 0 741 2 0.003861546 140049675223144 88
L 0 742 2 0.003862958 140049675223232 88
L 0 743 2 0.003864449 140049675223320 88
L 0 744 0 0.003867141 140049675223056 88
L 0 745 0 0.003868622 140049675223144 88
L 0 746 0 0.003870106 140049675223232 88
L 0 747 0 0.003871554 140049675223320 88
E 0 748 0 0.003872788 140049675223320 88
L 0 749 2 0.003879723 140049675223056 88
L 0 750 2 0.003881305 140049675223144 88
L 0 751 2 0.003882735 140049675223232 88
L 0 752 2 0.003884174 140049675223320 88
L 0 753 2 0.003885611 140049675223408 88
L 0 754 2 0.003887235 140049675223056 88
L 0 755 2 0.003888670 140049675223144 88
L 0 756 2 0.003890094 140049675223232 88
L 0 757 2 0.003891509 140049675223320 88
L 0 758 2 0.003892928 140049675223408 88
L 0 759 0 0.003895365 140049675223056 88
L 0 760 0 0.003896825 140049675223144 88
L 0 761 0 0.003898291 140049675223232 88
L 0 762 0 0.003899758 140049675223320 88
L 0 763 0 0.003901353 140049675223408 88
E 0 764 0 0.003902595 140049675223408 88
L 0 765 2 0.003907669 140049675223056 88
L 0 766 2 0.003909352 140049675223056 88
L 0 767 0 0.003911786 140049675223056 88
E 0 768 0 0.003912929 140049675223056 88
L 0 769 2 0.003917878 140049675223056 88
L 0 770 2 0.003919378 140049675223144 88
L 0 771 2 0.003921000 140049675223056 88
L 0 772 2 0.003922460 140049675223144 88
L 0 773 0 0.003924917 140049675223056 88
L 0 774 0 0.003926527 140049675223144 88
E 0 775 0 0.003927642 140049675223144 88
L 0 776 2 0.003932757 140049675223056 88
L 0 777 2 0.003934263 140049675223144 88
L 0 778 2 0.003935714 140049675223232 88
L 0 779 2 0.003937414 140049675223056 88
L 0 780 2 0.003938862 140049675223144 88
L 0 781 2 0.003940316 140049675223232 88
L 0 782 0 0.003942763 140049675223056 88
L 0 783 0 0.003944223 140049675223144 88
L 0 784 0 0.003945673 140049675223232 88
E 0 785 0 0.003946765 140049675223232 88
L 0 786 2 0.003951688 140049675223056 88
L 0 787 2 0.003953294 140049675223144 88
L 0 788 2 0.003954849 140049675223056 88
L 0 789 2 0.003956336 140049675223144 88
L 0 790 0 0.003958694 140049675223056 88
L 0 791 0 0.003960161 140049675223144 88
E 0 792 0 0.003961283 140049675223144 88
L 0 793 2 0.003966836 140049675223056 88
L 0 794 2 0.003968355 140049675223144 88
L 0 795 2 0.003969781 140049675223232 88
L 0 796 2 0.003971309 140049675223320 88
L 0 797 2 0.003972847 140049675223056 88
L 0 798 2 0.003974244 140049675223144 88
L 0 799 2 0.003975766 140049675223232 88
L 0 800 2 0.003977414 140049675223320 88
L 0 801 0 0.003979958 140049675223056 88
L 0 802 0 0.003981686 140049675223144 88
L 0 803 0 0.003983143 140049675223232 88
L 0 804 0 0.003998425 140049675223320 88
E 0 805 0 0.003999785 140049675223320 88
L 0 806 2 0.004007333 140049675223056 88
L 0 807 2 0.004008941 140049675223144 88
L 0 808 2 0.004010400 140049675223232 88
L 0 809 2 0.004011826 140049675223320 88
L 0 810 2 0.004013445 140049675223408 88
L 0 811 2 0.004015410 140049675223056 88
L 0 812 2 0.004016859 140049675223144 88
L 0 813 2 0.004018331 140049675223232 88
L 0 814 2 0.004019792 140049675223320 88
L 0 815 2 0.004021224 140049675223408 88
L 0 816 0 0.004023725 140049675223056 88
L 0 817 0 0.004025257 140049675223144 88
L 0 818 0 0.004026733 140049675223232 88
L 0 819 0 0.004028196 140049675223320 88
L 0 820 0 0.004029650 140049675223408 88
E 0 821 0 0.004030760 140049675223408 88
L 0 822 2 0.004036413 140049675223056 88
L 0 823 2 0.004038210 140049675223056 88
L 0 824 0 0.004040677 140049675223056 88
E 0 825 0 0.004041788 140049675223056 88
L 0 826 2 0.004046858 140049675223056 88
L 0 827 2 0.004048392 140049675223144 88
L 0 828 2 0.004049969 140049675223056 88
L 0 829 2 0.004051383 140049675223144 88
L 0 830 0 0.004053760 140049675223056 88
L 0 831 0 0.004055270 140049675223144 88
E 0 832 0 0.004056363 140049675223144 88
L 0 833 2 0.004061303 140049675223056 88
L 0 834 2 0.004062810 140049675223144 88
L 0 835 2 0.004064254 140049675223232 88
L 0 836 2 0.004065811 140049675223056 88
L 0 837 2 0.004067227 140049675223144 88
L 0 838 2 0.004068727 140049675223232 88
L 0 839 0 0.004071148 140049675223056 88
L 0 840 0 0.004072727 140049675223144 88
L 0 841 0 0.004074240 140049675223232 88
E 0 842 0 0.004075355 140049675223232 88
L 0 843 2 0.004080380 140049675223056 88
L 0 844 2 0.004081884 140049675223144 88
L 0 845 2 0.004083512 140049675223056 88
L 0 846 2 0.004084935 140049675223144 88
L 0 847 0 0.004087358 140049675223056 88
L 0 848 0 0.004088829 140049675223144 88
E 0 849 0 0.004090064 140049675223144 88
L 0 850 2 0.004095563 140049675223056 88
L 0 851 2 0.004097073 140049675223144 88
L 0 852 2 0.004098503 140049675223232 88
L 0 853 2 0.004099915 140049675223320 88
L 0 854 2 0.004101575 140049675223056 88
L 0 855 2 0.004102992 140049675223144 88
L 0 856 2 0.004104433 140049675223232 88
L 0 857 2 0.004105904 140049675223320 88
L 0 858 0 0.004108299 140049675223056 88
L 0 859 0 0.004109761 140049675223144 88
L 0 860 0 0.004111568 140049675223232 88
L 0 861 0 0.004114401 140049675223320 88
E 0 862 0 0.004116139 140049675223320 88
L 0 863 2 0.004125405 140049675223056 88
L 0 864 2 0.004127998 140049675223144 88
L 0 865 2 0.004130225 140049675223232 88
L 0 866 2 0.004132434 140049675223320 88
L 0 867 2 0.004134714 140049675223408 88
L 0 868 2 0.004137619 140049675223056 88
L 0 869 2 0.004139805 140049675223144 88
L 0 870 2 0.004141348 140049675223232 88
L 0 871 2 0.004142794 140049675223320 88
L 0 872 2 0.004144214 140049675223408 88
L 0 873 0 0.004146666 140049675223056 88
L 0 874 0 0.004148132 140049675223144 88
L 0 875 0 0.004149558 140049675223232 88
L 0 876 0 0.004151015 140049675223320 88
L 0 877 0 0.004152420 140049675223408 88
E 0 878 0 0.004153612 140049675223408 88
L 0 879 2 0.004159289 140049675223056 88
L 0 880 2 0.004160998 140049675223056 88
L 0 881 0 0.004163428 140049675223056 88
E 0 882 0 0.004164544 140049675223056 88
L 0 883 2 0.004169503 140049675223056 88
L 0 884 2 0.004171054 140049675223144 88
L 0 885 2 0.004172892 140049675223056 88
L 0 886 2 0.004174304 140049675223144 88
L 0 887 0 0.004176772 140049675223056 88
L 0 888 0 0.004178249 140049675223144 88
E 0 889 0 0.004179368 140049675223144 88
L 0 890 2 0.004184513 140049675223056 88
L 0 891 2 0.004186066 140049675223144 88
L 0 892 2 0.004187526 140049675223232 88
L 0 893 2 0.004189158 140049675223056 88
L 0 894 2 0.004190622 140049675223144 88
L 0 895 2 0.004192133 140049675223232 88
L 0 896 0 0.004194550 140049675223056 88
L 0 897 0 0.004196065 140049675223144 88
L 0 898 0 0.004197514 140049675223232 88
E 0 899 0 0.004198632 140049675223232 88
L 0 900 2 0.004203543 140049675223056 88
L 0 901 2 0.004205149 140049675223144 88
L 0 902 2 0.004206708 140049675223056 88
L 0 903 2 0.004208427 140049675223144 88
L 0 904 0 0.004223177 140049675223056 88
L 0 905 0 0.004224896 140049675223144 88
E 0 906 0 0.004226152 140049675223144 88
L 0 907 2 0.004232628 140049675223056 88
L 0 908 2 0.004234216 140049675223144 88
L 0 909 2 0.004235687 140049675223232 88
L 0 910 2 0.004237199 140049675223320 88
L 0 911 2 0.004238939 140049675223056 88
L 0 912 2 0.004240397 140049675223144 88
L 0 913 2 0.004241839 140049675223232 88
L 0 914 2 0.004243267 140049675223320 88
L 0 915 0 0.004245813 140049675223056 88
L 0 916 0 0.004247243 140049675223144 88
L 0 917 0 0.004248661 140049675223232 88
L 0 918 0 0.004250106 140049675223320 88
E 0 919 0 0.004251270 140049675223320 88
L 0 920 2 0.004257920 140049675223056 88
L 0 921 2 0.004259542 140049675223144 88
L 0 922 2 0.004261060 140049675223232 88
L 0 923 2 0.004262519 140049675223320 88
L 0 924 2 0.004263977 140049675223408 88
L 0 925 2 0.004265607 140049675223056 88
L 0 926 2 0.004267040 140049675223144 88
L 0 927 2 0.004268479 140049675223232 88
L 0 928 2 0.004269904 140049675223320 88
L 0 929 2 0.004271331 140049675223408 88
L 0 930 0 0.004273683 140049675223056 88
L 0 931 0 0.004275136 140049675223144 88
L 0 932 0 0.004276636 140049675223232 88
L 0 933 0 0.004278085 140049675223320 88
L 0 934 0 0.004279520 140049675223408 88
E 0 935 0 0.004280656 140049675223408 88
L 0 936 2 0.004285799 140049675223056 88
L 0 937 2 0.004287486 140049675223056 88
L 0 938 0 0.004289979 140049675223056 88
E 0 939 0 0.004291112 140049675223056 88
L 0 940 2 0.004296040 140049675223056 88
L 0 941 2 0.004297565 140049675223144 88
L 0 942 2 0.004299142 140049675223056 88
L 0 943 2 0.004300599 140049675223144 88
L 0 944 0 0.004303117 140049675223056 88
L 0 945 0 0.004304613 140049675223144 88
E 0 946 0 0.004305710 140049675223144 88
L 0 947 2 0.004310981 140049675223056 88
L 0 948 2 0.004312491 140049675223144 88
L 0 949 2 0.004313934 140049675223232 88
L 0 950 2 0.004315528 140049675223056 88
L 0 951 2 0.004317023 140049675223144 88
L 0 952 2 0.004318476 140049675223232 88
L 0 953 0 0.004320903 140049675223056 88
L 0 954 0 0.004322362 140049675223144 88
L 0 955 0 0.004323810 140049675223232 88
E 0 956 0 0.004324935 140049675223232 88
L 0 957 2 0.004329892 140049675223056 88
L 0 958 2 0.004331574 140049675223144 88
L 0 959 2 0.004333186 140049675223056 88
L 0 960 2 0.004334654 140049675223144 88
L 0 961 0 0.004337062 140049675223056 88
L 0 962 0 0.004338505 140049675223144 88
E 0 963 0 0.004339610 140049675223144 88
L 0 964 2 0.004344937 140049675223056 88
L 0 965 2 0.004346463 140049675223144 88
L 0 966 2 0.004347880 140049675223232 88
L 0 967 2 0.004349388 140049675223320 88
L 0 968 2 0.004351203 140049675223056 88
L 0 969 2 0.004352640 140049675223144 88
L 0 970 2 0.004354094 140049675223232 88
L 0 971 2 0.004355552 140049675223320 88
L 0 972 0 0.004357956 140049675223056 88
L 0 973 0 0.004359479 140049675223144 88
L 0 974 0 0.004360940 140049675223232 88
L 0 975 0 0.004362886 140049675223320 88
E 0 976 0 0.004364269 140049675223320 88
L 0 977 2 0.004370964 140049675223056 88
L 0 978 2 0.004372546 140049675223144 88
L 0 979 2 0.004373974 140049675223232 88
L 0 980 2 0.004375372 140049675223320 88
L 0 981 2 0.004376764 140049675223408 88
L 0 982 2 0.004378454 140049675223056 88
L 0 983 2 0.004379887 140049675223144 88
L 0 984 2 0.004381296 140049675223232 88
L 0 985 2 0.004382711 140049675223320 88
L 0 986 2 0.004384131 140049675223408 88
L 0 987 0 0.004386623 140049675223056 88
L 0 988 0 0.004388149 140049675223144 88
L 0 989 0 0.004389632 140049675223232 88
L 0 990 0 0.004391098 140049675223320 88
L 0 991 0 0.004392555 140049675223408 88
E 0 992 0 0.004393836 140049675223408 88
L 0 993 2 0.004410492 140049675223056 88
L 0 994 2 0.004412295 140049675223056 88
L 0 995 0 0.004414739 140049675223056 88
E 0 996 0 0.004415881 140049675223056 88
L 0 997 2 0.004421026 140049675223056 88
L 0 998 2 0.004422522 140049675223144 88
L 0 999 2 0.004424101 140049675223056 88
L 0 1000 2 0.004425531 140049675223144 88
L 0 1001 0 0.004428087 140049675223056 88
L 0 1002 0 0.004429698 140049675223144 88
E 0 1003 0 0.004430854 140049675223144 88
L 0 1004 2 0.004445356 140049675223056 88
L 0 1005 2 0.004446902 140049675223144 88
L 0 1006 2 0.004448369 140049675223232 88
L 0 1007 2 0.004449964 140049675223056 88
L 0 1008 2 0.004451455 140049675223144 88
L 0 1009 2 0.004452873 140049675223232 88
L 0 1010 0 0.004455444 140049675223056 88
L 0 1011 0 0.004456963 140049675223144 88
L 0 1012 0 0.004458430 140049675223232 88
E 0 1013 0 0.004459739 140049675223232 88
L 0 1014 2 0.004464988 140049675223056 88
L 0 1015 2 0.004466499 140049675223144 88
L 0 1016 2 0.004468113 140049675223056 88
L 0 1017 2 0.004469554 140049675223144 88
L 0 1018 0 0.004472089 140049675223056 88
L 0 1019 0 0.004473645 140049675223144 88
E 0 1020 0 0.004474774 140049675223144 88
L 0 1021 2 0.004480233 140049675223056 88
L 0 1022 2 0.004481728 140049675223144 88
L 0 1023 2 0.004483187 140049675223232 88
L 0 1024 2 0.004484673 140049675223320 88
L 0 1025 2 0.004486340 140049675223056 88
L 0 1026 2 0.004487854 140049675223144 88
L 0 1027 2 0.004489289 140049675223232 88
L 0 1028 2 0.004490728 140049675223320 88
L 0 1029 0 0.004493128 140049675223056 88
L 0 1030 0 0.004494632 140049675223144 88
L 0 1031 0 0.004496068 140049675223232 88
L 0 1032 0 0.004497516 140049675223320 88
E 0 1033 0 0.004498657 140049675223320 88
L 0 1034 2 0.004505247 140049675223056 88
L 0 1035 2 0.004506834 140049675223144 88
L 0 1036 2 0.004508261 140049675223232 88
L 0 1037 2 0.004509712 140049675223320 88
L 0 1038 2 0.004511167 140049675223408 88
L 0 1039 2 0.004512777 140049675223056 88
L 0 1040 2 0.004514204 140049675223144 88
L 0 1041 2 0.004515644 140049675223232 88
L 0 1042 2 0.004517081 140049675223320 88
L 0 1043 2 0.004518520 140049675223408 88
L 0 1044 0 0.004520923 140049675223056 88
L 0 1045 0 0.004522361 140049675223144 88
L 0 1046 0 0.004523775 140049675223232 88
L 0 1047 0 0.004525192 140049675223320 88
L 0 1048 0 0.004526681 140049675223408 88
E 0 1049 0 0.004527774 140049675223408 88
L 0 1050 2 0.004532854 140049675223056 88
L 0 1051 2 0.004534492 140049675223056 88
L 0 1052 0 0.004536966 140049675223056 88
E 0 1053 0 0.004538108 140049675223056 88
L 0 1054 2 0.004543028 140049675223056 88
L 0 1055 2 0.004544597 140049675223144 88
L 0 1056 2 0.004546135 140049675223056 88
L 0 1057 2 0.004547588 140049675223144 88
L 0 1058 0 0.004550008 140049675223056 88
L 0 1059 0 0.004551494 140049675223144 88
E 0 1060 0 0.004552612 140049675223144 88
L 0 1061 2 0.004557504 140049675223056 88
L 0 1062 2 0.004559041 140049675223144 88
L 0 1063 2 0.004560468 140049675223232 88
L 0 1064 2 0.004562057 140049675223056 88
L 0 1065 2 0.004563486 140049675223144 88
L 0 1066 2 0.004564906 140049675223232 88
L 0 1067 0 0.004567382 140049675223056 88
L 0 1068 0 0.004568812 140049675223144 88
L 0 1069 0 0.004570262 140049675223232 88
E 0 1070 0 0.004571360 140049675223232 88
L 0 1071 2 0.004576240 140049675223056 88
L 0 1072 2 0.004577742 140049675223144 88
L 0 1073 2 0.004579371 140049675223056 88
L 0 1074 2 0.004580782 140049675223144 88
L 0 1075 0 0.004583190 140049675223056 88
L 0 1076 0 0.004584654 140049675223144 88
E 0 1077 0 0.004585772 140049675223144 88
L 0 1078 2 0.004591127 140049675223056 88
L 0 1079 2 0.004592633 140049675223144 88
L 0 1080 2 0.004594061 140049675223232 88
L 0 1081 2 0.004595484 140049675223320 88
L 0 1082 2 0.004597017 140049675223056 88
L 0 1083 2 0.004598499 140049675223144 88
L 0 1084 2 0.004599975 140049675223232 88
L 0 1085 2 0.004601414 140049675223320 88
L 0 1086 0 0.004603806 140049675223056 88
L 0 1087 0 0.004605253 140049675223144 88
L 0 1088 0 0.004606715 140049675223232 88
L 0 1089 0 0.004608185 140049675223320 88
E 0 1090 0 0.004609375 140049675223320 88
L 0 1091 2 0.004616617 140049675223056 88
L 0 1092 2 0.004618990 140049675223144 88
L 0 1093 2 0.004621059 140049675223232 88
L 0 1094 2 0.004623224 140049675223320 88
L 0 1095 2 0.004625454 140049675223408 88
L 0 1096 2 0.004627810 140049675223056 88
L 0 1097 2 0.004630055 140049675223144 88
L 0 1098 2 0.004632343 140049675223232 88
L 0 1099 2 0.004634640 140049675223320 88
L 0 1100 2 0.004636839 140049675223408 88
L 0 1101 0 0.004654138 140049675223056 88
L 0 1102 0 0.004656652 140049675223144 88
L 0 1103 0 0.004658942 140049675223232 88
L 0 1104 0 0.004661010 140049675223320 88
L 0 1105 0 0.004663003 140049675223408 88
E 0 1106 0 0.004664878 140049675223408 88
L 0 1107 2 0.004674610 140049675223056 88
L 0 1108 2 0.004677431 140049675223056 88
L 0 1109 0 0.004680832 140049675223056 88
E 0 1110 0 0.004683262 140049675223056 88
L 0 1111 2 0.004689729 140049675223056 88
L 0 1112 2 0.004691272 140049675223144 88
L 0 1113 2 0.004692970 140049675223056 88
L 0 1114 2 0.004694516 140049675223144 88
L 0 1115 0 0.004696919 140049675223056 88
L 0 1116 0 0.004698472 140049675223144 88
E 0 1117 0 0.004699610 140049675223144 88
L 0 1118 2 0.004704585 140049675223056 88
L 0 1119 2 0.004706147 140049675223144 88
L 0 1120 2 0.004707620 140049675223232 88
L 0 1121 2 0.004709290 140049675223056 88
L 0 1122 2 0.004710775 140049675223144 88
L 0 1123 2 0.004712227 140049675223232 88
L 0 1124 0 0.004714678 140049675223056 88
L 0 1125 0 0.004716123 140049675223144 88
L 0 1126 0 0.004717563 140049675223232 88
E 0 1127 0 0.004718697 140049675223232 88
L 0 1128 2 0.004723615 140049675223056 88
L 0 1129 2 0.004725095 140049675223144 88
L 0 1130 2 0.004726720 140049675223056 88
L 0 1131 2 0.004728150 140049675223144 88
L 0 1132 0 0.004730579 140049675223056 88
L 0 1133 0 0.004732047 140049675223144 88
E 0 1134 0 0.004733179 140049675223144 88
L 0 1135 2 0.004738592 140049675223056 88
L 0 1136 2 0.004740280 140049675223144 88
L 0 1137 2 0.004741798 140049675223232 88
L 0 1138 2 0.004743290 140049675223320 88
L 0 1139 2 0.004744853 140049675223056 88
L 0 1140 2 0.004746278 140049675223144 88
L 0 1141 2 0.004747728 140049675223232 88
L 0 1142 2 0.004749148 140049675223320 88
L 0 1143 0 0.004751552 140049675223056 88
L 0 1144 0 0.004753011 140049675223144 88
L 0 1145 0 0.004754441 140049675223232 88
L 0 1146 0 0.004755884 140049675223320 88
E 0 1147 0 0.004757073 140049675223320 88
L 0 1148 2 0.004763504 140049675223056 88
L 0 1149 2 0.004765174 140049675223144 88
L 0 1150 2 0.004766760 140049675223232 88
L 0 1151 2 0.004768151 140049675223320 88
L 0 1152 2 0.004769557 140049675223408 88
L 0 1153 2 0.004771150 140049675223056 88
L 0 1154 2 0.004772560 140049675223144 88
L 0 1155 2 0.004774050 140049675223232 88
L 0 1156 2 0.004775489 140049675223320 88
L 0 1157 2 0.004776911 140049675223408 88
L 0 1158 0 0.004779303 140049675223056 88
L 0 1159 0 0.004780766 140049675223144 88
L 0 1160 0 0.004782229 140049675223232 88
L 0 1161 0 0.004783674 140049675223320 88
L 0 1162 0 0.004785119 140049675223408 88
E 0 1163 0 0.004786238 140049675223408 88
L 0 1164 2 0.004791290 140049675223056 88
L 0 1165 2 0.004793020 140049675223056 88
L 0 1166 0 0.004795471 140049675223056 88
E 0 1167 0 0.004796618 140049675223056 88
L 0 1168 2 0.004801654 140049675223056 88
L 0 1169 2 0.004803351 140049675223144 88
L 0 1170 2 0.004804913 140049675223056 88
L 0 1171 2 0.004806370 140049675223144 88
L 0 1172 0 0.004808900 140049675223056 88
L 0 1173 0 0.004810375 140049675223144 88
E 0 1174 0 0.004811450 140049675223144 88
L 0 1175 2 0.004816519 140049675223056 88
L 0 1176 2 0.004818044 140049675223144 88
L 0 1177 2 0.004819472 140049675223232 88
L 0 1178 2 0.004821052 140049675223056 88
L 0 1179 2 0.004822484 140049675223144 88
L 0 1180 2 0.004823896 140049675223232 88
L 0 1181 0 0.004826274 140049675223056 88
L 0 1182 0 0.004827758 140049675223144 88
L 0 1183 0 0.004829261 140049675223232 88
E 0 1184 0 0.004830390 140049675223232 88
L 0 1185 2 0.004835770 140049675223056 88
L 0 1186 2 0.004837290 140049675223144 88
L 0 1187 2 0.004838999 140049675223056 88
L 0 1188 2 0.004840445 140049675223144 88
L 0 1189 0 0.004842882 140049675223056 88
L 0 1190 0 0.004844347 140049675223144 88
E 0 1191 0 0.004845483 140049675223144 88
L 0 1192 2 0.004851021 140049675223056 88
L 0 1193 2 0.004852480 140049675223144 88
L 0 1194 2 0.004853897 140049675223232 88
L 0 1195 2 0.004855303 140049675223320 88
L 0 1196 2 0.004856947 140049675223056 88
L 0 1197 2 0.004858363 140049675223144 88
L 0 1198 2 0.004859769 140049675223232 88
L 0 1199 2 0.004872940 140049675223320 88
L 0 1200 0 0.004875400 140049675223056 88
L 0 1201 0 0.004876931 140049675223144 88
L 0 1202 0 0.004878377 140049675223232 88
L 0 1203 0 0.004879794 140049675223320 88
E 0 1204 0 0.004881087 140049675223320 88
L 0 1205 2 0.004888224 140049675223056 88
L 0 1206 2 0.004889853 140049675223144 88
L 0 1207 2 0.004891346 140049675223232 88
L 0 1208 2 0.004892755 140049675223320 88
L 0 1209 2 0.004894195 140049675223408 88
L 0 1210 2 0.004895788 140049675223056 88
L 0 1211 2 0.004897226 140049675223144 88
L 0 1212 2 0.004898675 140049675223232 88
L 0 1213 2 0.004900108 140049675223320 88
L 0 1214 2 0.004901573 140049675223408 88
L 0 1215 0 0.004904042 140049675223056 88
L 0 1216 0 0.004905487 140049675223144 88
L 0 1217 0 0.004906946 140049675223232 88
L 0 1218 0 0.004908410 140049675223320 88
L 0 1219 0 0.004909839 140049675223408 88
E 0 1220 0 0.004910972 140049675223408 88
L 0 1221 2 0.004916022 140049675223056 88
L 0 1222 2 0.004917708 140049675223056 88
L 0 1223 0 0.004920285 140049675223056 88
E 0 1224 0 0.004921380 140049675223056 88
L 0 1225 2 0.004926445 140049675223056 88
L 0 1226 2 0.004927997 140049675223144 88
L 0 1227 2 0.004929571 140049675223056 88
L 0 1228 2 0.004931035 140049675223144 88
L 0 1229 0 0.004933504 140049675223056 88
L 0 1230 0 0.004934986 140049675223144 88
E 0 1231 0 0.004936204 140049675223144 88
L 0 1232 2 0.004941096 140049675223056 88
L 0 1233 2 0.004942627 140049675223144 88
L 0 1234 2 0.004944132 140049675223232 88
L 0 1235 2 0.004945725 140049675223056 88
L 0 1236 2 0.004947174 140049675223144 88
L 0 1237 2 0.004948602 140049675223232 88
L 0 1238 0 0.004950994 140049675223056 88
L 0 1239 0 0.004952452 140049675223144 88
L 0 1240 0 0.004953931 140049675223232 88
E 0 1241 0 0.004955141 140049675223232 88
L 0 1242 2 0.004960164 140049675223056 88
L 0 1243 2 0.004961679 140049675223144 88
L 0 1244 2 0.004963294 140049675223056 88
L 0 1245 2 0.004964748 140049675223144 88
L 0 1246 0 0.004967175 140049675223056 88
L 0 1247 0 0.004969304 140049675223144 88
E 0 1248 0 0.004971079 140049675223144 88
L 0 1249 2 0.004979198 140049675223056 88
L 0 1250 2 0.004981666 140049675223144 88
L 0 1251 2 0.004983910 140049675223232 88
L 0 1252 2 0.004986185 140049675223320 88
L 0 1253 2 0.004988625 140049675223056 88
L 0 1254 2 0.004990893 140049675223144 88
L 0 1255 2 0.004993192 140049675223232 88
L 0 1256 2 0.004995880 140049675223320 88
L 0 1257 0 0.004999386 140049675223056 88
L 0 1258 0 0.005001712 140049675223144 88
L 0 1259 0 0.005004041 140049675223232 88
L 0 1260 0 0.005006241 140049675223320 88
E 0 1261 0 0.005007868 140049675223320 88
L 0 1262 2 0.005018391 140049675223056 88
L 0 1263 2 0.005021267 140049675223144 88
L 0 1264 2 0.005023587 140049675223232 88
L 0 1265 2 0.005026113 140049675223320 88
L 0 1266 2 0.005028068 140049675223408 88
L 0 1267 2 0.005029871 140049675223056 88
L 0 1268 2 0.005031321 140049675223144 88
L 0 1269 2 0.005032787 140049675223232 88
L 0 1270 2 0.005034256 140049675223320 88
L 0 1271 2 0.005035752 140049675223408 88
L 0 1272 0 0.005038275 140049675223056 88
L 0 1273 0 0.005039732 140049675223144 88
L 0 1274 0 0.005041206 140049675223232 88
L 0 1275 0 0.005042652 140049675223320 88
L 0 1276 0 0.005044101 140049675223408 88
E 0 1277 0 0.005045322 140049675223408 88
L 0 1278 2 0.005050794 140049675223056 88
L 0 1279 2 0.005052563 140049675223056 88
L 0 1280 0 0.005055275 140049675223056 88
E 0 1281 0 0.005056385 140049675223056 88
L 0 1282 2 0.005061427 140049675223056 88
L 0 1283 2 0.005062937 140049675223144 88
L 0 1284 2 0.005064592 140049675223056 88
L 0 1285 2 0.005066038 140049675223144 88
L 0 1286 0 0.005068581 140049675223056 88
L 0 1287 0 0.005070058 140049675223144 88
E 0 1288 0 0.005071163 140049675223144 88
L 0 1289 2 0.005076211 140049675223056 88
L 0 1290 2 0.005077753 140049675223144 88
L 0 1291 2 0.005079196 140049675223232 88
L 0 1292 2 0.005080765 140049675223056 88
L 0 1293 2 0.005082210 140049675223144 88
L 0 1294 2 0.005083652 140049675223232 88
L 0 1295 0 0.005086320 140049675223056 88
L 0 1296 0 0.005102052 140049675223144 88
L 0 1297 0 0.005103707 140049675223232 88
E 0 1298 0 0.005105010 140049675223232 88
L 0 1299 2 0.005110809 140049675223056 88
L 0 1300 2 0.005112350 140049675223144 88
L 0 1301 2 0.005113961 140049675223056 88
L 0 1302 2 0.005115420 140049675223144 88
L 0 1303 0 0.005117896 140049675223056 88
L 0 1304 0 0.005119378 140049675223144 88
E 0 1305 0 0.005120576 140049675223144 88
L 0 1306 2 0.005126022 140049675223056 88
L 0 1307 2 0.005127579 140049675223144 88
L 0 1308 2 0.005129021 140049675223232 88
L 0 1309 2 0.005130474 140049675223320 88
L 0 1310 2 0.005132104 140049675223056 88
L 0 1311 2 0.005133634 140049675223144 88
L 0 1312 2 0.005135069 140049675223232 88
L 0 1313 2 0.005136481 140049675223320 88
L 0 1314 0 0.005138913 140049675223056 88
L 0 1315 0 0.005140335 140049675223144 88
L 0 1316 0 0.005141786 140049675223232 88
L 0 1317 0 0.005143210 140049675223320 88
E 0 1318 0 0.005144442 140049675223320 88
L 0 1319 2 0.005177846 140049675223056 88
L 0 1320 2 0.005179816 140049675223144 88
L 0 1321 2 0.005181255 140049675223232 88
L 0 1322 2 0.005182792 140049675223320 88
L 0 1323 2 0.005184208 140049675223408 88
L 0 1324 2 0.005185871 140049675223056 88
L 0 1325 2 0.005187323 140049675223144 88
L 0 1326 2 0.005188780 140049675223232 88
L 0 1327 2 0.005190220 140049675223320 88
L 0 1328 2 0.005191638 140049675223408 88
L 0 1329 0 0.005194032 140049675223056 88
L 0 1330 0 0.005195470 140049675223144 88
L 0 1331 0 0.005196889 140049675223232 88
L 0 1332 0 0.005198324 140049675223320 88
L 0 1333 0 0.005199761 140049675223408 88
E 0 1334 0 0.005200887 140049675223408 88
L 0 1335 2 0.005206443 140049675223056 88
L 0 1336 2 0.005208120 140049675223056 88
L 0 1337 0 0.005210552 140049675223056 88
E 0 1338 0 0.005211752 140049675223056 88
L 0 1339 2 0.005216652 140049675223056 88
L 0 1340 2 0.005218167 140049675223144 88
L 0 1341 2 0.005219818 140049675223056 88
L 0 1342 2 0.005221262 140049675223144 88
L 0 1343 0 0.005223744 140049675223056 88
L 0 1344 0 0.005225238 140049675223144 88
E 0 1345 0 0.005226365 140049675223144 88
L 0 1346 2 0.005231303 140049675223056 88
L 0 1347 2 0.005232847 140049675223144 88
L 0 1348 2 0.005234311 140049675223232 88
L 0 1349 2 0.005235887 140049675223056 88
L 0 1350 2 0.005237305 140049675223144 88
L 0 1351 2 0.005238789 140049675223232 88
L 0 1352 0 0.005241197 140049675223056 88
L 0 1353 0 0.005242786 140049675223144 88
L 0 1354 0 0.005244221 140049675223232 88
E 0 1355 0 0.005245371 140049675223232 88
L 0 1356 2 0.005250338 140049675223056 88
L 0 1357 2 0.005251885 140049675223144 88
L 0 1358 2 0.005253535 140049675223056 88
L 0 1359 2 0.005254984 140049675223144 88
L 0 1360 0 0.005257420 140049675223056 88
L 0 1361 0 0.005258893 140049675223144 88
E 0 1362 0 0.005259992 140049675223144 88
L 0 1363 2 0.005265386 140049675223056 88
L 0 1364 2 0.005266911 140049675223144 88
L 0 1365 2 0.005268485 140049675223232 88
L 0 1366 2 0.005269914 140049675223320 88
L 0 1367 2 0.005271428 140049675223056 88
L 0 1368 2 0.005272866 140049675223144 88
L 0 1369 2 0.005274303 140049675223232 88
L 0 1370 2 0.005275756 140049675223320 88
L 0 1371 0 0.005278098 140049675223056 88
L 0 1372 0 0.005279577 140049675223144 88
L 0 1373 0 0.005281174 140049675223232 88
L 0 1374 0 0.005282647 140049675223320 88
E 0 1375 0 0.005283753 140049675223320 88
L 0 1376 2 0.005290104 140049675223056 88
L 0 1377 2 0.005291758 140049675223144 88
L 0 1378 2 0.005293305 140049675223232 88
L 0 1379 2 0.005294717 140049675223320 88
L 0 1380 2 0.005296151 140049675223408 88
L 0 1381 2 0.005297830 140049675223056 88
L 0 1382 2 0.005319262 140049675223144 88
L 0 1383 2 0.005320402 140049675223232 88
L 0 1384 2 0.005321526 140049675223320 88
L 0 1385 2 0.005322808 140049675223408 88
L 0 1386 0 0.005324707 140049675223056 88
L 0 1387 0 0.005325823 140049675223144 88
L 0 1388 0 0.005326944 140049675223232 88
L 0 1389 0 0.005328055 140049675223320 88
L 0 1390 0 0.005329177 140049675223408 88
E 0 1391 0 0.005330009 140049675223408 88
L 0 1392 2 0.005337487 140049675223056 88
L 0 1393 2 0.005338857 140049675223056 88
L 0 1394 0 0.005353822 140049675223056 88
E 0 1395 0 0.005354795 140049675223056 88
L 0 1396 2 0.005359206 140049675223056 88
L 0 1397 2 0.005360436 140049675223144 88
L 0 1398 2 0.005361692 140049675223056 88
L 0 1399 2 0.005362795 140049675223144 88
L 0 1400 0 0.005364666 140049675223056 88
L 0 1401 0 0.005365786 140049675223144 88
E 0 1402 0 0.005366651 140049675223144 88
L 0 1403 2 0.005370460 140049675223056 88
L 0 1404 2 0.005371597 140049675223144 88
L 0 1405 2 0.005372736 140049675223232 88
L 0 1406 2 0.005373950 140049675223056 88
L 0 1407 2 0.005375037 140049675223144 88
L 0 1408 2 0.005376135 140049675223232 88
L 0 1409 0 0.005378046 140049675223056 88
L 0 1410 0 0.005379173 140049675223144 88
L 0 1411 0 0.005380274 140049675223232 88
E 0 1412 0 0.005381117 140049675223232 88
L 0 1413 2 0.005385324 140049675223056 88
L 0 1414 2 0.005386478 140049675223144 88
L 0 1415 2 0.005387677 140049675223056 88
L 0 1416 2 0.005388772 140049675223144 88
L 0 1417 0 0.005390612 140049675223056 88
L 0 1418 0 0.005391708 140049675223144 88
E 0 1419 0 0.005392608 140049675223144 88
L 0 1420 2 0.005396701 140049675223056 88
L 0 1421 2 0.005397859 140049675223144 88
L 0 1422 2 0.005398976 140049675223232 88
L 0 1423 2 0.005400084 140049675223320 88
L 0 1424 2 0.005401354 140049675223056 88
L 0 1425 2 0.005402465 140049675223144 88
L 0 1426 2 0.005403609 140049675223232 88
L 0 1427 2 0.005404702 140049675223320 88
L 0 1428 0 0.005406524 140049675223056 88
L 0 1429 0 0.005407639 140049675223144 88
L 0 1430 0 0.005408720 140049675223232 88
L 0 1431 0 0.005409828 140049675223320 88
E 0 1432 0 0.005410680 140049675223320 88
L 0 1433 2 0.005415607 140049675223056 88
L 0 1434 2 0.005416814 140049675223144 88
L 0 1435 2 0.005417893 140049675223232 88
L 0 1436 2 0.005418968 140049675223320 88
L 0 1437 2 0.005420080 140049675223408 88
L 0 1438 2 0.005421373 140049675223056 88
L 0 1439 2 0.005422468 140049675223144 88
L 0 1440 2 0.005423568 140049675223232 88
L 0 1441 2 0.005424660 140049675223320 88
L 0 1442 2 0.005425751 140049675223408 88
L 0 1443 0 0.005427567 140049675223056 88
L 0 1444 0 0.005428663 140049675223144 88
L 0 1445 0 0.005429784 140049675223232 88
L 0 1446 0 0.005430923 140049675223320 88
L 0 1447 0 0.005432048 140049675223408 88
E 0 1448 0 0.005432890 140049675223408 88
L 0 1449 2 0.005436650 140049675223056 88
L 0 1450 2 0.005437931 140049675223056 88
L 0 1451 0 0.005439783 140049675223056 88
E 0 1452 0 0.005440659 140049675223056 88
L 0 1453 2 0.005445836 140049675223056 88
L 0 1454 2 0.005447554 140049675223144 88
L 0 1455 2 0.005449316 140049675223056 88
L 0 1456 2 0.005451030 140049675223144 88
L 0 1457 0 0.005453753 140049675223056 88
L 0 1458 0 0.005455572 140049675223144 88
E 0 1459 0 0.005456878 140049675223144 88
L 0 1460 2 0.005462753 140049675223056 88
L 0 1461 2 0.005464676 140049675223144 88
L 0 1462 2 0.005466487 140049675223232 88
L 0 1463 2 0.005468447 140049675223056 88
L 0 1464 2 0.005470364 140049675223144 88
L 0 1465 2 0.005472200 140049675223232 88
L 0 1466 0 0.005474934 140049675223056 88
L 0 1467 0 0.005476903 140049675223144 88
L 0 1468 0 0.005478916 140049675223232 88
E 0 1469 0 0.005479997 140049675223232 88
L 0 1470 2 0.005484271 140049675223056 88
L 0 1471 2 0.005485422 140049675223144 88
L 0 1472 2 0.005486642 140049675223056 88
L 0 1473 2 0.005487734 140049675223144 88
L 0 1474 0 0.005489523 140049675223056 88
L 0 1475 0 0.005490627 140049675223144 88
E 0 1476 0 0.005491477 140049675223144 88
L 0 1477 2 0.005495624 140049675223056 88
L 0 1478 2 0.005496799 140049675223144 88
L 0 1479 2 0.005497906 140049675223232 88
L 0 1480 2 0.005499053 140049675223320 88
L 0 1481 2 0.005500292 140049675223056 88
L 0 1482 2 0.005501391 140049675223144 88
L 0 1483 2 0.005502492 140049675223232 88
L 0 1484 2 0.005503637 140049675223320 88
L 0 1485 0 0.005505492 140049675223056 88
L 0 1486 0 0.005506617 140049675223144 88
L 0 1487 0 0.005507728 140049675223232 88
L 0 1488 0 0.005508846 140049675223320 88
E 0 1489 0 0.005509700 140049675223320 88
L 0 1490 2 0.005514620 140049675223056 88
L 0 1491 2 0.005524094 140049675223144 88
L 0 1492 2 0.005525314 140049675223232 88
L 0 1493 2 0.005526417 140049675223320 88
L 0 1494 2 0.005527523 140049675223408 88
L 0 1495 2 0.005528822 140049675223056 88
L 0 1496 2 0.005529974 140049675223144 88
L 0 1497 2 0.005531074 140049675223232 88
L 0 1498 2 0.005532161 140049675223320 88
L 0 1499 2 0.005533317 140049675223408 88
L 0 1500 0 0.005535180 140049675223056 88
L 0 1501 0 0.005536304 140049675223144 88
L 0 1502 0 0.005537422 140049675223232 88
L 0 1503 0 0.005538544 140049675223320 88
L 0 1504 0 0.005539720 140049675223408 88
E 0 1505 0 0.005540632 140049675223408 88
L 0 1506 2 0.005544912 140049675223056 88
L 0 1507 2 0.005546208 140049675223056 88
L 0 1508 0 0.005548052 140049675223056 88
E 0 1509 0 0.005548926 140049675223056 88
L 0 1510 2 0.005552762 140049675223056 88
L 0 1511 2 0.005553944 140049675223144 88
L 0 1512 2 0.005555146 140049675223056 88
L 0 1513 2 0.005556252 140049675223144 88
L 0 1514 0 0.005558053 140049675223056 88
L 0 1515 0 0.005559194 140049675223144 88
E 0 1516 0 0.005560051 140049675223144 88
L 0 1517 2 0.005563852 140049675223056 88
L 0 1518 2 0.005565094 140049675223144 88
L 0 1519 2 0.005566183 140049675223232 88
L 0 1520 2 0.005567381 140049675223056 88
L 0 1521 2 0.005568470 140049675223144 88
L 0 1522 2 0.005569550 140049675223232 88
L 0 1523 0 0.005571389 140049675223056 88
L 0 1524 0 0.005572523 140049675223144 88
L 0 1525 0 0.005573636 140049675223232 88
E 0 1526 0 0.005574508 140049675223232 88
L 0 1527 2 0.005578333 140049675223056 88
L 0 1528 2 0.005579488 140049675223144 88
L 0 1529 2 0.005580784 140049675223056 88
L 0 1530 2 0.005581882 140049675223144 88
L 0 1531 0 0.005583685 140049675223056 88
L 0 1532 0 0.005584801 140049675223144 88
E 0 1533 0 0.005585626 140049675223144 88
L 0 1534 2 0.005589720 140049675223056 88
L 0 1535 2 0.005590918 140049675223144 88
L 0 1536 2 0.005592050 140049675223232 88
L 0 1537 2 0.005593168 140049675223320 88
L 0 1538 2 0.005594418 140049675223056 88
L 0 1539 2 0.005595541 140049675223144 88
L 0 1540 2 0.005596642 140049675223232 88
L 0 1541 2 0.005597749 140049675223320 88
L 0 1542 0 0.005599590 140049675223056 88
L 0 1543 0 0.005600892 140049675223144 88
L 0 1544 0 0.005601991 140049675223232 88
L 0 1545 0 0.005603078 140049675223320 88
E 0 1546 0 0.005603953 140049675223320 88
L 0 1547 2 0.005609002 140049675223056 88
L 0 1548 2 0.005610232 140049675223144 88
L 0 1549 2 0.005611392 140049675223232 88
L 0 1550 2 0.005612484 140049675223320 88
L 0 1551 2 0.005613584 140049675223408 88
L 0 1552 2 0.005614778 140049675223056 88
L 0 1553 2 0.005615872 140049675223144 88
L 0 1554 2 0.005616964 140049675223232 88
L 0 1555 2 0.005618034 140049675223320 88
L 0 1556 2 0.005619122 140049675223408 88
L 0 1557 0 0.005621002 140049675223056 88
L 0 1558 0 0.005622099 140049675223144 88
L 0 1559 0 0.005623191 140049675223232 88
L 0 1560 0 0.005624292 140049675223320 88
L 0 1561 0 0.005625393 140049675223408 88
E 0 1562 0 0.005626225 140049675223408 88
L 0 1563 2 0.005630729 140049675223056 88
L 0 1564 2 0.005632048 140049675223056 88
L 0 1565 0 0.005633914 140049675223056 88
E 0 1566 0 0.005634813 140049675223056 88
L 0 1567 2 0.005638585 140049675223056 88
L 0 1568 2 0.005639783 140049675223144 88
L 0 1569 2 0.005641036 140049675223056 88
L 0 1570 2 0.005642168 140049675223144 88
L 0 1571 0 0.005643990 140049675223056 88
L 0 1572 0 0.005645116 140049675223144 88
E 0 1573 0 0.005645978 140049675223144 88
L 0 1574 2 0.005649767 140049675223056 88
L 0 1575 2 0.005650922 140049675223144 88
L 0 1576 2 0.005652130 140049675223232 88
L 0 1577 2 0.005653306 140049675223056 88
L 0 1578 2 0.005654444 140049675223144 88
L 0 1579 2 0.005655584 140049675223232 88
L 0 1580 0 0.005657435 140049675223056 88
L 0 1581 0 0.005658800 140049675223144 88
L 0 1582 0 0.005659897 140049675223232 88
E 0 1583 0 0.005660765 140049675223232 88
L 0 1584 2 0.005664751 140049675223056 88
L 0 1585 2 0.005665985 140049675223144 88
L 0 1586 2 0.005667200 140049675223056 88
L 0 1587 2 0.005668314 140049675223144 88
L 0 1588 0 0.005670359 140049675223056 88
L 0 1589 0 0.005678970 140049675223144 88
E 0 1590 0 0.005679919 140049675223144 88
L 0 1591 2 0.005685115 140049675223056 88
L 0 1592 2 0.005686324 140049675223144 88
L 0 1593 2 0.005687459 140049675223232 88
L 0 1594 2 0.005688725 140049675223320 88
L 0 1595 2 0.005689975 140049675223056 88
L 0 1596 2 0.005691067 140049675223144 88
L 0 1597 2 0.005692211 140049675223232 88
L 0 1598 2 0.005693309 140049675223320 88
L 0 1599 0 0.005695149 140049675223056 88
L 0 1600 0 0.005696433 140049675223144 88
L 0 1601 0 0.005697559 140049675223232 88
L 0 1602 0 0.005698668 140049675223320 88
E 0 1603 0 0.005700006 140049675223320 88
L 0 1604 2 0.005707672 140049675223056 88
L 0 1605 2 0.005709646 140049675223144 88
L 0 1606 2 0.005711488 140049675223232 88
L 0 1607 2 0.005713040 140049675223320 88
L 0 1608 2 0.005714878 140049675223408 88
L 0 1609 2 0.005716802 140049675223056 88
L 0 1610 2 0.005718531 140049675223144 88
L 0 1611 2 0.005720410 140049675223232 88
L 0 1612 2 0.005722184 140049675223320 88
L 0 1613 2 0.005723318 140049675223408 88
L 0 1614 0 0.005725331 140049675223056 88
L 0 1615 0 0.005726723 140049675223144 88
L 0 1616 0 0.005727822 140049675223232 88
L 0 1617 0 0.005728921 140049675223320 88
L 0 1618 0 0.005730059 140049675223408 88
E 0 1619 0 0.005731057 140049675223408 88
L 0 1620 2 0.005735538 140049675223056 88
L 0 1621 2 0.005736832 140049675223056 88
L 0 1622 0 0.005738713 140049675223056 88
E 0 1623 0 0.005739570 140049675223056 88
L 0 1624 2 0.005743324 140049675223056 88
L 0 1625 2 0.005744480 140049675223144 88
L 0 1626 2 0.005745688 140049675223056 88
L 0 1627 2 0.005746788 140049675223144 88
L 0 1628 0 0.005748640 140049675223056 88
L 0 1629 0 0.005749808 140049675223144 88
E 0 1630 0 0.005750668 140049675223144 88
L 0 1631 2 0.005754452 140049675223056 88
L 0 1632 2 0.005755621 140049675223144 88
L 0 1633 2 0.005756718 140049675223232 88
L 0 1634 2 0.005757945 140049675223056 88
L 0 1635 2 0.005759050 140049675223144 88
L 0 1636 2 0.005760139 140049675223232 88
L 0 1637 0 0.005762024 140049675223056 88
L 0 1638 0 0.005763139 140049675223144 88
L 0 1639 0 0.005764239 140049675223232 88
E 0 1640 0 0.005765073 140049675223232 88
L 0 1641 2 0.005768950 140049675223056 88
L 0 1642 2 0.005770100 140049675223144 88
L 0 1643 2 0.005771333 140049675223056 88
L 0 1644 2 0.005772451 140049675223144 88
L 0 1645 0 0.005774266 140049675223056 88
L 0 1646 0 0.005775387 140049675223144 88
E 0 1647 0 0.005776250 140049675223144 88
L 0 1648 2 0.005780429 140049675223056 88
L 0 1649 2 0.005781567 140049675223144 88
L 0 1650 2 0.005782652 140049675223232 88
L 0 1651 2 0.005783733 140049675223320 88
L 0 1652 2 0.005784936 140049675223056 88
L 0 1653 2 0.005786068 140049675223144 88
L 0 1654 2 0.005787145 140049675223232 88
L 0 1655 2 0.005788238 140049675223320 88
L 0 1656 0 0.005790071 140049675223056 88
L 0 1657 0 0.005791185 140049675223144 88
L 0 1658 0 0.005792300 140049675223232 88
L 0 1659 0 0.005793462 140049675223320 88
E 0 1660 0 0.005794334 140049675223320 88
L 0 1661 2 0.005799199 140049675223056 88
L 0 1662 2 0.005800418 140049675223144 88
L 0 1663 2 0.005801545 140049675223232 88
L 0 1664 2 0.005802634 140049675223320 88
L 0 1665 2 0.005803780 140049675223408 88
L 0 1666 2 0.005805009 140049675223056 88
L 0 1667 2 0.005806118 140049675223144 88
L 0 1668 2 0.005807215 140049675223232 88
L 0 1669 2 0.005808316 140049675223320 88
L 0 1670 2 0.005809400 140049675223408 88
L 0 1671 0 0.005811272 140049675223056 88
L 0 1672 0 0.005812390 140049675223144 88
L 0 1673 0 0.005813552 140049675223232 88
L 0 1674 0 0.005814648 140049675223320 88
L 0 1675 0 0.005815769 140049675223408 88
E 0 1676 0 0.005816628 140049675223408 88
L 0 1677 2 0.005820393 140049675223056 88
L 0 1678 2 0.005821658 140049675223056 88
L 0 1679 0 0.005823533 140049675223056 88
E 0 1680 0 0.005824393 140049675223056 88
L 0 1681 2 0.005828944 140049675223056 88
L 0 1682 2 0.005830771 140049675223144 88
L 0 1683 2 0.005832911 140049675223056 88
L 0 1684 2 0.005834683 140049675223144 88
L 0 1685 0 0.005837241 140049675223056 88
L 0 1686 0 0.005854738 140049675223144 88
E 0 1687 0 0.005856622 140049675223144 88
L 0 1688 2 0.005863734 140049675223056 88
L 0 1689 2 0.005865662 140049675223144 88
L 0 1690 2 0.005867439 140049675223232 88
L 0 1691 2 0.005869253 140049675223056 88
L 0 1692 2 0.005871032 140049675223144 88
L 0 1693 2 0.005872854 140049675223232 88
L 0 1694 0 0.005875540 140049675223056 88
L 0 1695 0 0.005877531 140049675223144 88
L 0 1696 0 0.005879366 140049675223232 88
E 0 1697 0 0.005880336 140049675223232 88
L 0 1698 2 0.005885094 140049675223056 88
L 0 1699 2 0.005886273 140049675223144 88
L 0 1700 2 0.005887471 140049675223056 88
L 0 1701 2 0.005888623 140049675223144 88
L 0 1702 0 0.005890475 140049675223056 88
L 0 1703 0 0.005891594 140049675223144 88
E 0 1704 0 0.005892454 140049675223144 88
L 0 1705 2 0.005896837 140049675223056 88
L 0 1706 2 0.005898065 140049675223144 88
L 0 1707 2 0.005899164 140049675223232 88
L 0 1708 2 0.005900274 140049675223320 88
L 0 1709 2 0.005901526 140049675223056 88
L 0 1710 2 0.005902634 140049675223144 88
L 0 1711 2 0.005903721 140049675223232 88
L 0 1712 2 0.005904818 140049675223320 88
L 0 1713 0 0.005906730 140049675223056 88
L 0 1714 0 0.005907902 140049675223144 88
L 0 1715 0 0.005909029 140049675223232 88
L 0 1716 0 0.005910126 140049675223320 88
E 0 1717 0 0.005910989 140049675223320 88
L 0 1718 2 0.005915957 140049675223056 88
L 0 1719 2 0.005917158 140049675223144 88
L 0 1720 2 0.005918261 140049675223232 88
L 0 1721 2 0.005919413 140049675223320 88
L 0 1722 2 0.005920560 140049675223408 88
L 0 1723 2 0.005921785 140049675223056 88
L 0 1724 2 0.005922977 140049675223144 88
L 0 1725 2 0.005924072 140049675223232 88
L 0 1726 2 0.005925244 140049675223320 88
L 0 1727 2 0.005926344 140049675223408 88
L 0 1728 0 0.005928202 140049675223056 88
L 0 1729 0 0.005929312 140049675223144 88
L 0 1730 0 0.005930421 140049675223232 88
L 0 1731 0 0.005931529 140049675223320 88
L 0 1732 0 0.005932622 140049675223408 88
E 0 1733 0 0.005933531 140049675223408 88
E 1 1734 1 0.005941412 140049674739728 48
E 1 1735 1 0.005947126 140049674739776 48
E 1 1736 1 0.005975279 140049674739824 48
E 1 1737 1 0.005979993 140049674739872 48
E 1 1738 1 0.005982956 140049674739920 48
E 1 1739 1 0.005985974 140049674739968 48
E 1 1740 1 0.005988798 140049674740016 48
E 1 1741 1 0.005991552 140049674740064 48
E 1 1742 1 0.005994359 140049674740112 48
E 1 1743 1 0.005997168 140049674740160 48
E 1 1744 1 0.005999926 140049674740208 48
E 1 1745 1 0.006002790 140049674740256 48
E 1 1746 1 0.006005614 140049674740304 48
E 1 1747 1 0.006008370 140049674740352 48
E 1 1748 1 0.006011204 140049674740400 48
E 1 1749 1 0.006023154 140049674740448 48
E 1 1750 1 0.006026165 140049674740496 48
E 1 1751 1 0.006028977 140049674740544 48
E 1 1752 1 0.006031798 140049674740592 48
E 1 1753 1 0.006034556 140049674740640 48
E 1 1754 1 0.006037368 140049674740688 48
E 1 1755 1 0.006040137 140049674740736 48
E 1 1756 1 0.006043028 140049674740784 48
E 1 1757 1 0.006046018 140049674740832 48
E 1 1758 1 0.006048849 140049674740880 48
E 1 1759 1 0.006056092 140049674740928 48
L 2 1760 2 0.007167523 140049675223056 88
E 2 1761 1 0.007177583 140049659252752 88
L 2 1762 2 0.007179766 140049675223144 88
E 2 1763 1 0.007181745 140049659252840 88
L 2 1764 2 0.007182770 140049675223232 88
E 2 1765 1 0.007185081 140049659252928 88
L 2 1766 2 0.007186009 140049675223320 88
E 2 1767 1 0.007189014 140049659253016 88
L 2 1768 2 0.007190014 140049675223408 88
E 2 1769 1 0.007198135 140049659253104 88
L 2 1770 2 0.007211983 140049674739728 48
L 2 1771 2 0.007214255 140049674739776 48
L 2 1772 2 0.007215802 140049674739824 48
L 2 1773 2 0.007216978 140049674739872 48
L 2 1774 2 0.007217849 140049674739920 48
L 2 1775 2 0.007218805 140049674739968 48
L 2 1776 2 0.007219778 140049674740016 48
L 2 1777 2 0.007220759 140049674740064 48
L 2 1778 2 0.007221611 140049674740112 48
L 2 1779 2 0.007222875 140049674740160 48
L 2 1780 2 0.007223744 140049674740208 48
L 2 1781 2 0.007224902 140049674740256 48
L 2 1782 2 0.007226170 140049674740304 48
L 2 1783 2 0.007227327 140049674740352 48
L 2 1784 2 0.007283404 140049674740400 48
L 2 1785 2 0.007284444 140049674740448 48
L 2 1786 2 0.007285547 140049674740496 48
L 2 1787 2 0.007286700 140049674740544 48
L 2 1788 2 0.007287949 140049674740592 48
L 2 1789 2 0.007289253 140049674740640 48
L 2 1790 2 0.007290111 140049674740688 48
L 2 1791 2 0.007291093 140049674740736 48
L 2 1792 2 0.007296266 140049674739728 48
L 2 1793 2 0.007297366 140049674739776 48
L 2 1794 2 0.007298686 140049674739824 48
L 2 1795 2 0.007300195 140049674739872 48
L 2 1796 2 0.007301103 140049674739920 48
L 2 1797 2 0.007301951 140049674739968 48
L 2 1798 2 0.007302816 140049674740016 48
L 2 1799 2 0.007303688 140049674740064 48
L 2 1800 2 0.007304603 140049674740112 48
L 2 1801 2 0.007305474 140049674740160 48
L 2 1802 2 0.007306377 140049674740208 48
L 2 1803 2 0.007307252 140049674740256 48
L 2 1804 2 0.007308183 140049674740304 48
L 2 1805 2 0.007309882 140049674740352 48
L 2 1806 2 0.007310745 140049674740400 48
L 2 1807 2 0.007311627 140049674740448 48
L 2 1808 2 0.007312558 140049674740496 48
L 2 1809 2 0.007313424 140049674740544 48
L 2 1810 2 0.007314566 140049674740592 48
L 2 1811 2 0.007315435 140049674740640 48
L 2 1812 2 0.007316283 140049674740688 48
L 2 1813 2 0.007317181 140049674740736 48
L 2 1814 2 0.007322504 140049674739728 48
L 2 1815 2 0.007323435 140049674739776 48
L 2 1816 2 0.007324364 140049674739824 48
L 2 1817 2 0.007325251 140049674739872 48
L 2 1818 2 0.007326195 140049674739920 48
L 2 1819 2 0.007328558 140049674739728 48
L 2 1820 2 0.007329519 140049674739776 48
L 2 1821 2 0.007330503 140049674739824 48
L 2 1822 2 0.007331428 140049674739872 48
L 2 1823 2 0.007332298 140049674739920 48
L 2 1824 2 0.007338995 140049674739728 48
L 2 1825 2 0.007340196 140049674739776 48
L 2 1826 2 0.007341162 140049674739824 48
L 2 1827 2 0.007342042 140049674739872 48
L 2 1828 2 0.007343444 140049674739920 48
L 2 1829 2 0.007346275 140049674739728 48
L 2 1830 2 0.007347204 140049674739776 48
L 2 1831 2 0.007348132 140049674739824 48
L 2 1832 2 0.007349567 140049674739872 48
L 2 1833 2 0.007350449 140049674739920 48
L 2 1834 2 0.007352508 140049674739728 48
L 2 1835 2 0.007353418 140049674739776 48
L 2 1836 2 0.007354307 140049674739824 48
L 2 1837 2 0.007356288 140049674739728 48
L 2 1838 2 0.007357247 140049674739776 48
L 2 1839 2 0.007358168 140049674739824 48
E 2 1840 3 0.007360938 140049659252752 88
E 2 1841 3 0.007363381 140049659253104 88
L 2 1842 2 0.007368978 140049674739728 48
L 2 1843 2 0.007370763 140049674739776 48
L 2 1844 2 0.007371729 140049674739824 48
L 2 1845 2 0.007372608 140049674739872 48
L 2 1846 2 0.007373613 140049674739920 48
L 2 1847 2 0.007374562 140049674739968 48
L 2 1848 2 0.007376549 140049674739728 48
L 2 1849 2 0.007377615 140049674739776 48
L 2 1850 2 0.007378496 140049674739824 48
L 2 1851 2 0.007379422 140049674739872 48
L 2 1852 2 0.007380352 140049674739920 48
L 2 1853 2 0.007381234 140049674739968 48
L 2 1854 2 0.007385101 140049674739728 48
L 2 1855 2 0.007386135 140049674739776 48
L 2 1856 2 0.007387155 140049674739824 48
L 2 1857 2 0.007388449 140049674739872 48
L 2 1858 2 0.007389320 140049674739920 48
L 2 1859 2 0.007391816 140049674739728 48
L 2 1860 2 0.007392772 140049674739776 48
L 2 1861 2 0.007393746 140049674739824 48
L 2 1862 2 0.007394773 140049674739872 48
L 2 1863 2 0.007395629 140049674739920 48
L 2 1864 2 0.007400910 140049674739728 48
L 2 1865 2 0.007402267 140049674739776 48
L 2 1866 2 0.007403150 140049674739824 48
L 2 1867 2 0.007404030 140049674739872 48
L 2 1868 2 0.007404977 140049674739920 48
L 2 1869 2 0.007407463 140049674739728 48
L 2 1870 2 0.007408447 140049674739776 48
L 2 1871 2 0.007409348 140049674739824 48
L 2 1872 2 0.007410209 140049674739872 48
L 2 1873 2 0.007411067 140049674739920 48
L 2 1874 2 0.007413959 140049674739728 48
L 2 1875 2 0.007414919 140049674739776 48
L 2 1876 2 0.007416084 140049674739824 48
L 2 1877 2 0.007417400 140049674739872 48
L 2 1878 2 0.007418272 140049674739920 48
L 2 1879 2 0.007419131 140049674739968 48
L 2 1880 2 0.007419989 140049674740016 48
L 2 1881 2 0.007450349 140049674740064 48
L 2 1882 2 0.007451646 140049674740112 48
L 2 1883 2 0.007453275 140049674740160 48
L 2 1884 2 0.007454266 140049674740208 48
L 2 1885 2 0.007455558 140049674740256 48
L 2 1886 2 0.007458096 140049674740304 48
L 2 1887 2 0.007459092 140049674740352 48
L 2 1888 2 0.007459958 140049674740400 48
L 2 1889 2 0.007460859 140049674740448 48
L 2 1890 2 0.007461807 140049674740496 48
L 2 1891 2 0.007462675 140049674740544 48
L 2 1892 2 0.007463515 140049674740592 48
L 2 1893 2 0.007464394 140049674740640 48
L 2 1894 2 0.007468336 140049674739728 48
L 2 1895 2 0.007469686 140049674739776 48
L 2 1896 2 0.007470559 140049674739824 48
L 2 1897 2 0.007471438 140049674739872 48
L 2 1898 2 0.007472298 140049674739920 48
L 2 1899 2 0.007473192 140049674739968 48
L 2 1900 2 0.007474086 140049674740016 48
L 2 1901 2 0.007474977 140049674740064 48
L 2 1902 2 0.007475872 140049674740112 48
L 2 1903 2 0.007476742 140049674740160 48
L 2 1904 2 0.007477607 140049674740208 48
L 2 1905 2 0.007478489 140049674740256 48
L 2 1906 2 0.007479344 140049674740304 48
L 2 1907 2 0.007480184 140049674740352 48
L 2 1908 2 0.007481246 140049674740400 48
L 2 1909 2 0.007483658 140049674740448 48
L 2 1910 2 0.007484994 140049674740496 48
L 2 1911 2 0.007486167 140049674740544 48
L 2 1912 2 0.007487310 140049674740592 48
L 2 1913 2 0.007488442 140049674740640 48
L 2 1914 3 0.007491918 140049659253016 88
E 2 1915 3 0.007498622 140049659252840 88
E 2 1916 3 0.007500110 140049659252928 88
L 2 1917 2 0.007512687 140049674739728 48
L 2 1918 2 0.007514520 140049674739776 48
L 2 1919 2 0.007517428 140049674739824 48
L 2 1920 2 0.007521648 140049674739728 48
L 2 1921 2 0.007523627 140049674739776 48
L 2 1922 2 0.007525109 140049674739824 48
L 2 1923 2 0.007527878 140049674739728 48
L 2 1924 2 0.007529070 140049674739776 48
L 2 1925 2 0.007530227 140049674739824 48
L 2 1926 2 0.007531828 140049674739872 48
L 2 1927 2 0.007533616 140049674739920 48
L 2 1928 2 0.007536498 140049674739728 48
L 2 1929 2 0.007537647 140049674739776 48
L 2 1930 2 0.007538779 140049674739824 48
L 2 1931 2 0.007539946 140049674739872 48
L 2 1932 2 0.007541088 140049674739920 48
L 2 1933 3 0.007542997 140049659252840 88
E 2 1934 3 0.007547985 140049659252752 88
E 2 1935 3 0.007548973 140049659252752 88
L 2 1936 2 0.007555552 140049674739728 48
L 2 1937 2 0.007557675 140049674739776 48
L 2 1938 2 0.007558876 140049674739824 48
L 2 1939 2 0.007560529 140049674739872 48
L 2 1940 2 0.007564412 140049674739920 48
L 2 1941 2 0.007565964 140049674739968 48
L 2 1942 2 0.007570821 140049674739728 48
L 2 1943 2 0.007573985 140049674739776 48
L 2 1944 2 0.007575385 140049674739824 48
L 2 1945 2 0.007576991 140049674739872 48
L 2 1946 2 0.007578903 140049674739920 48
L 2 1947 2 0.007580148 140049674739968 48
L 2 1948 2 0.007586189 140049674739728 48
L 2 1949 2 0.007588069 140049674739776 48
L 2 1950 2 0.007589246 140049674739824 48
L 2 1951 2 0.007590932 140049674739872 48
L 2 1952 2 0.007592102 140049674739920 48
L 2 1953 2 0.007593822 140049674739968 48
L 2 1954 2 0.007595440 140049674740016 48
L 2 1955 2 0.007596906 140049674740064 48
L 2 1956 2 0.007599499 140049674740112 48
L 2 1957 2 0.007603263 140049674740160 48
L 2 1958 2 0.007605812 140049674740208 48
L 2 1959 2 0.007606954 140049674740256 48
L 2 1960 2 0.007610918 140049674740304 48
L 2 1961 2 0.007614506 140049674740352 48
L 2 1962 2 0.007618065 140049674740400 48
L 2 1963 2 0.007619493 140049674740448 48
L 2 1964 2 0.007620688 140049674740496 48
L 2 1965 2 0.007622621 140049674740544 48
L 2 1966 2 0.007626697 140049674740592 48
L 2 1967 2 0.007629464 140049674740640 48
L 2 1968 2 0.007639292 140049674739728 48
L 2 1969 2 0.007641636 140049674739776 48
L 2 1970 2 0.007642756 140049674739824 48
L 2 1971 2 0.007644584 140049674739872 48
L 2 1972 2 0.007646812 140049674739920 48
L 2 1973 2 0.007647905 140049674739968 48
L 2 1974 2 0.007651793 140049674740016 48
L 2 1975 2 0.007653403 140049674740064 48
L 2 1976 2 0.007654505 140049674740112 48
L 2 1977 2 0.007656176 140049674740160 48
L 2 1978 2 0.007657366 140049674740208 48
L 2 1979 2 0.007729076 140049674740256 48
L 2 1980 2 0.007731100 140049674740304 48
L 2 1981 2 0.007732952 140049674740352 48
L 2 1982 2 0.007734212 140049674740400 48
L 2 1983 2 0.007735869 140049674740448 48
L 2 1984 2 0.007738130 140049674740496 48
L 2 1985 2 0.007739455 140049674740544 48
L 2 1986 2 0.007741135 140049674740592 48
L 2 1987 2 0.007742979 140049674740640 48
L 2 1988 3 0.007751915 140049659252928 88
L 2 1989 2 0.007768499 140049674739728 48
L 2 1990 2 0.007770464 140049674739776 48
L 2 1991 2 0.007771417 140049674739824 48
L 2 1992 2 0.007772708 140049674739872 48
L 2 1993 2 0.007775008 140049674739920 48
L 2 1994 2 0.007775934 140049674739968 48
L 2 1995 2 0.007777372 140049674740016 48
L 2 1996 2 0.007778479 140049674740064 48
L 2 1997 2 0.007779389 140049674740112 48
L 2 1998 2 0.007780289 140049674740160 48
L 2 1999 2 0.007781181 140049674740208 48
L 2 2000 2 0.007782057 140049674740256 48
L 2 2001 2 0.007782936 140049674740304 48
L 2 2002 2 0.007783806 140049674740352 48
L 2 2003 2 0.007784675 140049674740400 48
L 2 2004 2 0.007785582 140049674740448 48
L 2 2005 2 0.007786506 140049674740496 48
L 2 2006 2 0.007787379 140049674740544 48
L 2 2007 2 0.007788257 140049674740592 48
L 2 2008 2 0.007789128 140049674740640 48
L 2 2009 2 0.007790921 140049674739728 48
L 2 2010 2 0.007792289 140049674739776 48
L 2 2011 2 0.007793496 140049674739824 48
L 2 2012 2 0.007794363 140049674739872 48
L 2 2013 2 0.007795288 140049674739920 48
L 2 2014 2 0.007796154 140049674739968 48
L 2 2015 2 0.007797010 140049674740016 48
L 2 2016 2 0.007797870 140049674740064 48
L 2 2017 2 0.007798740 140049674740112 48
L 2 2018 2 0.007799597 140049674740160 48
L 2 2019 2 0.007800564 140049674740208 48
L 2 2020 2 0.007801439 140049674740256 48
L 2 2021 2 0.007802298 140049674740304 48
L 2 2022 2 0.007803166 140049674740352 48
L 2 2023 2 0.007804552 140049674740400 48
L 2 2024 2 0.007805456 140049674740448 48
L 2 2025 2 0.007806371 140049674740496 48
L 2 2026 2 0.007807229 140049674740544 48
L 2 2027 2 0.007808108 140049674740592 48
L 2 2028 2 0.007808954 140049674740640 48
L 2 2029 2 0.007816675 140049674739728 48
L 2 2030 2 0.007817751 140049674739776 48
L 2 2031 2 0.007819376 140049674739824 48
L 2 2032 2 0.007820296 140049674739872 48
L 2 2033 2 0.007821161 140049674739920 48
L 2 2034 2 0.007822046 140049674739968 48
L 2 2035 2 0.007822967 140049674740016 48
L 2 2036 2 0.007823833 140049674740064 48
L 2 2037 2 0.007824693 140049674740112 48
L 2 2038 2 0.007825564 140049674740160 48
L 2 2039 2 0.007826416 140049674740208 48
L 2 2040 2 0.007827270 140049674740256 48
L 2 2041 2 0.007828125 140049674740304 48
L 2 2042 2 0.007829019 140049674740352 48
L 2 2043 2 0.007829887 140049674740400 48
L 2 2044 2 0.007830926 140049674740448 48
L 2 2045 2 0.007832649 140049674740496 48
L 2 2046 2 0.007833554 140049674740544 48
L 2 2047 2 0.007834412 140049674740592 48
L 2 2048 2 0.007835293 140049674740640 48
L 2 2049 2 0.007836181 140049674740688 48
L 2 2050 2 0.007837515 140049674740736 48
L 2 2051 2 0.007839701 140049674739728 48
L 2 2052 2 0.007840910 140049674739776 48
L 2 2053 2 0.007842388 140049674739824 48
L 2 2054 2 0.007843889 140049674739872 48
L 2 2055 2 0.007844771 140049674739920 48
L 2 2056 2 0.007845655 140049674739968 48
L 2 2057 2 0.007846531 140049674740016 48
L 2 2058 2 0.007847408 140049674740064 48
L 2 2059 2 0.007848288 140049674740112 48
L 2 2060 2 0.007849161 140049674740160 48
L 2 2061 2 0.007854686 140049674740208 48
L 2 2062 2 0.007855534 140049674740256 48
L 2 2063 2 0.007856388 140049674740304 48
L 2 2064 2 0.007857291 140049674740352 48
L 2 2065 2 0.007858170 140049674740400 48
L 2 2066 2 0.007859030 140049674740448 48
L 2 2067 2 0.007859917 140049674740496 48
L 2 2068 2 0.007860768 140049674740544 48
L 2 2069 2 0.007861656 140049674740592 48
L 2 2070 2 0.007862519 140049674740640 48
L 2 2071 2 0.007863387 140049674740688 48
L 2 2072 2 0.007864247 140049674740736 48
L 2 2073 3 0.007869995 140049659253104 88
E 2 2074 3 0.007879142 140049659253016 88
E 2 2075 3 0.007880734 140049659253016 88
L 2 2076 2 0.009532565 140049659252752 88
L 2 2077 2 0.009551141 140049675223056 88
L 2 2078 2 0.009556364 140049675223144 88
L 2 2079 2 0.009557853 140049675223232 88
L 2 2080 2 0.009560042 140049675223320 88
L 2 2081 2 0.009561278 140049675223408 88
E 2 2082 1 0.009565867 140049658372112 88
L 2 2083 2 0.009567514 140049659252840 88
L 2 2084 2 0.009569006 140049675223056 88
L 2 2085 2 0.009570329 140049675223144 88
L 2 2086 2 0.009571409 140049675223232 88
E 2 2087 1 0.009573311 140049658372200 88
L 2 2088 2 0.009574508 140049659252928 88
L 2 2089 2 0.009576042 140049675223056 88
L 2 2090 2 0.009577410 140049675223144 88
E 2 2091 1 0.009579378 140049658372288 88
L 2 2092 2 0.009580365 140049659253016 88
L 2 2093 2 0.009581785 140049675223056 88
L 2 2094 2 0.009583048 140049675223144 88
L 2 2095 2 0.009584141 140049675223232 88
L 2 2096 2 0.009585293 140049675223320 88
E 2 2097 1 0.009587189 140049658372376 88
L 2 2098 2 0.009588163 140049659253104 88
L 2 2099 2 0.009591287 140049675223056 88
E 2 2100 1 0.009594620 140049658372464 88
L 2 2101 2 0.009706087 140049658372112 88
L 2 2102 2 0.009720887 140049658372200 88
L 2 2103 2 0.009722320 140049658372288 88
L 2 2104 2 0.009723679 140049658372376 88
L 2 2105 2 0.009725126 140049658372464 88
F 2106 19828.521220962 0.009726954
