I 1 609.461599948
E 1 2 1 0.000118839 94559968466848 16
E 1 3 1 0.000156599 94559968444672 16
L 1 4 1 0.000161295 94559968466848 16
E 1 5 1 0.000162341 94559968467536 16
L 1 6 1 0.000164667 94559968444672 16
E 1 7 1 0.000165422 94559968472528 16
L 1 8 1 0.000167151 94559968466848 16
L 1 9 1 0.000167523 94559968467536 16
E 1 10 1 0.000170042 94559968473088 16
L 1 11 1 0.000172330 94559968444672 16
L 1 12 1 0.000172707 94559968472528 16
E 1 13 1 0.000173050 94559968472864 16
L 1 14 1 0.000175074 94559968466848 16
L 1 15 1 0.000175401 94559968467536 16
L 1 16 1 0.000175683 94559968473088 16
E 1 17 1 0.000175994 94559968473312 16
L 1 18 1 0.000177944 94559968444672 16
L 1 19 1 0.000178281 94559968472528 16
L 1 20 1 0.000178562 94559968472864 16
E 1 21 1 0.000178897 94559968473648 16
L 0 22 0 0.000180777 94559968466848 16
L 0 23 0 0.000182639 94559968444672 16
L 0 24 0 0.000184083 94559968466848 16
L 0 25 0 0.000184470 94559968467536 16
L 0 26 0 0.000184785 94559968473088 16
L 2 27 0 0.000186284 94559968466848 16
L 2 28 2 0.000187244 94559968466848 16
E 2 29 2 0.000187580 94559968466848 16
E 2 30 2 0.000187891 94559968467536 16
L 0 31 0 0.000188957 94559968467536 16
E 0 32 0 0.000189365 94559968466848 16
L 0 33 0 0.000190851 94559968444672 16
L 0 34 0 0.000191210 94559968472528 16
L 0 35 0 0.000191516 94559968472864 16
L 0 36 0 0.000191811 94559968473648 16
F 37 609.461794905 0.000194957
